14
11
11
11
11
22
18
18
18
16
15
15
14
14
26
28
28
28
22
22
28
28
6
36
36
36
36
36
24
24
13
12
12
25
41
35
34
34
6
5
41
28
15
15
15
15
14
14
12
11
29
45
14
9
50
55
50
56
56
56
56
59
59
39
28
20
50
61
66
75
76
71
78
78
78
78
72
80
44
42
64
53
51
23
23
23
19
51
54
84
84
84
84
86
76
86
50
50
50
77
78
78
40
40
15
23
23
23
14
14
6
3
86
44
49
49
53
33
27
27
27
27
10
45
45
53
47
59
59
56
56
59
71
53
53
86
88
75
74
71
70
70
91
91
91
91
76
62
62
62
60
59
59
82
75
75
91
92
94
79
79
79
94
86
95
95
94
94
22
21
96
96
100
94
93
93
91
89
88
87
87
9
100
74
74
72
100
100
29
29
100
91
101
101
103
84
83
105
105
55
