22
15
25
27
32
30
28
5
21
37
37
40
44
44
43
44
35
46
31
22
44
49
51
48
35
24
22
54
51
50
55
41
56
44
36
18
15
58
58
58
58
58
58
58
58
58
58
58
58
58
58
58
58
39
43
49
58
58
58
58
58
58
58
58
58
58
58
58
42
38
28
25
44
52
27
25
58
58
58
58
58
51
29
21
34
27
26
24
22
20
58
58
58
58
58
58
58
58
58
58
58
58
58
58
58
58
58
58
58
58
58
16
14
13
55
39
48
58
58
58
58
58
58
41
48
18
17
58
40
34
47
27
58
58
58
58
58
58
58
53
28
30
28
58
58
58
58
58
58
58
58
58
58
58
58
58
58
58
58
58
50
25
17
16
56
58
58
12
14
24
19
58
58
49
36
32
58
58
58
58
58
58
58
42
41
25
58
58
58
58
58
58
58
58
58
58
58
58
58
58
