6
5
10
7
11
11
6
12
8
7
8
7
7
5
5
9
12
9
8
7
7
14
8
12
12
12
14
13
10
8
14
10
10
7
16
13
7
10
9
3
9
17
8
20
20
17
17
13
12
12
11
10
16
15
13
10
9
11
4
7
8
20
20
20
22
23
20
16
15
15
23
18
26
26
20
16
26
23
24
22
22
16
14
10
9
9
8
9
8
12
27
28
28
28
28
28
16
11
11
32
31
32
26
15
34
16
17
13
9
9
7
35
32
32
27
25
23
18
35
18
35
35
35
37
36
18
18
36
36
34
34
15
9
7
7
19
22
22
20
20
21
24
21
9
8
6
6
6
6
19
18
17
15
8
6
9
10
10
9
13
38
22
4
27
27
36
36
20
7
36
26
23
20
20
19
20
16
10
8
13
12
39
32
32
15
14
6
10
39
38
40
33
34
23
30
40
35
12
11
8
