16
15
78
128
128
128
176
4
1
1
1
189
189
194
196
168
168
190
190
194
197
46
46
55
78
78
129
129
129
159
159
159
138
138
138
138
165
90
90
90
20
5
1
168
66
105
175
175
98
98
98
98
11
199
199
25
25
31
31
97
97
97
101
112
108
23
113
195
101
108
98
175
86
86
21
21
189
193
153
153
155
8
48
18
18
123
179
18
67
67
90
40
40
150
184
184
184
184
198
198
198
37
37
37
37
7
194
195
198
198
199
67
15
177
177
88
61
61
61
113
113
167
124
57
57
89
125
125
1
29
29
29
16
46
117
117
117
183
28
28
28
137
186
175
179
192
198
198
198
83
176
156
156
156
185
147
147
147
147
147
148
148
156
106
67
67
155
155
128
128
61
33
33
33
122
89
89
89
153
166
166
166
166
185
185
187
187
196
196
198
199
199
199
199
199
199
146
146
146
113
