84
149
162
27
101
101
101
48
8
177
71
31
22
50
2
1
199
112
194
199
199
195
198
198
199
153
99
137
144
170
170
196
197
162
170
198
54
94
101
22
21
18
180
192
83
3
1
118
118
1
2
66
145
37
75
83
161
166
25
168
12
10
3
25
25
25
119
21
8
11
5
19
68
12
63
152
198
198
78
8
34
6
49
49
167
133
188
172
176
126
102
69
117
107
34
2
1
1
177
81
81
62
194
196
196
196
49
49
35
189
196
127
127
106
7
17
51
51
110
87
124
16
149
149
42
4
113
136
6
158
53
53
49
63
25
4
95
95
83
83
11
100
4
58
83
120
100
15
15
142
199
114
129
70
69
94
94
164
164
146
146
197
199
64
64
37
158
197
199
199
59
102
102
32
55
55
141
148
54
54
70
82
12
9
5
5
71
52
52
68
68
31
73
32
92
87
21
21
10
3
