4
18
18
15
15
22
13
13
13
13
13
8
8
6
12
24
25
24
21
22
19
25
25
25
25
23
23
22
21
18
28
28
29
14
13
11
22
30
21
17
11
30
28
28
28
10
9
8
10
9
32
11
12
32
32
25
22
22
33
27
13
35
26
24
19
14
29
16
16
16
14
35
35
35
39
39
37
31
16
18
18
20
20
20
26
24
20
29
22
33
38
40
20
24
22
41
27
26
42
42
22
20
42
21
18
9
4
3
42
46
45
35
35
21
35
5
2
35
41
39
37
17
15
37
38
46
46
25
35
9
37
37
24
37
36
36
20
12
39
37
36
40
45
32
28
48
49
50
47
51
40
40
53
35
47
53
38
22
8
41
39
52
54
53
50
50
44
38
36
34
34
53
53
53
53
53
44
18
35
27
53
56
25
34
23
20
14
28
47
43
43
56
4
23
23
13
5
3
7
6
