88
97
130
130
65
57
44
32
158
164
172
174
153
153
131
118
188
188
185
182
191
141
111
72
192
192
63
62
62
62
200
200
175
76
228
228
228
183
57
57
57
57
45
235
209
187
87
50
237
196
214
188
239
241
244
62
78
78
255
264
267
277
281
281
273
272
272
271
281
214
193
80
297
198
298
301
301
294
304
305
305
285
251
158
158
158
309
309
204
197
182
312
203
189
189
314
317
317
324
291
327
327
317
312
35
59
39
39
39
331
329
335
280
346
357
357
357
170
360
326
258
362
365
365
369
371
371
274
382
139
67
67
57
57
56
49
48
48
11
384
243
243
284
220
205
204
384
384
389
393
393
291
291
280
342
400
400
374
374
365
365
299
371
304
304
301
401
387
243
242
402
83
83
403
403
403
403
403
403
403
328
408
408
396
409
381
380
410
410
173
173
411
103
411
413
307
419
405
426
427
209
132
406
431
395
432
433
433
352
352
348
327
244
244
225
220
219
433
433
414
95
273
435
446
325
447
448
449
377
369
369
256
450
279
276
276
275
452
394
460
144
461
333
471
243
475
445
267
237
483
152
492
294
492
308
501
501
371
356
179
130
501
64
308
502
502
502
485
463
502
502
345
505
427
427
283
283
177
177
177
286
172
167
167
230
320
507
480
508
123
278
278
278
384
245
510
504
504
137
378
378
491
514
514
472
465
452
452
470
335
256
256
256
39
515
520
521
439
438
177
526
526
512
510
499
526
533
431
534
538
538
538
542
545
49
11
3
3
2
546
550
550
555
523
555
557
536
566
566
569
556
292
292
292
560
573
573
446
446
577
50
50
15
56
56
578
578
578
372
69
62
62
56
55
585
585
587
587
587
518
505
410
594
454
598
600
516
366
206
488
486
485
604
604
606
607
54
609
597
595
609
609
610
611
612
557
612
534
541
613
506
506
615
524
587
527
515
513
619
619
592
585
610
610
603
603
603
619
620
549
549
548
450
346
346
319
511
511
621
622
247
625
625
627
604
629
384
632
637
637
602
602
587
587
585
460
460
642
642
388
323
268
137
332
332
76
445
445
645
645
649
649
650
602
602
449
650
650
655
655
655
393
389
307
226
193
396
392
390
390
388
387
387
348
486
485
484
487
485
551
528
528
506
506
506
485
656
657
519
560
660
662
658
590
280
604
193
82
33
32
32
32
31
409
134
664
649
529
515
515
513
512
668
666
671
340
586
672
624
482
673
504
674
673
672
674
549
674
674
674
336
336
676
524
523
206
204
203
203
677
449
446
440
431
680
353
200
685
681
676
668
156
685
685
687
688
627
679
454
449
409
409
402
152
151
111
73
152
397
397
298
402
398
455
313
263
109
61
49
47
146
623
619
610
610
598
595
594
551
550
689
622
610
403
690
690
621
617
613
690
384
147
152
28
28
28
26
691
39
39
16
14
639
639
450
694
638
526
526
698
698
698
701
702
704
635
440
417
112
92
82
187
706
496
496
352
301
301
291
287
287
286
285
709
709
709
716
717
719
723
724
730
597
424
601
732
736
738
641
738
413
739
717
539
539
673
541
541
523
499
516
717
422
388
332
314
310
740
741
742
745
746
747
413
413
413
413
748
748
487
150
150
144
133
131
131
131
340
338
566
754
724
618
618
751
751
755
755
755
755
758
593
434
434
425
452
349
349
336
418
423
293
593
593
628
511
252
135
202
731
748
636
675
760
761
663
509
373
331
762
661
642
642
76
224
93
88
762
641
762
176
762
764
764
751
751
751
764
539
539
503
192
68
354
652
156
606
238
507
257
217
725
725
576
527
517
513
513
764
764
582
500
401
400
400
765
360
317
214
265
264
653
600
464
766
763
767
767
768
768
712
267
219
381
351
694
515
478
543
543
727
727
290
247
634
595
595
595
778
713
534
370
370
505
778
778
784
784
584
784
412
784
644
585
787
719
510
510
787
458
453
789
715
677
677
789
436
434
789
789
535
229
201
144
756
790
792
792
47
2
794
795
795
535
438
98
593
65
48
32
31
593
360
796
796
798
428
666
597
494
494
802
803
804
789
732
797
495
600
804
539
806
712
712
659
808
805
691
691
615
595
594
594
661
683
637
762
811
811
367
367
812
815
551
321
631
649
818
819
774
208
820
820
820
820
280
207
820
527
821
680
675
675
675
645
636
636
610
610
609
608
735
477
821
822
822
799
541
799
822
823
809
787
479
468
441
429
415
415
823
694
417
413
451
424
639
634
630
630
629
543
598
598
91
91
542
493
493
493
493
805
805
823
823
823
823
747
651
825
519
519
827
738
738
602
400
399
828
833
573
573
450
450
113
573
467
274
274
157
558
633
633
329
337
337
184
586
586
565
565
433
436
167
167
167
468
287
185
185
786
780
779
769
576
47
43
738
803
827
797
355
834
805
797
786
834
834
835
576
837
803
801
503
503
379
373
801
771
106
525
777
777
729
694
786
837
760
841
841
367
367
553
677
677
570
842
750
638
638
612
612
843
717
844
843
838
833
847
848
849
850
793
793
771
754
717
852
762
853
857
857
811
474
673
225
800
655
216
617
217
695
858
858
838
838
137
137
137
128
128
128
114
82
82
82
80
80
696
696
860
796
858
858
829
862
243
299
182
180
179
177
441
190
185
316
170
170
166
146
499
541
540
540
538
757
806
806
862
862
863
407
456
451
689
710
691
575
747
669
725
724
724
724
590
189
846
669
689
863
819
819
133
133
112
865
865
835
829
815
865
759
866
794
785
785
312
717
417
301
274
785
842
866
691
866
657
655
712
681
654
866
76
57
867
867
867
867
871
871
874
874
874
631
631
876
876
556
876
878
837
332
839
471
177
106
399
879
879
879
764
762
11
11
9
879
757
879
709
740
568
568
304
301
284
274
272
272
609
609
373
450
450
450
29
666
666
666
666
443
418
418
421
421
372
359
353
593
593
617
690
608
568
568
568
663
578
704
704
726
691
585
555
549
516
512
740
742
742
762
657
809
547
502
488
488
311
880
754
754
880
880
881
790
574
881
881
883
884
798
853
829
885
850
885
886
864
455
370
349
864
864
886
886
747
686
745
687
745
745
226
488
449
448
659
659
350
659
659
499
499
265
258
458
432
418
418
499
507
575
575
502
766
766
766
826
876
862
888
789
765
789
486
565
413
708
670
631
787
824
824
722
722
722
888
888
889
656
893
847
847
847
894
458
895
747
730
721
538
721
721
896
896
521
897
858
883
898
683
898
900
701
903
903
897
814
628
560
559
557
661
661
631
798
905
864
862
845
907
443
908
818
818
581
581
798
604
557
557
555
49
48
582
733
908
908
743
766
670
908
166
135
68
67
60
60
46
45
341
539
909
823
336
528
519
910
351
911
605
40
21
16
246
587
587
585
584
668
668
205
797
736
736
912
234
710
856
736
736
520
389
141
824
761
912
607
223
913
913
913
913
917
917
747
733
725
725
721
720
905
729
729
389
389
388
400
48
48
39
36
36
238
549
729
728
721
850
778
778
888
438
888
898
741
741
737
484
478
478
668
663
638
795
898
707
707
67
917
872
750
696
636
308
308
266
639
617
617
603
801
796
777
743
743
814
737
715
684
917
917
790
790
147
495
39
39
39
35
19
735
430
919
919
919
920
920
731
923
840
840
840
514
423
788
654
654
923
535
295
255
203
200
924
806
773
737
737
925
845
676
538
845
585
585
925
925
753
911
911
765
408
618
730
248
666
666
666
446
183
611
546
483
372
140
742
680
809
411
673
862
881
881
840
840
824
544
493
925
926
919
833
825
761
238
452
641
745
381
865
306
306
315
306
732
356
878
878
828
306
665
198
461
911
518
429
685
760
760
817
445
817
817
852
731
731
635
635
898
927
769
678
662
379
398
345
326
311
539
427
427
359
810
376
240
315
315
283
227
209
187
484
484
567
586
586
586
329
721
721
720
323
644
720
720
720
443
443
896
357
927
927
690
690
430
657
930
915
933
935
861
938
939
793
793
770
713
652
424
130
121
120
424
424
359
355
153
553
682
697
683
682
786
940
911
132
125
125
125
31
29
29
27
596
575
568
689
941
942
942
942
828
828
539
539
539
173
479
474
474
722
266
369
722
680
680
563
549
549
730
684
551
345
790
812
672
152
62
726
726
798
480
816
828
167
147
147
592
853
829
928
887
283
863
875
652
127
92
92
91
353
840
760
408
910
796
47
47
46
294
201
201
276
188
119
119
119
119
602
602
600
787
747
746
809
809
808
801
795
795
793
745
640
793
793
799
755
830
805
832
838
502
902
653
777
909
927
910
839
806
942
942
942
256
594
584
482
942
942
385
385
385
471
370
299
243
223
194
194
605
605
677
593
748
805
504
885
311
905
888
888
945
870
867
867
947
923
923
703
923
862
947
947
947
950
935
951
879
879
796
163
153
590
488
437
308
308
217
217
217
217
308
285
150
161
161
494
217
126
494
413
362
362
361
358
358
523
185
102
99
96
94
93
522
650
649
271
544
755
774
487
388
188
597
597
564
374
800
798
510
510
506
