11
11
15
15
16
20
20
16
15
13
13
15
15
15
15
4
10
12
12
12
22
23
23
23
17
17
16
15
15
14
13
13
13
28
15
14
12
30
31
24
14
14
12
11
11
31
31
31
31
30
31
32
29
29
29
33
27
27
27
33
24
24
18
17
16
15
14
16
16
16
12
31
31
31
28
28
26
26
26
19
18
12
9
33
33
19
7
5
5
17
15
14
17
17
9
12
33
34
34
25
7
3
3
10
9
14
13
35
22
35
35
36
36
23
23
23
23
21
20
36
36
36
36
20
20
10
18
15
11
19
19
18
42
42
42
44
19
45
44
18
18
18
16
45
46
46
49
38
42
38
38
45
45
19
19
20
19
51
51
51
51
51
50
36
36
26
31
36
26
22
22
16
15
15
15
14
14
14
15
15
22
22
22
22
20
44
26
22
10
9
20
13
50
45
45
45
45
44
12
12
53
53
53
29
23
23
27
24
23
23
20
24
22
15
54
22
21
21
19
19
18
17
17
16
18
21
55
60
60
61
61
61
46
46
46
46
41
35
62
62
63
44
44
41
41
35
33
63
54
54
63
56
59
59
59
15
63
8
7
13
65
66
31
33
31
31
31
31
30
30
14
14
67
67
67
68
17
17
17
12
70
70
12
11
71
33
71
71
18
17
73
78
78
78
16
15
15
14
14
13
79
70
79
79
79
79
79
79
56
55
55
34
71
75
75
75
70
70
61
80
82
83
47
51
34
34
33
31
20
20
28
28
84
86
19
19
19
18
89
48
33
33
20
20
20
17
89
78
34
89
94
94
94
36
38
34
29
29
29
29
30
33
33
16
16
14
15
14
14
14
95
19
19
18
18
16
15
97
97
98
98
24
24
17
17
17
14
14
17
15
18
12
12
98
100
100
103
56
42
42
42
21
19
103
21
21
16
16
15
15
14
14
14
14
17
104
104
55
55
104
107
107
100
8
8
8
84
28
110
110
110
110
47
43
27
24
22
22
19
15
15
59
59
24
24
15
20
14
12
15
12
11
11
10
17
17
3
18
6
13
13
95
95
58
54
62
31
34
34
34
34
111
61
53
53
25
22
18
18
17
17
20
18
15
14
70
84
84
49
113
113
113
89
60
36
38
38
38
29
29
29
16
18
17
20
20
21
20
15
13
16
19
16
16
15
89
114
115
25
24
24
33
30
116
36
37
117
49
49
52
51
51
51
51
118
65
65
119
119
119
113
113
114
109
38
38
37
37
83
23
19
17
17
17
15
13
12
9
13
12
5
14
14
7
120
58
54
51
51
31
21
21
16
14
13
17
17
15
15
14
120
121
121
126
51
31
15
15
20
23
23
126
41
36
19
19
128
128
96
104
49
49
49
49
49
22
22
18
9
9
13
16
9
43
34
34
14
17
17
16
14
16
15
14
16
12
13
18
14
128
128
31
130
80
106
105
92
130
103
133
134
135
107
24
20
20
22
63
136
138
134
137
37
31
12
9
8
138
138
100
141
131
134
136
142
138
142
142
144
144
111
114
73
57
57
144
143
144
122
122
46
53
32
25
129
129
49
52
52
32
32
32
26
101
101
61
61
59
59
59
59
33
26
26
16
15
14
14
18
18
19
144
145
145
146
115
31
36
22
146
116
16
15
17
16
15
15
15
16
146
46
49
49
49
49
31
18
15
23
15
62
91
148
24
12
13
16
151
151
151
153
153
153
32
32
19
19
19
17
16
16
16
16
16
17
13
12
21
26
20
20
17
146
146
153
96
72
72
32
31
153
130
130
127
153
20
156
110
156
94
31
34
35
157
44
34
14
11
15
16
158
158
60
60
56
56
55
158
158
63
63
55
11
11
11
11
11
10
10
19
17
10
8
128
128
159
130
159
16
11
18
16
14
13
12
12
160
95
60
60
60
62
57
55
21
21
23
23
163
163
163
165
165
73
27
24
31
166
59
59
59
49
40
13
11
11
22
14
12
12
11
19
18
15
168
60
60
30
103
99
169
163
169
16
14
11
18
172
172
43
126
58
67
174
69
69
69
69
43
43
179
178
182
183
68
59
35
30
30
30
33
33
32
32
36
33
32
32
32
16
16
16
16
15
183
118
95
95
101
184
184
58
58
31
31
24
24
18
18
187
187
93
93
88
44
45
40
35
40
39
38
33
33
33
17
12
9
187
187
187
187
187
187
187
187
187
187
20
16
10
9
12
12
190
181
16
26
23
23
23
192
189
122
129
24
20
20
20
15
19
18
17
15
79
79
81
78
26
158
158
193
193
94
194
195
103
20
20
20
13
19
196
197
197
198
198
198
198
198
155
155
153
200
200
190
200
197
199
202
202
202
202
203
201
78
201
74
47
43
41
41
41
38
135
135
56
56
56
38
22
103
34
34
31
18
13
161
161
163
62
62
57
23
22
22
22
20
20
16
16
16
14
11
11
11
91
38
38
38
33
28
22
22
15
15
15
13
13
13
91
91
89
93
95
95
70
107
21
17
14
14
13
93
92
92
93
93
93
93
91
95
25
19
18
16
14
14
12
8
18
204
204
204
33
18
18
14
14
209
209
209
209
209
209
209
209
209
209
210
136
137
211
211
211
211
211
212
80
80
27
27
18
12
11
13
13
16
15
13
14
14
14
127
131
127
45
213
149
142
146
144
71
39
38
41
41
41
33
39
30
214
214
214
212
202
202
204
117
117
119
119
27
27
26
25
25
24
20
17
17
17
14
14
14
13
17
37
119
35
35
34
23
20
54
54
58
28
21
16
15
15
14
14
14
14
14
75
25
25
17
17
11
15
14
14
14
13
19
17
68
68
165
147
63
63
31
31
130
65
65
69
63
62
62
176
176
127
127
184
181
117
117
117
120
119
119
219
133
133
18
18
15
147
147
147
219
220
217
46
35
35
35
199
210
210
210
210
211
109
109
51
45
29
31
29
29
29
29
29
24
21
17
16
14
20
20
19
19
19
19
220
216
212
210
210
222
226
124
226
223
223
223
212
190
15
15
227
227
227
228
228
83
39
139
229
229
222
222
214
112
112
120
114
231
232
120
120
47
35
35
29
120
120
120
110
155
28
27
21
6
6
6
37
6
11
13
15
15
15
15
12
18
18
13
155
155
155
81
75
75
43
43
232
223
223
140
51
51
12
18
16
14
14
13
11
11
15
16
216
216
212
212
233
229
57
41
42
42
42
233
233
28
27
28
23
23
18
18
13
11
11
14
14
14
12
12
13
16
201
197
193
16
74
74
41
23
118
90
99
36
215
197
197
197
197
54
233
233
234
234
234
231
234
215
14
14
10
10
7
7
5
16
11
11
51
51
51
51
106
106
106
106
103
103
103
107
105
98
98
102
102
66
65
107
108
113
113
24
24
15
15
13
12
12
13
15
12
13
14
19
18
18
13
15
15
15
12
15
15
15
235
59
56
114
116
116
44
16
13
237
192
12
22
22
19
18
15
192
144
144
238
237
223
223
139
57
58
61
38
35
33
39
61
240
103
103
53
53
21
21
46
48
48
48
23
25
82
46
107
107
35
112
152
90
56
34
33
241
241
47
27
25
25
23
21
21
21
242
242
242
242
86
91
90
36
36
242
106
112
109
109
109
188
188
188
245
138
251
251
128
48
48
45
45
45
43
33
29
29
36
36
36
36
36
36
32
32
32
22
251
58
58
58
58
252
253
126
126
253
249
253
253
133
133
133
133
80
80
49
30
20
26
26
26
26
26
28
212
209
206
13
13
17
15
19
256
251
251
251
251
246
187
114
123
256
211
211
256
110
110
116
82
71
71
52
52
43
43
43
31
24
19
19
67
66
66
175
38
38
44
44
44
44
44
44
40
39
39
27
27
17
19
119
23
22
23
23
12
10
10
8
256
258
258
255
256
142
141
141
141
141
147
147
147
139
139
77
58
58
25
16
19
23
23
20
20
20
20
17
16
15
15
15
15
258
258
19
16
16
19
18
17
16
259
259
259
132
132
140
140
62
62
57
57
54
27
27
25
23
17
14
71
64
26
26
26
26
26
33
28
28
28
28
20
18
221
238
224
224
14
14
28
28
28
52
25
16
13
22
21
21
16
15
6
17
16
14
15
18
18
18
261
148
148
136
130
71
79
43
39
39
39
261
45
45
44
44
44
44
45
184
184
184
184
191
22
22
20
18
13
14
14
2
2
213
215
215
216
218
213
210
77
30
230
167
179
154
153
153
16
16
16
16
14
13
264
22
22
24
24
23
23
12
189
68
38
34
32
27
27
24
21
18
18
18
18
13
41
41
22
25
21
16
14
18
141
145
132
57
54
43
244
90
85
85
64
68
57
24
23
19
195
195
192
192
193
265
258
258
257
259
259
259
241
82
81
78
78
265
253
265
265
106
106
111
108
76
25
265
219
223
136
135
54
54
54
39
39
35
36
39
32
28
19
19
21
20
17
17
14
16
15
12
12
16
206
42
21
266
266
190
195
145
145
263
243
238
224
125
125
117
61
61
224
223
223
220
221
221
89
62
15
9
8
8
8
63
63
58
36
