210
52
303
179
19
535
690
690
690
885
897
897
763
1368
1368
1368
1344
662
1436
1436
1436
1641
1641
81
4
4
1192
1806
1178
1355
1619
1725
1832
1832
1832
1832
1869
1062
1062
446
349
349
349
349
654
654
558
1923
1923
1923
1847
1899
1899
1938
1058
414
414
1562
1499
1948
575
95
95
1433
1068
945
945
1340
1340
1340
1340
789
605
605
605
1144
1194
1735
1815
1815
1815
973
1848
1172
1231
1896
1226
1226
366
366
956
956
956
651
651
1075
1075
1075
1599
493
1551
1551
1935
1935
1936
1936
1936
1936
184
184
97
537
537
152
663
697
928
1982
549
549
426
319
1392
1556
1556
1556
226
221
221
221
215
540
63
63
9
9
757
757
757
697
697
697
697
697
697
697
1686
1813
1949
110
110
105
105
105
76
1806
1806
1968
1968
1968
1977
1988
1989
1988
1992
1992
1870
1870
1872
1517
1517
1426
108
84
1094
293
1108
1793
1886
1310
1755
1935
1973
1324
1089
1089
1792
1918
1972
1983
1997
10
9
1274
91
83
83
82
82
258
75
75
40
1638
1638
1950
1966
1966
1966
719
607
1894
797
797
797
1432
1432
1432
279
279
39
39
39
39
1750
1750
1750
1754
175
175
1058
1058
1058
1058
239
196
175
175
236
1747
1747
1856
883
1381
1381
663
1510
1663
1399
1379
1843
762
762
1668
1668
1668
1835
1835
1986
1987
1267
1625
1625
1625
1625
1615
1615
1694
109
109
53
53
53
11
1678
1054
1796
1937
1937
1937
1982
1982
1982
1982
1991
1991
1992
592
851
1241
884
542
197
899
899
899
184
917
917
917
1418
1834
1264
1264
356
625
161
161
161
161
161
161
161
1679
1146
1146
1146
1806
1921
1921
1920
1834
1834
75
75
1730
1730
1730
1730
1025
1025
373
373
148
148
1092
1092
1092
207
13
1096
1245
1245
1245
1413
1517
1517
1691
1691
1700
1417
1769
1985
1995
162
124
1934
1991
1997
1997
1998
1998
1376
569
79
59
12
12
12
12
8
8
8
331
331
707
707
707
1674
1674
1674
1674
21
17
17
1378
1378
245
245
1151
744
744
1187
1187
1187
1573
1573
847
1436
1173
1454
1501
1521
1521
1072
1072
1798
1798
1798
1798
1196
1394
933
933
687
1725
1725
1863
1863
1869
1998
1587
1316
1316
1396
1568
1825
537
537
507
248
248
1540
1845
267
913
220
14
11
11
1620
1620
1620
1438
620
565
1621
1880
1880
1880
1880
22
22
22
6
415
415
1628
1628
1616
1932
90
1367
1717
1717
1933
1933
1933
1142
1030
1125
1125
1125
1125
1144
1935
510
164
14
14
14
46
29
11
11
11
876
876
876
876
742
742
742
1046
1046
1742
1742
1742
1877
1940
176
340
560
286
286
11
3
1289
385
385
1007
1007
1007
1007
1007
124
124
29
670
670
1439
1546
1546
1728
1728
1955
368
1961
708
708
310
310
1733
39
37
300
141
141
78
597
597
274
1614
1206
1205
1205
1205
642
642
642
136
320
320
320
864
227
227
70
47
47
65
2
374
1978
1978
1978
1978
1978
22
7
7
7
2
2
1936
1936
1986
1986
1986
1986
1986
1989
1992
1992
1992
674
734
1030
1732
1732
1732
1400
1587
1921
192
107
57
1991
1994
1994
933
748
298
298
278
278
578
578
418
441
752
752
479
790
140
140
25
25
1873
1873
1873
543
585
585
585
525
525
222
185
119
119
289
289
371
371
371
200
62
27
27
27
18
18
18
1675
1997
634
1779
1779
1779
1882
1882
1882
945
945
1100
94
94
94
23
22
9
3
2
687
362
362
362
134
117
203
641
641
1172
1565
1826
686
1128
1128
252
188
1109
792
792
792
1937
1946
1946
1946
1949
208
208
59
1878
1878
1878
1878
1975
653
653
20
6
6
1729
1729
1729
1733
1810
1810
1969
1188
234
527
724
787
872
872
1134
1134
1781
1781
1781
1009
89
1529
1590
1590
1848
1848
1913
1913
764
1526
1526
1526
1181
1189
1514
1514
1203
1171
1171
1171
1307
150
73
33
18
13
385
385
1223
1550
1550
1550
1550
1264
491
1479
174
174
174
81
22
14
14
9
9
1779
1850
1850
1850
1949
1962
1966
1966
1990
1990
1274
1274
1274
369
369
65
1316
1316
1316
1316
1111
1111
114
1521
807
462
462
1450
1911
1919
1107
354
104
27
5
5
5
5
453
87
87
87
87
626
626
359
313
1713
1426
1426
1570
242
242
128
128
128
351
539
539
471
1831
1831
558
1794
7
4
2
687
687
687
1609
374
281
281
281
281
734
734
1968
1968
749
749
324
740
876
1076
1076
1076
1748
873
873
873
20
1342
292
137
137
424
424
117
117
117
1548
1549
1955
1325
360
360
360
360
47
1817
1817
1012
1012
289
1048
1048
1048
1048
1048
1048
673
144
1294
1744
1769
1769
448
234
121
121
412
412
412
389
1778
1793
1477
1527
1527
414
337
337
1568
1568
1568
1593
1769
1933
1975
211
211
102
1456
1456
56
56
56
56
21
1436
1930
1930
264
48
961
961
961
1788
1983
1983
1983
190
81
1536
1536
1536
1536
1536
1889
1730
1730
1835
1835
1896
1896
1973
1985
1235
1235
1872
1979
1979
1977
320
320
235
740
625
397
1647
1647
1647
1647
1647
829
829
1984
1911
516
1180
1450
31
31
14
14
14
14
5
325
325
325
884
49
553
114
114
24
1773
1773
1773
1807
1852
1880
1965
881
881
86
599
483
483
750
750
1837
1925
584
1832
1803
1803
1058
1073
1532
834
1205
892
1306
1306
345
629
1017
773
1091
1091
1091
172
172
42
2
1597
1597
1597
1597
1597
98
98
971
971
1910
1910
1910
590
452
149
87
87
87
1627
1627
45
127
127
128
128
783
783
124
1504
1923
1984
1991
1993
891
1171
1171
384
1340
1340
1396
1351
1639
1639
1639
1639
1639
1639
1784
1784
1871
1871
1871
192
1799
162
162
162
1649
1649
1668
1668
1668
1358
1358
299
299
110
78
1894
174
174
208
100
100
16
1196
1196
1196
1196
1424
1736
114
735
1279
376
287
126
1929
1956
1962
1964
1067
1067
1876
1161
429
1782
1877
949
949
949
949
265
265
1384
1384
1384
1626
1626
208
1901
1901
215
1415
1877
1877
1877
1229
1222
1222
909
1275
1825
1825
1825
1778
1557
1365
1365
1373
1373
1373
302
1149
1149
1397
1397
1397
1397
1397
1908
1908
1984
1984
1984
1987
1987
319
17
17
17
7
7
7
5
1229
855
592
143
1294
590
590
590
722
971
971
818
982
1989
1989
1990
1990
1225
1856
1892
1372
410
1519
1519
1519
1519
952
952
1796
1796
1846
397
397
222
12
12
12
10
428
428
428
101
72
72
72
49
49
6
1055
1055
888
322
322
322
322
322
322
235
592
1207
1737
1737
1311
1958
1962
1960
1960
810
1408
1408
1408
1408
207
1254
1254
1573
1656
1259
1926
353
353
354
354
237
91
42
18
18
18
8
5
3
1058
1058
26
4
4
662
662
381
381
211
38
38
28
28
1529
1537
1537
1731
1731
1912
1922
1975
1985
1985
1985
1985
1984
1984
1984
1160
1160
1547
1547
1632
79
79
67
1597
228
1010
1788
123
60
52
450
1758
226
226
152
262
166
166
1062
1190
900
1595
1595
1595
1595
1595
1595
1683
1891
1891
678
1682
1925
1283
1575
1831
1831
1842
958
958
642
642
466
466
466
8
5
5
1350
1350
1350
104
81
413
413
413
260
260
543
1613
480
406
406
406
189
189
189
189
1533
1533
566
1180
1553
1553
636
636
1410
1608
1608
1753
1753
1753
1664
1842
1956
1656
1656
1693
806
806
270
81
8
8
3
3
1608
1455
1455
1455
1455
1151
1151
360
102
1570
1570
1570
749
749
749
749
749
749
749
749
724
513
513
513
87
58
524
324
276
1621
1621
943
943
943
1429
1429
1497
1621
1621
1496
1496
1496
1496
1496
1544
1544
1630
1630
1630
1630
1630
390
457
1370
1900
1747
1901
1901
1302
1306
960
591
570
190
190
249
249
119
119
47
759
759
16
16
211
211
211
211
6
489
104
104
104
104
104
8
8
8
8
8
8
188
188
1321
1320
1320
1320
1529
1958
1975
1975
59
13
13
13
13
13
793
793
272
272
1841
1913
1913
1913
1990
449
275
275
209
191
83
6
5
5
5
5
5
5
1
83
58
747
257
119
43
43
1448
1448
1549
1940
1424
1987
1987
1992
1471
1471
1471
1471
1624
1180
1180
1180
1180
1439
1974
1983
1990
1992
1993
1993
1993
1674
1722
861
46
30
25
25
1843
1954
331
331
331
820
820
820
820
395
137
137
137
1841
1841
371
263
214
214
214
1868
1868
1940
709
255
255
255
255
1616
1290
848
543
543
543
543
248
72
72
4
1911
1978
1524
256
256
118
118
118
663
78
78
9
6
1
1
610
610
1025
1524
533
526
475
475
475
475
475
454
1169
504
693
102
1093
1281
656
656
790
1127
1281
456
117
117
1409
1608
1698
1698
1891
1899
1922
1922
1922
1922
1922
1947
1947
1947
1805
1805
1805
1805
27
161
161
93
15
13
13
1481
521
521
728
728
382
382
382
1969
1969
1969
53
53
44
1437
449
1402
1945
190
18
18
18
18
7
1477
1477
1477
1477
1849
1849
1849
10
3
278
1975
1992
1992
1992
1994
1994
1783
1783
1784
1953
146
146
558
632
1614
1614
1946
1946
1954
1963
1963
1774
1774
453
338
338
992
992
992
1556
1556
1595
1842
1842
1383
888
510
510
510
454
93
93
93
28
521
457
304
255
54
53
53
53
53
53
17
3
2
1754
1914
1943
1957
1091
901
776
546
68
68
68
1178
1737
1785
1785
1785
1785
1785
1098
1098
1402
133
133
133
133
1443
1443
1443
1771
1771
1771
1771
1159
1159
1767
1955
1955
1974
1994
1994
1995
1995
1995
1994
1994
698
1969
1987
1908
1908
1908
829
829
1523
1611
1611
1588
1588
1805
1969
1969
1969
1969
1024
521
521
521
521
521
269
129
129
129
80
759
1849
1849
454
545
536
182
182
137
137
137
137
137
137
137
1518
1518
1809
1878
1941
1941
1941
1978
1978
1978
1979
1979
1996
1996
1997
1998
167
41
41
9
7
5
4
3
3
3
1792
1929
1932
495
495
10
10
10
10
3
3
3
1970
1026
1026
320
106
106
82
59
59
1247
1247
1345
1503
1503
1503
421
421
421
51
33
23
23
23
1395
1395
1395
1134
1134
1070
1772
1965
1963
1964
1964
1464
1464
655
1734
859
644
644
526
526
1174
1400
345
1502
1730
1592
1905
1905
1905
1905
229
1551
1298
1298
1298
1605
556
1060
1256
1841
1123
1250
556
131
23
1131
675
675
610
521
521
394
246
214
214
146
89
465
920
616
616
441
1889
1889
1889
1889
92
63
63
63
678
