479
479
44
24
15
15
1137
1708
1904
1238
879
879
883
19
19
1307
1943
1353
1705
1456
1811
1916
1907
1907
1907
1922
1994
1994
1092
1200
386
489
1004
1004
999
999
899
1009
1009
37
173
306
1355
1495
1738
1224
1202
1410
1868
1895
1971
703
1845
1845
1845
67
31
24
1343
807
632
910
1213
1238
1260
1260
1291
726
1523
1824
1922
152
1753
1753
1877
693
631
469
576
11
11
11
59
102
1101
1318
1670
1670
1081
20
486
1208
27
140
123
81
24
24
24
24
24
495
1726
1869
1869
783
783
145
1067
1571
1883
1025
222
485
485
1627
1928
357
357
97
71
71
1975
1975
1314
1827
624
720
720
1112
665
928
1447
1474
1321
1321
1162
1162
1858
1920
1920
64
1687
644
644
644
1660
1738
1738
1839
1839
1475
1488
1973
1973
1973
1982
1987
136
10
5
1760
1939
1965
1984
836
506
1530
1609
1609
785
785
1179
1783
1838
1870
1872
1916
1949
1957
729
849
752
676
224
177
135
61
23
18
1041
1041
380
380
605
605
605
1770
872
1908
1953
1208
1653
1655
1110
1412
1412
1412
1264
756
39
470
1719
79
44
35
14
901
1035
922
705
705
851
571
496
283
283
1378
1378
1378
1391
675
675
150
3
3
2
1
341
341
1809
1332
74
1177
676
676
927
927
300
300
261
57
30
3
2
548
383
383
383
1525
1987
1990
1220
1996
1980
1983
1983
1983
1999
1999
1999
1676
1676
1449
934
499
1763
1897
1897
467
179
10
1904
1911
1624
787
787
76
1873
1886
1905
1905
1950
1483
1392
1635
844
446
269
600
600
600
286
732
1146
783
1893
1898
705
409
409
1564
1564
1911
1911
1146
1146
1146
1595
1595
1896
1896
739
353
541
1897
1957
242
1849
1851
1893
1950
1991
1075
1753
235
79
1470
1551
1532
1895
1895
577
157
954
911
547
547
81
69
494
225
225
1566
1695
616
1205
1820
1820
386
194
495
117
117
62
62
1957
689
1218
558
558
1255
1501
1963
1963
1632
1742
1809
1809
692
692
1432
507
472
473
53
23
18
16
934
934
335
335
62
23
17
8
4
3
120
119
1975
93
1351
169
26
20
20
19
13
1791
43
43
21
21
11
1
735
735
1675
810
1462
1162
845
620
620
416
292
277
1919
1919
1919
1672
339
339
1675
794
1045
919
919
832
1478
679
679
679
1415
1415
1366
1493
1633
897
1851
1958
1958
1981
1993
1996
1996
495
1815
1905
245
761
382
1535
1535
1162
1340
1577
1603
1603
1603
1745
764
541
395
350
1049
1049
1049
726
550
550
550
166
132
132
1285
1285
238
238
1044
424
424
1039
1039
869
747
747
286
6
6
456
646
1146
1665
1523
1523
1919
1945
1945
1945
1945
1948
1994
1999
1832
272
1127
891
1060
1060
1069
1834
1846
1846
91
88
287
502
223
72
654
587
587
76
787
787
1898
1999
172
30
1129
849
1249
1019
862
461
407
1456
1840
1917
1931
1974
1979
883
883
883
227
193
1359
382
23
818
818
887
887
871
871
1191
1191
747
42
693
1340
541
529
800
800
421
421
61
61
585
1189
1917
1917
1944
292
122
122
122
122
122
113
113
81
81
50
290
28
1
1635
1122
1177
544
371
1007
544
32
888
1439
1482
614
1470
1997
1999
406
406
82
1717
328
197
197
892
263
1496
1577
1577
1577
1577
528
1611
1202
513
513
513
1010
1809
1809
361
1168
816
641
287
1143
1780
721
1443
154
154
150
150
150
150
1228
349
308
1042
331
556
388
388
1579
714
1341
1867
1985
1998
1999
1999
1237
496
943
255
1342
1924
1928
1969
1975
1995
167
1550
561
384
384
453
453
134
110
695
1387
867
449
449
449
103
103
103
1001
678
678
107
7
4
3
3
3
1
1459
2
1
1786
1113
620
620
261
261
1270
1270
675
909
1499
1665
1665
1665
1665
1436
1554
1554
1807
1693
453
858
851
626
47
45
1880
160
48
41
6
2
1
1138
1138
1138
966
1558
1092
1092
433
403
4
2
1386
1729
1781
1344
1002
1002
240
240
240
105
1943
1983
1983
1506
1867
1044
97
79
29
26
1401
1439
96
1567
1755
1761
651
17
15
15
649
649
649
263
1058
1920
1917
1980
1980
52
52
52
26
23
16
1189
1550
1977
1977
1977
1977
1980
1980
1565
1773
1889
1889
1921
1955
1955
1993
1993
1999
13
1
36
25
6
1837
302
302
45
7
6
6
1661
963
1322
1322
657
657
126
111
30
112
23
66
11
3
719
633
633
695
1707
1707
373
373
443
441
441
653
1914
1914
1935
1972
644
644
1102
88
72
1973
1995
516
18
1889
1177
368
1020
1020
1020
125
27
11
1742
986
1710
1874
1006
303
1014
779
33
33
10
3
1211
29
42
25
25
368
839
745
1978
394
174
174
385
13
1
1985
1990
1994
1443
1702
1476
603
96
57
57
20
2
1972
1992
554
410
410
410
1213
1213
1360
1424
1424
50
6
3
3
3
1
452
452
124
393
393
387
738
130
130
1893
1520
1520
1818
147
1663
1663
1932
1201
1720
1945
1945
368
117
81
37
1581
980
8
7
350
1219
1569
1149
1792
1867
1996
1091
1091
169
79
79
32
24
24
914
129
63
57
7
1425
1974
313
313
43
9
3
311
1373
497
326
1583
1583
1791
1541
1574
1010
1720
1721
687
665
244
1785
1743
1743
1809
1852
1948
133
133
530
1236
1336
1494
1494
1802
1902
1976
1976
1978
1999
1999
1999
758
1266
817
817
1923
1388
555
1622
1017
185
136
136
136
58
22
11
5
1685
1384
1134
1559
1802
1802
677
802
85
23
165
1090
147
147
123
35
23
428
1340
1362
1671
1745
105
23
23
9
1728
1940
1894
1894
1894
1780
1780
1521
1190
1497
1971
1992
1994
1999
1999
1999
1999
1999
1624
1860
1862
361
164
1388
1399
1399
818
1831
1959
1959
1998
1323
1618
1431
1871
1948
1364
1180
1200
65
57
1814
922
106
1082
13
1079
1079
1079
1079
1891
1891
1965
1973
1995
1233
779
1990
1996
1999
1999
1999
25
23
1523
1332
1332
1332
1668
125
91
91
1649
866
439
228
144
144
115
337
276
638
558
1316
1370
1450
483
204
204
785
1679
1735
403
403
403
403
403
1190
1566
1344
560
1446
1125
1506
55
50
45
45
126
26
8
8
1023
605
339
1567
1567
1841
1137
1227
254
1344
1344
611
798
1893
1920
1920
1920
1920
1940
1993
1993
1999
1999
1220
1098
1098
1556
1640
1056
1392
890
526
526
559
1326
1081
539
1018
1018
1018
1805
1805
1004
1004
389
380
627
627
1138
1138
991
913
379
176
18
18
1723
1746
1945
85
1175
183
1769
1191
1759
1480
778
601
601
601
342
1235
841
1039
1039
1888
1888
1549
151
1
1
1792
1672
534
534
882
38
420
1563
1282
1930
252
114
1082
595
348
195
29
237
237
1390
1870
441
705
1169
1339
1339
701
973
980
157
336
291
240
76
6
2
2
74
227
227
898
1010
1010
1494
1665
1964
1978
1979
1979
204
273
89
31
980
980
1968
1971
257
173
766
1157
1790
747
128
118
744
1143
1585
1990
1997
632
632
842
842
1818
1860
1324
963
1461
237
237
211
211
867
413
354
1371
1526
1593
1593
1760
1760
1760
1839
1838
1987
1997
1318
1596
1596
1247
1716
1716
1806
970
1498
791
791
27
27
428
636
1919
1949
1949
1203
1587
243
55
55
9
1207
1207
1207
1921
1155
752
1689
1843
1843
1953
1073
805
805
1478
1031
304
273
655
655
655
655
44
1620
1868
848
1715
76
1181
1181
1919
1966
1966
1847
1848
1976
1976
155
43
43
16
602
602
726
408
408
196
7
1551
743
1127
344
191
1069
1400
1450
1459
1913
1149
1379
1379
1379
1379
1517
1517
1599
1599
1996
1999
1999
1999
1512
1813
1107
106
1493
1070
833
1072
351
1878
1880
1964
545
1733
1733
1885
381
381
92
41
10
9
6
1262
598
214
214
1134
1404
1976
1728
1800
1800
236
1619
1293
1730
1652
1652
1652
1929
1978
1980
1995
1997
403
364
1531
21
1103
1794
1958
491
491
1191
131
234
674
1947
1480
584
1582
1424
1596
351
107
832
1855
1480
1480
902
153
1965
1965
1965
1995
1995
290
184
119
119
1834
1308
1924
1970
1985
1995
231
1569
1569
1909
170
78
46
662
1886
1965
1965
1965
1965
401
123
1741
1741
842
842
454
1845
1902
1996
1996
1996
264
264
492
372
1582
277
100
1063
1891
1911
1911
1588
221
72
70
70
70
70
1719
1935
1942
1437
1437
945
829
392
94
63
63
2
1885
863
1270
1270
852
754
1983
370
1147
1392
1933
1957
440
1737
1769
1908
1864
1864
707
1639
1912
1961
1972
1992
1992
1995
1997
1997
634
656
1823
528
475
1589
1683
1683
1683
607
607
607
607
590
1810
55
44
648
284
1425
247
616
50
1348
718
718
438
252
252
236
445
445
83
83
83
696
506
1223
1366
1366
827
975
946
591
591
591
591
934
608
524
271
1101
1101
1464
1806
516
516
204
1544
1876
1334
1444
1007
1007
94
60
52
52
534
1981
1985
1996
1999
1999
1999
1999
1999
566
934
1814
1851
1902
1998
691
1854
1998
1999
1999
1999
1999
1999
974
1994
131
680
1564
700
700
159
60
59
351
757
757
513
764
83
464
464
295
295
508
508
954
954
716
1170
1508
1508
1921
1921
1976
1012
39
37
9
419
1416
1416
1109
1656
133
49
32
326
32
1
1899
1916
210
816
246
111
1
8
8
3
1
697
697
30
30
1991
1517
1549
1549
1554
1311
1597
1597
1619
189
189
128
388
142
142
320
1958
1972
1210
1210
133
11
10
2
190
117
488
488
252
180
634
630
65
148
37
1247
376
376
117
93
67
67
1798
1798
1798
829
723
345
213
42
33
833
1053
1053
897
839
1248
848
1413
1809
1060
1284
1795
1795
1795
1795
1934
1934
1177
1903
1903
1933
1952
380
229
27
151
12
5
1181
1427
1472
1893
952
1955
990
944
1961
1973
1991
1998
1447
83
624
408
706
919
919
462
1925
1459
148
148
1289
39
39
30
754
754
107
39
15
959
959
1085
1085
1085
1085
1738
1738
25
18
14
2
1
1358
1504
1504
1912
191
112
511
1773
113
73
23
23
1238
1915
382
1560
183
178
1283
1523
1523
1733
1840
1504
1473
1797
1896
1971
840
656
1640
1640
1911
1911
387
387
387
222
30
30
1514
1947
1962
1962
642
62
5
1933
1171
1388
1733
1733
90
90
22
21
1649
1702
1564
1491
1186
1818
1915
1956
1956
1956
1967
1034
594
551
628
1051
175
58
1467
1769
272
195
1723
1723
1787
1889
1889
1889
770
1787
1903
1076
1389
1043
1289
1289
1864
1177
1019
1019
903
702
702
