88
93
92
106
106
106
107
109
116
116
117
115
110
140
150
150
146
164
158
158
152
143
142
179
179
179
182
181
147
117
114
105
85
84
84
188
190
190
195
201
201
201
64
64
86
204
213
216
226
233
208
203
202
202
202
201
200
200
236
237
237
238
223
223
223
219
217
233
239
237
251
251
251
247
244
244
257
260
140
130
267
267
265
270
188
24
20
279
159
286
292
293
248
300
285
300
300
300
193
193
61
301
175
174
304
308
308
258
244
244
243
223
222
310
251
243
311
312
312
318
318
318
255
327
327
327
327
329
330
330
329
329
330
333
310
336
336
338
309
338
207
207
273
270
270
109
93
82
78
339
341
346
347
348
341
354
354
357
357
358
358
351
336
336
333
333
331
362
324
324
363
281
271
271
231
206
206
182
196
365
302
365
136
136
136
123
119
116
155
228
230
87
78
257
373
373
198
186
184
184
117
117
60
161
72
155
101
276
81
120
102
345
343
185
128
373
373
144
185
172
172
145
172
169
191
174
349
374
262
180
376
220
198
378
380
302
302
229
41
302
380
380
383
383
102
96
94
383
387
254
254
254
226
225
388
217
217
168
262
262
240
238
389
165
165
165
390
394
332
398
301
399
399
149
64
216
401
324
402
402
358
402
344
404
153
405
363
363
406
410
305
411
413
413
285
146
146
415
17
416
345
190
187
187
218
218
217
420
382
424
427
316
354
215
192
429
429
433
435
330
330
316
314
313
297
437
429
400
422
439
439
419
345
345
345
440
363
354
329
158
157
156
394
394
440
357
440
440
390
390
128
85
441
274
240
228
164
164
161
161
377
373
371
371
371
370
380
255
51
271
354
354
337
337
231
226
223
247
221
354
354
102
364
308
205
254
221
221
342
441
364
307
427
441
442
444
407
407
438
447
447
294
287
287
449
355
424
259
443
130
449
450
450
445
388
388
386
382
381
380
333
292
232
26
450
447
369
449
449
246
238
451
445
445
445
445
452
432
454
454
412
414
253
250
244
455
36
22
14
12
188
114
13
12
455
455
288
288
259
406
132
108
101
97
456
91
383
328
326
324
205
205
205
205
203
208
204
204
204
203
315
314
335
335
335
306
284
303
295
229
229
375
202
408
450
457
457
353
437
373
457
458
459
459
459
459
436
436
459
394
306
238
208
411
407
407
298
292
290
289
288
459
404
459
459
459
310
263
260
188
191
189
170
86
189
189
202
426
112
86
84
14
65
65
65
274
119
119
352
431
431
431
423
414
412
411
410
306
399
460
276
123
120
118
163
136
460
461
388
464
293
293
288
117
465
297
219
296
358
96
94
94
112
108
276
236
234
233
346
436
467
467
430
467
372
468
455
469
414
363
349
344
344
343
343
342
469
469
269
269
174
49
47
470
470
444
476
398
395
395
380
380
380
277
277
383
476
476
375
442
476
477
221
165
116
477
473
478
431
98
289
478
353
304
298
298
353
451
431
480
436
334
334
334
334
334
423
246
246
246
241
235
481
481
481
481
423
282
244
383
370
369
482
234
402
482
485
478
446
485
485
485
306
487
487
473
490
494
495
294
439
496
499
474
500
441
441
435
430
381
374
371
371
371
266
356
476
261
386
338
338
452
452
452
452
143
143
403
272
500
374
246
246
250
122
162
199
184
183
183
501
501
500
400
393
503
504
504
504
504
475
414
507
507
507
507
507
507
394
507
507
507
337
507
507
507
507
507
507
507
507
507
507
507
507
507
507
327
18
507
507
507
507
507
507
507
507
473
507
423
423
423
207
274
194
194
284
266
250
59
56
507
507
387
507
507
507
507
507
507
507
507
507
507
507
507
507
507
507
507
507
507
507
507
507
507
507
450
456
507
507
507
507
507
507
507
507
507
507
317
205
188
360
293
286
286
265
260
259
507
507
507
507
507
507
507
507
434
492
414
139
82
80
155
492
488
208
507
507
507
507
155
324
227
484
167
117
473
170
331
325
321
442
502
507
390
390
247
507
302
507
507
507
507
507
507
324
507
507
507
507
507
507
507
507
507
507
507
507
507
507
190
189
139
138
507
507
382
194
246
170
170
507
335
507
507
507
507
431
303
395
393
391
391
391
391
391
385
507
507
507
507
507
507
507
507
507
507
351
507
316
316
307
307
291
289
222
18
17
17
439
439
439
452
254
307
426
370
370
327
326
507
507
176
156
507
507
507
496
185
185
119
469
469
507
507
507
507
507
507
507
507
507
480
395
432
305
305
297
297
295
293
241
240
345
507
507
447
184
169
167
165
157
157
157
297
394
392
253
495
474
474
451
324
324
324
507
507
507
507
507
507
507
382
346
276
173
293
253
200
244
242
261
247
348
343
412
227
226
178
466
103
286
288
446
425
425
338
276
501
501
500
495
163
507
507
370
237
221
221
379
379
208
409
260
260
268
221
221
207
196
242
391
391
444
441
441
441
455
455
406
392
372
507
507
507
507
507
295
101
167
164
162
507
507
507
507
507
355
355
507
507
507
507
245
245
206
206
200
200
187
186
186
178
177
176
449
335
246
507
507
507
507
507
507
507
507
507
507
507
507
507
507
507
507
507
507
507
507
507
507
507
255
217
194
190
389
507
507
507
277
277
277
483
469
296
296
291
290
282
282
277
275
354
168
168
168
507
416
209
209
146
152
152
239
507
187
187
158
306
421
379
356
507
414
414
414
387
335
277
277
265
405
398
146
146
507
507
507
507
507
495
507
507
507
454
342
239
98
49
12
11
11
226
217
118
507
491
378
375
353
292
507
507
507
507
507
507
507
507
507
350
507
507
507
507
507
507
507
263
499
398
397
507
507
507
507
212
376
507
507
507
507
507
507
507
507
507
507
507
507
507
507
507
507
283
256
507
507
507
477
408
407
377
447
447
441
430
430
429
251
411
248
418
507
507
507
507
507
507
507
507
507
507
507
498
482
370
498
405
405
245
232
230
505
145
145
184
184
507
405
143
142
142
142
434
143
476
507
507
507
274
274
220
507
117
87
83
381
381
507
507
507
389
389
364
503
247
58
36
36
507
507
456
456
294
70
70
68
492
189
189
507
507
507
507
113
113
507
507
507
217
217
298
298
298
263
263
130
130
125
470
383
449
478
478
478
507
507
507
507
507
507
507
507
507
507
507
507
507
507
507
507
507
507
507
149
135
126
477
461
33
33
27
124
142
102
99
145
143
507
507
507
507
507
507
507
441
507
507
507
507
507
507
507
386
454
461
390
328
507
507
507
507
507
507
507
507
507
507
507
507
507
498
507
507
470
408
507
507
507
507
507
417
406
173
58
58
507
507
208
185
185
202
195
195
507
507
507
320
280
272
272
507
507
507
507
103
507
507
37
36
23
9
8
5
3
284
358
46
10
9
348
348
482
493
117
247
224
399
158
42
507
507
507
507
507
507
507
507
507
507
507
507
507
507
507
507
507
507
507
507
507
507
507
507
507
507
507
452
385
34
33
33
32
31
31
369
452
475
475
327
475
435
378
352
347
347
495
507
507
507
507
507
507
507
507
399
507
507
507
507
507
507
507
507
507
507
507
507
231
507
507
244
240
240
427
243
316
313
313
303
442
294
480
507
507
507
507
507
507
507
507
507
201
201
507
507
413
397
507
370
507
507
507
70
507
507
507
507
507
507
507
507
507
507
507
507
131
180
213
258
105
507
507
507
507
507
507
466
507
507
507
507
507
507
507
507
507
507
507
507
507
507
372
507
507
507
507
507
507
507
507
454
507
507
507
507
397
397
492
422
492
492
397
279
260
235
235
220
298
506
507
507
507
507
436
436
355
342
342
273
252
252
507
366
310
106
194
390
504
502
502
507
507
507
507
507
457
507
507
507
507
476
476
473
89
87
418
167
507
507
507
507
507
507
507
507
507
507
373
277
356
308
505
507
507
507
507
507
507
507
507
378
507
507
507
507
507
507
249
275
275
147
450
507
507
507
295
226
206
332
340
336
267
267
230
187
507
507
507
507
507
507
507
507
507
507
507
507
507
507
507
507
507
507
507
507
507
507
507
483
133
499
395
375
467
507
507
507
507
507
507
507
507
507
507
507
507
507
442
420
507
507
507
507
507
507
507
473
507
507
346
490
424
424
391
305
247
216
216
216
187
177
177
161
354
195
339
195
194
149
390
496
349
344
507
265
507
507
507
507
507
507
507
174
174
174
174
300
206
136
136
70
507
507
478
507
507
507
507
507
507
507
507
507
507
507
507
507
507
507
507
507
507
507
507
507
507
366
349
151
151
507
507
507
507
147
481
268
324
324
175
498
482
479
467
467
491
486
270
375
394
330
312
312
306
306
486
486
507
507
279
156
156
145
371
479
428
410
373
373
397
507
322
418
308
257
257
256
507
507
507
507
507
507
507
507
507
507
507
507
507
507
507
507
507
507
507
507
507
507
507
507
507
507
507
507
427
418
402
361
324
322
98
73
324
403
361
350
350
400
396
430
496
492
475
475
221
221
221
221
221
176
176
165
160
507
507
507
507
350
319
507
507
507
507
507
396
396
