307
48
47
26
6
430
47
587
482
59
53
5
50
87
690
340
710
824
866
871
182
1017
783
1020
1197
11
9
597
1200
1210
457
48
1146
1280
1318
1446
866
661
1024
1022
1219
732
949
299
156
55
472
84
30
479
523
282
101
41
20
12
1564
1598
521
24
772
278
216
968
1634
1657
802
300
1415
902
1762
1773
1781
528
1062
1342
1594
629
1594
1146
1816
84
9
626
583
160
1332
1840
1875
1894
614
349
651
41
105
1121
292
875
118
1387
141
16
10
228
1235
1506
961
1804
912
399
1228
1667
1535
153
196
110
1922
770
662
668
194
1049
208
83
1373
1526
1312
1838
676
1310
992
1548
988
1645
1759
1822
1891
331
263
935
1746
1815
1489
1781
384
1172
1521
1922
1248
1699
6
5
1171
1924
306
250
104
1643
127
121
1821
1650
1783
1933
1946
1947
372
1483
1750
1610
1773
1771
1947
1949
1948
1951
22
1615
1672
1926
528
532
5
205
1436
25
15
1953
1955
1659
1963
1959
82
430
320
196
1646
534
604
487
186
1216
298
1374
1963
1964
923
920
1280
1810
1884
925
648
567
458
973
418
111
89
36
591
78
523
435
1882
1908
48
1913
1550
1691
1561
1645
1924
1930
1711
236
196
969
638
531
334
1215
1966
1966
1968
1335
1969
1970
528
770
732
693
66
43
23
15
14
1029
1976
1976
467
591
1424
1740
959
1582
1240
1430
5
4
3
2
1
1149
1983
1984
801
1389
221
724
258
241
147
686
1201
110
1192
182
1074
1835
1849
1954
690
18
17
9
6
5
1542
1053
222
1387
1181
1191
556
39
26
11
6
1257
725
1321
1353
1710
1897
1490
1837
1884
1851
1543
1562
1830
1488
10
1277
1942
730
7
5
163
421
1941
1524
161
88
1177
1237
750
1933
1870
1891
1913
1915
381
1554
1984
1432
1922
1916
1916
40
21
15
1751
1885
1910
1934
1947
323
141
368
1853
1857
309
272
215
1638
1788
378
235
1800
1823
1979
1985
1987
1988
1801
1899
1966
1134
71
774
1601
1624
1869
1212
370
66
6
5
4
1672
1449
105
41
1595
1990
1280
136
645
115
7
1961
1972
1327
693
548
1856
1878
30
782
685
1273
512
384
328
922
46
39
22
17
12
1006
1636
1831
1969
1604
1975
1322
1798
1873
1212
1123
1765
1959
1897
1843
1290
1700
1896
1465
74
285
1737
1776
185
1907
1946
1946
1950
1951
1991
1991
1993
1448
1627
1580
1927
1929
548
1381
1534
191
14
1047
883
713
92
42
27
1319
1104
11
9
8
979
1136
1055
1550
1848
1103
213
1905
1256
1122
1391
267
1985
778
1069
111
80
212
138
1974
934
549
1757
363
1188
1870
1990
317
43
30
9
466
344
746
811
634
90
254
89
42
1097
696
627
38
31
152
1456
1994
1025
250
115
312
89
278
120
20
1880
1876
599
261
63
1443
1918
1970
1518
1883
442
100
35
71
1550
1899
1244
1461
1129
556
962
1480
1482
1786
1954
1958
836
176
62
6
1688
1753
1935
443
1472
1939
158
1373
1913
1983
1981
1181
843
609
476
986
808
487
1439
1935
407
1018
1485
931
1005
1700
1995
1839
1170
345
402
330
264
919
19
1971
1477
354
1568
153
111
68
1263
1826
1881
1933
1938
1980
1993
366
1928
1533
1316
1576
1679
1700
981
37
789
679
509
243
63
398
264
108
362
1819
1967
1984
412
272
1838
1916
719
1900
309
59
937
1503
1190
501
1979
34
916
740
675
150
605
1172
1673
1059
443
210
19
14
1865
1323
1728
1840
1980
1995
1702
1774
481
863
1565
975
1960
1987
844
975
466
282
72
931
132
52
51
1079
7
4
1738
1550
1742
1949
1953
1960
1995
614
1896
1039
1809
1785
487
1278
1310
1937
141
1469
1907
1925
1647
1989
1663
1430
1110
506
461
327
662
276
188
1696
1726
1513
525
1723
1822
1511
955
1464
342
1499
544
1318
1828
1337
1913
218
528
1813
122
952
1407
81
25
1491
1937
1987
1990
70
1259
1546
1721
191
42
16
137
622
513
1326
1386
1870
1936
1987
1026
704
1246
859
239
104
102
62
18
1079
1762
453
150
146
113
311
286
120
39
1420
1804
1969
448
326
1306
579
876
1822
1080
1820
1926
1987
1991
840
550
1833
1995
1995
1994
1996
436
166
24
467
140
293
286
120
21
124
102
1735
788
567
302
739
887
1199
957
1956
300
170
39
833
127
1511
561
1190
1239
125
1426
1436
1386
1261
1959
1552
1996
1993
1991
115
736
1298
881
353
247
656
199
894
593
1920
1934
1941
1953
1955
1956
1819
441
121
105
206
843
1124
1717
402
200
1928
1265
1328
791
633
1341
880
402
1546
1203
1448
1963
1966
1993
1991
1147
1070
1805
1667
1083
762
119
353
987
785
702
609
63
38
11
1177
1619
381
1617
522
302
107
6
4
570
1733
1326
901
258
22
555
242
1582
1954
1475
1703
1745
1801
1726
1865
38
26
14
700
332
689
340
246
185
102
57
9
1839
1470
1811
1136
1910
1947
643
255
1665
1876
1168
24
9
336
304
189
1700
1058
523
123
19
1916
1929
1960
1982
411
2
1842
1890
1944
1957
1961
1971
626
1156
723
51
1636
1882
1917
1990
1991
1904
1909
757
1976
1529
498
182
79
142
1185
470
16
1229
1088
322
916
674
1492
1598
1365
979
810
379
190
51
1405
57
49
205
124
8
450
1801
1853
59
43
8
5
473
1710
1813
850
47
3
1063
1738
900
1641
1908
1979
787
1713
1955
1984
1983
258
1820
1900
1727
1944
1772
1086
1865
534
348
1436
986
345
224
710
1416
317
60
49
1256
517
686
1476
1471
1796
1601
1653
1703
1782
199
1424
1949
1984
1037
511
169
23
20
17
546
1403
1093
1625
1667
1698
471
898
1664
595
261
1205
1011
1544
103
1797
1890
1971
1984
7
3
2
1877
1988
1989
1992
1990
1995
1851
1217
1820
1832
379
37
33
1115
701
383
1134
1363
545
397
1777
881
384
1837
1962
1962
1964
1962
328
136
483
322
209
958
1269
1473
962
1917
395
60
49
645
34
358
561
213
34
269
1600
1255
813
737
1638
1246
1603
861
317
305
1638
1829
1976
1978
1979
1988
1989
1994
1891
660
1616
1629
1815
512
65
20
1225
1589
1801
1902
647
235
1905
1949
1954
1977
499
1988
1986
1780
1829
1833
1957
404
837
868
1958
1057
384
289
1785
1866
1966
1984
537
347
431
37
11
7
6
1649
1908
1479
570
414
607
510
1174
148
257
115
468
1609
1604
1778
1538
759
649
816
821
372
182
24
22
9
8
7
6
1678
711
581
750
1883
1343
1345
1033
1738
1384
1688
1941
1941
1276
998
837
736
1262
1734
1838
1067
620
445
391
1680
1598
1266
456
33
21
12
1573
1836
1230
561
754
1482
1618
1953
1954
1980
20
13
6
760
1589
1988
91
20
1963
1616
1153
1191
932
1705
1507
1923
858
501
1477
918
1404
1967
1531
1639
1952
1974
1993
765
1866
173
170
1506
1899
1902
1933
1990
1995
1996
1992
566
438
157
140
1734
1733
1855
1895
827
1407
71
809
1056
35
34
15
11
273
1277
1494
1265
865
1027
587
550
104
22
2
1
1872
1517
1653
1663
1794
1901
905
1479
1084
474
286
119
71
70
1112
491
117
91
1264
1265
880
6
332
867
124
42
1718
1796
1822
1921
1980
335
181
122
81
43
1314
1039
185
135
108
43
738
502
1173
1933
1973
271
200
50
1213
1883
1877
1985
920
1102
1375
1730
953
580
1347
53
12
6
2
68
38
922
133
52
1225
1848
1992
1578
1491
1961
926
1118
647
1215
1430
1377
1558
1922
1123
1274
1552
849
597
1715
1766
1887
481
162
68
12
652
1069
73
67
634
613
520
361
169
1493
881
628
96
53
1401
1979
1125
1968
1978
1360
1636
153
83
677
159
1669
376
287
126
21
16
28
24
5
2
281
54
49
1177
1987
1584
1633
658
1391
593
1990
1991
1759
109
1813
1103
1671
1913
17
5
862
1647
1709
1830
1891
1104
622
726
234
114
1823
1939
1961
592
1260
437
1151
1471
1708
1483
1581
622
438
1765
1821
622
1604
681
1644
1745
1792
1845
1170
807
284
303
205
1979
1982
726
439
80
1217
1214
142
93
16
13
7
6
335
1644
1897
1636
1637
1827
1995
1995
1997
1652
1584
1953
1951
1322
475
228
1095
1252
1627
1972
30
1953
1965
1079
1851
1980
1978
759
1695
1915
1920
1981
1992
1878
1958
700
656
1982
1983
1986
567
1924
1980
1978
1486
1866
1363
1982
501
1724
1898
1938
1484
1616
1852
1600
1865
1976
1601
926
781
1719
466
1912
1967
1558
1432
1793
77
37
22
10
3
591
64
24
5
729
1204
1711
1052
412
1424
1557
1138
939
1953
1416
1573
471
1710
839
756
678
1988
1986
1611
1733
1526
1939
1699
1880
158
873
1290
1747
1768
1625
1585
1939
150
1241
1369
471
32
4
3
1
1564
1724
1496
1512
1359
1932
1937
1982
1455
1540
676
1920
135
783
1091
1613
1936
1991
1112
738
1823
1969
1988
1989
1986
558
1588
590
353
944
1174
1503
1447
914
1889
1001
581
1331
61
46
162
133
101
76
885
1777
1822
1893
1931
573
1607
1824
912
572
1296
1705
533
54
1835
1846
472
611
745
1370
146
1281
1283
1358
1309
1029
1839
1835
172
112
91
336
245
167
42
1206
1712
940
570
541
1082
1562
1926
1922
1560
1670
300
1075
1848
1880
1914
1938
1959
133
65
33
1462
1074
1257
1304
1552
1922
456
318
204
55
8
2
604
235
1616
1166
403
179
449
1616
1669
1747
1853
1861
28
1316
1070
1700
284
268
889
800
1452
1628
1322
309
735
1478
1949
1965
1971
420
172
237
1075
1808
1992
1994
1997
1811
1874
441
695
199
1908
303
1938
1981
1413
1706
313
1466
80
1539
1675
439
484
104
854
180
128
1946
1688
115
760
1213
1442
38
36
589
1931
1967
366
179
48
6
1285
798
718
1701
1898
1969
49
989
246
13
9
6
1225
512
377
1991
1293
1347
228
208
871
329
1887
1840
1976
1976
1422
1851
333
277
1598
1829
1976
1979
481
154
70
13
12
6
693
124
15
13
6
416
85
26
1325
961
902
1885
1899
1540
1763
1558
1447
1815
969
54
1728
1934
1980
192
228
682
1223
586
894
1755
1175
180
148
99
978
235
233
1118
1990
529
206
156
31
26
1251
301
83
53
8
1231
1298
1827
1186
432
434
165
34
30
20
403
1502
1151
574
1215
1859
1908
783
244
1215
1631
408
424
94
1005
561
178
947
749
456
142
1912
307
262
1967
1102
1133
1724
1868
1883
743
621
111
1936
1980
1988
428
234
181
1569
1657
1807
1471
1644
1825
1886
1892
1925
1978
1484
1235
1136
1472
1905
1943
573
955
1929
1059
1757
1960
1103
1865
