0
15
12.8571
11.25
30
6
22.5
4.28571
7.82609
11.25
28.8
19.2672
0
30.487
34.8682
23.861
39.7395
31.8634
36.6109
25.923
7.05882
42.2995
0
19.4433
0
27.5989
15.1364
12.0133
29.082
5.625
18.1154
16.3636
21.6009
6.42857
9.17595
37.3628
8.21772
10.125
28.3318
18.9664
15.3242
5.03448
34.4249
6.89771
27.2443
21.0853
35.6942
25.5218
25.5245
39.841
7.20885
11.9896
8.31905
11.3801
19.0368
16.5965
26.2843
28.3148
24.6594
16.8957
19.3448
27.9687
32.0397
2.72727
12.2192
39.398
39.5141
35.4774
11.658
19.8774
22.2091
33.4649
24.6174
5.9999
16.1338
5.44565
12.3009
9.07417
31.9286
18.2602
21.5088
33.8618
39.2908
25.5227
7.2637
36.1898
8.41128
28.2402
36.6345
2.64342
45.3879
18.4599
43.8824
9.39828
43.1746
39.6362
33.0437
49.3811
47.5486
41.5655
29.6066
45.224
32.1539
3.71134
39.2814
45.3165
17.4131
5.81991
19.6956
12.4511
38.2503
1.48515
35.6618
39.6208
5.26375
29.8699
32.9679
27.2601
3.96745
21.374
28.7934
25.0613
32.1815
11.4148
13.4311
26.0393
27.4357
18.3916
26.8257
25.7096
30.8905
17.7647
31.4715
14.6493
14.4262
3.49881
18.8465
23.252
28.7324
17.0015
31.1528
28.8049
4.33691
4.22015
17.0207
31.0951
5.9802
18.9829
27.2542
3.68029
20.1026
9.75876
1.5562
16.8233
34.3271
4.73479
10.6049
1.91917
31.9223
1.86528
30.0572
33.8378
13.5362
10.2597
12.6698
0.973725
19.9464
27.4539
27.8558
13.14
21.3457
28.3531
20.4713
11.5539
10.3021
5.14616
20.7265
7.59946
23.1045
27.0919
20.4413
8.11703
8.02922
25.0489
30.5467
33.3124
2.50929
13.3111
21.7256
36.7849
11.2736
15.2402
4.60328
32.6774
3.81209
16.2031
9.42297
29.3953
32.1477
22.1281
10.2985
23.1193
32.8395
13.1486
32.919
22.5889
1.65984
35.1209
20.1202
6.12625
5.16685
21.5811
36.8501
1.19318
9.70417
30.8706
15.4515
32.8492
30.2292
38.8651
33.3673
21.0332
38.7638
12.2334
40.746
9.73194
5.41039
33.9252
1.2357
33.4233
17.5585
26.2573
12.5137
31.8384
19.8435
30.4934
5.5023
6.00019
16.1404
39.3827
9.50955
39.4343
34.6102
30.6737
3.99812
6.22495
18.65
42.9224
40.0303
10.6916
42.7057
18.9889
7.64947
11.6677
32.1233
25.2386
18.2145
2.5
25.2918
16.6287
14.8138
9.56018
2.46998
26.0303
16.8209
0.837209
21.7294
40.321
32.6961
10.6206
37.4742
14.3848
32.9376
6.56731
30.7673
1.60352
5.54166
25.7106
5.61895
20.3389
22.0045
28.7188
8.70222
35.3746
29.2546
15.4883
11.8033
26.6203
11.2442
27.2547
39.9502
6.18869
35.6418
25.8546
15.1475
15.6657
20.1153
35.4776
39.8746
22.4181
7.9359
25.9251
34.6708
1.73913
38.6933
25.5473
38.6793
18.4378
9.14828
15.8819
11.251
18.425
1.96507
18.1224
28.3465
8.76378
32.6942
21.7065
36.1241
39.3323
22.1176
40.7422
14.5624
18.8205
40.8338
13.1022
39.3277
10.7924
34.2599
8.48084
11.7236
7.28067
14.38
25.8521
42.4139
30.452
14.4792
38.3868
26.0165
26.4963
15.7532
42.9196
16.4557
1.86115
40.6196
39.8419
23.3306
18.8511
33.2259
10.1914
30.4357
0.707733
28.3488
39.0016
27.6603
20.604
1.21771
26.8794
31.9399
28.4495
21.6147
10.5554
21.7096
17.1673
26.3225
29.6016
5.36773
39.7007
2.7824
39.6286
44.5406
41.3394
42.6587
13.6642
28.4252
15.159
1.70963
32.8593
11.2266
40.2149
29.0358
33.6528
28.9236
1.16547
39.5607
20.6814
44.8145
25.0349
7.99255
30.0289
43.3575
28.6407
40.2965
17.2934
36.7699
10.9389
7.10733
40.2015
8.98234
32.427
5.32897
37.8242
37.7909
42.1639
46.6195
43.6633
21.1833
29.4165
33.042
19.4171
35.9753
29.6477
40.6492
13.1073
10.5395
25.7104
12.3099
39.8038
38.6608
5.26887
44.7625
44.7921
40.3321
37.0417
29.69
11.1962
46.731
3.0178
25.7418
42.6896
34.2711
38.505
21.0206
4.58636
25.5461
42.1767
48.01
45.7477
7.56535
43.6534
6.78215
48.0803
23.5472
24.3419
10.5837
1.31627
22.3027
29.956
18.0428
31.2055
22.5861
3.5712
19.4848
4.52061
13.1654
16.6073
16.4174
26.6734
8.63638
11.9721
21.9942
7.83998
39.3795
28.4297
42.5063
2.38017
36.2063
48.3347
5.86032
6.19996
15.3237
39.3276
4.11826
11.4143
10.6826
17.8038
18.0498
21.1723
12.8954
41.7213
6.08499
22.8698
18.5304
25.0669
9.66932
19.9483
33.3109
22.2151
22.6869
37.2697
6.66951
8.66131
29.1788
14.0359
5.34962
15.0984
5.59791
23.7375
9.86924
11.2617
17.0802
25.3793
49.5632
40.4473
9.0271
41.0809
4.28929
16.8415
43.9581
16.1331
11.7026
49.1724
44.5173
15.08
44.8278
2.93103
20.9951
17.4392
36.9082
27.3314
49.2103
31.4155
43.9088
46.6243
34.5255
4.82914
38.6379
44.4331
13.2188
19.5737
2.58564
2.08173
6.00299
40.2964
24.4881
8.56146
34.8726
33.6488
31.7674
43.4644
8.2175
49.6585
44.1174
40.2731
12.764
33.6945
47.1109
19.382
37.6999
36.2557
23.6737
31.7663
7.46859
13.3887
4.68086
3.59995
3.35244
44.1209
25.2154
37.452
2.35514
29.5892
13.6782
12.1071
20.3473
23.8912
2.56264
5.2216
13.3291
33.3582
30.321
11.0482
15.35
45.568
40.4087
18.0168
1.54679
15.6733
24.2523
11.442
8.56415
8.40675
33.9124
38.7599
23.4856
35.7368
27.0151
29.9038
25.3591
7.97395
41.6428
37.8009
40.4668
5.04683
20.1047
39.7246
29.3842
4.82708
3.08395
34.8983
22.4453
29.8506
28.7586
45.1767
32.9165
26.9108
7.78466
13.5612
15.6601
7.76038
43.3591
43.3423
23.0376
20.5125
35.4173
41.5315
40.0607
40.1688
43.5202
23.4125
33.4305
5.23584
6.26563
38.2345
23.3168
15.9869
4.29664
5.43017
3.21762
35.1132
5.19838
26.0331
36.366
43.5941
15.3122
35.403
41.2993
21.2172
29.497
13.5165
34.2369
26.4458
21.3733
12.7155
21.6311
6.17272
37.7304
7.20059
33.2715
9.22929
23.3198
27.5451
30.1516
3.80755
31.8301
19.3892
27.0377
11.9136
13.9606
31.9543
31.3848
4.50507
4.16393
29.315
21.1349
35.1775
32.1228
26.1486
37.1286
16.122
32.8727
12.2161
37.2011
8.70299
23.1645
17.5623
19.6336
15.6201
21.004
26.5178
15.5403
22.103
33.9983
38.9771
25.1901
18.2911
