0
0
6
0
5
3.6
12.3325
7.34266
11.6203
11.2015
3.67347
11.6214
11.4007
6.19811
9.41392
3.33333
15.7485
10.8721
8.89238
2.85714
0
15.32
16.8068
9.78726
10.6792
13.3994
0
3.17647
7.95983
10.6008
5.96865
8.28132
10.3295
2
0
8.62211
8.72748
5.81234
3.67422
15.3262
3.34716
0
12.9923
14.0775
3.25333
15.5048
19.3007
10.1225
6.7945
7.87315
2.43815
5.31738
4.17568
1.2
12.6665
13.4156
4.96297
14.1463
4.86898
16.1033
19.453
9.89771
13.4787
2.63034
25.8995
25.7335
9.38352
11.5732
22.6072
9.76418
12.312
24.0421
1.03452
12.8063
22.3775
11.3057
16.5139
10.0266
5.20635
4.06843
14.1532
16.9789
9.26867
13.8722
17.1259
14.6583
11.1437
18.006
5.64903
6.73515
16.3752
9.19749
21.2633
16.0078
17.9255
17.6849
22.753
5.50367
10.4178
15.1021
19.7379
17.9179
18.0462
25.7717
13.851
9.67735
2.81146
15.1923
28.3678
13.1913
8.83324
23.2667
28.8285
29.1286
30.1654
22.9814
13.0141
22.9192
22.0773
10.7894
23.9619
20.1584
23.7012
29.5163
2.05714
27.2907
6.2317
16.4514
4.00725
7.29818
5.50003
7.93831
9.88504
14.9758
22.6114
33.8727
13.7855
23.9332
33.5631
14.5862
31.9969
6.9565
3.16458
5.88853
16.7422
2.34201
28.8524
19.6197
28.6633
22.4246
7.13071
15.2736
13.9954
29.6562
2.60775
0.680101
26.8812
19.0325
1.40625
31.0392
31.2616
14.5868
29.4618
26.5917
11.6653
21.14
23.9996
1.45946
20.9755
6.36632
14.4618
17.6077
11.2388
8.93013
18.351
8.85159
15.0081
10.5201
7.73747
3.71264
