0
10
4.5
4.28571
2.64706
9.34286
1.91489
1.57895
10.0125
2.43243
3
3.34114
3.17935
0
8.5202
11.0822
12.6302
8.25801
12.2523
16.9554
12.3532
21.4701
8.6387
16.4673
26.2944
13.0869
29.5519
26.8364
10.1673
28.8453
31.2329
13.5324
29.9526
11.8439
3.39883
6.80049
5.92513
26.5153
7.34686
1.50838
30.856
29.6384
12.4749
31.8047
16.0547
0
9.543
21.218
3.21429
5.47253
30.2906
2.37885
43.5599
2.09302
7.50825
34.4462
1.25
35.4598
13.044
13.6162
39.669
39.8223
16.7976
9.0758
31.6182
14.969
2.09302
8.62412
18.6357
16.6852
19.8273
22.6053
31.3443
0.909091
5.99639
16.7932
50.5178
36.6026
50.7375
15.9025
47.5314
7.41101
11.8111
49.6296
9.19658
11.0661
1.2
3.2
11.8247
25.5371
31.7192
36.5378
39.3073
19.4973
32.0114
10.7428
39.5775
2.31959
24.6068
13.4088
34.3201
42.197
31.8424
26.4877
14.686
12.2381
24.1764
29.0424
5.125
8.10437
11.5899
8.11642
38.3882
34.272
45.8202
48.5298
38.5772
10.387
4.45435
20.6464
42.2024
33.7511
22.586
36.1916
12.4409
19.4174
45.1786
19.8189
17.1243
24.2439
27.6527
31.8995
39.7308
23.2166
13.6924
40.8111
43.6393
19.7875
18.8727
18.4624
14.1458
35.4093
24.8062
45.1046
22.0137
23.7626
24.1339
40.6359
28.2515
23.4891
30.0421
34.2281
15.5162
10.057
13.857
23.7472
9.38096
36.9782
7.88432
4.81791
33.3866
25.6587
26.7454
2.04545
37.8884
19.8027
39.8397
11.6445
26.5137
45.3286
43.3286
35.5827
40.8796
17.6883
46.1094
45.2566
6.56223
23.7464
19.3705
14.2115
34.6875
20.1178
38.5146
13.2566
4.91806
32.2333
6.13666
21.8561
14.4652
35.4729
15.1289
22.2298
20.6842
24.4107
20.0497
23.8709
19.5724
35.2113
39.6027
4.0659
7.6946
24.4114
12.3196
32.3544
27.7418
22.687
20.0061
20.9764
37.5601
44.5352
16.6155
8.54536
1.18812
22.5687
40.385
14.062
23.265
2.44565
24.4181
32.567
45.0502
19.2325
14.6227
35.5834
36.0852
10.5499
39.6151
7.93808
13.6352
25.7993
17.9714
20.9681
34.5897
46.8982
5.86393
23.361
39.8731
41.5989
11.7752
21.1829
26.3661
16.5841
35.5619
39.6156
35.2958
11.1942
