0
11.25
7.5
5.625
0
4.61538
0
2.14286
0
1.69811
0
7.37705
0
1.66667
11.0112
6.62213
4.03608
9.56035
7.50974
18.9428
6.80262
6.01261
13.1452
15.4672
7.01082
20.9327
13.3868
5.43079
25.9215
21.7611
0
26.4522
8.79923
27.4599
24.3893
7.43631
19.3267
19.5273
1.99448
21.6782
12.0136
1.55776
11.0883
19.8183
11.4163
8.05946
14.7176
3.80591
10.6411
5.72968
9.2513
10.7901
25.703
8.16929
8.16897
0
14.8396
25.0832
5.08898
25.5263
24.5892
22.8646
13.5915
12.0135
22.1764
22.0475
28.7382
25.7227
12.6846
8.20619
13.3537
28.5119
7.68111
3.50644
4.75959
18.9809
22.3267
11.763
27.986
9.33963
34.2319
2.46923
34.5101
0.5
35.5832
25.3195
36.2186
21.2135
16.0722
31.4862
33.3739
27.4937
25.2508
28.0708
1.5
13.1722
28.465
23.3947
13.8418
12.4468
38.7895
38.688
20.2248
28.6629
9.10661
22.2154
8.94245
10.0136
25.5516
31.3122
17.669
33.2213
24.6516
23.157
24.2146
4.36818
29.226
17.3058
12.4812
33.5316
27.282
9.10153
29.6775
14.7645
31.7278
10.2275
4.3956
3.30795
30.144
29.1741
21.1308
26.6258
15.7882
18.0804
14.8874
0.989011
31.7334
2.95981
5.68276
36.6088
36.6492
16.7057
14.2908
10.1087
3.2494
18.9642
11.5396
4.83646
6.44825
35.0908
26.5
15.8419
13.8
20.1826
13.9308
2.6791
36.71
5.84828
36.1037
21.8405
6.54181
23.6006
19.9059
31.5025
25.53
15.0514
12.0506
9.97798
9.47203
9.65142
25.1359
30.6135
20.0969
35.7969
34.181
20.3218
12.6119
26.0692
28.8786
37.4866
36.1739
12.2619
4.37605
20.5436
7.44533
24.4968
25.149
32.8085
25.869
24.0236
1.14286
8.96372
17.1768
28.48
5.12547
38.0843
6.88744
31.2451
36.9479
0.486486
27.8898
17.9934
38.8658
28.245
33.5956
39.8032
23.7331
17.3167
1.04956
11.0927
29.6088
30.3319
19.3414
10.7831
21.5043
15.0828
22.4865
31.2029
30.0554
33.3437
1.78371
11.3011
18.19
8.28317
26.3417
9.53866
3.62971
7.05843
18.2874
24.966
8.01544
39.6216
22.4719
31.6249
15.8554
25.1865
34.7399
23.9187
18.1803
3.34124
38.1483
22.8275
30.534
26.4216
21.0426
28.6977
36.3824
39.3364
27.8583
17.8455
2.39089
28.4258
14.1289
34.6591
27.6062
24.1749
15.4026
22.4991
14.71
35.1818
30.9816
43.801
29.7265
37.8983
13.0377
29.4945
19.106
12.5144
14.9776
5.1994
31.1462
7.33782
30.4109
31.5861
11.0262
42.2251
20.057
7.78012
3.69254
11.2573
22.8483
23.0473
11.1901
30.9633
46.3695
40.3411
7.86019
4.64867
15.1475
21.3299
28.1605
30.6792
1.15632
15.0994
17.2439
33.8384
31.4194
18.5126
23.2527
35.7654
38.424
27.0368
10.5786
34.7082
32.9259
4.72365
9.49607
18.8705
11.5251
25.8711
17.0122
20.7972
9.62221
37.6518
31.1005
28.9078
10.3116
5.62646
38.504
15.5814
24.8049
28.1104
26.0623
32.7425
27.2044
26.4139
42.0738
3.79242
5.71744
39.228
34.6424
4.06733
29.8913
35.2602
12.6941
2.24688
31.5239
24.7483
14.5853
5.81875
18.606
27.9289
7.04862
9.87643
6.91075
9.24242
36.2437
5.94902
29.3939
40.8408
27.2699
39.2062
7.06782
32.4663
39.3517
14.2077
44.3643
14.209
19.4152
31.289
2.24012
22.7113
42.533
28.1925
44.7828
1.74081
44.8945
8.68783
25.3737
29.6074
30.6292
1.97906
32.753
36.9268
19.159
41.4676
11.6548
3.25104
7.07602
15.9749
33.4474
1.27919
29.023
38.3677
25.7511
22.8602
26.3508
30.0702
15.6281
18.0564
2.72739
21.1245
23.461
34.3274
38.0503
21.5655
21.6194
26.064
21.7451
42.0207
30.0646
11.0582
27.6085
12.2308
5.34927
36.9985
40.0528
42.4698
10.8024
15.1975
17.2765
2.65235
35.8929
11.0848
40.7119
6.28024
23.3605
3.87403
41.4404
39.8133
33.9648
39.1594
39.1425
28.3102
13.7303
17.4559
17.6477
41.5038
35.5237
16.6249
26.6086
29.5402
35.694
29.3784
14.6232
31.7062
35.4472
20.4349
3.83937
36.6325
7.37506
33.8601
28.2231
34.5159
12.6993
24.9108
8.36233
12.0403
15.1772
10.8042
9.61032
26.8228
35.3071
3.08619
18.0813
37.4431
26.05
27.5767
29.7595
2.06587
12.7477
26.0069
35.48
19.7098
5.61213
31.0639
43.3814
36.1086
13.9558
41.9679
27.2761
21.9472
20.2223
5.40617
26.7266
27.0088
30.7137
22.7402
41.3319
40.1971
34.2824
33.2682
30.6961
8.09683
3.57463
27.5502
29.3538
17.6357
24.6158
31.5863
38.4919
40.5168
7.95392
16.5807
15.6499
14.9562
7.69742
11.378
32.8498
1.33581
33.2446
16.9729
26.5178
13.6962
15.1488
1.61462
27.7088
3.00333
31.3834
44.3716
16.7787
38.2517
10.1289
19.7885
39.9968
42.5421
16.8876
4.22214
27.9014
16.6978
41.1066
1.42619
16.6196
8.2013
5.92593
19.1508
36.4735
44.564
27.0862
9.76887
24.8596
41.6499
34.8517
11.3853
22.8458
10.7385
22.3893
25.8903
4.87888
42.5587
43.2282
12.8184
42.2116
1.27358
20.054
3.02231
25.1529
24.0563
34.7247
30.173
13.6623
39.8729
30.1186
42.7053
37.9173
2.53333
17.5977
30.9426
16.6582
17.0806
16.7575
31.3103
34.9931
23.0389
8.78797
13.685
8.83167
30.7028
39.0952
34.3309
7.17583
29.4084
25.4159
29.7617
33.1083
29.9143
25.8945
11.6386
31.8733
20.0416
26.8693
9.14729
36.9446
10.7694
36.5154
11.1312
13.3617
21.795
42.9524
20.2041
14.7696
30.2326
41.9817
15.7236
8.7724
40.1908
20.1729
27.2737
31.632
39.2246
10.1993
23.3531
6.66594
43.0789
32.3352
9.27115
13.3894
16.4608
28.2084
17.0973
39.5619
9.10508
32.3559
29.9314
41.4227
34.6303
2.22418
40.8961
23.4043
42.2803
34.2992
38.5416
38.5558
41.6008
8.84475
27.7759
43.5151
17.989
21.2776
6.52281
7.70161
39.9495
17.0092
26.7209
17.6668
15.0627
4.3207
45.7471
33.3749
16.0943
47.5814
4.65337
19.3815
47.6346
41.5025
8.0188
23.782
28.6517
35.831
47.7705
47.7923
20.5435
24.4583
1.93176
32.3297
43.8279
31.8696
36.7304
1.78683
36.6273
28.3427
40.3862
32.0078
12.3613
43.331
28.9995
21.7368
23.2548
40.7921
2.17319
37.6379
39.7723
39.0743
10.8338
32.6106
45.0365
18.1221
47.9519
26.2077
47.9441
47.7709
4.10398
30.3977
5.26261
13.3425
22.735
40.0504
28.2267
33.4659
31.9505
25.8906
22.7416
24.8734
4.59089
19.2927
4.07199
16.8785
47.7152
3.73791
26.6869
42.643
47.6972
42.3201
11.5386
38.7059
32.1699
45.1409
43.4788
31.4239
10.089
33.8921
14.726
8.15485
2.6601
2.0316
19.475
18.2456
45.9573
7.42753
4.18516
9.6365
8.75874
23.4457
40.4479
14.9212
25.5108
38.1704
2.33766
24.1065
25.1927
27.0593
40.248
40.1828
36.7123
36.6274
41.6808
9.89681
25.157
18.5226
33.9077
5.56846
43.8497
27.2241
10.3872
34.6615
22.9469
19.2562
13.9427
21.0163
43.1919
16.2411
10.2056
25.5331
33.8882
13.2723
6.73409
44.107
40.2456
13.4314
3.81247
8.49249
17.2705
33.4948
40.2786
39.748
7.72313
34.6792
11.3399
1.59065
8.43905
46.3486
32.0819
2.10219
12.1459
28.6178
41.1705
33.0359
46.3778
44.35
19.78
35.2685
33.2561
38.9063
2.89817
21.3603
46.1802
29.2185
9.56444
29.8959
1.58329
31.9675
10.2885
25.8635
37.6391
18.2933
19.4075
13.7822
33.1709
46.5727
46.6127
18.1735
42.2326
35.3309
10.9601
5.70014
28.8781
46.7662
31.7346
5.82203
45.2094
36.4556
46.8823
45.3354
19.8029
33.305
42.5693
37.7621
39.4196
20.3712
34.4973
37.8012
8.7009
42.1693
2.8975
24.3126
11.0447
21.0068
3.60312
7.98332
10.8995
8.88164
21.5005
1.86548
26.0806
13.1269
17.4534
37.5165
46.3688
5.31279
46.4088
19.6833
6.41728
6.84904
46.5967
5.89831
46.5668
24.9568
28.9209
12.1064
30.5548
30.1158
41.3535
3.11769
22.8301
18.3538
27.8203
29.6704
36.632
38.8983
3.8528
22.7397
35.7105
17.9115
41.2844
8.27613
19.9045
46.6572
40.6314
11.2138
25.4011
42.9539
4.68104
14.2099
17.9746
32.7797
33.6403
2.36277
33.6209
12.3646
29.862
9.49111
32.2595
4.5416
28.0509
4.1067
12.9687
32.6873
24.7393
4.36297
26.5867
40.9969
27.4976
1.66008
31.4634
22.0807
36.6063
45.2062
21.1417
30.7316
34.9794
2.02247
11.3237
6.19666
31.5974
26.714
21.1903
1.97368
37.352
15.9368
14.2706
4.60589
32.1487
27.4793
26.6992
7.33708
41.5505
25.3344
9.12016
43.8663
46.8163
21.303
20.1692
32.7495
25.3043
40.3216
3.3822
42.4
39.243
33.5802
12.1673
35.7336
16.5471
24.0935
28.0721
29.8716
20.8297
32.2902
6.58501
5.43676
4.82511
38.8834
22.3162
37.5502
34.4718
15.625
32.2001
23.5879
14.7753
45.2705
38.1499
34.955
16.6189
23.801
34.5776
26.9916
19.3973
31.6899
2.7044
44.5458
18.3921
33.0296
44.0178
6.15712
25.1369
6.56936
40.0077
30.0448
25.5312
37.0156
43.8464
16.4255
43.5025
43.8082
28.8284
6.50401
31.5656
25.9982
27.5962
25.6696
44.7196
23.0923
37.1122
20.8752
44.0482
3.44634
34.6433
38.9465
6.48301
20.0868
8.94889
37.8565
38.0888
16.3614
26.0834
19.2819
37.8407
30.1151
37.8149
8.29198
27.5404
36.6443
10.4472
29.2667
37.4674
14.3819
22.625
26.8381
10.4422
18.0383
39.2593
35.1758
32.3903
34.5304
42.5854
3.87608
8.53274
25.8199
26.1356
34.7485
44.5479
19.4152
27.4583
26.3314
12.0773
40.0368
33.9492
44.5305
21.6425
42.871
23.1979
27.3604
40.7966
28.6087
7.56839
40.825
11.5196
36.4396
22.3007
44.6699
22.477
34.593
11.5619
4.13397
11.9463
34.4856
43.3499
34.9175
8.98134
5.92099
9.23137
22.2328
32.1244
5.23891
29.3688
29.8687
19.5468
3.161
32.7189
32.9974
1.20655
30.7234
23.638
18.2045
27.1626
18.2244
44.7907
4.49614
37.8998
7.86074
33.167
42.7405
1.95445
19.8905
33.9126
4.84801
20.7021
35.8671
38.9911
37.6102
25.3983
3.85425
28.6195
23.1515
36.0104
42.6275
29.8549
31.056
34.476
39.2358
10.2094
24.734
38.142
1.4664
18.1605
43.6363
19.3275
8.62897
16.4496
38.2807
20.3843
21.537
43.5119
25.9742
37.2745
37.0116
2.13518
43.5512
38.9882
24.9827
31.3588
22.6746
13.8244
11.0184
17.8322
26.9603
4.59931
30.2715
15.8787
6.02213
42.1241
35.4813
41.5006
25.1304
4.89771
8.65161
15.7524
31.7299
11.0702
27.0677
21.5942
20.7512
2.09981
10.0557
4.69347
20.9733
39.3246
19.7788
15.66
31.3443
16.2915
27.6793
4.51002
24.4271
11.557
18.2297
29.7466
8.40229
23.2841
37.1164
15.1525
