0
21.8571
44.1818
56.4286
18.9474
16.3636
36
11.6434
47.8261
36.4286
32.7957
48.3529
12.8571
30
23
46.5722
0
18
40.7472
27.4696
47.1635
40.4
9.81818
6.42857
25.9322
10.3279
4.21875
4.15385
4.09091
36.1273
39.6544
9.72973
4.73684
4.93151
2.30769
41.3847
4.33735
16.0714
21.798
24.8125
20.2953
24.4453
42.1346
35.5825
40.9792
10.5726
3.87097
17.0017
0
9.00738
33.5387
17.5927
4.42666
18.6366
18.6523
47.4737
34.8564
10.8367
5.37097
0
27.5758
28.8886
18.793
44.5045
9.27105
26.5248
4.28571
24.5174
30.8769
9.85792
39.6901
32.5673
14.8397
20.9542
22.9587
4.28939
2.94539
21.4142
16.3219
5.44754
27.7949
16.3556
0
9.44629
27.3676
5.64637
3.06932
31.7124
31.0962
6.30465
7.62856
4.4738
6.59024
29.5313
30.7165
13.0275
31.7418
25.5129
33.4306
9.21779
4.72453
33.9994
29.0401
35.3066
9.83134
27.3496
5.90531
21.8354
30.9073
13.8649
26.5092
31.7074
26.7109
4.16583
1.97492
0
8.97787
10.0098
10.3329
15.1166
12.0548
6.90222
33.4728
3.11688
20.3834
6.38728
1.36778
29.9024
26.8937
5.86192
6.6169
23.0094
14.1197
17.7921
10.4508
11.8836
10.7036
24.988
17.1098
26.5261
8.18524
21.5013
32.6488
27.1528
0
29.2688
28.6673
22.7687
27.624
21.8273
31.5839
28.9237
11.7012
5.42374
18.0758
28.3515
15.2033
19.5072
6.87079
21.803
10.9128
0
16.7822
14.9226
27.6557
25.0927
11.327
9.8727
5.47671
16.703
5.40926
23.2153
18.9828
34.3255
31.1685
24.3028
1.40625
22.6596
17.6362
16.5023
12.8114
5.11785
20.2563
11.3718
22.421
28.8515
16.7574
6.78304
24.424
17.3105
15.2508
26.519
25.8625
4.26891
25.7163
25.7867
12.2081
7.61682
23.9846
36.7932
33.4423
8.83029
30.606
34.1141
21.7913
33.511
19.9859
4.47056
23.8998
11.5601
19.115
1.98397
15.3647
9.56196
1.82432
16.6488
12.3132
7.84473
19.0189
20.9293
15.4202
28.8257
4.37322
21.9729
37.7019
20.6837
31.028
2.47173
12.0819
30.9368
12.9126
2.60588
25.114
4.51594
20.372
31.9233
20.5442
11.2579
5.52095
35.1282
22.3491
39.7676
18.4521
14.9593
10.6858
15.868
24.01
28.1695
10.9498
24.6172
37.9653
24.7896
28.7753
32.3113
8.20396
3.80778
23.4488
3.51935
21.5753
33.3324
9.99203
11.3275
24.2476
23.7892
14.7577
16.5157
12.7402
2.59816
18.2353
18.8735
39.1322
14.0573
34.8365
31.7436
37.4189
18.4867
20.9438
14.9611
15.4157
15.8832
2.12703
8.65629
39.8273
11.6624
29.1898
21.1604
28.2006
12.5874
20.8578
25.6601
1.198
27.8393
10.748
16.5482
16.6615
28.1717
4.9475
30.9641
17.0983
35.1412
7.19965
40.9473
3.57783
15.7405
21.8274
12.6617
30.8831
30.3278
27.1316
4.58003
13.8158
29.5263
37.2038
22.0158
3.85967
22.3893
25.0093
13.0328
31.3316
15.3894
18.559
8.34143
40.6233
26.389
7.39269
32.0688
11.6488
17.8728
11.5106
31.2544
12.4543
34.3129
17.5272
15.2538
22.5548
37.0323
37.1029
24.2588
14.5104
15.6993
20.0959
13.2328
3.10332
6.74498
37.1969
23.3344
41.4886
11.4776
15.003
33.2107
30.5986
42.309
18.4387
44.6682
19.4496
14.5463
7.5106
27.2407
38.1823
34.4807
42.2008
9.68466
11.5108
39.9131
39.0478
33.0976
17.1775
23.037
35.1022
40.0911
9.43391
9.68938
36.622
16.349
39.3451
28.5002
38.7867
6.42789
29.2092
18.5706
11.1247
15.8796
20.9287
7.05737
39.3486
29.375
37.0257
16.9231
41.0433
14.9563
8.04402
24.0123
20.3565
9.1719
32.5145
39.1034
13.7604
35.8243
29.9904
4.6369
10.7035
37.6243
4.34582
2.40535
17.4469
28.1502
20.3403
34.9215
22.7288
11.4659
7.91617
2.35495
20.6371
32.4224
41.4064
21.1999
4.5801
18.6344
43.6523
21.0733
25.8552
30.3979
22.5954
12.5183
2.71462
14.6475
4.19386
4.9514
6.00133
43.7502
37.8424
3.77569
23.0658
19.6705
30.2251
37.7875
1.80225
17.9007
20.3172
31.6014
42.8732
2.10794
20.8585
11.3308
41.5791
37.0571
15.8738
8.54588
27.3017
40.8383
15.7622
26.2708
6.11249
43.2691
24.3895
40.985
38.4107
7.75914
45.4615
3.30688
14.4037
41.4709
32.5595
3.97903
10.4677
40.7123
11.2198
3.69369
9.97156
36.0458
5.95259
29.5312
23.0013
39.5844
43.6344
9.06319
45.8597
15.3406
8.7885
32.3601
41.7646
20.9336
14.4031
31.6827
25.8745
37.8297
33.1357
25.6833
39.5056
6.62663
3.96916
23.3909
20.9533
25.2828
39.7691
43.8742
36.7039
42.4261
43.5935
31.7814
21.8438
5.61301
15.9896
30.8985
28.0375
39.7117
15.5106
10.0794
24.1667
42.1978
2.08914
43.3958
29.2326
11.9018
45.3007
2.68123
21.0878
45.2966
10.7734
11.5296
34.4482
23.7851
34.0672
12.6574
13.9311
7.48091
31.1466
10.8742
29.3498
7.31527
23.0979
23.6938
22.1323
21.2933
21.4807
3.7652
12.408
41.7952
25.376
35.4003
38.2797
22.4125
19.6338
36.5511
36.9611
43.4294
33.1185
15.5636
39.9065
41.3625
24.4668
2.33108
27.9873
1.95918
37.9087
17.2196
16.4994
26.5325
37.4388
25.2163
22.6951
11.3626
41.9066
30.5123
5.36931
30.4069
26.3464
38.1208
41.5266
32.7194
35.0921
24.6343
33.2729
43.7263
18.0903
21.1914
31.8803
27.7737
19.0438
38.144
2.35922
36.409
21.6701
14.8147
25.6043
19.1418
41.9649
2.3868
20.2746
36.1462
25.9062
4.65341
24.466
5.70926
37.8089
44.2762
44.2567
6.53965
1.71127
9.99651
22.1496
10.2314
38.5648
40.6585
33.7252
10.6242
17.0675
32.4787
20.8203
19.6721
12.4771
26.6896
3.88764
5.2838
40.5413
15.0511
40.22
29.7183
44.5036
2.13598
7.94534
12.7
28.4148
8.86154
2.00697
34.0622
39.5684
3.92438
43.2702
44.9614
13.2323
36.7485
21.1454
19.3136
2.19512
4.33303
4.06441
9.74348
26.1999
18.4552
20.6483
43.346
22.1631
18.2609
3.28631
16.1402
2.12121
42.8835
6.58409
8.12673
41.3829
36.9531
30.4253
21.4396
24.1571
44.3715
43.3595
12.7553
29.4317
20.1521
9.07108
38.9891
16.9531
6.4332
37.5237
22.9488
9.10963
30.5391
11.9628
4.11394
42.1792
31.092
3.09391
6.6024
7.11402
38.8613
34.0626
13.4959
2.24151
36.1109
12.6588
28.896
26.3745
21.7054
12.4364
33.5835
35.4065
36.9291
11.4631
27.5044
15.5007
29.7435
37.5777
13.1713
35.6515
19.3712
7.85266
21.3576
38.8355
16.2232
4.12073
8.12236
23.3467
25.4036
9.13839
25.4584
23.4132
32.9511
5.93897
16.3172
36.1328
21.3771
2.14834
12.7913
12.3942
3.26804
26.5552
13.8095
21.3874
20.6554
24.6922
43.3769
31.4118
14.8147
40.1543
31.3926
17.8557
6.13724
2.15637
28.2831
6.63993
20.1871
9.26492
16.2587
29.0065
35.3221
19.7781
17.6776
40.3213
43.8419
9.82493
21.2982
17.9068
10.7676
26.3158
12.3936
14.0057
25.5576
21.4836
44.1507
33.4091
5.88677
4.34744
5.79175
36.0166
41.3114
10.081
29.5195
16.1507
20.9558
42.7912
31.5456
26.5672
41.4245
11.1871
28.5362
10.3045
36.9344
4.6024
41.3156
17.648
14.1961
13.2773
37.1917
41.456
16.5735
16.3875
35.6016
41.538
38.0367
7.76453
11.6511
30.3975
23.4154
37.529
33.8202
26.96
14.1763
38.0678
15.2548
6.35256
27.7939
26.8647
38.2963
31.7853
31.8154
5.80181
5.82012
14.9284
19.4818
32.1319
32.044
40.0296
12.506
22.7498
31.023
36.0441
9.72602
12.7043
15.2194
22.0407
22.8707
34.8148
30.4317
5.54446
23.4308
42.0609
7.65748
26.588
15.1483
3.74233
5.27533
2.23443
6.59658
34.1532
15.5821
7.44184
3.54629
38.3615
31.5923
25.6154
18.6644
19.5566
38.7504
42.4134
18.4945
34.7936
15.7351
30.7634
21.9386
23.7301
17.9954
9.53142
28.6536
26.5286
38.8652
39.1264
6.01218
7.78632
36.6335
