0
0
0
8.18182
7.5
0
5.29412
9.5
8.19876
15.3409
10.2667
0
2.8125
5.14706
2.25
16.461
20.0637
0
25.0368
1.95652
5.29412
19.8985
0
24.2074
26.2762
0
7.28571
9.44432
8.11347
19.2848
17.763
9.6
5.84416
1.15385
0
5.51524
18.9858
24.5756
4.32
5.04208
13.9809
16.0994
9.75406
11.4882
14.3913
7.73151
7
2.27848
26.8284
7.94048
22.5289
24.8493
2.38095
14.5802
19.168
31.9003
24.1555
10.8625
27.0964
25.7286
13.822
24.0292
14.3522
18.6995
25.5492
13.6267
21.6741
21.3534
18.3111
10.3442
26.2341
12.2592
8.71946
20.8211
21.11
36.2402
27.9869
18.9359
6.79497
31.4772
7.20028
14.1939
34.1824
24.5306
37.6627
8.45317
35.7082
3.49707
15.7893
36.659
21.4897
23.2655
29.7359
19.2419
37.0786
26.3918
3.76082
36.1143
0.508475
7.77985
10.8839
23.2374
8.79667
17.2731
42.0536
43.6467
39.184
25.6198
18.8124
10.0613
4.77221
23.4496
20.9814
38.8306
10.8723
21.5597
41.8105
31.9578
12.8928
39.35
29.1222
14.2765
8.57409
13.5999
7.87379
20.5335
38.0738
9.21174
8.29751
13.9479
9.31923
13.5381
33.2652
37.2339
13.913
10.6834
35.474
24.7816
0.895522
23.4992
32.4199
48.173
40.1659
15.2701
33.1832
16.8354
43.1356
37.1945
31.1628
47.6979
34.4625
12.3139
44.0296
33.49
19.9921
47.3363
46.8724
47.144
23.7334
5.7988
40.0551
18.9642
23.0741
36.5822
18.1595
30.7838
48.5788
25.0933
33.2251
45.7461
30.5289
40.8652
30.2997
37.7323
3.88119
3.19163
19.8155
22.4985
39.3591
26.8183
16.0823
8.36898
21.6179
42.3785
32.8765
17.1558
43.6545
5.77678
9.88014
16.4177
2.33333
25.4537
29.4457
22.7177
15.4485
19.7004
53.184
30.1833
29.9767
41.2331
33.2309
45.1032
36.1537
15.7851
49.1426
10.7453
15.9141
41.8095
31.5887
38.6133
32.7781
22.8014
20.1845
42.422
28.1786
27.7903
4.72419
25.3304
49.1351
45.2054
13.328
21.2151
40.3835
7.48677
41.1186
34.9084
17.5636
25.6992
44.2254
22.7053
12.4863
15.4018
33.9405
11.269
29.0323
23.7956
29.1369
13.9782
18.9784
8.05783
3.0072
6.78144
16.045
32.9123
7.09213
19.6884
26.8579
1.8799
25.0571
6.96094
37.435
30.3652
25.7203
18.2177
5.74591
14.8943
28.4596
8.17483
1.43382
2
6.27384
23.0716
24.5293
31.684
11.9548
29.4371
13.8628
30.4808
13.4113
24.0252
29.0838
10.9228
36.624
17.1357
31.1798
11.7926
31.4008
36.8849
8.90882
3.95273
31.5344
16.3801
34.0707
25.9211
29.2782
25.9493
10.0793
18.1431
25.8319
37.446
27.8074
5.91956
35.512
31.0497
24.9364
26.0594
41.0739
2.8586
15.5821
29.7204
39.8518
2.93919
33.8852
33.5362
32.929
7.53814
13.6448
41.8049
10.4588
33.2994
5.63017
40.59
17.7878
5.46269
33.7827
20.996
31.102
18.485
3.89931
22.2715
17.5564
3.72557
3.85439
41.9551
33.8179
29.2974
25.1735
25.0424
39.5097
8.52594
35.1454
20.3278
36.7767
31.7204
25.8503
9.01239
19.3923
40.4648
19.8536
16.7632
36.3752
31.2471
7.06292
9.10466
6.05662
31.4036
35.2062
13.3632
36.3898
7.92039
35.7316
28.7777
12.7063
31.1616
31.0385
40.5859
30.0714
26.6963
4.2206
19.6369
14.9047
8.22391
39.9223
23.6163
18.5888
23.0885
20.2981
29.6726
15.2272
37.2828
6.24079
22.6371
7.62013
22.955
18.7059
35.2336
12.7424
24.952
34.6509
6.94441
1.26612
26.7129
37.7043
6.5518
1.74274
8.39375
4.0972
25.2924
7.29447
23.9446
41.5294
12.0807
5.10204
33.1541
39.3125
17.8739
32.8212
22.5569
26.2168
25.3344
38.6671
16.2738
5.56036
1.21324
4.60262
31.8538
38.5896
25.2412
8.98101
10.961
14.3967
27.8778
20.9819
22.7462
35.3216
2.64395
5.68082
7.38245
1.45513
22.4348
15.4637
42.2325
31.3368
8.99569
8.12636
29.8162
38.0568
8.29377
16.4372
8.08206
24.9242
3.85268
15.6445
11.4079
41.2542
32.6485
3.55683
21.4769
35.9531
23.3133
35.9229
15.6116
13.0637
15.9431
10.6654
1.51856
24.7595
24.1771
17.6754
43.6001
2.17021
34.9089
8.10002
42.4177
