40
37.5
27.6923
38.1579
0
24.5455
42.7154
23.4615
20.2814
3.46154
10.3613
32.5714
40.9548
26.7726
0
38.0637
3.82979
16.1882
38.6046
12.4682
27.6303
7.69896
0
33.887
6.25
13.5959
16.1327
15.3947
8.47814
14.625
9.77066
17.0337
26.6378
10.4824
3.39623
49.4233
18.5263
21.9294
26.7977
5.77586
25.8979
19.0432
14.9306
18.0806
9
7.30769
42.5708
54.2567
37.9668
14.0247
7.41429
34.2278
38.2384
23.035
13.6927
53.6114
31.3274
4
33.0293
9.48002
18.3839
20.7638
12.9396
39.4509
5
2.01117
41.6864
38.3851
46.7308
16.4948
2.01117
33.254
17.843
50.1318
0
12.7789
1
4.39024
22.1923
22.7561
9.23395
17.2337
38.2038
9.66248
21.4502
17.4616
17.2998
53.737
36.8772
4
4.59854
24.44
57.952
46.1888
29.7492
31.9049
34.1616
15.3874
17.6163
57.124
36.4212
35.5819
39.5516
56.2275
39.3205
46.794
30.6143
58.6296
17.4474
50.2843
40.5803
37.0708
34.041
46.5295
42.0617
44.9843
14.6652
7.7
31.9238
20.7575
18.9555
49.2567
24.8946
11.4093
12.5784
58.7635
37.5936
44.3062
35.2074
33.6278
1.65644
8.83194
12.3863
16.7816
56.8434
55.6704
20.1093
27.9298
7.54511
16.7733
27.6239
17.5114
23.2277
15.5034
6.82098
16.8546
12.7202
15.531
44.2812
6.56455
42.8331
14.6857
38.1955
44.158
47.0747
15.9719
42.558
34.0828
17.0959
43.1532
2.32558
5.40653
6.47
26.3916
42.0639
35.2236
39.3897
42.6475
13.7411
31.1578
15.8881
33.9833
35.0151
15.0421
20.1341
16.2896
29.8439
17.9248
27.625
35.5545
39.6225
39.0935
6.92308
35.0729
16.5999
8.73791
39.5044
28.1169
44.1983
20.0783
12.3889
25.0482
8.45595
8.81685
43.2055
13.8883
34.3399
24.7114
30.4068
37.1153
43.8147
44.6564
5.6091
35.6809
22.4762
8.7288
9.2902
1.63636
13.4056
29.343
41.3244
44.8157
18.31
32.3268
31.2917
9.98365
10.4276
42.7772
32.6253
33.978
15.839
7.75169
38.3762
18.8116
14.335
6.07139
17.5628
32.9215
21.4654
11.0962
11.4747
2.34403
37.2006
22.7967
27.6734
38.6923
23.2558
28.1867
10.7399
27.6858
17.3841
30.1465
37.4403
9.39255
14.6455
1.96429
4.65511
21.1625
7.47951
14.3898
17.0143
42.324
17.6592
42.1131
41.9579
36.4897
42.2546
40.7403
25.4495
39.8827
1.42212
5.42721
34.6667
33.4416
24.501
37.26
39.7613
10.0363
36.6024
4.68654
25.6779
41.3739
25.5886
4.15652
16.4906
34.2589
10.3783
14.5889
15.3906
1.80602
13.995
37.0178
3.98064
35.7808
29.0086
31.9873
37.129
3.5326
26.6891
19.7806
4.94154
25.543
18.8705
7.25054
25.0042
20.7529
37.2497
18.2638
5.32549
9.86137
14.4329
6.77946
9.6124
5.40394
9.53913
19.9553
27.5557
30.19
15.1957
9.07807
6.07246
4.5344
9.29879
10.4021
33.8507
30.5648
20.8116
7.90384
33.1824
9.81421
14.1313
37.0017
12.5134
38.8088
37.7038
24.7477
1.47541
5.75222
24.6975
13.5803
42.953
22.8502
10.3525
38.3512
19.776
36.4958
20.5551
34.1374
20.5825
18.4117
14.6505
34.1469
15.4911
26.8894
42.3432
40.6312
18.4286
2.26986
35.6112
13.2477
37.8498
5.74345
4.99611
1.31922
13.7948
13.439
33.6586
26.1621
15.334
13.0087
39.4095
18.459
8.51274
35.4389
34.5819
36.8211
20.4235
26.8917
24.372
23.2546
39.2858
10.8566
14.9819
22.6819
38.9239
30.8178
16.6494
21.3196
13.2792
28.313
18.7165
26.6744
35.7866
11.6723
27.6759
38.2905
38.037
26.4618
16.976
29.3898
38.6829
21.1296
13.9281
29.798
27.0515
2.80765
20.3971
24.9978
16.545
19.7916
28.6336
3.63236
29.3002
4.14089
3.27162
25.9413
4.38607
14.5892
33.039
6.53847
4.10993
25.5521
39.986
19.5844
22.0802
35.5289
32.4511
15.1914
17.6162
8.51666
41.0944
23.1761
18.9537
19.5791
15.1037
12.7175
25.9257
36.2525
10.4266
15.965
31.7497
16.9339
18.7555
12.6545
26.5117
14.2263
11.0214
11.5928
36.2206
29.6241
11.641
19.713
20.8454
20.2094
39.1133
42.9642
20.2124
38.6226
24.6871
40.0998
39.7331
41.1393
33.7756
26.9345
22.8199
25.6238
12.0848
22.7487
40.5241
31.363
18.6039
19.9857
1.61798
31.4452
28.2552
5.55605
32.3603
24.0792
11.2614
7.50384
29.7995
39.6116
22.5844
24.4061
6.38532
13.3489
2.76074
31.6399
41.1319
30.4484
24.2337
7.09984
37.7019
3.55789
34.8499
19.3968
6.15155
32.2384
18.8807
28.6837
3.17517
39.2679
30.839
5.84704
23.7691
3.14168
39.1108
40.8127
32.5222
23.2547
31.9934
7.31751
25.6339
18.0235
21.9164
15.5514
1.91333
10.7651
27.2785
14.4317
39.6846
5.25844
13.1158
34.8401
11.163
27.175
15.3553
7.57698
17.9007
5.78182
35.0935
37.4918
18.6388
42.8757
38.2691
31.8171
10.5474
12.5407
32.243
22.5984
33.0565
40.9521
7.09567
42.892
26.3125
42.8934
27.1475
25.7772
20.834
23.1891
20.0405
24.7147
18.3506
11.1636
12.6397
27.08
18.1463
16.0332
26.8529
14.1076
43.5973
29.5119
17.5983
34.9353
27.7984
2.0085
5.90559
19.4002
42.7719
44.0024
34.7795
13.9247
10.3523
28.1061
40.1202
33.7318
18.3748
26.2701
29.468
34.5511
2.07589
36.786
41.4806
41.5324
4.35097
18.8885
39.9918
33.543
6.21441
10.3905
2.55521
3.56533
8.08551
42.0065
32.7702
10.7055
10.7931
25.9704
38.0164
22.1107
21.7553
28.5429
21.029
3.49618
33.3666
42.2309
29.3564
15.3354
7.48723
42.6264
34.6799
17.8874
29.6006
44.2802
20.8718
19.8453
20.5925
14.9908
11.4016
44.3799
4.31424
12.6735
40.3692
19.6524
44.6833
36.4161
10.1228
7.38797
23.0711
29.7115
11.5643
24.9171
41.7767
44.5722
2.06897
14.2822
2.62312
23.2916
16.8982
38.4576
30.6303
37.9178
17.0673
36.7656
44.4361
7.53048
23.1038
24.5075
9.68238
13.7387
39.9561
19.3576
21.2842
31.0055
12.6678
7.0424
9.52834
1.55941
43.2425
2.11857
4.98172
1.70843
41.2424
26.7962
22.5629
21.0768
26.6994
2.2549
22.9245
16.8723
12.897
30.1539
2.38007
14.8963
30.8117
40.8197
24.0965
26.2438
11.3543
39.3461
25.8494
23.8458
11.614
38.7703
9.927
40.8859
33.6694
5.76092
24.4336
34.4089
33.659
15.6983
42.9839
27.2135
42.9515
37.8676
27.6337
6.12754
39.4014
26.9498
35.5651
35.1804
43.0646
17.6015
30.0248
37.0467
11.7079
22.5014
23.0649
3.43813
43.1483
5.61211
16.7031
14.9948
31.6113
20.4675
30.6659
43.1666
35.3594
35.3922
29.1569
35.0797
30.8068
15.5402
20.9085
3.15573
12.9049
7.07525
24.6762
33.1638
29.8262
31.2623
36.7837
17.5095
10.4565
42.5006
24.1455
42.6819
21.8118
15.1806
38.6883
2.58621
39.0127
6.1221
33.085
34.6676
19.352
7.91973
28.0245
25.8559
17.8412
31.2993
31.6934
34.7482
15.7437
33.5705
11.5095
7.17377
31.0937
34.7449
8.03854
21.9486
28.9113
43.3759
30.7639
5.5583
13.6698
13.1977
20.155
22.8169
9.56702
31.4146
12.3921
24.8802
16.9425
24.1849
20.8488
6.73049
26.5257
17.9809
33.6913
21.7253
21.3206
35.8362
41.4831
26.7388
17.8724
15.1793
24.021
39.8867
41.6408
20.9001
26.5229
33.2473
11.9735
14.5156
22.2356
12.2534
42.1257
28.6446
37.2653
22.5859
36.8707
40.2975
32.6231
10.7122
10.2084
35.9493
8.38778
20.1636
6.45433
31.9274
28.9147
30.9814
37.6288
12.9484
19.3517
13.6877
2.16472
37.3116
4.49704
31.1676
42.0282
25.6592
17.7055
29.0811
4.25461
6.23224
3.47852
17.5968
18.2104
23.6387
38.1568
40.9703
6.51627
44.7862
1.90765
16.134
24.924
9.25261
16.1953
6.96042
44.7854
33.4984
40.6151
18.3842
2.33193
27.4558
40.5272
29.3681
5.80641
44.936
22.349
42.9051
35.8181
37.8298
23.4707
39.7302
31.3749
12.2675
22.464
18.6088
37.523
7.85508
44.8624
3.61642
30.4824
13.8599
36.8492
42.5576
45.046
37.2382
34.8571
31.9443
13.568
23.1878
24.7038
2.48245
26.562
14.6575
5.9181
34.0629
24.7404
14.2263
38.5245
21.9521
5.76337
36.368
28.0182
14.2663
15.7054
34.8888
7.37765
26.7389
38.6758
9.63696
34.0595
33.0665
16.9785
35.4337
10.3558
19.4897
28.6947
26.935
10.2042
29.7945
38.333
39.0251
12.4235
30.444
6.59421
4.43285
30.677
5.94445
32.5935
6.36238
5.90072
21.3668
2.20764
34.7256
31.044
15.9656
2.10773
23.3959
9.19846
18.1039
43.7026
10.0757
32.6591
8.98908
17.3407
40.4052
12.6491
21.0758
6.01031
2.24617
30.0012
3.65139
9.57242
43.2675
13.4989
43.3795
9.98437
35.1076
30.3453
36.5297
12.1524
27.5382
5.94342
26.7508
44.0904
16.871
27.8195
31.6347
21.0816
11.304
22.4724
27.0184
20.2785
40.9033
20.2005
40.7817
20.6166
2.19637
23.8507
22.1761
18.7631
5.99184
32.4274
10.0204
27.6434
5.82654
40.8453
29.3501
25.6151
38.964
22.8867
30.9715
31.2529
30.1649
18.3912
30.6851
18.9357
26.8551
28.6368
21.1614
31.8084
1.65526
39.1072
22.6582
7.38205
34.3063
15.9368
43.3161
25.8958
39.3055
1.65526
8.10449
3.9121
41.6031
10.9385
10.8752
45.5397
28.9367
2.4
9.35132
22.4669
21.9326
43.1321
38.8685
18.0539
1.96447
32.3696
42.6569
22.0186
34.941
9.85643
23.7398
41.1726
14.7063
35.638
10.1163
10.9471
3.79807
40.9598
22.6512
2.29615
34.8897
18.9917
22.1148
29.1958
8.40761
17.8684
19.865
26.6248
13.2395
3.61024
2.0625
14.3486
36.7421
6.16241
41.9153
11.9984
33.8982
10.8556
10.229
20.9478
6.3157
37.102
35.3057
37.6229
41.8499
32.5278
17.816
20.7352
27.3196
29.0793
6.1517
36.6612
12.5853
31.3663
17.8926
37.4521
32.9057
43.1738
27.1091
16.6572
18.5959
38.1324
11.9002
2.42708
21.9511
25.8142
33.9689
26.1624
15.8578
7.67619
21.6175
35.7046
11.4986
8.12664
1.57465
40.1804
39.8224
43.7726
26.7572
14.2383
15.9211
5.67669
32.1347
9.64207
10.1472
10.4238
37.3971
39.2927
24.0834
2.18329
43.4107
29.7718
15.2115
30.8279
43.5016
9.89487
3.88088
29.0095
26.9286
19.1473
17.9477
7.96292
2.10021
23.1021
21.599
41.2541
31.8001
3.91007
17.2845
14.0589
3.93128
11.7317
39.4413
1.55575
41.3463
31.6783
24.2608
31.5014
41.4046
23.2248
19.2862
11.0457
17.7596
27.4163
29.8576
20.2159
25.4375
29.6577
2.04735
35.2544
13.3954
37.6341
15.6496
25.3854
40.9638
41.123
9.44333
20.2422
4.26334
1.8522
19.8114
19.6335
8.19787
24.5344
7.30138
37.142
15.7088
2.10239
3.75091
21.0638
35.9753
35.4765
33.3386
41.0392
41.1659
6.10817
16.8076
9.09316
30.8475
14.3003
23.2192
18.3433
27.492
5.14116
37.007
17.5359
22.0814
35.4109
28.587
13.4307
9.21678
30.653
18.3435
6.01236
18.0538
2.14657
4.84637
27.8528
21.3056
41.6684
9.573
34.1561
4.73512
9.19356
34.0765
14.5261
24.7856
18.2261
16.326
20.4298
18.311
29.6853
20.1917
19.2316
21.6309
13.7691
35.9404
7.93759
9.951
20.5
38.0236
17.3765
18.806
21.1813
2.03092
7.43059
28.6359
9.23478
27.8465
14.2336
41.8123
21.1342
31.8216
8.30041
7.63531
15.2715
36.9354
35.3693
12.3978
6.66654
36.1932
21.8645
31.6453
17.9027
21.2261
21.0519
33.2453
27.7505
41.7826
41.8265
11.9229
12.3087
16.6937
24.9303
11.5665
19.8286
28.694
23.3811
23.1395
34.7339
3.68047
7.0341
19.0198
16.6461
17.266
7.72554
19.0104
38.3237
3.84252
2.24199
13.8909
32.7602
32.2352
29.0645
32.3493
1.56388
27.6076
23.5001
38.9071
9.42384
35.0576
10.0618
5.19266
1.5559
21.9734
1.50439
9.6743
38.808
10.9382
26.9379
3.77501
42.7766
28.381
9.91084
8.05948
28.6933
24.6134
25.426
30.5453
32.1928
37.1502
5.59861
41.0168
8.66141
5.1445
12.0494
42.824
31.1612
42.8168
39.3329
9.11381
14.8261
13.7216
3.53504
5.85992
32.9873
30.7633
23.8202
14.1732
6.33284
38.8562
40.3953
15.0727
42.7739
37.031
20.4734
10.9737
31.4341
34.5904
28.2084
32.1233
36.7887
42.6051
27.9787
15.944
37.1657
19.068
30.3606
14.4731
18.1188
34.9601
7.55768
29.3569
3.42863
6.06181
23.5377
32.8197
10.3323
38.8675
13.3247
37.5369
3.70139
36.3674
21.586
20.6619
22.7623
21.9282
35.3911
40.2498
39.6997
39.3962
1.87919
36.1338
3.15756
18.3281
41.3939
41.4051
24.2013
10.7215
21.6193
13.846
35.2546
32.3183
13.796
31.0583
29.9665
3.19791
41.5842
32.0352
36.2376
29.9586
17.0021
17.3004
1.75761
27.8972
34.8514
39.859
10.9584
39.6424
12.8442
18.1307
41.7473
28.605
9.65363
41.8018
11.5173
17.5309
39.6841
22.6693
5.81478
2.31712
1.49171
26.6099
4.16828
15.9606
31.0185
5.2046
41.8535
33.9252
22.1682
17.037
9.93406
7.70917
22.8075
16.8324
21.4023
16.574
1.68087
29.637
22.4107
41.987
26.639
41.992
23.8611
11.7552
13.2316
27.789
30.6532
35.4499
28.5636
10.913
17.4419
9.17499
12.5754
28.6655
30.5668
2.02218
8.56562
24.4242
42.1171
31.1956
21.5807
32.9534
24.5111
40.6284
20.5481
13.3412
1.98914
13.5337
35.0479
5.06988
31.4923
42.005
28.7512
28.677
23.0349
23.3221
40.6123
20.2704
15.4295
13.8088
31.0065
40.1037
3.54995
13.0904
9.48786
18.5281
15.3442
15.4012
21.8888
2.24679
11.2362
23.8327
36.1978
22.6225
20.8403
31.2951
32.5988
21.4045
9.52768
9.71267
3.45576
7.26525
13.7947
23.1292
25.2329
36.913
11.6607
10.6792
15.6875
25.1547
23.5029
40.1707
29.038
34.8328
35.3044
42.6206
34.4986
42.6504
32.1146
5.75302
11.0297
27.7824
24.5656
4.22051
20.496
5.64088
3.60626
17.4557
5.81351
3.61125
20.6727
42.6437
39.0821
21.7227
27.4937
40.6426
6.227
14.533
6.24377
3.55184
37.1722
11.5036
32.6247
40.909
30.2119
3.57989
24.06
40.5259
35.3587
26.6601
38.6647
19.4043
40.6384
7.54665
13.2688
13.7325
11.9042
33.5488
9.89919
11.8735
38.8111
38.8373
21.4125
3.54073
2.27129
7.77115
7.32543
18.9094
5.82556
30.8687
40.7098
26.5107
42.949
29.6358
24.106
14.6199
2.13293
24.3924
22.2174
6.17896
1.82769
43.0593
36.0672
31.2229
35.7963
4.06215
8.23082
4.25894
7.51319
14.0364
11.3024
35.5208
40.4744
34.8499
31.8657
21.4217
1.66304
25.1133
15.1107
42.5575
37.3752
22.8187
19.4693
31.0901
36.5131
31.2239
18.9053
11.4906
11.482
40.8345
13.2576
10.8293
12.8443
21.8768
12.1179
29.0172
17.9797
32.7021
26.6946
12.1906
40.7636
19.7645
1.6904
21.7435
3.47644
5.80364
41.0619
34.6016
1.81791
2.03093
31.1661
36.7615
30.6862
5.05345
35.5021
20.831
15.6216
7.288
7.11702
32.9163
30.8774
5.39636
8.11159
11.4398
25.6847
41.1149
40.5644
25.8823
21.4938
4.18308
9.04747
42.7767
11.1434
3.91163
37.3577
17.5502
24.8917
5.54775
35.318
34.5604
23.3
8.04884
42.8598
42.8464
37.5262
41.2022
29.8478
21.2914
29.6059
5.4485
42.8748
29.7538
9.26117
35.3937
29.0635
11.689
11.2581
38.2785
16.794
35.508
43.0131
23.0426
39.4765
36.8719
5.80251
27.1128
13.6768
20.0177
33.8381
35.5883
19.7503
8.03013
37.527
8.95395
11.2652
6.90673
16.8171
28.3606
5.85586
39.3174
39.7848
10.4376
8.39627
8.26893
41.0448
13.2652
37.5093
7.14288
15.7405
41.2328
27.8251
33.5485
36.1142
19.8328
29.4276
31.1228
31.6708
23.1278
17.8959
11.4539
27.3796
21.0368
8.21136
33.7383
4.11247
31.1788
39.5281
3.83113
39.5473
41.6344
10.1413
41.5716
16.1952
39.4074
35.5817
19.2458
26.194
39.5424
36.0259
27.0433
5.9778
19.5713
3.81702
5.30908
9.77726
27.6624
43.2651
12.2224
8.24545
17.5434
43.3275
13.7523
15.6305
6.17194
33.8137
33.2182
31.8869
19.6528
21.9714
33.5313
15.477
21.4364
39.3322
18.7266
37.9536
33.5113
4.23565
28.2472
31.8831
32.0705
12.2173
32.6245
38.2074
22.0835
7.83243
11.2067
35.3743
7.95066
7.52891
33.4825
3.9467
37.218
21.6207
41.6245
23.8381
1.80361
26.1164
33.487
30.1819
37.1276
12.3859
43.5544
33.5118
20.0654
9.83883
3.94206
1.91083
31.2328
15.9519
43.6953
4.56085
37.0589
31.9921
41.5172
43.8144
30.897
8.56466
3.78634
28.3285
33.896
6.21945
5.87249
8.28977
10.2125
43.7983
37.7194
28.1575
16.0829
26.2744
5.86486
28.2658
11.735
40.1988
41.7743
30.8303
23.999
14.0141
15.9558
21.753
13.6402
39.5608
40.261
39.9234
16.4244
16.7414
26.7624
34.1203
8.14712
39.6674
32.3935
20.7769
35.5566
17.8154
40.1125
22.6811
7.90697
17.2097
9.73406
21.4171
22.1849
11.8691
40.2281
39.6924
22.0086
36.2056
21.1802
11.6942
5.58958
5.68732
34.0533
43.9865
41.7113
30.0545
27.7094
42.1576
11.626
14.7127
19.9384
34.5063
6.01423
6.25387
44.281
25.7912
23.2236
19.2492
20.4476
23.9579
42.2155
8.50771
23.8537
24.6043
12.1598
31.7485
42.2414
19.9151
16.0587
8.13112
17.9531
3.83612
22.2356
37.0041
20.424
34.4791
1.9118
30.3742
18.2023
16.9894
30.0896
39.812
40.0893
3.89868
21.7133
40.0575
15.547
6.2726
30.1714
3.97267
42.2101
21.4227
9.84565
7.38833
28.3567
19.1076
29.8844
36.5009
16.9122
36.1609
1.86875
12.9063
21.6157
7.68192
44.1983
28.3266
20.6251
44.247
44.2793
3.66112
7.75102
44.2614
38.2981
28.3862
32.2535
13.6162
44.2805
9.87638
42.0713
6.25387
28.2009
7.60772
28.1024
32.0382
11.0248
15.0188
26.189
26.1291
27.841
41.1672
16.5139
16.8506
24.7405
40.7387
17.0103
36.5894
14.7835
14.737
28.8482
25.1664
23.0363
12.2078
28.6009
16.0792
10.3093
34.4601
22.9059
29.8432
3.91107
36.6817
30.9223
38.7701
24.4343
30.3094
29.661
1.99435
22.3008
24.4532
40.5291
16.8068
40.9139
25.2706
40.1714
16.1228
38.0422
28.4968
36.7725
4.64847
20.9044
26.5864
34.2897
34.149
14.4727
44.6974
15.2752
32.3778
18.726
10.7078
24.8769
6.08186
34.5484
12.5083
1.76763
8.16044
32.4695
24.2021
38.7868
29.4855
31.9256
12.08
16.0937
42.2565
18.2955
41.6961
29.6324
33.7307
21.6597
24.4311
8.40981
29.6266
6.55853
32.2887
9.97322
9.60763
29.7215
28.2543
35.5778
4.20115
10.5398
25.5172
4.1004
35.5976
42.0231
3.92023
31.8231
37.6736
12.2464
32.0135
35.6933
39.5064
32.1177
32.7626
41.9814
1.6477
2.48483
19.4313
43.7066
16.3223
26.9326
21.8522
11.5144
43.7411
5.97303
31.4138
43.8027
6.20342
41.5277
24.9103
20.6862
35.5858
12.0145
25.9551
33.094
43.794
9.85756
30.6522
10.5258
12.0042
41.9492
30.9008
10.7272
40.2287
33.6159
41.4895
25.7442
39.8701
43.9411
41.4849
24.2968
5.37209
23.9549
36.8028
22.5762
14.6486
11.6005
1.72348
26.1943
4.34057
27.9211
21.8772
14.4411
36.4743
15.8945
42.1283
37.3493
6.34231
40.2201
23.882
40.1564
37.4981
5.43368
12.1486
25.3164
38.6471
36.3089
20.2657
15.8929
18.2934
25.8688
20.1263
29.9283
6.49113
16.0277
15.9058
43.9589
13.6736
29.6842
9.86594
31.9483
17.8039
4.15329
40.313
15.3962
9.93054
19.8935
21.2454
29.361
39.956
7.57396
19.8831
16.0069
32.6078
8.0297
29.0838
28.1503
42.336
1.96403
7.55836
34.502
40.4398
3.9854
16.2118
17.4921
24.1884
11.5353
11.4957
17.8678
41.9277
22.7661
32.5034
4.40449
16.1385
15.299
11.8236
33.4467
19.8949
35.9064
42.1858
8.11122
40.0797
42.4185
19.7111
28.2755
38.5279
4.31184
42.6568
7.67946
20.4776
12.534
32.0705
36.0283
16.3009
34.3989
34.0337
21.527
38.0369
3.99181
38.9136
38.4708
5.94716
3.5271
8.28423
23.9061
7.57363
34.2126
14.4126
44.5477
44.5424
38.2021
7.49845
44.511
37.0173
44.5157
3.97836
20.1786
23.8933
12.5368
25.9115
2.3382
12.1825
26.7959
6.38099
3.60954
38.5553
17.6442
42.7338
4.13003
40.5031
32.0049
19.7962
4.05429
11.9886
40.7922
14.037
14.2569
30.2539
34.1676
10.3765
25.4987
30.084
23.3866
44.5691
24.8961
25.1116
30.1096
20.4496
34.022
42.8594
12.8491
10.4902
40.2204
32.7632
1.9914
4.34987
34.327
14.1796
10.2013
28.78
10.726
15.4879
31.3109
37.8681
36.5589
38.3519
6.20037
34.4413
30.1473
2.20495
40.1026
27.226
1.68424
21.8459
30.3473
42.3488
32.4619
36.4597
17.5297
20.162
36.6608
1.84123
5.82473
12.0996
27.8172
20.4269
15.1755
42.4398
5.64
36.0746
17.2828
36.6019
4.2617
5.87497
27.4829
13.2364
36.3559
22.7533
11.0978
18.9219
35.8574
11.301
27.6801
38.3335
12.3549
41.9161
41.5499
41.7911
8.05053
35.3709
31.8485
5.76118
36.3563
44.012
8.2585
