1
2
Olimpiada
4
Informatica
Olimpiada
7
8
Olimpiada
Informatica
11
Olimpiada
13
14
OlimpiadaInformatica
16
17
Olimpiada
19
Informatica
Olimpiada
22
23
Olimpiada
Informatica
26
Olimpiada
28
29
OlimpiadaInformatica
31
32
Olimpiada
34
Informatica
Olimpiada
37
38
Olimpiada
Informatica
41
Olimpiada
43
44
OlimpiadaInformatica
46
47
Olimpiada
49
Informatica
Olimpiada
52
53
Olimpiada
Informatica
56
Olimpiada
58
59
OlimpiadaInformatica
61
62
Olimpiada
64
Informatica
Olimpiada
67
68
Olimpiada
Informatica
71
Olimpiada
73
74
OlimpiadaInformatica
76
77
Olimpiada
79
Informatica
Olimpiada
82
83
Olimpiada
Informatica
86
Olimpiada
88
89
OlimpiadaInformatica
91
92
Olimpiada
94
Informatica
Olimpiada
97
98
Olimpiada
Informatica