668258 878005 1843096 5616358 6319030 9248275 10736924 11601430 16253337 20698072 22699549 24978122 30227318 38312307 52858428 60216333 67426503 77407141 85721744 91102683 98753314 167845282 170817032 174047876 194393051 204329345 210725743 212950401
1151385 4892441 10011649 10146896 11885213 12115425 17908196 19838175 24555176 54332228 65854434 69982470 71422270 88386221 91016336 93879113 97185284 105268823 162211877 166544440 167344468 173889577 179276445 196581641 197329028 204436206 214652480 258522057
12971859 19850695 24612451 28194950 40827507 42445482 52458158 60078486 74416707 80675932 86711496 86815699 96086717 140713221 144959590 163122789 237600702 247127462 251364059 251520350 273555736 279347087 300059165 300570277 338530006 403177867 419937106 421578220
14291692 38909688 52463785 65524256 76630479 90500983 115741991 126314568 151476361 168789070 175784804 195611936 196654756 220624199 224261564 266066099 268512673 270119933 280018693 301960485 307856998 327413135 331991854 334182871 342127349 406338272 425311184 433388289
18150451 63619883 65214093 71376736 96333383 104566670 137560178 157062404 171962939 181736865 181962901 205695015 206211761 244653111 261373157 281738485 323001514 325406738 369172522 374318425 377276611 414927733 436145888 438698730 447147263 509065725 536248309 577872794
19855375 76282487 78737324 86547846 117763709 123753953 222389916 222690058 228990868 234469819 240524563 241643547 262404332 276996370 293579030 323476864 341928529 343210592 377127685 380402898 382638027 421206341 447526099 458892911 471695341 581991761 626986335 633090144
25614372 78578542 86979122 89108198 121519732 143022578 261112509 265707974 266766604 268126870 280015101 292251040 308921648 358953181 393302641 400370501 432142568 441615470 462691528 480569182 516730038 529037668 553103619 592045101 608015445 621132999 647828470 649009496
33029566 102653510 104034316 113210227 122002628 164430217 272844891 279053205 285080922 325304883 326670281 342137983 380038692 389083590 398630741 405583916 448853928 477644213 505479235 542748553 546924697 559845283 574135582 607982635 628686939 633452709 649471797 665248419
35113646 125715481 137094807 137271240 153397324 167842991 283511533 290731459 303528268 326775909 391081288 422384576 459000084 463361584 485173335 486855186 498863626 514311213 543429155 564010134 576942871 582280251 606613968 623845501 642677030 658822159 659686927 676041986
53601424 133511637 137215556 190777139 201514236 203481505 288511352 301009847 307566024 369971975 391296604 434605887 462092574 477552912 504162884 512585352 579648051 589330563 592495273 605340912 649643278 655174755 658042647 658443877 660316049 677639930 680100650 682316074
75538590 139695209 171133457 213174920 216017033 218412078 290074627 303596698 310684112 378991949 412253098 475101100 484398516 495534236 512987885 536597919 584035518 650719631 659643658 663109021 670557938 689273434 705351039 714971102 718085474 734705053 738766343 746611231
90624979 141692597 187029191 213391221 224958480 239463873 325664848 347507874 370156206 384414692 426875071 490050283 498938857 523454291 599047503 600186530 632810967 665322715 666465687 676047481 680317801 707821685 713543338 735361424 740690543 744283583 747310452 751875125
95833075 166766943 200965087 213839397 227935973 241500412 338467529 387995424 390693412 404185342 444497948 494072013 503901090 540430355 644085884 645089367 647883578 667949364 669387333 682808325 695339106 731573007 740011501 742860891 747238159 755205520 765817380 771586795
100685057 166820826 214987159 255370576 256023538 265462849 348952739 396534977 402208785 411134187 468655706 521527374 524029351 556659650 677653199 682606282 683750275 696805068 752016633 765273111 767399806 774636718 785016174 792427203 820635535 825182262 828446082 830878182
111137813 175620192 279475022 281624798 283048634 297789305 355879389 409548368 416597473 422181416 471729775 553529410 564106288 582303304 694215496 709880069 715153508 725761540 759351292 765610466 775084238 782418552 785127814 797090333 828157182 862267115 867717968 870251586
114127394 183613927 279649878 290709039 295775586 309669130 386201380 421828885 435843259 444407466 504128172 575008005 582869332 585759933 701636120 718416365 723980528 735660028 769379067 771652976 787619742 790082144 791899194 805599068 830961264 880841868 891318390 908354349
134220549 187651893 301616136 315798418 352237823 374758186 392861848 423483002 461585097 469803450 531581831 575078252 588272368 612236855 735751148 748442804 753552829 765234449 773055540 774230724 790708044 791385848 794307379 808600099 856101766 883712632 910458862 929329003
142436518 198882107 316710615 321542502 356778164 391559904 402087519 425649515 467671950 470418866 540814389 582282751 595914339 628090162 759693320 778166307 782852437 799226141 802570248 813162837 824467889 825040758 847970878 849600886 865267022 894492857 917166684 943512857
145677712 201922600 325898067 331480670 385335279 414986389 427210656 431300935 472935609 503814926 544415071 588388773 597742302 660629502 779799902 780045149 783864205 811129286 821846846 827517151 841607829 843598156 866033806 875656470 876463384 917593561 918553339 943627638
145989796 224647224 326026174 352694260 390654700 415067979 441845620 447873635 494323673 507026245 564484792 592193147 600881503 675848089 783042395 783830025 786479566 813297946 843361914 843509547 849046685 855517167 867174708 902361543 909367134 928144609 953151716 959602103
148757612 245837437 336483925 391472242 391919509 416767308 444375435 468462331 517734663 598078879 626538973 628180220 628561798 684889443 792361314 813555870 823513002 826326522 857067258 857215652 868240808 885370826 898864499 906331145 915646533 939971356 954145535 960569996
151547873 246510347 347243929 402883635 420115476 424726425 456005389 496299364 527819410 600541197 628832602 649942532 652675122 710245900 795355181 813570093 835843262 862791438 871127570 885040346 889531655 908546215 910997047 915003472 923800243 950249067 959243883 961688296
154060319 267933833 388512962 439513354 459161483 488661738 545981093 578093581 599754625 629097775 647115211 650378211 656791384 725345442 800902037 815928835 843218054 879857772 884744312 890407786 891836346 921148040 923577953 934925481 941374738 955281165 959606547 964802221
166075240 269846804 401736323 470075440 487729235 517139204 551077407 609949638 624726077 641444020 681591264 704622130 710489093 743707262 804371203 859658726 864897924 894401564 897808200 910914018 912401053 922020293 927329492 945494812 956064306 966585782 966903462 972028078
173116227 315587765 410784221 538103977 539317371 540150652 585538928 613287584 626843226 661085578 699057198 752308236 752443829 765096881 806726415 879917380 884656871 900285402 905104724 913064242 931904270 947011471 947090346 953994929 957208284 977588943 978919786 979773487
193308340 324371018 426585030 567207658 583244807 629383834 637174393 665151930 678033009 690064609 724629146 769133454 769291176 771456522 818938638 882869952 902034530 908144812 910719276 916468648 933145529 950959402 974165778 977823493 980030449 986953998 988593551 993224355
202039396 332845631 431952512 603478448 618743266 630578598 654445310 665495070 690040628 712882954 734247183 778183461 795489302 799368857 823216838 892466579 918630963 928653162 943423745 963887546 967197933 971518074 976848799 981432598 984872840 988072171 992262576 995742008
233872499 378291808 434034881 622950248 628486807 630847522 668634957 674243784 713665525 755093251 761688283 801839036 811758225 817132975 847977606 903646195 929822739 943181729 945429326 966234621 968332316 973096877 983895819 989901088 990749589 991655937 992762409 999210691
