3893568 5807653 11213579 12537838 13362952 25966236 38391115 40522318 56592166 60093898 64456426 67913596 69415994 96343066 106954288 115882050 156099437 162383650 175147592 191739998 276281706
12589961 31255164 37961593 43654009 49444559 49908501 61608009 64313197 66789801 84134453 92713697 130564522 144866904 147420078 148210077 161271187 163141947 164038705 187715502 194570161 284235076
34564028 41258577 48315413 48715698 55953448 60191690 88399091 93337921 93641356 98329866 102570182 136538726 176392627 206128926 207492512 214006982 249931311 268837809 269268178 289823671 319272536
79275155 88529589 98481907 118713496 122775468 124838078 125564668 127574806 137502974 139570570 141142212 158194630 197655535 212642118 232671235 271995343 274572560 275211684 298522839 309812271 373547778
83825594 114575483 125302054 164603018 172779620 174451715 175547882 208848318 215282651 235351684 244336224 248347366 248871791 252162372 254379725 283740882 333824626 335673132 338013939 353633170 407174816
87093871 141141172 142791100 183002707 183147346 187358453 202039900 245207900 255492324 312045319 325306727 378156156 379021915 396590486 403210042 417168992 449859599 465524122 473145250 536125893 560377937
104049062 154757681 163820815 211154098 223434331 261863081 357266462 375688030 381235535 432999024 496680464 515264945 532083547 558452510 560048826 584898575 585451565 601449214 619703047 621346495 679729139
107335975 176630717 184400532 238286056 252067327 262252782 360521297 403051584 403757636 443278460 529104794 530630882 537883038 583957881 611785020 620864271 656154370 666229641 681655649 705242487 706892659
113844634 189943401 223063759 252093324 265644604 266614821 378102202 422246906 465687883 479820784 535710806 538192743 557233652 611159440 639712511 647445508 687012425 714322233 754175086 760332675 764723569
121072222 196592013 224434475 268180220 282391161 286957501 378932993 437710883 472426850 506911900 537007215 546950563 638387735 676310270 683424115 690558673 712534555 717703594 759163400 778601807 846235744
136341030 200276517 248671164 288575789 305263573 321396868 397685438 449918037 477937904 517050889 574375455 643213050 656160901 688523155 690208691 700903225 717242341 737889717 763035765 791263042 846542022
149695420 244032590 250571679 325407411 342407379 343562552 417555268 466943729 497292396 518762900 579330014 691067843 695825815 698171744 699720276 709448420 734558558 747108914 770720728 826957131 847500546
149903967 271956287 292997384 327561835 345592255 347763400 433798427 470563497 504293766 532598630 579960728 692680222 703439236 703641516 724655281 739728310 741630068 747371520 791799227 850316477 862788754
154731496 329259000 339024690 344449009 358308747 402889759 439279565 506209522 554679775 577113605 598769659 716691946 743291047 761852314 781269096 783103291 784862796 832704173 847793391 863394996 865628583
155709328 336612268 364869295 372528537 375901300 411572912 451055792 514417633 557842834 600669753 604939389 722014377 750792721 774845046 789104505 804066083 814866197 845182124 875515225 878379526 889814978
160845787 358532905 371834713 390206092 408321741 438952470 459492109 524664892 564582504 605405040 615194560 723946155 751937786 784643349 817751912 820576659 826213177 845530938 890903968 892243096 902127764
167893226 402845559 473943872 508957987 523848094 542024274 584129615 599310312 610260117 617970898 628991032 728719402 801135878 841337719 850232946 890523619 897663102 904230398 911727623 914913371 917950380
173911475 419299258 489705673 527661544 537288977 542163842 631454175 633619857 661205457 662496334 711573460 734915055 828591380 866270952 901264027 903387219 914835880 926246778 934317552 949333954 953057660
255203419 424086150 497155923 543984317 547051669 564484348 637002146 638308114 666665568 688290101 729611927 759709301 857686618 872338225 912789719 913070237 915657768 928999625 941597426 967127795 977936273
302761796 501509945 510300931 553701982 561270954 601962505 646227991 668203534 683898990 708814696 731838228 775559521 866195406 875889388 919420621 920621974 921982817 954826263 962157844 978718767 980719170
317967969 528834197 530407575 560223615 569836615 656016957 668632917 671686085 688020891 717432417 743003048 778012280 893111295 902603692 929827619 934168255 945529786 963444576 976813075 997342370 998397902
