371
86
473
705
302
515
589
231
151
81
989
945
943
82
50
888
868
586
263
176
733
516
252
996
659
144
74
24
763
660
436
356
284
251
210
906
869
766
228
183
928
917
619
587
469
430
326
279
162
136
95
931
847
539
537
509
465
73
902
816
804
785
680
180
149
78
9
834
780
635
572
314
234
221
90
84
922
801
747
726
717
698
654
617
467
344
79
44
800
759
720
643
622
551
512
426
343
125
45
984
790
721
497
474
434
392
330
292
216
927
910
782
769
629
594
577
513
470
444
301
233
213
135
98
92
12
777
753
723
714
666
633
621
450
446
287
285
241
184
150
954
904
870
778
772
699
545
428
378
182
145
128
76
72
52
933
853
832
709
609
568
523
492
454
422
393
381
278
225
179
146
75
62
30
963
863
858
839
686
672
481
417
358
317
296
239
201
194
111
103
43
969
799
758
744
734
718
689
664
562
527
518
502
495
439
415
399
352
347
319
297
283
274
253
229
171
106
83
61
58
35
11
964
911
861
838
827
813
751
739
724
719
707
517
455
386
346
316
181
172
157
42
13
5
4
991
936
903
891
884
883
882
857
803
729
722
627
590
542
519
503
491
488
478
432
411
388
360
197
189
178
173
156
154
140
137
85
69
60
3
977
975
957
956
955
947
879
859
823
757
613
553
484
477
442
437
340
275
174
169
133
951
901
880
877
798
703
665
661
638
610
607
591
573
534
511
408
390
382
365
363
321
295
264
199
159
94
64
999
992
980
970
923
849
833
812
810
648
611
588
584
533
506
462
456
453
391
384
383
376
375
353
339
259
217
126
77
57
995
983
981
952
916
909
892
783
750
742
738
669
626
608
451
373
345
342
273
270
262
256
242
240
202
198
132
53
25
978
974
866
842
797
725
708
696
670
565
550
535
532
529
485
413
369
327
299
206
190
165
1
972
953
913
908
814
808
784
749
735
706
675
656
604
571
544
526
524
514
507
418
414
367
336
249
244
168
158
148
34
896
886
874
846
825
796
765
760
754
752
731
695
679
651
585
574
521
499
463
449
379
361
354
335
325
320
247
222
207
170
153
46
937
915
856
837
820
819
802
791
789
775
764
732
712
682
677
640
632
595
567
459
431
387
324
293
269
232
215
166
138
117
116
105
97
51
976
873
845
806
786
685
674
596
579
570
548
483
472
464
447
420
370
366
351
350
329
294
277
250
127
124
102
68
41
40
16
8
6
985
965
840
830
817
774
711
702
692
676
655
641
593
583
540
538
510
489
486
438
424
423
406
348
338
291
243
227
214
211
195
121
80
29
962
914
835
828
787
713
678
549
522
508
405
403
368
331
300
258
230
203
161
93
54
14
986
960
958
944
939
900
831
805
652
650
554
536
493
402
359
349
341
333
280
268
255
224
209
91
36
27
26
22
898
745
704
616
598
555
528
501
494
452
396
286
276
237
191
187
142
110
107
89
65
23
961
920
907
894
855
850
848
779
737
730
716
710
694
688
684
653
639
628
582
576
575
412
400
322
318
304
290
289
267
254
248
246
238
235
177
155
120
99
49
988
912
862
851
829
822
767
687
681
649
637
479
448
409
385
315
282
185
164
108
39
10
968
940
935
878
841
818
671
642
625
603
458
429
407
401
397
372
312
311
309
257
192
167
66
47
7
990
959
941
890
889
854
815
768
693
667
631
618
597
560
552
541
487
404
389
308
307
261
212
147
113
67
56
48
33
31
1000
932
887
860
843
700
634
592
498
374
313
266
118
112
979
942
925
872
865
821
771
620
440
435
410
362
205
141
55
37
19
973
966
948
844
824
809
662
644
614
543
433
395
288
271
152
109
28
807
740
715
646
546
505
490
471
419
139
71
38
15
2
938
895
893
871
864
836
794
690
645
615
581
569
525
504
427
377
332
298
134
104
96
32
993
967
788
773
741
701
691
647
531
468
461
380
357
245
236
219
208
204
188
160
87
18
994
987
930
881
876
746
743
728
566
520
480
460
457
398
334
305
265
163
130
971
899
875
736
668
657
636
623
599
564
281
115
20
929
918
867
826
811
795
761
658
630
602
600
547
355
223
186
123
88
70
997
946
924
762
673
624
500
482
394
226
220
218
175
101
21
998
926
776
443
328
310
260
200
193
950
921
755
748
697
425
143
934
919
792
756
605
578
530
476
475
416
683
612
563
558
556
323
196
131
129
100
905
781
606
17
852
557
119
63
897
770
445
272
561
496
306
949
885
663
337
793
364
122
727
559
466
59
580
982
421
114
601
303
441
