419
577
65
697
303
843
616
819
28
309
874
308
644
593
237
189
916
699
476
271
811
288
808
543
423
409
344
342
967
880
800
786
348
317
192
896
884
882
842
517
364
217
187
174
961
743
735
508
178
125
54
984
923
795
773
664
495
442
363
142
856
631
541
354
337
254
238
154
983
913
792
646
518
362
29
987
764
661
623
509
323
312
253
979
924
898
871
870
767
746
725
659
597
521
493
468
466
279
206
143
114
17
912
828
751
714
707
445
436
433
422
343
307
284
195
184
997
933
881
834
606
548
534
405
401
375
275
227
160
148
130
113
89
62
57
36
13
939
920
905
822
798
774
734
681
437
341
259
167
145
120
81
996
935
894
742
683
676
536
519
325
267
153
144
92
993
899
893
835
715
603
542
413
340
298
245
172
150
128
107
80
981
853
851
824
753
732
696
632
564
506
407
396
282
281
249
242
232
228
190
129
91
51
14
976
942
857
827
693
667
656
618
570
551
515
474
467
450
418
412
318
193
94
863
831
760
757
739
629
627
602
586
501
448
414
393
389
351
313
280
222
926
858
821
758
695
680
578
566
490
447
446
367
334
315
216
197
137
68
64
24
946
919
837
818
802
771
702
687
673
652
645
601
590
589
555
524
463
443
352
347
290
283
261
256
105
90
31
999
982
908
904
845
657
651
649
608
587
404
331
321
302
278
247
241
220
111
55
40
20
998
936
930
925
911
903
855
799
791
777
730
666
641
594
591
588
380
285
202
186
171
152
84
74
61
4
988
978
931
859
848
817
809
783
772
769
747
740
720
671
643
638
535
529
492
469
454
432
373
346
265
188
175
141
135
108
101
100
99
72
66
986
973
958
928
864
833
814
770
675
654
626
617
615
599
559
537
527
522
500
462
384
377
369
327
27
18
994
927
901
861
854
830
805
804
765
721
639
620
614
565
556
526
475
472
464
452
411
386
365
355
274
234
209
177
110
104
97
41
5
956
945
885
836
825
776
748
665
663
653
650
561
540
485
471
458
221
162
122
102
87
76
38
32
1
948
932
910
873
852
846
723
701
609
504
497
456
439
366
243
240
204
156
93
44
19
16
838
766
731
708
690
689
648
642
637
630
571
547
510
484
479
470
460
382
379
297
292
233
194
157
119
98
95
88
60
58
959
929
875
862
840
794
784
755
750
706
625
622
585
576
575
549
530
482
478
402
392
368
306
301
268
266
200
199
169
146
69
56
9
8
977
941
892
847
745
727
700
692
686
677
598
582
580
568
554
499
453
427
421
381
330
293
270
223
212
164
131
116
49
43
23
970
940
918
906
807
787
716
691
634
624
512
486
356
349
336
322
235
229
165
118
106
103
52
26
25
989
957
953
950
938
937
872
865
826
790
759
744
736
698
682
679
611
605
595
581
567
525
441
408
395
339
276
258
226
211
83
37
915
793
763
756
710
572
563
562
477
328
296
252
96
63
991
975
965
962
897
879
876
868
841
806
724
635
520
513
489
487
451
440
435
394
358
332
319
311
299
295
291
263
218
207
170
112
79
75
71
34
12
6
966
949
909
895
844
768
737
674
619
550
538
533
503
491
480
431
430
429
416
397
357
335
310
304
286
255
205
183
182
155
67
50
21
990
850
820
815
801
658
621
569
507
473
457
455
438
424
415
403
400
391
390
383
361
338
257
225
224
180
147
115
35
3
922
921
869
741
738
669
668
610
607
596
573
557
459
372
273
262
248
244
203
191
166
149
82
45
22
7
985
796
754
612
592
579
553
546
333
251
198
124
121
85
11
992
968
902
878
860
749
688
685
670
600
574
505
444
406
350
269
239
236
176
151
59
46
42
974
960
839
823
781
762
752
722
713
712
678
655
636
539
428
316
305
289
277
123
117
86
78
48
952
943
900
775
733
726
711
662
660
647
633
584
558
544
388
264
133
53
30
15
10
995
934
887
761
729
640
528
514
481
417
359
345
210
140
132
70
39
33
917
914
883
813
803
797
788
709
694
531
498
483
449
399
360
320
272
250
219
201
196
185
138
126
944
816
812
613
465
461
434
378
326
260
213
179
77
47
969
955
888
867
604
532
329
246
230
208
163
963
780
718
717
704
314
215
947
890
866
829
785
502
494
420
371
158
134
109
73
907
889
877
672
398
294
161
971
886
778
719
684
552
425
376
353
324
214
136
980
628
583
410
173
789
523
181
2
705
488
374
168
972
891
545
370
139
964
951
560
300
287
159
127
385
954
496
849
782
516
511
728
703
231
426
387
810
779
832
