334
868
602
430
281
332
606
258
379
579
799
733
665
139
128
689
661
790
532
216
969
662
525
373
260
201
171
808
768
744
696
529
506
279
227
184
179
101
93
996
755
716
531
314
292
27
738
726
405
375
137
56
4
908
792
673
611
589
581
540
520
488
463
325
296
925
847
655
584
446
438
436
99
901
884
800
651
594
470
397
385
320
238
230
140
96
977
936
894
814
679
319
241
148
84
5
838
827
823
759
674
573
495
422
347
248
196
86
75
69
995
965
938
890
732
660
637
622
487
386
353
277
214
156
961
954
953
926
870
869
770
685
588
490
433
428
417
382
315
275
236
224
220
167
67
47
38
10
916
864
758
756
706
597
526
472
391
374
348
306
263
245
178
26
16
978
910
904
858
753
730
725
714
699
654
633
603
535
514
442
345
337
329
324
298
210
85
18
994
989
968
863
841
810
765
752
749
740
722
718
703
680
648
639
626
429
425
414
407
402
352
308
297
269
186
180
112
79
74
9
993
967
924
804
781
748
709
669
627
596
538
522
509
491
357
346
291
251
181
94
12
970
859
795
778
760
605
533
482
467
423
304
205
173
160
151
129
126
37
998
973
959
958
941
927
918
897
802
664
630
629
607
564
563
515
399
380
363
285
198
195
194
190
152
117
107
34
937
920
907
819
798
780
739
690
649
640
635
624
614
595
580
550
512
454
387
333
312
146
111
73
31
991
990
982
947
888
855
853
813
782
766
743
734
569
547
475
449
412
351
335
242
142
141
122
103
80
44
43
997
960
932
921
914
906
902
872
850
829
793
788
763
601
528
452
448
435
419
388
372
341
267
121
59
46
42
39
32
19
17
1000
987
957
913
887
877
857
833
812
783
681
644
631
575
500
499
476
396
378
370
342
330
327
326
272
246
235
229
172
159
136
132
124
119
114
104
76
62
51
22
15
942
940
939
892
891
720
544
503
498
492
460
457
439
392
349
340
284
162
155
95
90
66
52
35
980
962
915
876
873
824
822
803
746
745
721
711
682
677
647
619
618
600
599
523
517
477
440
424
411
409
404
403
331
266
250
219
209
202
150
131
72
54
861
851
843
836
821
820
818
801
777
754
735
724
702
672
657
610
609
578
566
546
511
505
497
496
484
479
469
458
434
362
318
309
276
226
218
206
147
127
89
1
979
951
930
917
905
900
867
769
757
582
570
481
474
432
406
364
255
233
221
208
187
53
40
25
24
13
974
948
935
931
919
909
881
875
826
806
797
741
710
694
641
617
608
587
552
502
489
415
408
369
361
354
338
287
239
175
164
157
125
106
60
976
952
946
885
846
830
728
708
687
638
593
560
530
453
413
368
344
323
300
253
225
223
199
185
166
145
123
120
36
20
955
934
922
893
878
866
839
837
828
767
719
700
585
561
549
537
518
400
383
322
321
317
303
200
163
138
116
28
860
854
831
811
807
789
671
667
659
623
620
586
567
516
504
485
483
443
441
420
393
359
336
328
305
286
274
240
182
135
133
70
58
49
45
33
2
879
874
865
742
707
676
634
625
568
565
551
545
427
401
339
313
310
280
273
254
243
237
212
161
87
48
14
6
984
963
912
844
809
794
772
668
666
555
510
398
366
350
307
288
177
83
68
64
21
999
971
943
785
784
775
764
636
559
556
534
471
445
395
356
293
257
231
207
197
193
183
98
82
41
3
986
949
692
688
646
494
256
204
203
170
109
7
983
950
880
862
842
840
817
815
787
779
712
698
670
658
645
621
616
598
590
543
541
462
450
421
410
301
165
149
61
29
929
923
816
747
695
583
557
461
299
294
283
265
249
168
113
88
63
988
886
774
686
656
652
574
554
507
480
464
456
394
302
278
270
261
191
143
108
11
992
896
856
796
771
705
693
675
653
612
572
558
553
501
473
468
437
358
176
144
134
77
50
23
945
849
729
592
562
519
508
493
455
444
371
8
956
944
928
889
776
663
642
615
548
527
486
311
259
222
213
130
92
71
985
791
727
678
643
521
459
451
431
268
192
102
903
883
835
825
751
591
384
316
97
81
911
691
683
613
536
447
416
289
215
188
57
717
632
604
418
169
115
964
895
845
737
650
577
571
478
377
367
295
252
105
78
65
750
704
576
271
262
232
217
715
684
365
211
189
174
30
882
786
713
628
376
290
981
966
899
898
736
539
465
355
264
244
972
762
761
731
513
466
247
805
773
701
697
848
832
426
381
343
158
975
834
542
524
390
389
55
852
723
360
234
228
110
933
282
153
871
100
118
154
91
