7 250007
13 250013
31 250031
37 250037
43 250043
73 250073
109 250109
199 250199
307 250307
409 250409
433 250433
499 250499
619 250619
643 250643
673 250673
709 250709
727 250727
739 250739
751 250751
787 250787
829 250829
853 250853
919 250919
967 250967
1033 251033
1051 251051
1063 251063
1087 251087
1117 251117
1171 251171
1201 251201
1231 251231
1291 251291
1297 251297
1429 251429
1483 251483
1543 251543
1567 251567
1609 251609
1621 251621
1663 251663
1789 251789
1831 251831
1861 251861
1879 251879
2017 252017
2029 252029
2143 252143
2293 252293
2341 252341
2383 252383
2617 252617
2713 252713
2731 252731
2767 252767
2887 252887
2971 252971
3049 253049
3109 253109
3229 253229
3307 253307
3343 253343
3361 253361
3433 253433
3469 253469
3607 253607
3613 253613
3637 253637
3733 253733
3769 253769
3823 253823
3853 253853
3907 253907
3919 253919
4003 254003
4021 254021
4027 254027
4447 254447
4519 254519
4663 254663
4729 254729
4783 254783
4831 254831
4987 254987
4993 254993
5023 255023
5077 255077
5107 255107
5179 255179
5197 255197
5209 255209
5413 255413
5419 255419
5443 255443
5503 255503
5641 255641
5653 255653
5659 255659
5743 255743
5839 255839
5851 255851
5869 255869
5923 255923
6079 256079
6121 256121
6133 256133
6163 256163
6199 256199
6211 256211
6301 256301
6337 256337
6469 256469
6577 256577
6661 256661
6967 256967
7069 257069
7177 257177
7219 257219
7297 257297
7321 257321
7351 257351
7459 257459
7489 257489
7561 257561
7591 257591
7639 257639
7687 257687
7717 257717
7867 257867
7879 257879
7993 257993
8101 258101
8161 258161
8233 258233
8317 258317
8329 258329
8353 258353
8389 258389
8443 258443
8521 258521
8527 258527
8539 258539
8563 258563
8581 258581
8623 258623
8677 258677
8707 258707
8737 258737
8779 258779
8803 258803
8887 258887
8971 258971
9001 259001
9151 259151
9157 259157
9277 259277
9397 259397
9421 259421
9547 259547
9619 259619
9631 259631
9643 259643
9697 259697
9733 259733
9781 259781
9829 259829
9907 259907
9949 259949
9967 259967
10009 260009
10111 260111
10399 260399
10453 260453
10651 260651
10723 260723
10753 260753
10861 260861
10987 260987
11059 261059
11071 261071
11251 261251
11329 261329
11353 261353
11467 261467
11587 261587
11593 261593
11887 261887
11959 261959
11971 261971
12007 262007
12049 262049
12109 262109
12253 262253
12391 262391
12433 262433
12511 262511
12541 262541
12553 262553
12583 262583
12697 262697
12739 262739
12781 262781
12853 262853
13009 263009
13063 263063
13171 263171
13183 263183
13267 263267
13399 263399
13411 263411
13513 263513
13537 263537
13567 263567
13591 263591
13597 263597
13723 263723
13729 263729
13759 263759
13933 263933
14029 264029
14071 264071
14083 264083
14221 264221
14323 264323
14437 264437
14731 264731
14779 264779
14827 264827
15091 265091
15193 265193
15241 265241
15271 265271
15277 265277
15313 265313
15427 265427
15451 265451
15493 265493
15511 265511
15541 265541
15607 265607
15619 265619
15739 265739
15787 265787
16111 266111
16183 266183
16333 266333
16369 266369
16381 266381
16411 266411
16417 266417
16447 266447
16477 266477
16603 266603
16633 266633
16759 266759
16921 266921
16927 266927
16993 266993
17167 267167
17203 267203
17299 267299
17317 267317
17341 267341
17389 267389
17401 267401
17419 267419
17431 267431
17497 267497
17551 267551
17569 267569
17581 267581
17713 267713
17737 267737
17749 267749
17791 267791
17863 267863
17929 267929
17959 267959
18013 268013
18043 268043
18049 268049
18133 268133
18199 268199
18211 268211
18253 268253
18439 268439
18493 268493
18517 268517
18637 268637
18661 268661
18757 268757
18913 268913
18973 268973
18979 268979
19069 269069
19141 269141
19183 269183
19219 269219
19231 269231
19237 269237
19333 269333
19387 269387
19429 269429
19441 269441
19543 269543
19597 269597
19891 269891
20029 270029
20071 270071
20143 270143
20269 270269
20287 270287
20323 270323
20407 270407
20443 270443
20509 270509
20551 270551
20563 270563
20593 270593
20719 270719
20749 270749
20899 270899
21013 271013
21067 271067
21163 271163
21169 271169
21211 271211
21277 271277
21499 271499
21517 271517
21787 271787
21841 271841
22003 272003
22039 272039
22093 272093
22171 272171
22189 272189
22369 272369
22381 272381
22453 272453
22549 272549
22567 272567
22621 272621
22651 272651
22717 272717
22777 272777
22807 272807
23029 273029
23059 273059
23131 273131
23269 273269
23311 273311
23473 273473
23629 273629
23719 273719
23773 273773
23827 273827
23857 273857
23899 273899
23929 273929
23971 273971
24007 274007
24019 274019
24061 274061
24103 274103
24121 274121
24223 274223
24517 274517
24697 274697
24709 274709
24847 274847
24889 274889
24943 274943
25087 275087
25147 275147
25153 275153
25183 275183
25309 275309
25321 275321
25339 275339
25357 275357
25423 275423
25447 275447
25453 275453
25579 275579
25657 275657
25741 275741
25939 275939
25969 275969
25981 275981
25999 275999
26041 276041
26083 276083
26113 276113
26209 276209
26251 276251
26293 276293
26347 276347
26371 276371
26449 276449
26557 276557
26821 276821
26833 276833
26839 276839
26953 276953
27073 277073
27259 277259
27427 277427
27691 277691
27751 277751
27793 277793
27847 277847
27883 277883
27919 277919
27961 277961
28051 278051
28087 278087
28111 278111
28123 278123
28219 278219
28279 278279
28387 278387
28393 278393
28549 278549
28591 278591
28627 278627
28687 278687
28753 278753
28807 278807
28813 278813
28843 278843
28867 278867
28879 278879
28909 278909
29023 279023
29131 279131
29137 279137
29173 279173
29179 279179
29221 279221
29269 279269
29311 279311
29443 279443
29641 279641
29761 279761
29863 279863
30013 280013
30097 280097
30103 280103
30139 280139
30187 280187
30223 280223
30253 280253
30697 280697
30703 280703
30817 280817
30859 280859
30871 280871
30949 280949
31033 281033
31063 281063
31069 281069
31081 281081
31153 281153
31159 281159
31189 281189
31249 281249
31321 281321
31327 281327
31357 281357
31531 281531
31627 281627
31663 281663
31849 281849
32059 282059
32089 282089
32143 282143
32299 282299
32377 282377
32413 282413
32563 282563
32707 282707
32713 282713
32797 282797
32833 282833
32869 282869
32911 282911
32917 282917
33181 283181
33211 283211
33289 283289
33403 283403
33487 283487
33601 283601
33637 283637
33721 283721
33769 283769
33937 283937
33961 283961
34057 284057
34129 284129
34159 284159
34231 284231
34261 284261
34267 284267
34369 284369
34429 284429
34483 284483
34591 284591
34651 284651
34729 284729
34747 284747
34759 284759
34807 284807
34819 284819
34897 284897
35023 285023
35221 285221
35227 285227
35251 285251
35281 285281
35317 285317
35521 285521
35533 285533
35569 285569
35731 285731
35839 285839
35977 285977
35983 285983
36061 286061
36073 286073
36457 286457
36469 286469
36493 286493
36541 286541
36697 286697
36721 286721
36973 286973
37003 287003
37057 287057
37087 287087
37117 287117
37159 287159
37321 287321
37501 287501
37537 287537
37549 287549
37579 287579
37747 287747
37783 287783
37813 287813
38053 288053
38317 288317
38461 288461
38653 288653
38767 288767
38803 288803
38833 288833
38839 288839
38851 288851
39019 289019
39103 289103
39139 289139
39181 289181
39241 289241
39343 289343
39397 289397
39439 289439
39511 289511
39607 289607
39727 289727
39733 289733
39841 289841
39847 289847
39937 289937
40039 290039
40189 290189
40351 290351
40429 290429
40471 290471
40531 290531
40597 290597
40627 290627
40879 290879
40897 290897
40993 290993
41077 291077
41113 291113
41143 291143
41257 291257
41299 291299
41443 291443
41491 291491
41521 291521
41539 291539
41647 291647
41887 291887
41983 291983
42157 292157
42181 292181
42223 292223
42283 292283
42577 292577
42667 292667
42703 292703
42709 292709
42727 292727
42793 292793
42841 292841
42979 292979
43093 293093
43177 293177
43201 293201
43207 293207
43261 293261
43399 293399
43441 293441
43543 293543
43633 293633
43651 293651
43717 293717
44029 294029
44053 294053
44059 294059
44131 294131
44179 294179
44269 294269
44293 294293
44383 294383
44563 294563
44641 294641
44647 294647
44773 294773
44809 294809
44887 294887
44893 294893
44953 294953
45007 295007
45247 295247
45259 295259
45319 295319
45433 295433
45439 295439
45541 295541
45553 295553
45751 295751
45853 295853
45943 295943
45949 295949
46027 296027
46099 296099
46183 296183
46237 296237
46273 296273
46279 296279
46441 296441
46477 296477
46489 296489
46507 296507
46591 296591
46663 296663
46687 296687
46771 296771
46819 296819
46831 296831
47161 297161
47251 297251
47317 297317
47533 297533
47581 297581
47623 297623
47629 297629
47659 297659
47779 297779
47797 297797
47809 297809
47881 297881
47911 297911
48049 298049
48157 298157
48187 298187
48247 298247
48409 298409
48589 298589
48679 298679
48733 298733
48757 298757
48799 298799
48817 298817
48847 298847
49171 299171
49261 299261
49333 299333
49363 299363
49393 299393
49417 299417
49477 299477
49603 299603
49681 299681
49711 299711
49807 299807
49843 299843
49891 299891
49993 299993
50023 300023
50119 300119
50221 300221
50497 300497
50581 300581
50593 300593
50647 300647
50683 300683
50821 300821
50857 300857
50893 300893
50929 300929
51241 301241
51349 301349
51361 301361
51487 301487
51577 301577
51673 301673
51907 301907
51913 301913
51949 301949
51991 301991
52009 302009
52189 302189
52567 302567
52579 302579
52609 302609
52711 302711
52747 302747
52837 302837
52903 302903
52999 302999
53089 303089
53299 303299
53323 303323
53377 303377
53551 303551
53593 303593
53617 303617
53731 303731
53917 303917
53959 303959
54013 304013
54049 304049
54091 304091
54151 304151
54163 304163
54193 304193
54217 304217
54331 304331
54517 304517
54541 304541
54559 304559
54631 304631
54709 304709
54751 304751
54907 304907
54949 304949
54979 304979
55021 305021
55147 305147
55219 305219
55243 305243
55339 305339
55351 305351
55411 305411
55441 305441
55603 305603
55621 305621
55633 305633
55639 305639
55663 305663
55717 305717
55849 305849
55927 305927
55933 305933
56041 306041
56149 306149
56167 306167
56209 306209
56239 306239
56263 306263
56359 306359
56377 306377
56431 306431
56437 306437
56473 306473
56479 306479
56503 306503
56533 306533
56701 306701
56809 306809
56821 306821
56827 306827
56857 306857
56893 306893
56941 306941
57163 307163
57259 307259
57283 307283
57301 307301
57367 307367
57397 307397
57529 307529
57859 307859
58027 308027
58129 308129
58153 308153
58309 308309
58411 308411
58537 308537
58573 308573
59011 309011
59083 309083
59107 309107
59167 309167
59359 309359
59539 309539
59629 309629
59671 309671
59707 309707
59779 309779
59797 309797
59929 309929
60091 310091
60127 310127
60169 310169
60223 310223
60397 310397
60727 310727
60733 310733
60889 310889
60901 310901
61027 311027
61099 311099
61153 311153
61291 311291
61561 311561
61603 311603
61609 311609
61681 311681
61687 311687
61981 311981
62047 312047
62071 312071
62233 312233
62311 312311
62383 312383
62401 312401
62563 312563
62581 312581
62617 312617
62701 312701
62743 312743
62773 312773
62929 312929
62971 312971
62989 312989
63031 313031
63127 313127
63211 313211
63241 313241
63331 313331
63409 313409
63589 313589
63727 313727
63853 313853
63949 313949
63997 313997
64063 314063
64189 314189
64399 314399
64453 314453
64513 314513
64591 314591
64627 314627
64693 314693
64747 314747
64879 314879
64927 314927
65011 315011
65179 315179
65257 315257
65269 315269
65407 315407
65437 315437
65449 315449
65521 315521
65551 315551
65599 315599
65617 315617
65677 315677
65701 315701
65851 315851
65881 315881
65899 315899
66037 316037
66067 316067
66109 316109
66271 316271
66301 316301
66343 316343
66373 316373
66403 316403
66499 316499
66571 316571
66697 316697
66853 316853
66919 316919
67003 317003
67021 317021
67189 317189
67399 317399
67411 317411
67453 317453
67489 317489
67651 317651
67741 317741
67777 317777
67783 317783
67789 317789
67957 317957
67987 317987
68023 318023
68161 318161
68209 318209
68281 318281
68443 318443
68473 318473
68581 318581
68683 318683
68713 318713
68737 318737
68743 318743
68749 318749
68863 318863
68881 318881
68917 318917
69001 319001
69031 319031
69061 319061
69127 319127
69259 319259
69313 319313
69427 319427
69439 319439
69499 319499
69691 319691
69763 319763
69829 319829
69931 319931
70009 320009
70039 320039
70141 320141
70237 320237
70627 320627
70657 320657
70687 320687
70843 320843
70867 320867
71143 321143
71329 321329
71341 321341
71359 321359
71413 321413
71443 321443
71569 321569
71593 321593
71647 321647
71707 321707
71821 321821
71947 321947
71983 321983
72073 322073
72109 322109
72139 322139
72169 322169
72229 322229
72271 322271
72559 322559
72613 322613
72649 322649
72727 322727
72859 322859
72871 322871
72901 322901
72997 322997
73009 323009
73243 323243
73369 323369
73471 323471
73597 323597
73651 323651
73699 323699
73819 323819
73951 323951
74101 324101
74131 324131
74143 324143
74161 324161
74209 324209
74293 324293
74419 324419
74449 324449
74587 324587
74707 324707
74869 324869
74941 324941
75079 325079
75133 325133
75181 325181
75217 325217
75307 325307
75541 325541
75571 325571
75709 325709
75781 325781
75883 325883
76099 326099
76147 326147
76159 326159
76369 326369
76441 326441
76537 326537
76561 326561
76597 326597
76831 326831
76873 326873
77017 327017
77023 327023
77263 327263
77317 327317
77347 327347
77419 327419
77479 327479
77491 327491
77557 327557
77647 327647
77689 327689
77797 327797
77839 327839
77983 327983
78007 328007
78121 328121
78277 328277
78283 328283
78439 328439
78511 328511
78721 328721
78781 328781
78787 328787
78901 328901
78919 328919
79111 329111
79201 329201
79309 329309
79333 329333
79393 329393
79627 329627
79657 329657
79687 329687
79801 329801
79867 329867
79873 329873
79999 329999
80149 330149
80167 330167
80233 330233
80287 330287
80329 330329
80347 330347
80557 330557
80611 330611
80683 330683
80749 330749
80917 330917
81013 331013
81031 331031
81043 331043
81283 331283
81307 331307
81349 331349
81547 331547
81553 331553
81769 331769
81883 331883
81937 331937
81943 331943
81967 331967
81973 331973
82009 332009
82039 332039
82183 332183
82207 332207
82219 332219
82393 332393
82471 332471
82561 332561
82567 332567
82699 332699
82729 332729
82837 332837
82903 332903
83023 333023
83071 333071
83101 333101
83227 333227
83233 333233
83269 333269
83299 333299
83341 333341
83383 333383
83449 333449
83497 333497
83563 333563
83701 333701
83719 333719
83737 333737
83791 333791
83857 333857
83911 333911
84127 334127
84199 334199
84247 334247
84319 334319
84349 334349
84421 334421
84751 334751
84787 334787
84793 334793
84991 334991
85009 335009
85021 335021
85081 335081
85213 335213
85381 335381
85411 335411
85429 335429
85453 335453
85669 335669
85843 335843
85999 335999
86029 336029
86113 336113
86143 336143
86239 336239
86263 336263
86353 336353
86491 336491
86533 336533
86587 336587
86599 336599
86689 336689
86767 336767
86857 336857
86929 336929
87013 337013
87049 337049
87121 337121
87223 337223
87277 337277
87313 337313
87427 337427
87511 337511
87517 337517
87541 337541
87583 337583
87691 337691
87697 337697
87721 337721
87751 337751
87793 337793
87853 337853
87973 337973
88237 338237
88321 338321
88339 338339
88411 338411
88423 338423
88609 338609
88747 338747
88867 338867
88993 338993
89071 339071
89107 339107
89137 339137
89413 339413
89491 339491
89527 339527
89653 339653
89659 339659
89671 339671
89821 339821
89839 339839
89959 339959
90007 340007
90031 340031
90073 340073
90121 340121
90127 340127
90397 340397
90481 340481
90583 340583
90619 340619
90709 340709
90787 340787
90793 340793
90931 340931
91141 341141
91303 341303
91423 341423
91459 341459
91771 341771
91813 341813
91951 341951
92077 342077
92107 342107
92143 342143
92179 342179
92203 342203
92233 342233
92347 342347
92413 342413
92467 342467
92569 342569
92593 342593
92647 342647
92761 342761
92791 342791
92821 342821
92863 342863
92899 342899
93169 343169
93199 343199
93253 343253
93307 343307
93337 343337
93481 343481
93529 343529
93559 343559
93601 343601
93787 343787
93901 343901
93913 343913
93997 343997
94111 344111
94117 344117
94153 344153
94207 344207
94273 344273
94291 344291
94321 344321
94327 344327
94483 344483
94543 344543
94621 344621
94693 344693
94819 344819
94873 344873
95089 345089
95143 345143
95311 345311
95413 345413
95461 345461
95479 345479
95581 345581
95701 345701
95707 345707
95731 345731
95773 345773
95791 345791
95803 345803
95869 345869
95881 345881
95923 345923
96013 346013
96043 346043
96079 346079
96097 346097
96223 346223
96259 346259
96331 346331
96337 346337
96469 346469
96553 346553
96589 346589
96601 346601
96667 346667
96739 346739
96763 346763
97003 347003
97177 347177
97561 347561
97579 347579
97609 347609
97651 347651
97729 347729
97771 347771
97813 347813
97849 347849
97987 347987
98011 348011
98017 348017
98221 348221
98269 348269
98323 348323
98389 348389
98407 348407
98419 348419
98443 348443
98563 348563
98731 348731
98779 348779
98911 348911
99079 349079
99109 349109
99133 349133
99241 349241
99397 349397
99409 349409
99529 349529
99667 349667
99709 349709
99787 349787
99793 349793
99829 349829
99871 349871
99907 349907
100003 350003
100213 350213
100237 350237
100411 350411
100447 350447
100459 350459
100549 350549
100621 350621
100699 350699
100741 350741
100747 350747
100981 350981
101287 351287
101293 351293
101341 351341
101347 351347
101359 351359
101383 351383
101503 351503
101599 351599
101653 351653
101749 351749
101797 351797
101863 351863
101929 351929
102043 352043
102181 352181
102217 352217
102229 352229
102301 352301
102367 352367
102409 352409
102481 352481
102523 352523
102607 352607
102841 352841
102931 352931
103069 353069
103099 353099
103123 353123
103237 353237
103333 353333
103471 353471
103567 353567
103657 353657
103681 353681
103687 353687
103699 353699
103813 353813
103867 353867
103963 353963
104047 354047
104149 354149
104323 354323
104383 354383
104479 354479
104551 354551
104677 354677
104701 354701
104743 354743
104779 354779
104869 354869
104911 354911
104953 354953
104971 354971
105031 355031
105037 355037
105211 355211
105331 355331
105361 355361
105379 355379
105499 355499
105517 355517
105529 355529
105541 355541
105913 355913
105967 355967
106123 356123
106129 356129
106219 356219
106243 356243
106261 356261
106441 356441
106453 356453
106501 356501
106591 356591
106621 356621
106663 356663
106693 356693
107197 357197
107347 357347
107377 357377
107473 357473
107509 357509
107563 357563
107671 357671
107839 357839
108079 358079
108109 358109
108223 358223
108289 358289
108301 358301
108499 358499
108541 358541
108571 358571
108637 358637
108727 358727
108769 358769
108793 358793
108877 358877
108907 358907
109063 359063
109111 359111
109147 359147
109171 359171
109267 359267
109279 359279
109297 359297
109357 359357
109441 359441
109621 359621
109663 359663
109897 359897
109987 359987
110023 360023
110233 360233
110323 360323
110749 360749
110821 360821
110863 360863
110947 360947
110977 360977
110989 360989
111091 361091
111211 361211
111217 361217
111271 361271
111337 361337
111373 361373
111409 361409
111577 361577
111637 361637
111799 361799
111871 361871
111919 361919
111973 361973
112069 362069
112213 362213
112237 362237
112291 362291
112303 362303
112339 362339
112363 362363
112429 362429
112459 362459
112657 362657
112741 362741
112759 362759
112927 362927
112951 362951
113017 363017
113149 363149
113161 363161
113173 363173
113329 363329
113359 363359
113371 363371
113437 363437
113497 363497
113557 363557
113683 363683
113719 363719
113731 363731
113761 363761
113809 363809
113947 363947
113989 363989
114031 364031
114073 364073
114193 364193
114451 364451
114571 364571
114601 364601
114643 364643
114691 364691
114883 364883
114997 364997
115021 365021
115201 365201
115249 365249
115303 365303
115327 365327
115471 365471
115513 365513
115837 365837
115903 365903
115933 365933
116167 366167
116239 366239
116269 366269
116293 366293
116329 366329
116341 366341
116437 366437
116461 366461
116593 366593
116791 366791
116881 366881
116923 366923
116953 366953
117127 367127
117163 367163
117259 367259
117307 367307
117427 367427
117541 367541
117673 367673
117721 367721
117751 367751
117841 367841
117883 367883
117889 367889
118171 368171
118189 368189
118273 368273
118369 368369
118399 368399
118411 368411
118453 368453
118471 368471
118633 368633
118717 368717
118801 368801
118873 368873
119191 369191
119293 369293
119419 369419
119557 369557
119659 369659
119827 369827
119851 369851
119983 369983
120067 370067
120091 370091
120103 370103
120121 370121
120193 370193
120199 370199
120247 370247
120427 370427
120511 370511
120619 370619
120661 370661
120871 370871
120919 370919
121291 371291
121321 371321
121333 371333
121447 371447
121453 371453
121633 371633
121843 371843
121951 371951
122131 372131
122149 372149
122167 372167
122173 372173
122263 372263
122299 372299
122401 372401
122443 372443
122497 372497
122611 372611
122653 372653
122719 372719
122833 372833
122839 372839
122971 372971
123007 373007
123049 373049
123091 373091
123127 373127
123229 373229
123379 373379
123517 373517
123553 373553
123631 373631
123661 373661
123757 373757
124123 374123
124291 374291
124351 374351
124447 374447
124669 374669
124753 374753
124771 374771
124783 374783
124819 374819
124909 374909
124981 374981
124987 374987
125017 375017
125029 375029
125101 375101
125113 375113
125119 375119
125149 375149
125311 375311
125371 375371
125407 375407
125509 375509
125527 375527
125707 375707
125743 375743
125899 375899
126001 376001
126097 376097
126127 376127
126199 376199
126241 376241
126307 376307
126547 376547
126583 376583
126631 376631
126757 376757
126823 376823
126949 376949
127051 377051
127123 377123
127219 377219
127291 377291
127297 377297
127681 377681
127711 377711
127717 377717
127843 377843
127873 377873
128239 378239
128449 378449
128467 378467
128509 378509
128551 378551
128629 378629
128683 378683
128761 378761
128941 378941
129097 379097
129187 379187
129277 379277
129289 379289
129439 379439
129499 379499
129607 379607
129853 379853
130147 380147
130201 380201
130267 380267
130363 380363
130423 380423
130447 380447
130483 380483
130621 380621
130651 380651
130657 380657
130729 380729
130843 380843
130957 380957
131011 381011
131071 381071
131221 381221
131371 381371
131413 381413
131707 381707
131713 381713
131749 381749
132001 382001
132103 382103
132229 382229
132241 382241
132331 382331
132511 382511
132541 382541
132589 382589
132631 382631
132661 382661
132709 382709
132751 382751
132763 382763
132961 382961
133051 383051
133069 383069
133153 383153
133261 383261
133303 383303
133321 383321
133417 383417
133519 383519
133633 383633
133657 383657
133723 383723
133813 383813
133963 383963
134089 384089
134227 384227
134257 384257
134287 384287
134359 384359
134437 384437
134581 384581
134851 384851
135193 385193
135391 385391
135403 385403
135433 385433
135559 385559
135571 385571
135589 385589
135607 385607
135661 385661
135859 385859
136093 386093
136237 386237
136303 386303
136333 386333
136429 386429
136471 386471
136501 386501
136537 386537
136621 386621
136651 386651
136693 386693
136777 386777
136963 386963
136987 386987
136993 386993
137077 387077
137089 387089
137197 387197
137341 387341
137437 387437
137587 387587
137623 387623
137659 387659
137707 387707
137743 387743
137791 387791
137911 387911
138163 388163
138181 388181
138319 388319
138373 388373
138403 388403
138727 388727
138793 388793
138937 388937
139273 389273
139297 389297
139303 389303
139369 389369
139483 389483
139591 389591
139663 389663
139891 389891
139981 389981
139999 389999
140191 390191
140263 390263
140281 390281
140407 390407
140419 390419
140449 390449
140527 390527
140869 390869
140893 390893
140989 390989
141067 391067
141073 391073
141199 391199
141283 391283
141301 391301
141397 391397
141403 391403
141613 391613
141619 391619
141679 391679
141907 391907
141961 391961
142099 392099
142111 392111
142159 392159
142297 392297
142543 392543
142699 392699
142759 392759
142837 392837
142963 392963
142969 392969
142981 392981
143137 393137
143257 393257
143287 393287
143401 393401
143413 393413
143551 393551
143593 393593
143629 393629
143677 393677
143779 393779
143797 393797
143947 393947
143977 393977
144073 394073
144169 394169
144223 394223
144241 394241
144259 394259
144271 394271
144409 394409
144481 394481
144577 394577
144817 394817
144829 394829
144931 394931
144967 394967
145069 395069
145303 395303
145459 395459
145513 395513
145543 395543
145687 395687
145897 395897
146173 396173
146197 396197
146203 396203
146239 396239
146299 396299
146323 396323
146437 396437
146449 396449
146527 396527
146563 396563
146581 396581
146647 396647
146719 396719
146833 396833
146953 396953
146983 396983
147073 397073
147151 397151
147211 397211
147253 397253
147283 397283
147289 397289
147517 397517
147541 397541
147547 397547
147673 397673
147799 397799
147811 397811
148063 398063
148171 398171
148207 398207
148249 398249
148303 398303
148339 398339
148471 398471
148549 398549
148609 398609
148627 398627
148669 398669
148693 398693
148711 398711
148921 398921
148933 398933
149059 399059
149101 399101
149173 399173
149197 399197
149239 399239
149491 399491
149689 399689
149731 399731
149899 399899
149911 399911
149953 399953
150067 400067
150151 400151
150217 400217
150247 400247
150523 400523
150559 400559
150607 400607
150721 400721
151057 401057
151201 401201
151237 401237
151243 401243
151279 401279
151381 401381
151477 401477
151507 401507
151537 401537
151651 401651
151771 401771
151813 401813
151903 401903
151909 401909
151939 401939
152029 402029
152197 402197
152239 402239
152419 402419
152443 402443
152767 402767
152851 402851
152947 402947
153001 403001
153133 403133
153499 403499
153511 403511
153607 403607
153649 403649
153757 403757
153817 403817
153877 403877
153889 403889
154081 404081
154213 404213
154267 404267
154291 404291
154321 404321
154387 404387
154423 404423
154699 404699
154849 404849
154981 404981
155047 405047
155269 405269
155299 405299
155413 405413
155473 405473
155521 405521
155599 405599
155689 405689
155719 405719
155731 405731
155863 405863
155893 405893
156253 406253
156361 406361
156577 406577
156631 406631
156817 406817
157177 407177
157207 407207
157219 407219
157273 407273
157291 407291
157321 407321
157483 407483
157489 407489
157579 407579
157639 407639
157669 407669
157747 407747
158071 408071
158077 408077
158209 408209
158341 408341
158563 408563
158803 408803
158923 408923
158959 408959
159337 409337
159349 409349
159463 409463
159499 409499
159589 409589
159769 409769
160009 410009
160087 410087
160093 410093
160117 410117
160141 410141
160231 410231
160243 410243
160387 410387
160453 410453
160507 410507
160621 410621
160651 410651
160687 410687
160789 410789
160807 410807
160903 410903
161071 411071
161167 411167
161233 411233
161503 411503
161527 411527
161563 411563
161569 411569
161611 411611
161641 411641
161683 411683
161743 411743
161779 411779
161923 411923
161947 411947
162007 412007
162109 412109
162277 412277
162289 412289
162343 412343
162457 412457
162493 412493
162739 412739
162859 412859
162901 412901
163027 413027
163129 413129
163243 413243
163411 413411
163417 413417
163477 413477
163753 413753
163981 413981
164209 414209
164413 414413
164431 414431
164503 414503
164653 414653
164677 414677
164683 414683
164707 414707
164767 414767
164809 414809
164893 414893
165133 415133
165343 415343
165379 415379
165391 415391
165469 415469
165523 415523
165553 415553
165559 415559
165673 415673
165721 415721
165799 415799
165901 415901
165931 415931
166147 416147
166219 416219
166393 416393
166399 416399
166417 416417
166693 416693
166849 416849
167017 417017
167023 417023
167113 417113
167119 417119
167173 417173
167191 417191
167311 417311
167317 417317
167437 417437
167491 417491
167623 417623
167863 417863
167899 417899
167953 417953
168043 418043
168109 418109
168331 418331
168391 418391
168559 418559
168601 418601
168631 418631
169249 419249
169483 419483
169567 419567
169591 419591
169693 419693
169753 419753
169777 419777
169789 419789
169831 419831
169933 419933
170029 420029
170047 420047
170263 420263
170293 420293
170341 420341
170353 420353
170383 420383
170503 420503
170551 420551
170557 420557
170809 420809
170851 420851
170857 420857
170899 420899
171049 421049
171079 421079
171103 421103
171163 421163
171469 421469
171517 421517
171559 421559
171697 421697
172069 422069
172243 422243
172321 422321
172573 422573
172657 422657
172759 422759
172867 422867
172969 422969
172987 422987
173053 423053
173191 423191
173209 423209
173347 423347
173431 423431
173497 423497
173617 423617
173707 423707
173713 423713
173779 423779
173977 423977
174007 424007
174019 424019
174079 424079
174091 424091
174121 424121
174157 424157
174169 424169
174331 424331
174481 424481
174679 424679
174829 424829
175003 425003
175039 425039
175291 425291
175309 425309
175333 425333
175393 425393
175519 425519
175783 425783
175837 425837
175939 425939
176089 426089
176161 426161
176353 426353
176383 426383
176389 426389
176401 426401
176551 426551
176611 426611
176641 426641
176779 426779
177013 427013
177043 427043
177283 427283
177379 427379
177421 427421
177433 427433
177787 427787
177883 427883
177913 427913
177949 427949
177967 427967
178039 428039
178093 428093
178231 428231
178249 428249
178489 428489
178531 428531
178567 428567
178639 428639
178693 428693
178807 428807
178873 428873
178951 428951
179083 429083
179119 429119
179161 429161
179281 429281
179497 429497
179563 429563
179581 429581
179659 429659
179719 429719
179827 429827
179899 429899
179917 429917
179953 429953
180007 430007
180259 430259
180289 430289
180511 430511
180751 430751
180799 430799
180811 430811
180847 430847
180883 430883
180907 430907
180949 430949
181063 431063
181141 431141
181213 431213
181219 431219
181297 431297
181399 431399
181513 431513
181603 431603
181693 431693
181729 431729
181759 431759
181777 431777
181891 431891
181903 431903
182059 432059
182167 432167
182389 432389
182503 432503
182587 432587
182659 432659
182713 432713
182857 432857
182893 432893
183151 433151
183259 433259
183319 433319
183361 433361
183373 433373
183439 433439
183571 433571
183577 433577
183661 433661
183877 433877
183943 433943
184039 434039
184081 434081
184087 434087
184111 434111
184117 434117
184831 434831
184957 434957
185131 435131
185161 435161
185221 435221
185359 435359
185371 435371
185401 435401
185569 435569
185593 435593
185641 435641
185893 435893
185923 435923
185947 435947
186013 436013
186097 436097
186157 436157
186253 436253
186283 436283
186343 436343
186481 436481
186649 436649
186727 436727
186757 436757
186841 436841
186871 436871
186889 436889
187111 437111
187141 437141
187219 437219
187237 437237
187273 437273
187387 437387
187471 437471
187651 437651
187687 437687
187861 437861
187909 437909
188017 438017
188029 438029
188143 438143
188281 438281
188401 438401
188443 438443
188527 438527
188533 438533
188701 438701
188707 438707
188827 438827
188833 438833
188869 438869
188941 438941
188953 438953
188983 438983
189199 439199
189253 439253
189349 439349
189421 439421
189463 439463
189493 439493
189559 439559
189583 439583
189613 439613
189661 439661
189697 439697
189799 439799
189823 439823
189853 439853
189949 439949
189961 439961
190093 440093
190159 440159
190207 440207
190261 440261
190339 440339
190471 440471
190507 440507
190537 440537
190543 440543
190579 440579
190669 440669
190711 440711
190717 440717
190753 440753
190807 440807
191251 441251
191281 441281
191449 441449
191461 441461
191563 441563
191827 441827
191953 441953
192007 442007
192097 442097
192121 442121
192193 442193
192229 442229
192271 442271
192319 442319
192499 442499
192571 442571
192601 442601
192781 442781
192817 442817
192961 442961
192979 442979
192991 442991
193057 443057
193147 443147
193153 443153
193189 443189
193243 443243
193423 443423
193603 443603
193771 443771
193873 443873
193939 443939
194113 444113
194167 444167
194179 444179
194443 444443
194527 444527
194569 444569
194671 444671
194713 444713
194767 444767
194863 444863
194869 444869
195103 445103
195157 445157
195229 445229
195271 445271
195427 445427
195541 445541
195691 445691
195883 445883
195931 445931
195967 445967
196003 446003
196081 446081
196087 446087
196111 446111
196279 446279
196387 446387
196477 446477
196549 446549
196561 446561
196597 446597
196657 446657
196717 446717
197101 447101
197137 447137
197221 447221
197233 447233
197257 447257
197311 447311
197521 447521
197569 447569
197641 447641
197677 447677
197683 447683
197779 447779
197893 447893
198013 448013
198031 448031
198073 448073
198139 448139
198193 448193
198241 448241
198313 448313
198397 448397
198733 448733
198769 448769
198829 448829
198859 448859
198997 448997
199153 449153
199261 449261
199321 449321
199399 449399
199411 449411
199417 449417
199567 449567
199621 449621
199741 449741
199783 449783
199807 449807
199921 449921
200029 450029
200227 450227
200257 450257
200293 450293
200383 450383
200587 450587
200797 450797
200881 450881
200899 450899
200929 450929
200971 450971
201337 451337
201499 451499
201547 451547
201667 451667
201709 451709
201823 451823
201937 451937
201961 451961
202087 452087
202201 452201
202393 452393
202519 452519
202549 452549
203023 453023
203209 453209
203227 453227
203293 453293
203311 453311
203317 453317
203461 453461
203569 453569
203617 453617
203641 453641
203659 453659
203977 453977
204151 454151
204331 454331
204361 454361
204679 454679
204859 454859
204931 454931
204973 454973
205033 455033
205171 455171
205201 455201
205237 455237
205339 455339
205537 455537
205603 455603
205627 455627
205783 455783
205993 455993
206047 456047
206233 456233
206461 456461
206623 456623
206641 456641
206821 456821
206923 456923
207013 457013
207139 457139
207241 457241
207307 457307
207367 457367
207433 457433
207469 457469
207511 457511
207517 457517
207547 457547
207643 457643
207661 457661
207673 457673
207679 457679
207799 457799
208009 458009
208057 458057
208189 458189
208207 458207
208309 458309
208333 458333
208501 458501
208729 458729
208807 458807
208891 458891
208963 458963
208993 458993
209029 459029
209089 459089
209233 459233
209257 459257
209317 459317
209353 459353
209623 459623
209647 459647
209929 459929
210127 460127
210157 460157
210247 460247
210403 460403
210619 460619
210643 460643
210709 460709
210907 460907
210913 460913
211051 461051
211093 461093
211297 461297
211333 461333
211441 461441
211507 461507
211639 461639
211693 461693
211801 461801
211891 461891
211933 461933
212131 462131
212239 462239
212419 462419
212437 462437
212467 462467
212557 462557
212677 462677
212827 462827
212851 462851
212881 462881
213181 463181
213247 463247
213319 463319
213523 463523
213613 463613
213649 463649
213919 463919
213949 463949
213973 463973
214003 464003
214021 464021
214033 464033
214069 464069
214129 464129
214141 464141
214213 464213
214237 464237
214309 464309
214351 464351
214381 464381
214483 464483
214561 464561
214603 464603
214663 464663
214741 464741
214771 464771
214939 464939
214993 464993
215077 465077
215161 465161
215317 465317
215587 465587
215659 465659
215797 465797
215833 465833
215893 465893
216061 466061
216091 466091
216373 466373
216451 466451
216553 466553
216649 466649
216751 466751
216787 466787
216859 466859
216919 466919
217003 467003
217081 467081
217333 467333
217681 467681
218107 468107
218137 468137
218191 468191
218371 468371
218389 468389
218509 468509
218527 468527
218551 468551
218599 468599
218623 468623
218641 468641
218719 468719
218737 468737
218761 468761
218887 468887
219031 469031
219169 469169
219529 469529
219613 469613
219649 469649
219757 469757
219787 469787
219823 469823
219979 469979
220021 470021
220243 470243
220279 470279
220333 470333
220399 470399
220411 470411
220447 470447
220471 470471
220513 470513
220579 470579
220663 470663
220783 470783
220903 470903
220933 470933
221101 471101
221173 471173
221209 471209
221281 471281
221509 471509
221539 471539
221659 471659
221671 471671
221677 471677
221719 471719
222067 472067
222127 472127
222151 472151
222163 472163
222193 472193
222247 472247
222289 472289
222349 472349
222643 472643
222793 472793
222799 472799
222883 472883
223009 473009
223219 473219
223381 473381
223441 473441
223507 473507
223549 473549
223633 473633
223939 473939
223999 473999
224101 474101
224197 474197
224359 474359
224443 474443
224491 474491
224569 474569
224629 474629
224737 474737
224911 474911
224977 474977
225037 475037
225109 475109
225289 475289
225427 475427
225457 475457
225523 475523
225529 475529
225583 475583
225613 475613
225619 475619
225637 475637
225697 475697
225721 475721
225751 475751
225859 475859
225889 475889
226027 476027
226087 476087
226183 476183
226381 476381
226753 476753
226783 476783
227011 477011
227131 477131
227497 477497
227593 477593
227671 477671
227797 477797
227947 477947
227977 477977
228139 478139
228199 478199
228421 478421
228427 478427
228451 478451
228523 478523
228637 478637
228853 478853
228901 478901
228913 478913
229027 479027
229081 479081
229153 479153
229189 479189
229267 479267
229309 479309
229561 479561
229639 479639
229753 479753
229771 479771
229777 479777
229813 479813
229903 479903
229939 479939
230017 480017
230047 480047
230059 480059
230101 480101
230107 480107
230143 480143
230203 480203
230341 480341
230383 480383
230449 480449
230563 480563
230647 480647
230761 480761
230773 480773
230827 480827
230929 480929
230941 480941
230959 480959
231001 481001
231067 481067
231109 481109
231379 481379
231409 481409
231433 481433
231571 481571
231589 481589
232051 482051
232117 482117
232189 482189
232513 482513
232597 482597
232621 482621
232633 482633
232663 482663
232711 482711
232753 482753
232819 482819
232861 482861
233071 483071
233221 483221
233239 483239
233251 483251
233323 483323
233347 483347
233407 483407
233551 483551
233557 483557
234067 484067
234181 484181
234193 484193
234259 484259
234361 484361
234457 484457
234613 484613
234727 484727
234733 484733
234769 484769
235171 485171
235447 485447
235519 485519
236053 486053
236293 486293
236323 486323
236329 486329
236377 486377
236407 486407
236449 486449
236503 486503
236527 486527
236641 486641
236653 486653
236713 486713
236869 486869
236947 486947
237073 487073
237283 487283
237313 487313
237607 487607
237691 487691
237733 487733
237973 487973
237997 487997
238009 488009
238171 488171
238207 488207
238261 488261
238321 488321
238339 488339
238417 488417
238573 488573
238627 488627
238639 488639
238723 488723
238729 488729
238759 488759
238879 488879
238897 488897
238921 488921
239053 489053
239179 489179
239263 489263
239329 489329
239389 489389
239431 489431
239539 489539
239557 489557
239689 489689
239803 489803
239851 489851
239977 489977
240151 490151
240169 490169
240271 490271
240283 490283
240421 490421
240571 490571
240631 490631
240733 490733
240769 490769
240829 490829
240859 490859
240913 490913
240967 490967
241261 491261
241327 491327
241333 491333
241429 491429
241489 491489
241537 491537
241639 491639
241651 491651
241783 491783
241867 491867
241873 491873
241951 491951
242059 492059
242083 492083
242227 492227
242257 492257
242377 492377
242413 492413
242467 492467
242491 492491
242551 492551
242617 492617
242629 492629
242647 492647
242659 492659
242731 492731
242911 492911
243109 493109
243121 493121
243301 493301
243403 493403
243433 493433
243583 493583
243643 493643
243709 493709
243931 493931
243973 493973
244129 494129
244141 494141
244147 494147
244381 494381
244471 494471
244561 494561
244567 494567
244639 494639
244687 494687
244759 494759
244843 494843
244873 494873
244939 494939
245071 495071
245149 495149
245269 495269
245389 495389
245437 495437
245527 495527
245563 495563
245587 495587
245629 495629
245821 495821
245851 495851
245899 495899
245983 495983
246073 496073
246187 496187
246193 496193
246289 496289
246343 496343
246439 496439
246511 496511
246817 496817
246889 496889
246913 496913
246919 496919
247069 497069
247141 497141
247279 497279
247309 497309
247339 497339
247501 497501
247579 497579
247603 497603
247633 497633
247711 497711
247729 497729
247771 497771
247813 497813
247873 497873
247957 497957
247993 497993
247999 497999
248089 498089
248119 498119
248167 498167
248257 498257
248401 498401
248461 498461
248749 498749
248779 498779
249127 499127
249133 499133
249181 499181
249211 499211
249229 499229
249253 499253
249397 499397
249439 499439
249607 499607
249853 499853
249943 499943
249973 499973
