13 25013
31 25031
37 25037
73 25073
97 25097
127 25127
163 25163
229 25229
307 25307
349 25349
367 25367
373 25373
409 25409
439 25439
457 25457
463 25463
523 25523
541 25541
577 25577
601 25601
643 25643
673 25673
733 25733
919 25919
997 25997
1021 26021
1153 26153
1171 26171
1237 26237
1249 26249
1297 26297
1321 26321
1399 26399
1423 26423
1459 26459
1489 26489
1597 26597
1627 26627
1669 26669
1693 26693
1699 26699
1723 26723
1759 26759
1777 26777
1783 26783
1801 26801
1861 26861
1879 26879
1951 26951
1987 26987
1993 26993
2011 27011
2017 27017
2143 27143
2179 27179
2239 27239
2281 27281
2437 27437
2539 27539
2551 27551
2617 27617
2647 27647
2689 27689
2749 27749
2767 27767
2791 27791
2803 27803
2851 27851
2917 27917
2953 27953
3001 28001
3019 28019
3109 28109
3163 28163
3181 28181
3229 28229
3307 28307
3319 28319
3433 28433
3463 28463
3499 28499
3517 28517
3541 28541
3547 28547
3559 28559
3571 28571
3607 28607
3631 28631
3643 28643
3697 28697
3793 28793
4021 29021
4027 29027
4129 29129
4153 29153
4201 29201
4231 29231
4243 29243
4297 29297
4327 29327
4339 29339
4363 29363
4423 29423
4483 29483
4567 29567
4663 29663
4723 29723
4759 29759
4789 29789
5011 30011
5059 30059
5113 30113
5119 30119
5197 30197
5323 30323
5347 30347
5431 30431
5449 30449
5557 30557
5689 30689
5839 30839
5851 30851
5869 30869
5881 30881
6079 31079
6091 31091
6121 31121
6151 31151
6247 31247
6271 31271
6277 31277
6337 31337
6379 31379
6397 31397
6469 31469
6481 31481
6547 31547
6607 31607
6793 31793
6883 31883
6907 31907
6991 31991
7027 32027
7057 32057
7069 32069
7159 32159
7213 32213
7237 32237
7297 32297
7309 32309
7321 32321
7369 32369
7411 32411
7507 32507
7537 32537
7561 32561
7573 32573
7603 32603
7621 32621
7687 32687
7717 32717
7789 32789
7933 32933
7993 32993
8053 33053
8161 33161
8179 33179
8191 33191
8287 33287
8311 33311
8317 33317
8329 33329
8353 33353
8377 33377
8461 33461
8521 33521
8563 33563
8581 33581
8599 33599
8623 33623
8629 33629
8641 33641
8647 33647
8713 33713
8863 33863
8893 33893
8923 33923
8941 33941
9127 34127
9157 34157
9283 34283
9319 34319
9337 34337
9403 34403
9421 34421
9439 34439
9511 34511
9613 34613
9631 34631
9649 34649
9679 34679
9721 34721
9739 34739
9781 34781
9871 34871
9883 34883
9949 34949
10069 35069
10099 35099
10111 35111
10141 35141
10159 35159
10267 35267
10531 35531
10597 35597
10729 35729
10753 35753
10771 35771
10831 35831
10837 35837
10993 35993
11083 36083
11131 36131
11161 36161
11251 36251
11299 36299
11353 36353
11383 36383
11467 36467
11497 36497
11527 36527
11551 36551
11587 36587
11677 36677
11779 36779
11821 36821
11833 36833
11887 36887
11923 36923
12049 37049
12097 37097
12253 37253
12277 37277
12379 37379
12409 37409
12511 37511
12517 37517
12547 37547
12589 37589
12619 37619
12781 37781
12799 37799
12853 37853
12889 37889
12907 37907
12967 37967
13177 38177
13183 38183
13219 38219
13327 38327
13567 38567
13669 38669
13693 38693
13711 38711
13723 38723
13729 38729
13873 38873
13903 38903
13921 38921
13933 38933
14107 39107
14251 39251
14293 39293
14323 39323
14341 39341
14419 39419
14461 39461
14503 39503
14551 39551
14563 39563
14779 39779
14821 39821
14827 39827
14869 39869
14887 39887
14929 39929
14983 39983
15013 40013
15031 40031
15193 40193
15241 40241
15277 40277
15289 40289
15361 40361
15427 40427
15493 40493
15559 40559
15583 40583
15739 40739
15787 40787
15823 40823
15973 40973
16057 41057
16141 41141
16183 41183
16189 41189
16231 41231
16333 41333
16381 41381
16411 41411
16453 41453
16519 41519
16603 41603
16651 41651
16729 41729
16759 41759
16843 41843
16879 41879
16903 41903
16927 41927
16981 41981
17209 42209
17239 42239
17257 42257
17293 42293
17299 42299
17359 42359
17443 42443
17467 42467
17491 42491
17509 42509
17569 42569
17683 42683
17737 42737
17839 42839
17863 42863
17923 42923
17929 42929
17989 42989
18013 43013
18049 43049
18133 43133
18223 43223
18313 43313
18397 43397
18427 43427
18451 43451
18457 43457
18481 43481
18517 43517
18541 43541
18661 43661
18691 43691
18787 43787
18793 43793
18913 43913
18973 43973
19087 44087
19207 44207
19249 44249
19267 44267
19273 44273
19381 44381
19417 44417
19483 44483
19501 44501
19507 44507
19531 44531
19543 44543
19687 44687
19699 44699
19753 44753
19777 44777
19819 44819
19843 44843
19867 44867
19927 44927
19963 44963
20161 45161
20233 45233
20341 45341
20389 45389
20533 45533
20599 45599
20641 45641
20707 45707
20887 45887
20959 45959
21061 46061
21187 46187
21499 46499
21523 46523
21559 46559
21589 46589
21601 46601
21649 46649
21727 46727
21751 46751
21757 46757
21817 46817
21997 46997
22051 47051
22093 47093
22111 47111
22123 47123
22129 47129
22147 47147
22189 47189
22279 47279
22303 47303
22381 47381
22441 47441
22501 47501
22543 47543
22639 47639
22699 47699
22717 47717
22741 47741
22777 47777
22807 47807
22963 47963
23017 48017
23029 48029
23131 48131
23197 48197
23311 48311
23371 48371
23473 48473
23497 48497
23539 48539
23563 48563
23593 48593
23623 48623
23677 48677
23761 48761
23767 48767
23857 48857
23869 48869
24019 49019
24043 49043
24103 49103
24109 49109
24121 49121
24169 49169
24223 49223
24391 49391
24481 49481
24499 49499
24547 49547
24697 49697
24877 49877
24919 49919
24943 49943
