3 12347
29 12373
47 12391
89 12433
107 12451
113 12457
167 12511
173 12517
197 12541
233 12577
239 12583
257 12601
269 12613
293 12637
353 12697
359 12703
419 12763
479 12823
509 12853
563 12907
659 13003
719 13063
827 13171
839 13183
947 13291
953 13297
983 13327
1097 13441
1193 13537
1223 13567
1283 13627
1289 13633
1367 13711
1487 13831
1559 13903
1619 13963
1667 14011
1877 14221
1907 14251
1949 14293
1979 14323
1997 14341
2003 14347
2063 14407
2087 14431
2207 14551
2213 14557
2309 14653
2339 14683
2393 14737
2423 14767
2477 14821
2543 14887
2579 14923
2687 15031
2729 15073
2777 15121
2843 15187
2897 15241
2927 15271
2963 15307
2969 15313
3083 15427
3167 15511
3257 15601
3299 15643
3323 15667
3389 15733
3533 15877
3557 15901
3593 15937
3719 16063
3767 16111
3797 16141
3923 16267
3929 16273
3989 16333
4019 16363
4073 16417
4133 16477
4217 16561
4229 16573
4259 16603
4289 16633
4349 16693
4397 16741
4583 16927
4637 16981
4643 16987
4649 16993
4703 17047
4733 17077
4793 17137
4973 17317
5039 17383
5087 17431
5099 17443
5147 17491
5153 17497
5237 17581
5279 17623
5393 17737
5417 17761
5483 17827
5507 17851
5519 17863
5669 18013
5717 18061
5783 18127
5867 18211
5879 18223
6053 18397
6089 18433
6113 18457
6173 18517
6197 18541
6317 18661
6449 18793
6569 18913
6737 19081
6863 19207
6869 19213
7043 19387
7079 19423
7103 19447
7127 19471
7187 19531
7253 19597
7433 19777
7457 19801
7499 19843
7517 19861
7523 19867
7547 19891
7583 19927
7649 19993
7703 20047
7727 20071
7757 20101
7817 20161
7829 20173
8009 20353
8087 20431
8219 20563
8297 20641
8363 20707
8387 20731
8429 20773
8513 20857
8543 20887
8669 21013
8819 21163
8849 21193
8867 21211
8933 21277
8969 21313
9137 21481
9173 21517
9257 21601
9413 21757
9473 21817
9497 21841
9719 22063
9749 22093
9767 22111
9803 22147
9929 22273
10037 22381
10103 22447
10139 22483
10223 22567
10433 22777
10463 22807
10667 23011
10709 23053
10799 23143
10853 23197
10859 23203
10883 23227
10949 23293
11027 23371
11087 23431
11213 23557
11279 23623
11399 23743
11423 23767
11483 23827
11489 23833
11549 23893
11633 23977
11657 24001
11699 24043
11717 24061
11777 24121
11789 24133
11807 24151
11903 24247
12203 24547
12227 24571
12347 24691
12437 24781
12497 24841
12503 24847
12689 25033
12713 25057
12743 25087
12809 25153
12893 25237
12899 25243
12917 25261
12959 25303
13103 25447
13109 25453
13127 25471
13217 25561
13259 25603
13313 25657
13397 25741
13457 25801
13523 25867
13697 26041
13709 26053
13763 26107
13859 26203
13883 26227
13907 26251
14087 26431
14153 26497
14303 26647
14369 26713
14387 26731
14489 26833
14519 26863
14537 26881
14549 26893
14699 27043
14717 27061
14723 27067
14747 27091
14759 27103
14783 27127
14867 27211
14897 27241
14939 27283
15017 27361
15053 27397
15083 27427
15137 27481
15287 27631
15329 27673
15473 27817
15683 28027
15737 28081
15767 28111
16007 28351
16067 28411
16103 28447
16193 28537
16229 28573
16253 28597
16319 28663
16427 28771
16493 28837
16673 29017
16787 29131
16823 29167
16829 29173
16943 29287
17093 29437
17099 29443
17183 29527
17327 29671
17417 29761
17489 29833
17519 29863
17573 29917
17669 30013
17747 30091
17789 30133
17837 30181
17909 30253
18047 30391
18059 30403
18149 30493
18233 30577
18287 30631
18353 30697
18413 30757
18587 30931
18593 30937
18719 31063
18803 31147
18839 31183
19013 31357
19319 31663
19379 31723
19427 31771
19739 32083
19889 32233
19913 32257
19979 32323
19997 32341
20123 32467
20147 32491
20219 32563
20369 32713
20543 32887
20627 32971
20639 32983
20693 33037
20747 33091
20807 33151
20879 33223
20903 33247
21059 33403
21143 33487
21149 33493
21269 33613
21377 33721
21407 33751
21467 33811
21587 33931
21617 33961
21713 34057
21803 34147
21839 34183
21929 34273
22037 34381
22157 34501
22193 34537
22247 34591
22259 34603
22307 34651
22343 34687
22349 34693
22619 34963
22637 34981
22679 35023
22709 35053
22739 35083
22877 35221
22907 35251
22937 35281
22973 35317
23057 35401
23063 35407
23117 35461
23189 35533
23327 35671
23333 35677
23459 35803
23567 35911
23633 35977
23663 36007
23669 36013
23753 36097
23873 36217
24029 36373
24107 36451
24113 36457
24179 36523
24197 36541
24239 36583
24443 36787
24527 36871
24533 36877
24659 37003
24677 37021
24977 37321
25013 37357
25097 37441
25163 37507
25229 37573
25247 37591
25349 37693
25373 37717
25439 37783
25469 37813
25643 37987
25667 38011
25703 38047
25943 38287
26249 38593
26267 38611
26309 38653
26393 38737
26423 38767
26459 38803
26489 38833
26573 38917
26627 38971
26633 38977
26699 39043
26759 39103
26813 39157
27107 39451
27197 39541
27539 39883
27743 40087
27749 40093
27767 40111
27779 40123
27809 40153
27893 40237
28163 40507
28283 40627
28349 40693
28559 40903
28649 40993
28703 41047
28817 41161
28859 41203
29123 41467
29147 41491
29297 41641
29303 41647
29567 41911
29669 42013
29717 42061
29837 42181
29879 42223
30029 42373
30047 42391
30059 42403
30089 42433
30113 42457
30119 42463
30323 42667
30449 42793
30497 42841
30509 42853
30557 42901
30593 42937
30707 43051
30773 43117
30893 43237
30977 43321
31247 43591
31253 43597
31307 43651
31547 43891
31607 43951
31643 43987
31727 44071
31859 44203
32027 44371
32189 44533
32297 44641
32303 44647
32429 44773
32507 44851
32573 44917
32609 44953
32717 45061
32783 45127
32993 45337
32999 45343
33083 45427
33179 45523
33287 45631
33329 45673
33347 45691
33353 45697
33413 45757
33479 45823
33599 45943
33749 46093
33797 46141
33809 46153
33827 46171
33893 46237
34127 46471
34319 46663
34337 46681
34403 46747
34487 46831
34589 46933
34613 46957
34649 46993
34673 47017
34877 47221
34949 47293
35153 47497
35279 47623
35393 47737
35447 47791
35537 47881
35573 47917
35603 47947
35729 48073
35747 48091
35969 48313
35993 48337
36137 48481
36389 48733
36473 48817
36479 48823
36527 48871
36563 48907
36629 48973
36713 49057
36779 49123
36833 49177
36857 49201
37019 49363
37049 49393
37253 49597
37337 49681
37397 49741
37463 49807
37547 49891
37649 49993
37967 50311
37997 50341
38039 50383
38153 50497
38183 50527
38237 50581
38303 50647
38327 50671
38699 51043
38873 51217
39233 51577
39293 51637
39443 51787
39509 51853
39563 51907
39569 51913
39839 52183
39857 52201
40283 52627
40493 52837
40559 52903
40637 52981
40829 53173
40853 53197
41057 53401
41183 53527
41387 53731
41513 53857
41543 53887
41579 53923
41669 54013
41777 54121
41849 54193
42017 54361
42023 54367
42197 54541
42239 54583
42257 54601
42323 54667
42407 54751
42443 54787
42533 54877
42677 55021
42773 55117
42863 55207
42899 55243
42989 55333
43037 55381
43067 55411
43319 55663
43499 55843
43577 55921
43787 56131
43853 56197
44087 56431
44123 56467
44129 56473
44159 56503
44189 56533
44267 56611
44357 56701
44483 56827
44549 56893
44579 56923
44729 57073
44753 57097
44819 57163
44879 57223
44927 57271
44939 57283
44987 57331
45053 57397
45083 57427
45293 57637
45503 57847
45557 57901
45599 57943
45767 58111
45827 58171
45863 58207
45887 58231
45893 58237
46049 58393
46073 58417
46133 58477
46199 58543
46229 58573
46349 58693
46619 58963
46679 59023
46769 59113
46853 59197
46877 59221
46889 59233
46919 59263
46997 59341
47123 59467
47129 59473
47237 59581
47363 59707
47543 59887
48029 60373
48383 60727
48413 60757
48449 60793
48593 60937
48809 61153
48947 61291
48953 61297
48989 61333
49019 61363
49037 61381
49139 61483
49199 61543
49307 61651
49499 61843
49667 62011
49727 62071
49787 62131
50123 62467
50129 62473
50153 62497
50273 62617
50387 62731
50417 62761
50627 62971
50723 63067
50753 63097
50867 63211
50969 63313
50993 63337
51047 63391
51197 63541
51257 63601
51263 63607
51347 63691
51383 63727
51437 63781
51449 63793
51479 63823
51563 63907
51719 64063
51827 64171
51893 64237
52223 64567
52289 64633
52583 64927
52667 65011
52709 65053
52727 65071
52757 65101
52859 65203
53069 65413
53093 65437
53507 65851
53639 65983
53693 66037
53759 66103
53927 66271
53993 66337
54059 66403
54377 66721
54419 66763
54497 66841
54539 66883
54629 66973
54713 67057
54869 67213
54917 67261
55103 67447
55109 67453
55439 67783
55457 67801
55547 67891
55589 67933
55697 68041
55817 68161
55967 68311
56093 68437
56099 68443
56237 68581
56267 68611
56369 68713
56393 68737
56477 68821
56519 68863
56687 69031
56783 69127
56807 69151
56993 69337
57059 69403
57119 69463
57149 69493
57347 69691
57503 69847
57587 69931
57653 69997
57773 70117
57839 70183
57977 70321
58049 70393
58193 70537
58229 70573
58313 70657
58439 70783
58613 70957
58679 71023
58889 71233
58913 71257
58943 71287
58997 71341
59009 71353
59069 71413
59093 71437
59159 71503
59183 71527
59207 71551
59219 71563
59369 71713
59417 71761
59627 71971
59699 72043
59729 72073
59747 72091
59879 72223
60077 72421
60149 72493
60317 72661
60383 72727
60527 72871
60539 72883
60719 73063
60899 73243
61007 73351
61043 73387
61253 73597
61553 73897
61673 74017
61703 74047
61757 74101
61949 74293
61967 74311
61979 74323
62039 74383
62207 74551
62417 74761
62477 74821
62483 74827
62597 74941
62873 75217
63059 75403
63197 75541
63377 75721
63443 75787
63587 75931
63647 75991
63659 76003
63737 76081
63803 76147
63863 76207
64217 76561
64373 76717
64433 76777
64679 77023
64793 77137
64919 77263
65003 77347
65033 77377
65147 77491
65183 77527
65213 77557
65267 77611
65519 77863
65633 77977
65687 78031
65777 78121
65957 78301
65963 78307
66083 78427
66173 78517
66239 78583
66347 78691
66377 78721
66509 78853
66533 78877
66809 79153
67049 79393
67079 79423
67187 79531
67217 79561
67289 79633
67343 79687
67349 79693
67433 79777
67499 79843
67523 79867
67559 79903
67733 80077
67763 80107
67829 80173
67943 80287
68147 80491
68213 80557
68489 80833
68567 80911
68669 81013
68687 81031
68699 81043
68813 81157
68819 81163
68879 81223
68963 81307
69029 81373
69119 81463
69203 81547
69383 81727
69473 81817
69539 81883
69557 81901
69593 81937
69623 81967
69677 82021
69809 82153
69827 82171
70139 82483
70163 82507
70223 82567
70289 82633
70313 82657
70379 82723
70619 82963
70793 83137
70877 83221
70913 83257
70997 83341
71039 83383
71153 83497
71429 83773
71777 84121
71837 84181
71867 84211
71879 84223
71963 84307
72047 84391
72077 84421
72287 84631
72353 84697
72467 84811
72617 84961
72623 84967
72647 84991
72869 85213
72893 85237
72953 85297
72959 85303
73019 85363
73037 85381
73277 85621
73589 85933
73673 86017
73943 86287
74027 86371
74189 86533
74507 86851
74759 87103
74843 87187
74933 87277
75083 87427
75167 87511
75209 87553
75239 87583
75269 87613
75347 87691
75353 87697
75377 87721
75407 87751
75533 87877
75617 87961
75629 87973
75659 88003
75773 88117
75833 88177
75983 88327
76079 88423
76403 88747
76463 88807
76607 88951
76649 88993
76673 89017
76697 89041
76757 89101
76883 89227
76949 89293
77069 89413
77267 89611
77477 89821
77489 89833
77573 89917
77687 90031
77723 90067
77783 90127
77969 90313
78059 90403
78137 90481
78167 90511
78179 90523
78203 90547
78479 90823
78497 90841
78653 90997
78737 91081
78797 91141
78809 91153
78839 91183
78893 91237
79043 91387
79229 91573
79367 91711
79427 91771
79493 91837
79613 91957
79697 92041
79829 92173
79889 92233
79907 92251
79967 92311
79973 92317
80039 92383
80207 92551
80279 92623
80363 92707
80447 92791
80513 92857
80657 93001
80789 93133
80897 93241
80909 93253
80963 93307
81083 93427
81119 93463
81293 93637
81359 93703
81527 93871
81569 93913
81689 94033
81773 94117
81929 94273
82007 94351
82139 94483
82217 94561
82307 94651
82349 94693
82493 94837
82529 94873
82559 94903
82727 95071
82757 95101
82763 95107
82787 95131
82799 95143
82847 95191
82889 95233
82913 95257
83117 95461
83273 95617
83357 95701
83459 95803
83537 95881
83579 95923
83813 96157
83987 96331
84143 96487
84299 96643
84317 96661
84443 96787
84503 96847
84629 96973
84653 96997
84659 97003
84737 97081
84827 97171
84869 97213
85037 97381
85109 97453
85427 97771
85469 97813
85517 97861
85643 97987
85667 98011
85703 98047
86297 98641
86369 98713
86837 99181
87179 99523
87299 99643
87317 99661
87323 99667
87443 99787
87473 99817
87557 99901
