0
2188
6564
15316
19692
41572
45948
54700
59076
120340
124716
133468
137844
159724
164100
172852
177148
177228
356644
361020
369772
374148
396028
400404
409156
413532
474796
479172
487924
492300
514180
518556
527308
531444
531684
1065556
1069932
1078684
1083060
1104940
1109316
1118068
1122444
1183708
1188084
1196836
1201212
1223092
1227468
1236220
1240036
1240596
1420012
1424388
1433140
1437516
1459396
1463772
1472524
1476900
1538164
1542540
1551292
1555668
1577548
1581924
1590676
1594332
1595052
3192292
3196668
3205420
3209796
3231676
3236052
3244804
3249180
3310444
3314820
3323572
3327948
3349828
3354204
3362956
3365812
3367332
3546748
3551124
3559876
3564252
3586132
3590508
3599260
3603636
3664900
3669276
3678028
3682404
3704284
3708660
3717412
3720108
3721788
4255660
4260036
4268788
4273164
4295044
4299420
4308172
4312548
4373812
4378188
4386940
4391316
4413196
4417572
4426324
4428700
4430700
4610116
4614492
4623244
4627620
4649500
4653876
4662628
4667004
4728268
4732644
4741396
4745772
4767652
4772028
4780780
4782996
4785156
9572500
9576876
9585628
9590004
9611884
9616260
9625012
9629388
9690652
9695028
9703780
9708156
9730036
9734412
9743140
9743164
9747540
9926956
9931332
9940084
9944460
9966340
9970716
9979468
9983844
10045108
10049484
10058236
10062612
10084492
10088868
10097436
10097620
10101996
10635868
10640244
10648996
10653372
10675252
10679628
10688380
10692756
10754020
10758396
10767148
10771524
10793404
10797780
10806028
10806532
10810908
10990324
10994700
11003452
11007828
11029708
11034084
11042836
11047212
11108476
11112852
11121604
11125980
11147860
11152236
11160324
11160988
11165364
12762604
12766980
12775732
12780108
12801988
12806364
12815116
12819492
12880756
12885132
12893884
12898260
12920140
12924516
12931804
12933268
12937644
13117060
13121436
13130188
13134564
13156444
13160820
13169572
13173948
13235212
13239588
13248340
13252716
13274596
13278972
13286100
13287724
13292100
13825972
13830348
13839100
13843476
13865356
13869732
13878484
13882860
13944124
13948500
13957252
13961628
13983508
13987884
13994692
13996636
14001012
14180428
14184804
14193556
14197932
14219812
14224188
14232940
14237316
14298580
14302956
14311708
14316084
14337964
14342340
14348988
14351092
14355468
28713124
28717500
28726252
28730628
28752508
28756884
28765636
28770012
28831276
28835652
28844404
28848780
28870660
28875036
28875124
28883788
28888164
29067580
29071956
29080708
29085084
29106964
29111340
29120092
29124468
29185732
29190108
29198860
29203236
29225116
29229420
29229492
29238244
29242620
29776492
29780868
29789620
29793996
29815876
29820252
29829004
29833380
29894644
29899020
29907772
29912148
29934028
29938012
29938404
29947156
29951532
30130948
30135324
30144076
30148452
30170332
30174708
30183460
30187836
30249100
30253476
30262228
30266604
30288484
30292308
30292860
30301612
30305988
31903228
31907604
31916356
31920732
31942612
31946988
31955740
31960116
32021380
32025756
32034508
32038884
32060764
32063788
32065140
32073892
32078268
32257684
32262060
32270812
32275188
32297068
32301444
32310196
32314572
32375836
32380212
32388964
32393340
32415220
32418084
32419596
32428348
32432724
32966596
32970972
32979724
32984100
33005980
33010356
33019108
33023484
33084748
33089124
33097876
33102252
33124132
33126676
33128508
33137260
33141636
33321052
33325428
33334180
33338556
33360436
33364812
33373564
33377940
33439204
33443580
33452332
33456708
33478588
33480972
33482964
33491716
33496092
38283436
38287812
38296564
38300940
38322820
38327196
38335948
38340324
38401588
38405964
38414716
38419092
38440972
38441116
38445348
38454100
38458476
38637892
38642268
38651020
38655396
38677276
38681652
38690404
38694780
38756044
38760420
38769172
38773548
38795412
38795428
38799804
38808556
38812932
39346804
39351180
39359932
39364308
39386188
39390564
39399316
39403692
39464956
39469332
39478084
39482460
39504004
39504340
39508716
39517468
39521844
39701260
39705636
39714388
39718764
39740644
39745020
39753772
39758148
39819412
39823788
39832540
39836916
39858300
39858796
39863172
39871924
39876300
41473540
41477916
41486668
41491044
41512924
41517300
41526052
41530428
41591692
41596068
41604820
41609196
41629780
41631076
41635452
41644204
41648580
41827996
41832372
41841124
41845500
41867380
41871756
41880508
41884884
41946148
41950524
41959276
41963652
41984076
41985532
41989908
41998660
42003036
42536908
42541284
42550036
42554412
42576292
42580668
42589420
42593796
42655060
42659436
42668188
42672564
42692668
42694444
42698820
42707572
42711948
42891364
42895740
42904492
42908868
42930748
42935124
42943876
42948252
43009516
43013892
43022644
43027020
43046964
43048900
43053276
43062028
43066404
86134996
86139372
86148124
86152500
86174380
86178756
86187508
86191884
86253148
86257524
86266276
86270652
86271076
86292532
86296908
86305660
86310036
86489452
86493828
86502580
86506956
86528836
86533212
86541964
86546340
86607604
86611980
86620732
86625108
86625372
86646988
86651364
86660116
86664492
87198364
87202740
87211492
87215868
87237748
87242124
87250876
87255252
87316516
87320892
87329644
87333964
87334020
87355900
87360276
87369028
87373404
87552820
87557196
87565948
87570324
87592204
87596580
87605332
87609708
87670972
87675348
87684100
87688260
87688476
87710356
87714732
87723484
87727860
89325100
89329476
89338228
89342604
89364484
89368860
89377612
89381988
89443252
89447628
89456380
89459740
89460756
89482636
89487012
89495764
89500140
89679556
89683932
89692684
89697060
89718940
89723316
89732068
89736444
89797708
89802084
89810836
89814036
89815212
89837092
89841468
89850220
89854596
90388468
90392844
90401596
90405972
90427852
90432228
90440980
90445356
90506620
90510996
90519748
90522628
90524124
90546004
90550380
90559132
90563508
90742924
90747300
90756052
90760428
90782308
90786684
90795436
90799812
90861076
90865452
90874204
90876924
90878580
90900460
90904836
90913588
90917964
95705308
95709684
95718436
95722812
95744692
95749068
95757820
95762196
95823460
95827836
95836588
95837068
95840964
95862844
95867220
95875972
95880348
96059764
96064140
96072892
96077268
96099148
96103524
96112276
96116652
96177916
96182292
96191044
96191364
96195420
96217300
96221676
96230428
96234804
96768676
96773052
96781804
96786180
96808060
96812436
96821188
96825564
96886828
96891204
96899956
96904332
96926212
96930588
96939340
96943716
97123132
97127508
97136260
97140636
97162516
97166892
97175644
97180020
97241284
97245660
97254252
97254412
97258788
97280668
97285044
97293796
97298172
98895412
98899788
98908540
98912916
98934796
98939172
98947924
98952300
99013564
99017940
99025732
99026692
99031068
99052948
99057324
99066076
99070452
99249868
99254244
99262996
99267372
99289252
99293628
99302380
99306756
99368020
99372396
99380028
99381148
99385524
99407404
99411780
99420532
99424908
99958780
99963156
99971908
99976284
99998164
100002540
100011292
100015668
100076932
100081308
100088620
100090060
100094436
100116316
100120692
100129444
100133820
100313236
100317612
100326364
100330740
100352620
100356996
100365748
100370124
100431388
100435764
100442916
100444516
100448892
100470772
100475148
100483900
100488276
114845932
114850308
114859060
114863436
114885316
114889692
114898444
114902820
114964084
114968460
114969052
114977212
114981588
115003468
115007844
115016596
115020972
115200388
115204764
115213516
115217892
115239772
115244148
115252900
115257276
115318540
115322916
115323348
115331668
115336044
115357924
115362300
115371052
115375428
115909300
115913676
115922428
115926804
115948684
115953060
115961812
115966188
116027452
116031828
116031940
116040580
116044956
116066836
116071212
116079964
116084340
116263756
116268132
116276884
116281260
116303140
116307516
116316268
116320644
116381908
116386236
116386284
116395036
116399412
116421292
116425668
116434420
116438796
118036036
118040412
118049164
118053540
118075420
118079796
118088548
118092924
118154188
118157716
118158564
118167316
118171692
118193572
118197948
118206700
118211076
118390492
118394868
118403620
118407996
118429876
118434252
118443004
118447380
118508644
118512012
118513020
118521772
118526148
118548028
118552404
118561156
118565532
119099404
119103780
119112532
119116908
119138788
119143164
119151916
119156292
119217556
119220604
119221932
119230684
119235060
119256940
119261316
119270068
119274444
119453860
119458236
119466988
119471364
119493244
119497620
119506372
119510748
119572012
119574900
119576388
119585140
119589516
119611396
119615772
119624524
119628900
124416244
124420620
124429372
124433748
124455628
124460004
124468756
124473132
124534396
124535044
124538772
124547524
124551900
124573780
124578156
124586908
124591284
124770700
124775076
124783828
124788204
124810084
124814460
124823212
124827588
124888852
124889340
124893228
124901980
124906356
124928236
124932612
124941364
124945740
125479612
125483988
125492740
125497116
125518996
125523372
125532124
125536500
125597764
125597932
125602140
125610892
125615268
125637148
125641524
125650276
125654652
125834068
125838444
125847196
125851572
125873452
125877828
125886580
125890956
125952220
125952228
125956596
125965348
125969724
125991604
125995980
126004732
126009108
127606348
127610724
127619476
127623852
127645732
127650108
127658860
127663236
127723708
127724500
127728876
127737628
127742004
127763884
127768260
127777012
127781388
127960804
127965180
127973932
127978308
128000188
128004564
128013316
128017692
128078004
128078956
128083332
128092084
128096460
128118340
128122716
128131468
128135844
128669716
128674092
128682844
128687220
128709100
128713476
128722228
128726604
128786596
128787868
128792244
128800996
128805372
128827252
128831628
128840380
128844756
129024172
129028548
129037300
129041676
129063556
129067932
129076684
129081060
129140892
129142324
129146700
129155452
129159828
129181708
129186084
129194836
129199212
258400612
258404988
258413740
258418116
258439996
258444372
258453124
258457500
258458932
258518764
258523140
258531892
258536268
258558148
258562524
258571276
258575652
258755068
258759444
258768196
258772572
258794452
258798828
258807580
258811956
258813228
258873220
258877596
258886348
258890724
258912604
258916980
258925732
258930108
259463980
259468356
259477108
259481484
259503364
259507740
259516492
259520868
259521820
259582132
259586508
259595260
259599636
259621516
259625892
259634644
259639020
259818436
259822812
259831564
259835940
259857820
259862196
259870948
259875324
259876116
259936588
259940964
259949716
259954092
259975972
259980348
259989100
259993476
261590716
261595092
261603844
261608220
261630100
261634476
261643228
261647596
261647604
261708868
261713244
261721996
261726372
261748252
261752628
261761380
261765756
261945172
261949548
261958300
261962676
261984556
261988932
261997684
262001892
262002060
262063324
262067700
262076452
262080828
262102708
262107084
262115836
262120212
262654084
262658460
262667212
262671588
262693468
262697844
262706596
262710484
262710972
262772236
262776612
262785364
262789740
262811620
262815996
262824748
262829124
263008540
263012916
263021668
263026044
263047924
263052300
263061052
263064780
263065428
263126692
263131068
263139820
263144196
263166076
263170452
263179204
263183580
267970924
267975300
267984052
267988428
268010308
268014684
268023436
268024924
268027812
268089076
268093452
268102204
268106580
268128460
268132836
268141588
268145964
268325380
268329756
268338508
268342884
268364764
268369140
268377892
268379220
268382268
268443532
268447908
268456660
268461036
268482916
268487292
268496044
268500420
269034292
269038668
269047420
269051796
269073676
269078052
269086804
269087812
269091180
269152444
269156820
269165572
269169948
269191828
269196204
269204956
269209332
269388748
269393124
269401876
269406252
269428132
269432508
269441260
269442108
269445636
269506900
269511276
269520028
269524404
269546284
269550660
269559412
269563788
271161028
271165404
271174156
271178532
271200412
271204788
271213540
271213588
271217916
271279180
271283556
271292308
271296684
271318564
271322940
271331692
271336068
271515484
271519860
271528612
271532988
271554868
271559244
271567884
271567996
271572372
271633636
271638012
271646764
271651140
271673020
271677396
271686148
271690524
272224396
272228772
272237524
272241900
272263780
272268156
272276476
272276908
272281284
272342548
272346924
272355676
272360052
272381932
272386308
272395060
272399436
272578852
272583228
272591980
272596356
272618236
272622612
272630772
272631364
272635740
272697004
272701380
272710132
272714508
272736388
272740764
272749516
272753892
287111548
287115924
287124676
287129052
287150932
287155308
287156908
287164060
287168436
287229700
287234076
287242828
287247204
287269084
287273460
287282212
287286588
287466004
287470380
287479132
287483508
287505388
287509764
287511204
287518516
287522892
287584156
287588532
287597284
287601660
287623540
287627916
287636668
287641044
288174916
288179292
288188044
288192420
288214300
288218676
288219796
288227428
288231804
288293068
288297444
288306196
288310572
288332452
288336828
288345580
288349956
288529372
288533748
288542500
288546876
288568756
288573132
288574092
288581884
288586260
288647524
288651900
288660652
288665028
288686908
288691284
288700036
288704412
290301652
290306028
290314780
290319156
290341036
290345412
290345572
290354164
290358540
290419804
290424180
290432932
290437308
290459188
290463564
290472316
290476692
290656108
290660484
290669236
290673612
290695492
290699868
290708620
290712996
290774260
290778636
290787388
290791764
290813644
290818020
290826772
290831148
291365020
291369396
291378148
291382524
291404404
291408460
291408780
291417532
291421908
291483172
291487548
291496300
291500676
291522556
291526932
291535684
291540060
291719476
291723852
291732604
291736980
291758860
291762756
291763236
291771988
291776364
291837628
291842004
291850756
291855132
291877012
291881388
291890140
291894516
296681860
296686236
296694988
296699364
296721244
296722900
296725620
296734372
296738748
296800012
296804388
296813140
296817516
296839396
296843772
296852524
296856900
297036316
297040692
297049444
297053820
297075700
297077196
297080076
297088828
297093204
297154468
297158844
297167596
297171972
297193852
297198228
297206980
297211356
297745228
297749604
297758356
297762732
297784612
297785788
297788988
297797740
297802116
297863380
297867756
297876508
297880884
297902764
297907140
297915892
297920268
298099684
298104060
298112812
298117188
298139068
298140084
298143444
298152196
298156572
298217836
298222212
298230964
298235340
298257220
298261596
298270348
298274724
299871964
299876340
299885092
299889468
299911348
299911564
299915724
299924476
299928852
299990116
299994492
300003244
300007620
300029500
300033876
300042628
300047004
300226420
300230796
300239548
300243924
300265804
300265860
300270180
300278932
300283308
300344572
300348948
300357700
300362076
300383956
300388332
300397084
300401460
300935332
300939708
300948460
300952836
300974452
300974716
300979092
300987844
300992220
301053484
301057860
301066612
301070988
301092868
301097244
301105996
301110372
301289788
301294164
301302916
301307292
301328748
301329172
301333548
301342300
301346676
301407940
301412316
301421068
301425444
301447324
301451700
301460452
301464828
344533420
344537796
344546548
344550924
344552860
344572804
344577180
344585932
344590308
344651572
344655948
344664700
344669076
344690956
344695332
344704084
344708460
344887876
344892252
344901004
344905380
344907156
344927260
344931636
344940388
344944764
345006028
345010404
345019156
345023532
345045412
345049788
345058540
345062916
345596788
345601164
345609916
345614292
345615748
345636172
345640548
345649300
345653676
345714940
345719316
345728068
345732444
345754324
345758700
345767452
345771828
345951244
345955620
345964372
345968748
345970044
345990628
345995004
346003756
346008132
346069396
346073772
346082524
346086900
346108780
346113156
346121908
346126284
347723524
347727900
347736652
347741028
347741524
347762908
347767284
347776036
347780412
347841676
347846052
347854804
347859180
347881060
347885436
347894188
347898564
348077980
348082356
348091108
348095484
348095820
348117364
348121740
348130492
348134868
348196132
348200508
348209260
348213636
348235516
348239892
348248644
348253020
348786892
348791268
348800020
348804396
348804412
348826276
348830652
348839404
348843780
348905044
348909420
348918172
348922548
348944428
348948804
348957556
348961932
349141348
349145724
349154476
349158708
349158852
349180732
349185108
349193860
349198236
349259500
349263876
349272628
349277004
349298884
349303260
349312012
349316388
354103732
354108108
354116860
354118852
354121236
354143116
354147492
354156244
354160620
354221884
354226260
354235012
354239388
354261268
354265644
354274396
354278772
354458188
354462564
354471316
354473148
354475692
354497572
354501948
354510700
354515076
354576340
354580716
354589468
354593844
354615724
354620100
354628852
354633228
355167100
355171476
355180228
355181740
355184604
355206484
355210860
355219612
355223988
355285252
355289628
355298380
355302756
355324636
355329012
355337764
355342140
355521556
355525932
355534684
355536036
355539060
355560940
355565316
355574068
355578444
355639708
355644084
355652836
355657212
355679092
355683468
355692220
355696596
357293836
357298212
357306964
357307516
357311340
357333220
357337596
357346348
357350724
357411988
357416364
357425116
357429492
357451372
357455748
357464500
357468876
357648292
357652668
357661420
357661812
357665796
357687676
357692052
357700804
357705180
357766444
357770820
357779572
357783948
357805828
357810204
357818956
357823332
358357204
358361580
358370332
358370404
358374708
358396588
358400964
358409716
358414092
358475356
358479732
358488484
358492860
358514740
358519116
358527868
358532244
358711660
358716036
358724700
358724788
358729164
358751044
358755420
358764172
358768548
358829812
358834188
358842940
358847316
358869196
358873572
358882324
358886700
373244356
373248732
373250836
373257484
373261860
373283740
373288116
373296868
373301244
373362508
373366884
373375636
373380012
373401892
373406268
373415020
373419396
373598812
373603188
373605132
373611940
373616316
373638196
373642572
373651324
373655700
373716964
373721340
373730092
373734468
373756348
373760724
373769476
373773852
374307724
374312100
374313724
374320852
374325228
374347108
374351484
374360236
374364612
374425876
374430252
374439004
374443380
374465260
374469636
374478388
374482764
374662180
374666556
374668020
374675308
374679684
374701564
374705940
374714692
374719068
374780332
374784708
374793460
374797836
374819716
374824092
374832844
374837220
376434460
376438836
376439500
376447588
376451964
376473844
376478220
376486972
376491348
376552612
376556988
376565740
376570116
376591996
376596372
376605124
376609500
376788916
376793292
376793796
376802044
376806420
376828300
376832676
376841428
376845804
376907068
376911444
376920196
376924572
376946452
376950828
376959580
376963956
377497828
377502204
377502388
377510956
377515332
377537212
377541588
377550340
377554716
377615980
377620356
377629108
377633484
377655364
377659740
377668492
377672868
377852284
377856660
377856684
377865412
377869788
377891668
377896044
377904796
377909172
377970436
377974812
377983564
377987940
378009820
378014196
378022948
378027324
382814668
382816828
382819044
382827796
382832172
382854052
382858428
382867180
382871556
382932820
382937196
382945948
382950324
382972204
382976580
382985332
382989708
383169124
383171124
383173500
383182252
383186628
383208508
383212884
383221636
383226012
383287276
383291652
383300404
383304780
383326660
383331036
383339788
383344164
383878036
383879716
383882412
383891164
383895540
383917420
383921796
383930548
383934924
383996188
384000564
384009316
384013692
384035572
384039948
384048700
384053076
384232492
384234012
384236868
384245620
384249996
384271876
384276252
384285004
384289380
384350644
384355020
384363772
384368148
384390028
384394404
384403156
384407532
386004772
386005492
386009148
386017900
386022276
386044156
386048532
386057284
386061660
386122924
386127300
386136052
386140428
386162308
386166684
386175436
386179812
386359228
386359788
386363604
386372356
386376732
386398612
386402988
386411740
386416116
386477380
386481756
386490508
386494884
386516764
386521140
386529892
386534268
387068140
387068380
387072516
387081268
387085644
387107524
387111900
387120652
387125028
387186292
387190668
387199420
387203796
387225676
387230052
387238804
387243180
387422596
387422676
387426972
387435724
387440100
387461980
387466356
387475108
387479484
387540748
387545124
387553876
387558252
387580132
387584508
387593260
387597636
387599824
