0
22204
66612
133468
155428
199108
199836
400404
421876
466284
533872
555100
597324
599508
1201212
1221220
1265628
1334680
1354444
1393756
1398852
1601616
1620892
1665300
1735084
1754116
1791972
1798524
3603636
3619252
3663660
3737104
3752476
3783052
3796884
4004040
4018924
4063332
4137508
4152148
4181268
4196556
4804848
4818268
4862676
4938316
4951492
4977700
4995900
5205252
5217940
5262348
5338720
5351164
5375916
5395572
10810908
10813348
10857756
10944376
10946572
10950940
10990980
11211312
11213020
11257428
11344780
11346244
11349156
11390652
12012120
12012364
12056772
12145588
12189996
12412036
12412524
12456444
12543804
12545260
12545992
12589668
14410396
14414544
14454804
14534884
14543620
14548012
14588028
14810068
14814948
14854476
14933100
14943292
14948416
14987700
15609412
15615756
15653820
15729532
15742636
15749224
15787044
16009084
16016160
16053492
16127748
16142308
16149628
16186716
32395636
32432724
32440044
32454604
32528860
32566192
32573268
32795308
32833128
32839716
32852820
32928532
32966596
32972940
33594652
33633936
33639060
33649252
33727876
33767404
33772284
33994324
34034340
34038732
34047468
34127548
34167808
34171956
35992684
36036360
36037092
36038548
36125908
36169828
36170316
36392356
36436764
36525580
36569988
36570232
37191700
37233196
37236108
37237572
37324924
37369332
37371040
37591372
37631412
37635780
37637976
37724596
37769004
37771444
43186780
43206436
43231188
43243632
43320004
43364412
43377100
43586452
43604652
43630860
43644036
43719676
43764084
43777504
44385796
44401084
44430204
44444844
44519020
44563428
44578312
44785468
44799300
44829876
44845248
44918692
44963100
44978716
46783828
46790380
46828236
46847268
46917052
46961460
46980736
47183500
47188596
47227908
47247672
47316724
47361132
47381140
47982844
47985028
48027252
48048480
48116068
48160476
48181948
48382516
48383244
48426924
48448884
48515740
48560148
48582352
