0
266936
400160
800808
1067744
1200480
2402424
2669360
2801120
3203232
3470168
3588320
3601440
7207272
7474208
7603040
8008080
8275016
8403360
9609696
9876632
10004000
10410504
10677440
10764960
10804320
21621816
21888752
22008800
22422624
22689560
22809120
24024240
24291176
24409760
24825048
25091984
25118240
25210080
28829088
29096024
29211680
29629896
29896832
30012000
31231512
31498448
31612640
32032320
32294880
32299256
32412960
64865448
65132384
65226080
65666256
65933192
66026400
67267872
67534808
67627040
68068680
68178080
68335616
68427360
72072720
72339656
72428960
72873528
73140464
73229280
74475144
74742080
74829920
75275952
75354720
75542888
75630240
86487264
86754200
86834720
87288072
87555008
87635040
88889688
89156624
89235680
89690496
89708000
89957432
90036000
93694536
93961472
94037600
94495344
94762280
94837920
96096960
96363896
96438560
96884640
96897768
97164704
97238880
194596344
194863280
194877920
195397152
195664088
195678240
196998768
197265704
197278880
197357600
197799576
198066512
198079200
201803616
202070552
202080800
202604424
202871360
202881120
204206040
204472976
204481760
204534240
205006848
205273784
205282080
216218160
216485096
216486560
217018968
217285904
217286880
218620584
218887520
219421392
219687840
219688328
223425432
223689440
223692368
224226240
224489760
224493176
225827856
226064160
226090400
226094792
226628664
226890720
226895600
259461792
259703840
259728728
260262600
260504160
260529536
261864216
261947360
262104800
262131152
262665024
262905120
262931960
266669064
266906720
266936000
267469872
267707040
267736808
269071488
269124000
269307680
269338424
269872296
270108000
270139232
281083608
281312480
281350544
281884416
282112800
282151352
283477280
283486032
283713440
283752968
284286840
284513760
284553776
288290880
288515360
288557816
289091688
289315680
289358624
290653920
290693304
290916320
290960240
291494112
291716640
291761048
583789032
583833440
584055968
584589840
584633760
584856776
584896160
586191456
586234400
586458392
586992264
587034720
587259200
590996304
591036320
591263240
591797112
591836640
592064048
592072800
593398728
593437280
593665664
594199536
594237600
594466472
605410848
605442080
605677784
606211656
606242400
606426080
606478592
607813272
607843040
608080208
608614080
608643360
608881016
612618120
612644960
612885056
613418928
613445280
613602720
613685864
615020544
615045920
615287480
615821352
615846240
616088288
648654480
648659360
648921416
649455288
649459680
649485920
649722224
651056904
651060320
651323840
651857712
651860640
652124648
655861752
655862240
656128688
656662560
656929496
658263200
658264176
658531112
659063520
659064984
659331920
670268000
670276296
670543232
671015840
671068320
671077104
671344040
672668960
672678720
672945656
673469280
673479528
673746464
677470880
677483568
677750504
678192480
678271200
678284376
678551312
679871840
679885992
680152928
680672160
680686800
680953736
778311200
778385376
778652312
778665440
779111520
779186184
779453120
780712160
780787800
781054736
781512480
781588608
781855544
785514080
785592648
785842080
785859584
786314400
786393456
786660392
787915040
787995072
788262008
788715360
788795880
789062816
799919840
800007192
800195360
800274128
800720160
800808000
801074936
802320800
802409616
802676552
803121120
803210424
803477360
807122720
807214464
807372000
807481400
807923040
808015272
808282208
809523680
809616888
809883824
810324000
810417696
810684632
843137120
843250824
843255200
843517760
843937440
844051632
844318568
845538080
845653248
845920184
846338400
846454056
846720992
850340000
850431840
850458096
850725032
851140320
851258904
851525840
852740960
852860520
853127456
853541280
853661328
853928264
864745760
864785120
864872640
865139576
865546080
865673448
865940384
867146720
867275064
867542000
867947040
868075872
868342808
871948640
871961760
872079912
872346848
872748960
872880720
873147656
874349600
874482336
874749272
875149920
875283144
875550080
