0
2440
7320
17080
21960
46360
51240
61000
65880
134200
139080
148840
153720
178120
183000
192760
196840
197640
397720
402600
412360
417240
441640
446520
456280
461160
529480
534360
544120
549000
573400
578280
588040
590520
592920
1188280
1193160
1200724
1202920
1207800
1232200
1237080
1246840
1251720
1320040
1324920
1334680
1339560
1363960
1368840
1377880
1378600
1383480
1583560
1588440
1598200
1603080
1627480
1632360
1642120
1647000
1715320
1720200
1729960
1734840
1759240
1764120
1771560
1773880
1778760
3559960
3564840
3574600
3579480
3602172
3603880
3608760
3618520
3623400
3691720
3696600
3706360
3711240
3735640
3739960
3740520
3750280
3755160
3955240
3960120
3969880
3974760
3999160
4004040
4013800
4018680
4087000
4091880
4101640
4106520
4130920
4133640
4135800
4145560
4150440
4745800
4750680
4760440
4765320
4789720
4794600
4802896
4804360
4809240
4877560
4882440
4892200
4897080
4921000
4921480
4926360
4936120
4941000
5141080
5145960
5155720
5160600
5185000
5189880
5199640
5204520
5272840
5277720
5287480
5292360
5314680
5316760
5321640
5331400
5336280
10675000
10679880
10689640
10694520
10718920
10723800
10733560
10738440
10806516
10806760
10811640
10821400
10826200
10826280
10850680
10855560
10865320
10870200
11070280
11075160
11084920
11089800
11114200
11119080
11128840
11133720
11202040
11206920
11216680
11219880
11221560
11245960
11250840
11260600
11265480
11860840
11865720
11875480
11880360
11904760
11909640
11919400
11924280
11992600
11997480
12007240
12012120
12036520
12041400
12051160
12056040
12256120
12261000
12270760
12275640
12300040
12304920
12314680
12319560
12387880
12392760
12400920
12402520
12407400
12431800
12436680
12446440
12451320
14232520
14237400
14247160
14252040
14276440
14281320
14291080
14295960
14364280
14369160
14369320
14378920
14383800
14408200
14408688
14413080
14422840
14427720
14627800
14632680
14642440
14647320
14671720
14676600
14686360
14691240
14759560
14763000
14764440
14774200
14779080
14803480
14808360
14818120
14823000
15418360
15423240
15433000
15437880
15462280
15467160
15476920
15481800
15550120
15550360
15555000
15564760
15569640
15594040
15598920
15608680
15609412
15613560
15813640
15818520
15828280
15833160
15857560
15862440
15872200
15877080
15944040
15945400
15950280
15960040
15964920
15989320
15994200
16003960
16008840
32020120
32025000
32034760
32039640
32064040
32068920
32078680
32083560
32084920
32151880
32156760
32166520
32171400
32195800
32200680
32210440
32215320
32415400
32419548
32420280
32430040
32434920
32459320
32464200
32473960
32478600
32478840
32547160
32552040
32561800
32566680
32591080
32595960
32605720
32610600
33205960
33210840
33220600
33225480
33249880
33254760
33264520
33265960
33269400
33337720
33342600
33352360
33357240
33381640
33386520
33396280
33401160
33601240
33606120
33615880
33620272
33620760
33645160
33650040
33659640
33659800
33664680
33733000
33737880
33747640
33752520
33776920
33781800
33791560
33796440
35577640
35582520
35592280
35597160
35621560
35626440
35628040
35636200
35641080
35709400
35714280
35724040
35728920
35753320
35758200
35767960
35772840
35972920
35977800
35987560
35992440
36016840
36021720
36031480
36036360
36104680
36109560
36119320
36124200
36148600
36153480
36163240
36168120
36763480
36768360
36778120
36783000
36807400
36809080
36812280
36822040
36826920
36895240
36900120
36909880
36914760
36939160
36944040
36953800
36958680
37158760
37163640
37173400
37178280
37202680
37202760
37207560
37217320
37222200
37222444
37290520
37295400
37305160
37310040
37334440
37339320
37349080
37353960
42692680
42697560
42707320
42712200
42714280
42736600
42741480
42751240
42756120
42824440
42829320
42839080
42843960
42868360
42873240
42883000
42887880
43087960
43092840
43102600
43107480
43107960
43131880
43136760
43146520
43151400
43219720
43224600
43226064
43234360
43239240
43263640
43268520
43278280
43283160
43878520
43883400
43893160
43895320
43898040
43922440
43927320
43937080
43941960
44010280
44015160
44024920
44029800
44054200
44059080
44068840
44073720
44273800
44278680
44288440
44289000
44293320
44317720
44322600
44332360
44337240
44405560
44410440
44420200
44425080
44426788
44449480
44454360
44464120
44469000
46250200
46255080
46257400
46264840
46269720
46294120
46299000
46308760
46313640
46381960
46386840
46396600
46401480
46425880
46430760
46440520
46445400
46645480
46650360
46651080
46660120
46665000
46689400
46694280
46704040
46708920
46777240
46782120
46791880
46796760
46821160
46826040
46828236
46835800
46840680
47436040
47438440
47440920
47450680
47455560
47479960
47484840
47494600
47499480
47567800
47572680
47582440
47587320
47611720
47616600
47626360
47631240
47831320
47832120
47836200
47845960
47850840
47875240
47880120
47889880
47894760
47963080
47967960
47977720
47982600
48007000
48011880
48021640
48026520
48028960
