0
154321
308642
462963
925926
1080247
1234568
1388889
2777778
2932099
3086420
3240741
3703704
3858025
4012346
4166667
8333334
8487655
8641976
8796297
9259260
9413581
9567902
9722223
11111112
11265433
11419754
11574075
12037038
12191359
12345680
12500001
25000002
25154323
25308644
25462965
25925928
26080249
26234570
26388891
27777780
27932101
28086422
28240743
28703706
28858027
29012348
29166669
33333336
33487657
33641978
33796299
34259262
34413583
34567904
34722225
36111114
36265435
36419756
36574077
37037040
37191361
37345682
37500003
75000006
75154327
75308648
75462969
75925932
76080253
76234574
76388895
77777784
77932105
78086426
78240747
78703710
78858031
79012352
79166673
83333340
83487661
83641982
83796303
84259266
84413587
84567908
84722229
86111118
86265439
86419760
86574081
87037044
87191365
87345686
87500007
100000008
100154329
100308650
100462971
100925934
101080255
101234576
101388897
102777786
102932107
103086428
103240749
103703712
103858033
104012354
104166675
108333342
108487663
108641984
108796305
109259268
109413589
109567910
109722231
111111120
111265441
111419762
111574083
112037046
112191367
112345688
112500009
225000018
225154339
225308660
225462981
225925944
226080265
226234586
226388907
227777796
227932117
228086438
228240759
228703722
228858043
229012364
229166685
233333352
233487673
233641994
233796315
234259278
234413599
234567920
234722241
236111130
236265451
236419772
236574093
237037056
237191377
237345698
237500019
250000020
250154341
250308662
250462983
250925946
251080267
251234588
251388909
252777798
252932119
253086440
253240761
253703724
253858045
254012366
254166687
258333354
258487675
258641996
258796317
259259280
259413601
259567922
259722243
261111132
261265453
261419774
261574095
262037058
262191379
262345700
262500021
300000024
300154345
300308666
300462987
300925950
301080271
301234592
301388913
302777802
302932123
303086444
303240765
303703728
303858049
304012370
304166691
308333358
308487679
308642000
308796321
309259284
309413605
309567926
309722247
311111136
311265457
311419778
311574099
312037062
312191383
312345704
312500025
325000026
325154347
325308668
325462989
325925952
326080273
326234594
326388915
327777804
327932125
328086446
328240767
328703730
328858051
329012372
329166693
333333360
333487681
333642002
333796323
334259286
334413607
334567928
334722249
336111138
336265459
336419780
336574101
337037064
337191385
337345706
337500027
