0
28418
85254
113672
255762
284180
341016
369434
767286
767624
795704
852540
880958
1023048
1051466
1108302
1136720
2301858
2302872
2330276
2387112
2415530
2557620
2586038
2642874
2671292
3069144
3070496
3097562
3154398
3182816
3324906
3353324
3410160
3438578
6905574
6908616
6933992
6990828
7019246
7161336
7189754
7246590
7275008
7672860
7676240
7701278
7758114
7786532
7928622
7957040
8013876
8042294
9207432
9211488
9235850
9292686
9321104
9463194
9491612
9548448
9576866
9974718
9979112
10003136
10059972
10088390
10230480
10258898
10315734
10344152
20716722
20725848
20745140
20801976
20830394
20972484
21000902
21057738
21086156
21484008
21493472
21512426
21569262
21597680
21739770
21768188
21825024
21853442
23018580
23028720
23046998
23103834
23132252
23274342
23302760
23359596
23388014
23785866
23796344
23814284
23871120
23899538
24041628
24070046
24126882
24155300
27622296
27634464
27650714
27707550
27735968
27878058
27906476
27963312
27991730
28389582
28402088
28418000
28474836
28503254
28645344
28673762
28730598
28759016
29924154
29937336
29952572
30009408
30037826
30179916
30208334
30265170
30293588
30691440
30704960
30719858
30776694
30805112
30947202
30975620
31032456
31060874
62150166
62177544
62178584
62235420
62263838
62405928
62434346
62491182
62519600
62917452
62945168
62945870
63002706
63031124
63173214
63201632
63258468
63286886
64452024
64480416
64480442
64537278
64539464
64565696
64707786
64736204
64793040
64821458
65219310
65247728
65248040
65304564
65332982
65475072
65503490
65560326
65588744
69055740
69084158
69086160
69140994
69169412
69311502
69339920
69396756
69425174
69823026
69851444
69853784
69908280
69936698
70078788
70107206
70164042
70192460
71357598
71386016
71389032
71442852
71471270
71613360
71641778
71698614
71727032
72124884
72153302
72156656
72210138
72238556
72380646
72409064
72465900
72494318
82866888
82895306
82903392
82952142
82980560
83122650
83151068
83207904
83236322
83634174
83662592
83671016
83719428
83747846
83889936
83918354
83975190
84003608
85168746
85197164
85206264
85254000
85282418
85424508
85452926
85509762
85538180
85936032
85964450
85973888
86021286
86049704
86191794
86220212
86277048
86305466
89772462
89800880
89812008
89857716
89886134
90028224
90056642
90113478
90141896
90539748
90568166
90579632
90625002
90653420
90795510
90823928
90880764
90909182
92074320
92102738
92114880
92159574
92187992
92330082
92358500
92415336
92443754
92841606
92870024
92882504
92926860
92955278
93097368
93125786
93182622
93211040
186450498
186478916
186532632
186535752
186564170
186706260
186734678
186791514
186819932
187217784
187246202
187300256
187303038
187331456
187473546
187501964
187558800
187587218
188752356
188780774
188835504
188837610
188866028
189008118
189036536
189093372
189121790
189519642
189548060
189603128
189604896
189633314
189775404
189803822
189860658
189889076
193356072
193384490
193441248
193441326
193469744
193611834
193618392
193640252
193697088
193725506
194123358
194151776
194208612
194208872
194237030
194379120
194407538
194464374
194492792
195657930
195686348
195743184
195744120
195771602
195913692
195942110
195998946
196027364
196425216
196453634
196510470
196511744
196538888
196680978
196709396
196766232
196794650
207167220
207195638
207252474
207258480
207280892
207422982
207451400
207508236
207536654
207934506
207962924
208019760
208026104
208048178
208190268
208218686
208275522
208303940
209469078
209497496
209554332
209561352
209582750
209724840
209753258
209810094
209838512
210236364
210264782
210321618
210328976
210350036
210492126
210520544
210577380
210605798
214072794
214101212
214158048
214167096
214186466
214328556
214356974
214413810
214442228
214840080
214868498
214925334
214934720
214953752
215095842
215124260
215181096
215209514
216374652
216403070
216459906
216469968
216488324
216630414
216658832
216715668
216744086
217141938
217170356
217227192
217237592
217255610
217397700
217426118
217482954
217511372
248600664
248629082
248685918
248710176
248714336
248856426
248884844
248941680
248970098
249367950
249396368
249453204
249477800
249481622
249623712
249652130
249708966
249737384
250902522
250930940
250987776
251013048
251016194
251158284
251186702
251243538
251271956
251669808
251698226
251755062
251780672
251783480
251925570
251953988
252010824
252039242
255506238
255534656
255591492
255618792
255619910
255762000
255790418
255847254
255875672
256273524
256301942
256358778
256386416
256387196
256529286
256557704
256614540
256642958
257808096
257836514
257893350
257921664
257921768
258063858
258092276
258149112
258157856
258177530
258575382
258603800
258660636
258689054
258689288
258831144
258859562
258916398
258944816
269317386
269345804
269402640
269431058
269436024
269573148
269601566
269658402
269686820
270084672
270113090
270169926
270198344
270203648
270340434
270368852
270425688
270454106
271619244
271647662
271704498
271732916
271738896
271875006
271903424
271960260
271988678
272386530
272414948
272471784
272500202
272506520
272642292
272670710
272727546
272755964
276222960
276251378
276308214
276336632
276344640
276478722
276507140
276563976
276592394
276990246
277018664
277075500
277103918
277112264
277246008
277274426
277331262
277359680
278524818
278553236
278610072
278638490
278647512
278780580
278808998
278865834
278894252
279292104
279320522
279377358
279405776
279415136
279547866
279576284
279633120
279661538
559351494
559379912
559436748
559465166
559597896
559607256
559635674
559692510
559720928
560118780
560147198
560204034
560232452
560365520
560374542
560402960
560459796
560488214
561653352
561681770
561738606
561767024
561900768
561909114
561937532
561994368
562022786
562420638
562449056
562505892
562534310
562668392
562676400
562704818
562761654
562790072
566257068
566285486
566342322
566370740
566506512
566512830
566541248
566598084
566626502
567024354
567052772
567109608
567138026
567274136
567280116
567308534
567365370
567393788
568558926
568587344
568644180
568672598
568809384
568814688
568843106
568899942
568928360
569326212
569354630
569411466
569439884
569577008
569581974
569610392
569667228
569695646
580068216
580096634
580153470
580181888
580323744
580323978
580352396
580409232
580437650
580835502
580855176
580863920
580920756
580949174
581091264
581091368
581119682
581176518
581204936
582370074
582398492
582455328
582483746
582625836
582626616
582654254
582711090
582739508
583137360
583165778
583222614
583251032
583393122
583394240
583421540
583478376
583506794
586973790
587002208
587059044
587087462
587229552
587232360
587257970
587314806
587343224
587741076
587769494
587826330
587854748
587996838
587999984
588025256
588082092
588110510
589275648
589304066
589360902
589389320
589531410
589535232
589559828
589616664
589645082
590042934
590071352
590128188
590156606
590298696
590302856
590327114
590383950
590412368
621501660
621530078
621586914
621615332
621757422
621775440
621785840
621842676
621871094
622268946
622297364
622354200
622382618
622524708
622543064
622553126
622609962
622638380
623803518
623831936
623888772
623917190
624059280
624078312
624087698
624144534
624172952
624570804
624599222
624656058
624684476
624826566
624845936
624854984
624911820
624940238
628407234
628435652
628492488
628520906
628662996
628684056
628691414
628748250
628776668
629174520
629202938
629259774
629288192
629430282
629451680
629458700
629515536
629543954
630709092
630737510
630794346
630822764
630964854
630986928
630993272
631050108
631078526
631476378
631504796
631561632
631590050
631732140
631754552
631760558
631817394
631845812
642218382
642246800
642303636
642332054
642474144
642501288
642502562
642559398
642587816
642985668
643014086
643070922
643099340
643241430
643268912
643269848
643326684
643355102
644520240
644548658
644605494
644633912
644776002
644804160
644804420
644861256
644889674
645287526
645315944
645372780
645394640
645401198
645543288
645571706
645571784
645628542
645656960
649123956
649152374
649209210
649237628
649379718
649408136
649409904
649464972
649493390
649891242
649919660
649976496
650004914
650147004
650175422
650177528
650232258
650260676
651425814
651454232
651511068
651539486
651681576
651709994
651712776
651766830
651795248
652193100
652221518
652278354
652306772
652448862
652477280
652480400
652534116
652562534
745801992
745830410
745887246
745915664
746057754
746086172
746130528
746143008
746171426
746569278
746597696
746654532
746682950
746825040
746853458
746898152
746910294
746938712
748103850
748132268
748189104
748217522
748359612
748388030
748433400
748444866
748473284
748871136
748899554
748956390
748984808
749126898
749155316
749201024
749212152
749240570
752707566
752735984
752792820
752821238
752963328
752991746
753039144
753048582
753077000
753474852
753503270
753560106
753588524
753730614
753759032
753806768
753815868
753844286
755009424
755037842
755094678
755123096
755265186
755293604
755342016
755350440
755378858
755776710
755805128
755861964
755890382
756032472
756060890
756109640
756117726
756146144
766518714
766547132
766603968
766632386
766774476
766802894
766856376
766859730
766888148
767286000
767314418
767371254
767399672
767541762
767570180
767624000
767627016
767655434
768820572
768848990
768905826
768934244
769076334
769104752
769159248
769161588
769190006
769587858
769616276
769673112
769701530
769843620
769872038
769926872
769928874
769957292
773424288
773452706
773509542
773537960
773680050
773708468
773764992
773765304
773793722
774191574
774219992
774276828
774305246
774447336
774473568
774475754
774532590
774532616
774561008
775726146
775754564
775811400
775839818
775981908
776010326
776067162
776067864
776095580
776493432
776521850
776578686
776607104
776749194
776777612
776834448
776835488
776862866
807952158
807980576
808037412
808065830
808207920
808236338
808293174
808308072
808321592
808719444
808747862
808804698
808833116
808975206
809003624
809060460
809075696
809088878
810254016
810282434
810339270
810367688
810509778
810538196
810595032
810610944
810623450
811021302
811049720
811106556
811134974
811277064
811305482
811362318
811378568
811390736
814857732
814886150
814942986
814971404
815113494
815141912
815198748
815216688
815227166
815625018
815653436
815710272
815738690
815880780
815909198
815966034
815984312
815994452
817159590
817188008
817244844
817273262
817415352
817443770
817500606
817519560
817529024
817926876
817955294
818012130
818040548
818182638
818211056
818267892
818287184
818296310
828668880
828697298
828754134
828782552
828924642
828953060
829009896
829033920
829038314
829436166
829464584
829521420
829549838
829691928
829720346
829777182
829801544
829805600
830970738
830999156
831055992
831084410
831226500
831254918
831311754
831336792
831340172
831738024
831766442
831823278
831851696
831993786
832022204
832079040
832104416
832107458
835574454
835602872
835659708
835688126
835830216
835858634
835915470
835942536
835943888
836341740
836370158
836426994
836455412
836597502
836625920
836682756
836710160
836711174
837876312
837904730
837961566
837989984
838132074
838160492
838217328
838245408
838245746
838643598
838672016
838728852
838757270
838899360
838927778
838984614
839013032
