0
1
2
3
6
7
8
9
18
19
20
21
24
25
26
27
54
55
56
57
60
61
62
63
72
73
74
75
78
79
80
81
162
163
164
165
168
169
170
171
180
181
182
183
186
187
188
189
216
217
218
219
222
223
224
225
234
235
236
237
240
241
242
243
486
487
488
489
492
493
494
495
504
505
506
507
510
511
512
513
540
541
542
543
546
547
548
549
558
559
560
561
564
565
566
567
648
649
650
651
654
655
656
657
666
667
668
669
672
673
674
675
702
703
704
705
708
709
710
711
720
721
722
723
726
727
728
729
1458
1459
1460
1461
1464
1465
1466
1467
1476
1477
1478
1479
1482
1483
1484
1485
1512
1513
1514
1515
1518
1519
1520
1521
1530
1531
1532
1533
1536
1537
1538
1539
1620
1621
1622
1623
1626
1627
1628
1629
1638
1639
1640
1641
1644
1645
1646
1647
1674
1675
1676
1677
1680
1681
1682
1683
1692
1693
1694
1695
1698
1699
1700
1701
1944
1945
1946
1947
1950
1951
1952
1953
1962
1963
1964
1965
1968
1969
1970
1971
1998
1999
2000
2001
2004
2005
2006
2007
2016
2017
2018
2019
2022
2023
2024
2025
2106
2107
2108
2109
2112
2113
2114
2115
2124
2125
2126
2127
2130
2131
2132
2133
2160
2161
2162
2163
2166
2167
2168
2169
2178
2179
2180
2181
2184
2185
2186
2187
4374
4375
4376
4377
4380
4381
4382
4383
4392
4393
4394
4395
4398
4399
4400
4401
4428
4429
4430
4431
4434
4435
4436
4437
4446
4447
4448
4449
4452
4453
4454
4455
4536
4537
4538
4539
4542
4543
4544
4545
4554
4555
4556
4557
4560
4561
4562
4563
4590
4591
4592
4593
4596
4597
4598
4599
4608
4609
4610
4611
4614
4615
4616
4617
4860
4861
4862
4863
4866
4867
4868
4869
4878
4879
4880
4881
4884
4885
4886
4887
4914
4915
4916
4917
4920
4921
4922
4923
4932
4933
4934
4935
4938
4939
4940
4941
5022
5023
5024
5025
5028
5029
5030
5031
5040
5041
5042
5043
5046
5047
5048
5049
5076
5077
5078
5079
5082
5083
5084
5085
5094
5095
5096
5097
5100
5101
5102
5103
5832
5833
5834
5835
5838
5839
5840
5841
5850
5851
5852
5853
5856
5857
5858
5859
5886
5887
5888
5889
5892
5893
5894
5895
5904
5905
5906
5907
5910
5911
5912
5913
5994
5995
5996
5997
6000
6001
6002
6003
6012
6013
6014
6015
6018
6019
6020
6021
6048
6049
6050
6051
6054
6055
6056
6057
6066
6067
6068
6069
6072
6073
6074
6075
6318
6319
6320
6321
6324
6325
6326
6327
6336
6337
6338
6339
6342
6343
6344
6345
6372
6373
6374
6375
6378
6379
6380
6381
6390
6391
6392
6393
6396
6397
6398
6399
6480
6481
6482
6483
6486
6487
6488
6489
6498
6499
6500
6501
6504
6505
6506
6507
6534
6535
6536
6537
6540
6541
6542
6543
6552
6553
6554
6555
6558
6559
6560
6561
13122
13123
13124
13125
13128
13129
13130
13131
13140
13141
13142
13143
13146
13147
13148
13149
13176
13177
13178
13179
13182
13183
13184
13185
13194
13195
13196
13197
13200
13201
13202
13203
13284
13285
13286
13287
13290
13291
13292
13293
13302
13303
13304
13305
13308
13309
13310
13311
13338
13339
13340
13341
13344
13345
13346
13347
13356
13357
13358
13359
13362
13363
13364
13365
13608
13609
13610
13611
13614
13615
13616
13617
13626
13627
13628
13629
13632
13633
13634
13635
13662
13663
13664
13665
13668
13669
13670
13671
13680
13681
13682
13683
13686
13687
13688
13689
13770
13771
13772
13773
13776
13777
13778
13779
13788
13789
13790
13791
13794
13795
13796
13797
13824
13825
13826
13827
13830
13831
13832
13833
13842
13843
13844
13845
13848
13849
13850
13851
14580
14581
14582
14583
14586
14587
14588
14589
14598
14599
14600
14601
14604
14605
14606
14607
14634
14635
14636
14637
14640
14641
14642
14643
14652
14653
14654
14655
14658
14659
14660
14661
14742
14743
14744
14745
14748
14749
14750
14751
14760
14761
14762
14763
14766
14767
14768
14769
14796
14797
14798
14799
14802
14803
14804
14805
14814
14815
14816
14817
14820
14821
14822
14823
15066
15067
15068
15069
15072
15073
15074
15075
15084
15085
15086
15087
15090
15091
15092
15093
15120
15121
15122
15123
15126
15127
15128
15129
15138
15139
15140
15141
15144
15145
15146
15147
15228
15229
15230
15231
15234
15235
15236
15237
15246
15247
15248
15249
15252
15253
15254
15255
15282
15283
15284
15285
15288
15289
15290
15291
15300
15301
15302
15303
15306
15307
15308
15309
17496
17497
17498
17499
17502
17503
17504
17505
17514
17515
17516
17517
17520
17521
17522
17523
17550
17551
17552
17553
17556
17557
17558
17559
17568
17569
17570
17571
17574
17575
17576
17577
17658
17659
17660
17661
17664
17665
17666
17667
17676
17677
17678
17679
17682
17683
17684
17685
17712
17713
17714
17715
17718
17719
17720
17721
17730
17731
17732
17733
17736
17737
17738
17739
17982
17983
17984
17985
17988
17989
17990
17991
18000
18001
18002
18003
18006
18007
18008
18009
18036
18037
18038
18039
18042
18043
18044
18045
18054
18055
18056
18057
18060
18061
18062
18063
18144
18145
18146
18147
18150
18151
18152
18153
18162
18163
18164
18165
18168
18169
18170
18171
18198
18199
18200
18201
18204
18205
18206
18207
18216
18217
18218
18219
18222
18223
18224
18225
18954
18955
18956
18957
18960
18961
18962
18963
18972
18973
18974
18975
18978
18979
18980
18981
19008
19009
19010
19011
19014
19015
19016
19017
19026
19027
19028
19029
19032
19033
19034
19035
19116
19117
19118
19119
19122
19123
19124
19125
19134
19135
19136
19137
19140
19141
19142
19143
19170
19171
19172
19173
19176
19177
19178
19179
19188
19189
19190
19191
19194
19195
19196
19197
19440
19441
19442
19443
19446
19447
19448
19449
19458
19459
19460
19461
19464
19465
19466
19467
19494
19495
19496
19497
19500
19501
19502
19503
19512
19513
19514
19515
19518
19519
19520
19521
19602
19603
19604
19605
19608
19609
19610
19611
19620
19621
19622
19623
19626
19627
19628
19629
19656
19657
19658
19659
19662
19663
19664
19665
19674
19675
19676
19677
19680
19681
19682
19683
