0
71060
213180
284240
639540
646646
710600
852720
859826
923780
1918620
1939938
1989680
2010998
2131800
2202860
2558160
2565266
2579478
2586584
2629220
2650538
2771340
2778446
2842400
5755860
5819814
5826920
5969040
6032994
6040100
6395400
6466460
6608580
6679640
7674480
7695798
7738434
7745540
7759752
7766858
7887660
7951614
7958720
8314020
8335338
8385080
8406398
8527200
8598260
17267580
17338640
17459442
17480760
17530502
17551820
17907120
17914226
17978180
18098982
18106088
18120300
18127406
18170042
18191360
19186200
19257260
19399380
19470440
19825740
19832846
19896800
20038920
20046026
20109980
23023440
23087394
23094500
23215302
23236620
23279256
23286362
23300574
23307680
23662980
23734040
23854842
23876160
23925902
23947220
24942060
25006014
25013120
25155240
25219194
25226300
25581600
25652660
25794780
25865840
51731680
51802740
51944860
52015920
52371220
52378326
52442280
52584400
52591506
52655460
53650300
53671618
53721360
53742678
53863480
53934540
54289840
54296946
54311158
54318264
54360900
54382218
54503020
54510126
54574080
57487540
57551494
57558600
57700720
57764674
57771780
58127080
58198140
58340260
58411320
59406160
59427478
59470114
59477220
59491432
59498538
59619340
59683294
59690400
60045700
60067018
60116760
60138078
60258880
60329940
68999260
69070320
69191122
69212440
69262182
69283500
69638800
69645906
69709860
69830662
69837768
69851980
69859086
69901722
69923040
70917880
70988940
71131060
71202120
71557420
71564526
71628480
71770600
71777706
71841660
74755120
74819074
74826180
74946982
74968300
75010936
75018042
75032254
75039360
75394660
75465720
75586522
75607840
75657582
75678900
76673740
76737694
76744800
76886920
76950874
76957980
77313280
77384340
77526460
77597520
155195040
155266100
155408220
155479280
155834580
155841686
155905640
156047760
156054866
156118820
157113660
157134978
157184720
157206038
157326840
157397900
157753200
157760306
157774518
157781624
157824260
157845578
157966380
157973486
158037440
160950900
161014854
161021960
161164080
161228034
161235140
161590440
161661500
161803620
161874680
162869520
162890838
162933474
162940580
162954792
162961898
163082700
163146654
163153760
163509060
163530378
163580120
163601438
163722240
163793300
172462620
172533680
172654482
172675800
172725542
172746860
173102160
173109266
173173220
173294022
173301128
173315340
173322446
173365082
173386400
174381240
174452300
174594420
174665480
175020780
175027886
175091840
175233960
175241066
175305020
178218480
178282434
178289540
178410342
178431660
178474296
178481402
178495614
178502720
178858020
178929080
179049882
179071200
179120942
179142260
180137100
180201054
180208160
180350280
180414234
180421340
180776640
180847700
180989820
181060880
206926720
206997780
207139900
207210960
207566260
207573366
207637320
207779440
207786546
207850500
208845340
208866658
208916400
208937718
209058520
209129580
209484880
209491986
209506198
209513304
209555940
209577258
209698060
209705166
209769120
212682580
212746534
212753640
212895760
212959714
212966820
213322120
213393180
213535300
213606360
214601200
214622518
214665154
214672260
214686472
214693578
214814380
214878334
214885440
215240740
215262058
215311800
215333118
215453920
215524980
224194300
224265360
224386162
224407480
224457222
224478540
224833840
224840946
224904900
225025702
225032808
225047020
225054126
225096762
225118080
226112920
226183980
226326100
226397160
226752460
226759566
226823520
226965640
226972746
227036700
229950160
230014114
230021220
230142022
230163340
230205976
230213082
230227294
230234400
230589700
230660760
230781562
230802880
230852622
230873940
231868780
231932734
231939840
232081960
232145914
232153020
232508320
232579380
232721500
232792560
