0
1084
3252
4336
9756
10840
13008
14092
29268
30352
32520
33604
39024
40108
42276
43360
87804
88888
91056
92140
97560
98644
100812
101896
117072
118156
120324
121408
126828
127912
130080
131164
263412
264496
266664
267748
273168
274252
276420
277504
292680
293764
295932
297016
302436
303520
305688
306772
351216
352300
354468
355552
360972
362056
364224
365308
380484
381568
383736
384820
390240
391324
393492
394576
790236
791320
793488
794572
799992
801076
803244
804328
819504
820588
822756
823840
829260
830344
832512
833596
878040
879124
881292
882376
887796
888880
891048
892132
907308
908392
910560
911644
917064
918148
920316
921400
1053648
1054732
1056900
1057984
1063404
1064488
1066656
1067740
1082916
1084000
1086168
1087252
1092672
1093756
1095924
1097008
1141452
1142536
1144704
1145788
1151208
1152292
1154460
1155544
1170720
1171804
1173972
1175056
1180476
1181560
1183728
1184812
2370708
2371792
2373960
2375044
2380464
2381548
2383716
2384800
2399976
2401060
2403228
2404312
2409732
2410816
2412984
2414068
2458512
2459596
2461764
2462848
2468268
2469352
2471520
2472604
2487780
2488864
2491032
2492116
2497536
2498620
2500788
2501872
2634120
2635204
2637372
2638456
2643876
2644960
2647128
2648212
2663388
2664472
2666640
2667724
2673144
2674228
2676396
2677480
2721924
2723008
2725176
2726260
2731680
2732764
2734932
2736016
2751192
2752276
2754444
2755528
2760948
2762032
2764200
2765284
3160944
3162028
3164196
3165280
3170700
3171784
3173952
3175036
3190212
3191296
3193464
3194548
3199968
3201052
3203220
3204304
3248748
3249832
3252000
3253084
3258504
3259588
3261756
3262840
3278016
3279100
3281268
3282352
3287772
3288856
3291024
3292108
3424356
3425440
3427608
3428692
3434112
3435196
3437364
3438448
3453624
3454708
3456876
3457960
3463380
3464464
3466632
3467716
3512160
3513244
3515412
3516496
3521916
3523000
3525168
3526252
3541428
3542512
3544680
3545764
3551184
3552268
3554436
3555520
