0
1
2
3
6
7
8
9
18
19
20
21
24
25
26
27
54
55
56
57
60
61
62
63
72
73
74
75
78
79
80
81
162
163
164
165
168
169
170
171
180
181
182
183
186
187
188
189
216
217
218
219
222
223
224
225
234
235
236
237
240
241
242
243
486
487
488
489
492
493
494
495
504
505
506
507
510
511
512
513
540
541
542
543
546
547
548
549
558
559
560
561
564
565
566
567
648
649
650
651
654
655
656
657
666
667
668
669
672
673
674
675
702
703
704
705
708
709
710
711
720
721
722
723
726
727
728
729
1458
1459
1460
1461
1464
1465
1466
1467
1476
1477
1478
1479
1482
1483
1484
1485
1512
1513
1514
1515
1518
1519
1520
1521
1530
1531
1532
1533
1536
1537
1538
1539
1620
1621
1622
1623
1626
1627
1628
1629
1638
1639
1640
1641
1644
1645
1646
1647
1674
1675
1676
1677
1680
1681
1682
1683
1692
1693
1694
1695
1698
1699
1700
1701
1944
1945
1946
1947
1950
1951
1952
1953
1962
1963
1964
1965
1968
1969
1970
1971
1998
1999
2000
2001
2004
2005
2006
2007
2016
2017
2018
2019
2022
2023
2024
2025
2106
2107
2108
2109
2112
2113
2114
2115
2124
2125
2126
2127
2130
2131
2132
2133
2160
2161
2162
2163
2166
2167
2168
2169
2178
2179
2180
2181
2184
2185
2186
2187
4374
4375
4376
4377
4380
4381
4382
4383
4392
4393
4394
4395
4398
4399
4400
4401
4428
4429
4430
4431
4434
4435
4436
4437
4446
4447
4448
4449
4452
4453
4454
4455
4536
4537
4538
4539
4542
4543
4544
4545
4554
4555
4556
4557
4560
4561
4562
4563
4590
4591
4592
4593
4596
4597
4598
4599
4608
4609
4610
4611
4614
4615
4616
4617
4860
4861
4862
4863
4866
4867
4868
4869
4878
4879
4880
4881
4884
4885
4886
4887
4914
4915
4916
4917
4920
4921
4922
4923
4932
4933
4934
4935
4938
4939
4940
4941
5022
5023
5024
5025
5028
5029
5030
5031
5040
5041
5042
5043
5046
5047
5048
5049
5076
5077
5078
5079
5082
5083
5084
5085
5094
5095
5096
5097
5100
5101
5102
5103
5832
5833
5834
5835
5838
5839
5840
5841
5850
5851
5852
5853
5856
5857
5858
5859
5886
5887
5888
5889
5892
5893
5894
5895
5904
5905
5906
5907
5910
5911
5912
5913
5994
5995
5996
5997
6000
6001
6002
6003
6012
6013
6014
6015
6018
6019
6020
6021
6048
6049
6050
6051
6054
6055
6056
6057
6066
6067
6068
6069
6072
6073
6074
6075
6318
6319
6320
6321
6324
6325
6326
6327
6336
6337
6338
6339
6342
6343
6344
6345
6372
6373
6374
6375
6378
6379
6380
6381
6390
6391
6392
6393
6396
6397
6398
6399
6480
6481
6482
6483
6486
6487
6488
6489
6498
6499
6500
6501
6504
6505
6506
6507
6534
6535
6536
6537
6540
6541
6542
6543
6552
6553
6554
6555
6558
6559
6560
6561
13122
13123
13124
13125
13128
13129
13130
13131
13140
13141
13142
13143
13146
13147
13148
13149
13176
13177
13178
13179
13182
13183
13184
13185
13194
13195
13196
13197
13200
13201
13202
13203
13284
13285
13286
13287
13290
13291
13292
13293
13302
13303
13304
13305
13308
13309
13310
13311
13338
13339
13340
13341
13344
13345
13346
13347
13356
13357
13358
13359
13362
13363
13364
13365
13608
13609
13610
13611
13614
13615
13616
13617
13626
13627
13628
13629
13632
13633
13634
13635
13662
13663
13664
13665
13668
13669
13670
13671
13680
13681
13682
13683
13686
13687
13688
13689
13770
13771
13772
13773
13776
13777
13778
13779
13788
13789
13790
13791
13794
13795
13796
13797
13824
13825
13826
13827
13830
13831
13832
13833
13842
13843
13844
13845
13848
13849
13850
13851
14580
14581
14582
14583
14586
14587
14588
14589
14598
14599
14600
14601
14604
14605
14606
14607
14634
14635
14636
14637
14640
14641
14642
14643
14652
14653
14654
14655
14658
14659
14660
14661
14742
14743
14744
14745
14748
14749
14750
14751
14760
14761
14762
14763
14766
14767
14768
14769
14796
14797
14798
14799
14802
14803
14804
14805
14814
14815
14816
14817
14820
14821
14822
14823
15066
15067
15068
15069
15072
15073
15074
15075
15084
15085
15086
15087
15090
15091
15092
15093
15120
15121
15122
15123
15126
15127
15128
15129
15138
15139
15140
15141
15144
15145
15146
15147
15228
15229
15230
15231
15234
15235
15236
15237
15246
15247
15248
15249
15252
15253
15254
15255
15282
15283
15284
15285
15288
15289
15290
15291
15300
15301
15302
15303
15306
15307
15308
15309
17496
17497
17498
17499
17502
17503
17504
17505
17514
17515
17516
17517
17520
17521
17522
17523
17550
17551
17552
17553
17556
17557
17558
17559
17568
17569
17570
17571
17574
17575
17576
17577
17658
17659
17660
17661
17664
17665
17666
17667
17676
17677
17678
17679
17682
17683
17684
17685
17712
17713
17714
17715
17718
17719
17720
17721
17730
17731
17732
17733
17736
17737
17738
17739
17982
17983
17984
17985
17988
17989
17990
17991
18000
18001
18002
18003
18006
18007
18008
18009
18036
18037
18038
18039
18042
18043
18044
18045
18054
18055
18056
18057
18060
18061
18062
18063
18144
18145
18146
18147
18150
18151
18152
18153
18162
18163
18164
18165
18168
18169
18170
18171
18198
18199
18200
18201
18204
18205
18206
18207
18216
18217
18218
18219
18222
18223
18224
18225
18954
18955
18956
18957
18960
18961
18962
18963
18972
18973
18974
18975
18978
18979
18980
18981
19008
19009
19010
19011
19014
19015
19016
19017
19026
19027
19028
19029
19032
19033
19034
19035
19116
19117
19118
19119
19122
19123
19124
19125
19134
19135
19136
19137
19140
19141
19142
19143
19170
19171
19172
19173
19176
19177
19178
19179
19188
19189
19190
19191
19194
19195
19196
19197
19440
19441
19442
19443
19446
19447
19448
19449
19458
19459
19460
19461
19464
19465
19466
19467
19494
19495
19496
19497
19500
19501
19502
19503
19512
19513
19514
19515
19518
19519
19520
19521
19602
19603
19604
19605
19608
19609
19610
19611
19620
19621
19622
19623
19626
19627
19628
19629
19656
19657
19658
19659
19662
19663
19664
19665
19674
19675
19676
19677
19680
19681
19682
19683
39366
39367
39368
39369
39372
39373
39374
39375
39384
39385
39386
39387
39390
39391
39392
39393
39420
39421
39422
39423
39426
39427
39428
39429
39438
39439
39440
39441
39444
39445
39446
39447
39528
39529
39530
39531
39534
39535
39536
39537
39546
39547
39548
39549
39552
39553
39554
39555
39582
39583
39584
39585
39588
39589
39590
39591
39600
39601
39602
39603
39606
39607
39608
39609
39852
39853
39854
39855
39858
39859
39860
39861
39870
39871
39872
39873
39876
39877
39878
39879
39906
39907
39908
39909
39912
39913
39914
39915
39924
39925
39926
39927
39930
39931
39932
39933
40014
40015
40016
40017
40020
40021
40022
40023
40032
40033
40034
40035
40038
40039
40040
40041
40068
40069
40070
40071
40074
40075
40076
40077
40086
40087
40088
40089
40092
40093
40094
40095
40824
40825
40826
40827
40830
40831
40832
40833
40842
40843
40844
40845
40848
40849
40850
40851
40878
40879
40880
40881
40884
40885
40886
40887
40896
40897
40898
40899
40902
40903
40904
40905
40986
40987
40988
40989
40992
40993
40994
40995
41004
41005
41006
41007
41010
41011
41012
41013
41040
41041
41042
41043
41046
41047
41048
41049
41058
41059
41060
41061
41064
41065
41066
41067
41310
41311
41312
41313
41316
41317
41318
41319
41328
41329
41330
41331
41334
41335
41336
41337
41364
41365
41366
41367
41370
41371
41372
41373
41382
41383
41384
41385
41388
41389
41390
41391
41472
41473
41474
41475
41478
41479
41480
41481
41490
41491
41492
41493
41496
41497
41498
41499
41526
41527
41528
41529
41532
41533
41534
41535
41544
41545
41546
41547
41550
41551
41552
41553
43740
43741
43742
43743
43746
43747
43748
43749
43758
43759
43760
43761
43764
43765
43766
43767
43794
43795
43796
43797
43800
43801
43802
43803
43812
43813
43814
43815
43818
43819
43820
43821
43902
43903
43904
43905
43908
43909
43910
43911
43920
43921
43922
43923
43926
43927
43928
43929
43956
43957
43958
43959
43962
43963
43964
43965
43974
43975
43976
43977
43980
43981
43982
43983
44226
44227
44228
44229
44232
44233
44234
44235
44244
44245
44246
44247
44250
44251
44252
44253
44280
44281
44282
44283
44286
44287
44288
44289
44298
44299
44300
44301
44304
44305
44306
44307
44388
44389
44390
44391
44394
44395
44396
44397
44406
44407
44408
44409
44412
44413
44414
44415
44442
44443
44444
44445
44448
44449
44450
44451
44460
44461
44462
44463
44466
44467
44468
44469
45198
45199
45200
45201
45204
45205
45206
45207
45216
45217
45218
45219
45222
45223
45224
45225
45252
45253
45254
45255
45258
45259
45260
45261
45270
45271
45272
45273
45276
45277
45278
45279
45360
45361
45362
45363
45366
45367
45368
45369
45378
45379
45380
45381
45384
45385
45386
45387
45414
45415
45416
45417
45420
45421
45422
45423
45432
45433
45434
45435
45438
45439
45440
45441
45684
45685
45686
45687
45690
45691
45692
45693
45702
45703
45704
45705
45708
45709
45710
45711
45738
45739
45740
45741
45744
45745
45746
45747
45756
45757
45758
45759
45762
45763
45764
45765
45846
45847
45848
45849
45852
45853
45854
45855
45864
45865
45866
45867
45870
45871
45872
45873
45900
45901
45902
45903
45906
45907
45908
45909
45918
45919
45920
45921
45924
45925
45926
45927
52488
52489
52490
52491
52494
52495
52496
52497
52506
52507
52508
52509
52512
52513
52514
52515
52542
52543
52544
52545
52548
52549
52550
52551
52560
52561
52562
52563
52566
52567
52568
52569
52650
52651
52652
52653
52656
52657
52658
52659
52668
52669
52670
52671
52674
52675
52676
52677
52704
52705
52706
52707
52710
52711
52712
52713
52722
52723
52724
52725
52728
52729
52730
52731
52974
52975
52976
52977
52980
52981
52982
52983
52992
52993
52994
52995
52998
52999
53000
53001
53028
53029
53030
53031
53034
53035
53036
53037
53046
53047
53048
53049
53052
53053
53054
53055
53136
53137
53138
53139
53142
53143
53144
53145
53154
53155
53156
53157
53160
53161
53162
53163
53190
53191
53192
53193
53196
53197
53198
53199
53208
53209
53210
53211
53214
53215
53216
53217
53946
53947
53948
53949
53952
53953
53954
53955
53964
53965
53966
53967
53970
53971
53972
53973
54000
54001
54002
54003
54006
54007
54008
54009
54018
54019
54020
54021
54024
54025
54026
54027
54108
54109
54110
54111
54114
54115
54116
54117
54126
54127
54128
54129
54132
54133
54134
54135
54162
54163
54164
54165
54168
54169
54170
54171
54180
54181
54182
54183
54186
54187
54188
54189
54432
54433
54434
54435
54438
54439
54440
54441
54450
54451
54452
54453
54456
54457
54458
54459
54486
54487
54488
54489
54492
54493
54494
54495
54504
54505
54506
54507
54510
54511
54512
54513
54594
54595
54596
54597
54600
54601
54602
54603
54612
54613
54614
54615
54618
54619
54620
54621
54648
54649
54650
54651
54654
54655
54656
54657
54666
54667
54668
54669
54672
54673
54674
54675
56862
56863
56864
56865
56868
56869
56870
56871
56880
56881
56882
56883
56886
56887
56888
56889
56916
56917
56918
56919
56922
56923
56924
56925
56934
56935
56936
56937
56940
56941
56942
56943
57024
57025
57026
57027
57030
57031
57032
57033
57042
57043
57044
57045
57048
57049
57050
57051
57078
57079
57080
57081
57084
57085
57086
57087
57096
57097
57098
57099
57102
57103
57104
57105
57348
57349
57350
57351
57354
57355
57356
57357
57366
57367
57368
57369
57372
57373
57374
57375
57402
57403
57404
57405
57408
57409
57410
57411
57420
57421
57422
57423
57426
57427
57428
57429
57510
57511
57512
57513
57516
57517
57518
57519
57528
57529
57530
57531
57534
57535
57536
57537
57564
57565
57566
57567
57570
57571
57572
57573
57582
57583
57584
57585
57588
57589
57590
57591
58320
58321
58322
58323
58326
58327
58328
58329
58338
58339
58340
58341
58344
58345
58346
58347
58374
58375
58376
58377
58380
58381
58382
58383
58392
58393
58394
58395
58398
58399
58400
58401
58482
58483
58484
58485
58488
58489
58490
58491
58500
58501
58502
58503
58506
58507
58508
58509
58536
58537
58538
58539
58542
58543
58544
58545
58554
58555
58556
58557
58560
58561
58562
58563
58806
58807
58808
58809
58812
58813
58814
58815
58824
58825
58826
58827
58830
58831
58832
58833
58860
58861
58862
58863
58866
58867
58868
58869
58878
58879
58880
58881
58884
58885
58886
58887
58968
58969
58970
58971
58974
58975
58976
58977
58986
58987
58988
58989
58992
58993
58994
58995
59022
59023
59024
59025
59028
59029
59030
59031
59040
59041
59042
59043
59046
59047
59048
59049
118098
118099
118100
118101
118104
118105
118106
118107
118116
118117
118118
118119
118122
118123
118124
118125
118152
118153
118154
118155
118158
118159
118160
118161
118170
118171
118172
118173
118176
118177
118178
118179
118260
118261
118262
118263
118266
118267
118268
118269
118278
118279
118280
118281
118284
118285
118286
118287
118314
118315
118316
118317
118320
118321
118322
118323
118332
118333
118334
118335
118338
118339
118340
118341
118584
118585
118586
118587
118590
118591
118592
118593
118602
118603
118604
118605
118608
118609
118610
118611
118638
118639
118640
118641
118644
118645
118646
118647
118656
118657
118658
118659
118662
118663
118664
118665
118746
118747
118748
118749
118752
118753
118754
118755
118764
118765
118766
118767
118770
118771
118772
118773
118800
118801
118802
118803
118806
118807
118808
118809
118818
118819
118820
118821
118824
118825
118826
118827
119556
119557
119558
119559
119562
119563
119564
119565
119574
119575
119576
119577
119580
119581
119582
119583
119610
119611
119612
119613
119616
119617
119618
119619
119628
119629
119630
119631
119634
119635
119636
119637
119718
119719
119720
119721
119724
119725
119726
119727
119736
119737
119738
119739
119742
119743
119744
119745
119772
119773
119774
119775
119778
119779
119780
119781
119790
119791
119792
119793
119796
119797
119798
119799
120042
120043
120044
120045
120048
120049
120050
120051
120060
120061
120062
120063
120066
120067
120068
120069
120096
120097
120098
120099
120102
120103
120104
120105
120114
120115
120116
120117
120120
120121
120122
120123
120204
120205
120206
120207
120210
120211
120212
120213
120222
120223
120224
120225
120228
120229
120230
120231
120258
120259
120260
120261
120264
120265
120266
120267
120276
120277
120278
120279
120282
120283
120284
120285
122472
122473
122474
122475
122478
122479
122480
122481
122490
122491
122492
122493
122496
122497
122498
122499
122526
122527
122528
122529
122532
122533
122534
122535
122544
122545
122546
122547
122550
122551
122552
122553
122634
122635
122636
122637
122640
122641
122642
122643
122652
122653
122654
122655
122658
122659
122660
122661
122688
122689
122690
122691
122694
122695
122696
122697
122706
122707
122708
122709
122712
122713
122714
122715
122958
122959
122960
122961
122964
122965
122966
122967
122976
122977
122978
122979
122982
122983
122984
122985
123012
123013
123014
123015
123018
123019
123020
123021
123030
123031
123032
123033
123036
123037
123038
123039
123120
123121
123122
123123
123126
123127
123128
123129
123138
123139
123140
123141
123144
123145
123146
123147
123174
123175
123176
123177
123180
123181
123182
123183
123192
123193
123194
123195
123198
123199
123200
123201
123930
123931
123932
123933
123936
123937
123938
123939
123948
123949
123950
123951
123954
123955
123956
123957
123984
123985
123986
123987
123990
123991
123992
123993
124002
124003
124004
124005
124008
124009
124010
124011
124092
124093
124094
124095
124098
124099
124100
124101
124110
124111
124112
124113
124116
124117
124118
124119
124146
124147
124148
124149
124152
124153
124154
124155
124164
124165
124166
124167
124170
124171
124172
124173
124416
124417
124418
124419
124422
124423
124424
124425
124434
124435
124436
124437
124440
124441
124442
124443
124470
124471
124472
124473
124476
124477
124478
124479
124488
124489
124490
124491
124494
124495
124496
124497
124578
124579
124580
124581
124584
124585
124586
124587
124596
124597
124598
124599
124602
124603
124604
124605
124632
124633
124634
124635
124638
124639
124640
124641
124650
124651
124652
124653
124656
124657
124658
124659
131220
131221
131222
131223
131226
131227
131228
131229
131238
131239
131240
131241
131244
131245
131246
131247
131274
131275
131276
131277
131280
131281
131282
131283
131292
131293
131294
131295
131298
131299
131300
131301
131382
131383
131384
131385
131388
131389
131390
131391
131400
131401
131402
131403
131406
131407
131408
131409
131436
131437
131438
131439
131442
131443
131444
131445
131454
131455
131456
131457
131460
131461
131462
131463
131706
131707
131708
131709
131712
131713
131714
131715
131724
131725
131726
131727
131730
131731
131732
131733
131760
131761
131762
131763
131766
131767
131768
131769
131778
131779
131780
131781
131784
131785
131786
131787
131868
131869
131870
131871
131874
131875
131876
131877
131886
131887
131888
131889
131892
131893
131894
131895
131922
131923
131924
131925
131928
131929
131930
131931
131940
131941
131942
131943
131946
131947
131948
131949
132678
132679
132680
132681
132684
132685
132686
132687
132696
132697
132698
132699
132702
132703
132704
132705
132732
132733
132734
132735
132738
132739
132740
132741
132750
132751
132752
132753
132756
132757
132758
132759
132840
132841
132842
132843
132846
132847
132848
132849
132858
132859
132860
132861
132864
132865
132866
132867
132894
132895
132896
132897
132900
132901
132902
132903
132912
132913
132914
132915
132918
132919
132920
132921
133164
133165
133166
133167
133170
133171
133172
133173
133182
133183
133184
133185
133188
133189
133190
133191
133218
133219
133220
133221
133224
133225
133226
133227
133236
133237
133238
133239
133242
133243
133244
133245
133326
133327
133328
133329
133332
133333
133334
133335
133344
133345
133346
133347
133350
133351
133352
133353
133380
133381
133382
133383
133386
133387
133388
133389
133398
133399
133400
133401
133404
133405
133406
133407
135594
135595
135596
135597
135600
135601
135602
135603
135612
135613
135614
135615
135618
135619
135620
135621
135648
135649
135650
135651
135654
135655
135656
135657
135666
135667
135668
135669
135672
135673
135674
135675
135756
135757
135758
135759
135762
135763
135764
135765
135774
135775
135776
135777
135780
135781
135782
135783
135810
135811
135812
135813
135816
135817
135818
135819
135828
135829
135830
135831
135834
135835
135836
135837
136080
136081
136082
136083
136086
136087
136088
136089
136098
136099
136100
136101
136104
136105
136106
136107
136134
136135
136136
136137
136140
136141
136142
136143
136152
136153
136154
136155
136158
136159
136160
136161
136242
136243
136244
136245
136248
136249
136250
136251
136260
136261
136262
136263
136266
136267
136268
136269
136296
136297
136298
136299
136302
136303
136304
136305
136314
136315
136316
136317
136320
136321
136322
136323
137052
137053
137054
137055
137058
137059
137060
137061
137070
137071
137072
137073
137076
137077
137078
137079
137106
137107
137108
137109
137112
137113
137114
137115
137124
137125
137126
137127
137130
137131
137132
137133
137214
137215
137216
137217
137220
137221
137222
137223
137232
137233
137234
137235
137238
137239
137240
137241
137268
137269
137270
137271
137274
137275
137276
137277
137286
137287
137288
137289
137292
137293
137294
137295
137538
137539
137540
137541
137544
137545
137546
137547
137556
137557
137558
137559
137562
137563
137564
137565
137592
137593
137594
137595
137598
137599
137600
137601
137610
137611
137612
137613
137616
137617
137618
137619
137700
137701
137702
137703
137706
137707
137708
137709
137718
137719
137720
137721
137724
137725
137726
137727
137754
137755
137756
137757
137760
137761
137762
137763
137772
137773
137774
137775
137778
137779
137780
137781
157464
157465
157466
157467
157470
157471
157472
157473
157482
157483
157484
157485
157488
157489
157490
157491
157518
157519
157520
157521
157524
157525
157526
157527
157536
157537
157538
157539
157542
157543
157544
157545
157626
157627
157628
157629
157632
157633
157634
157635
157644
157645
157646
157647
157650
157651
157652
157653
157680
157681
157682
157683
157686
157687
157688
157689
157698
157699
157700
157701
157704
157705
157706
157707
157950
157951
157952
157953
157956
157957
157958
157959
157968
157969
157970
157971
157974
157975
157976
157977
158004
158005
158006
158007
158010
158011
158012
158013
158022
158023
158024
158025
158028
158029
158030
158031
158112
158113
158114
158115
158118
158119
158120
158121
158130
158131
158132
158133
158136
158137
158138
158139
158166
158167
158168
158169
158172
158173
158174
158175
158184
158185
158186
158187
158190
158191
158192
158193
158922
158923
158924
158925
158928
158929
158930
158931
158940
158941
158942
158943
158946
158947
158948
158949
158976
158977
158978
158979
158982
158983
158984
158985
158994
158995
158996
158997
159000
159001
159002
159003
159084
159085
159086
159087
159090
159091
159092
159093
159102
159103
159104
159105
159108
159109
159110
159111
159138
159139
159140
159141
159144
159145
159146
159147
159156
159157
159158
159159
159162
159163
159164
159165
159408
159409
159410
159411
159414
159415
159416
159417
159426
159427
159428
159429
159432
159433
159434
159435
159462
159463
159464
159465
159468
159469
159470
159471
159480
159481
159482
159483
159486
159487
159488
159489
159570
159571
159572
159573
159576
159577
159578
159579
159588
159589
159590
159591
159594
159595
159596
159597
159624
159625
159626
159627
159630
159631
159632
159633
159642
159643
159644
159645
159648
159649
159650
159651
161838
161839
161840
161841
161844
161845
161846
161847
161856
161857
161858
161859
161862
161863
161864
161865
161892
161893
161894
161895
161898
161899
161900
161901
161910
161911
161912
161913
161916
161917
161918
161919
162000
162001
162002
162003
162006
162007
162008
162009
162018
162019
162020
162021
162024
162025
162026
162027
162054
162055
162056
162057
162060
162061
162062
162063
162072
162073
162074
162075
162078
162079
162080
162081
162324
162325
162326
162327
162330
162331
162332
162333
162342
162343
162344
162345
162348
162349
162350
162351
162378
162379
162380
162381
162384
162385
162386
162387
162396
162397
162398
162399
162402
162403
162404
162405
162486
162487
162488
162489
162492
162493
162494
162495
162504
162505
162506
162507
162510
162511
162512
162513
162540
162541
162542
162543
162546
162547
162548
162549
162558
162559
162560
162561
162564
162565
162566
162567
163296
163297
163298
163299
163302
163303
163304
163305
163314
163315
163316
163317
163320
163321
163322
163323
163350
163351
163352
163353
163356
163357
163358
163359
163368
163369
163370
163371
163374
163375
163376
163377
163458
163459
163460
163461
163464
163465
163466
163467
163476
163477
163478
163479
163482
163483
163484
163485
163512
163513
163514
163515
163518
163519
163520
163521
163530
163531
163532
163533
163536
163537
163538
163539
163782
163783
163784
163785
163788
163789
163790
163791
163800
163801
163802
163803
163806
163807
163808
163809
163836
163837
163838
163839
163842
163843
163844
163845
163854
163855
163856
163857
163860
163861
163862
163863
163944
163945
163946
163947
163950
163951
163952
163953
163962
163963
163964
163965
163968
163969
163970
163971
163998
163999
164000
164001
164004
164005
164006
164007
164016
164017
164018
164019
164022
164023
164024
164025
170586
170587
170588
170589
170592
170593
170594
170595
170604
170605
170606
170607
170610
170611
170612
170613
170640
170641
170642
170643
170646
170647
170648
170649
170658
170659
170660
170661
170664
170665
170666
170667
170748
170749
170750
170751
170754
170755
170756
170757
170766
170767
170768
170769
170772
170773
170774
170775
170802
170803
170804
170805
170808
170809
170810
170811
170820
170821
170822
170823
170826
170827
170828
170829
171072
171073
171074
171075
171078
171079
171080
171081
171090
171091
171092
171093
171096
171097
171098
171099
171126
171127
171128
171129
171132
171133
171134
171135
171144
171145
171146
171147
171150
171151
171152
171153
171234
171235
171236
171237
171240
171241
171242
171243
171252
171253
171254
171255
171258
171259
171260
171261
171288
171289
171290
171291
171294
171295
171296
171297
171306
171307
171308
171309
171312
171313
171314
171315
172044
172045
172046
172047
172050
172051
172052
172053
172062
172063
172064
172065
172068
172069
172070
172071
172098
172099
172100
172101
172104
172105
172106
172107
172116
172117
172118
172119
172122
172123
172124
172125
172206
172207
172208
172209
172212
172213
172214
172215
172224
172225
172226
172227
172230
172231
172232
172233
172260
172261
172262
172263
172266
172267
172268
172269
172278
172279
172280
172281
172284
172285
172286
172287
172530
172531
172532
172533
172536
172537
172538
172539
172548
172549
172550
172551
172554
172555
172556
172557
172584
172585
172586
172587
172590
172591
172592
172593
172602
172603
172604
172605
172608
172609
172610
172611
172692
172693
172694
172695
172698
172699
172700
172701
172710
172711
172712
172713
172716
172717
172718
172719
172746
172747
172748
172749
172752
172753
172754
172755
172764
172765
172766
172767
172770
172771
172772
172773
174960
174961
174962
174963
174966
174967
174968
174969
174978
174979
174980
174981
174984
174985
174986
174987
175014
175015
175016
175017
175020
175021
175022
175023
175032
175033
175034
175035
175038
175039
175040
175041
175122
175123
175124
175125
175128
175129
175130
175131
175140
175141
175142
175143
175146
175147
175148
175149
175176
175177
175178
175179
175182
175183
175184
175185
175194
175195
175196
175197
175200
175201
175202
175203
175446
175447
175448
175449
175452
175453
175454
175455
175464
175465
175466
175467
175470
175471
175472
175473
175500
175501
175502
175503
175506
175507
175508
175509
175518
175519
175520
175521
175524
175525
175526
175527
175608
175609
175610
175611
175614
175615
175616
175617
175626
175627
175628
175629
175632
175633
175634
175635
175662
175663
175664
175665
175668
175669
175670
175671
175680
175681
175682
175683
175686
175687
175688
175689
176418
176419
176420
176421
176424
176425
176426
176427
176436
176437
176438
176439
176442
176443
176444
176445
176472
176473
176474
176475
176478
176479
176480
176481
176490
176491
176492
176493
176496
176497
176498
176499
176580
176581
176582
176583
176586
176587
176588
176589
176598
176599
176600
176601
176604
176605
176606
176607
176634
176635
176636
176637
176640
176641
176642
176643
176652
176653
176654
176655
176658
176659
176660
176661
176904
176905
176906
176907
176910
176911
176912
176913
176922
176923
176924
176925
176928
176929
176930
176931
176958
176959
176960
176961
176964
176965
176966
176967
176976
176977
176978
176979
176982
176983
176984
176985
177066
177067
177068
177069
177072
177073
177074
177075
177084
177085
177086
177087
177090
177091
177092
177093
177120
177121
177122
177123
177126
177127
177128
177129
177138
177139
177140
177141
177144
177145
177146
177147
354294
354295
354296
354297
354300
354301
354302
354303
354312
354313
354314
354315
354318
354319
354320
354321
354348
354349
354350
354351
354354
354355
354356
354357
354366
354367
354368
354369
354372
354373
354374
354375
354456
354457
354458
354459
354462
354463
354464
354465
354474
354475
354476
354477
354480
354481
354482
354483
354510
354511
354512
354513
354516
354517
354518
354519
354528
354529
354530
354531
354534
354535
354536
354537
354780
354781
354782
354783
354786
354787
354788
354789
354798
354799
354800
354801
354804
354805
354806
354807
354834
354835
354836
354837
354840
354841
354842
354843
354852
354853
354854
354855
354858
354859
354860
354861
354942
354943
354944
354945
354948
354949
354950
354951
354960
354961
354962
354963
354966
354967
354968
354969
354996
354997
354998
354999
355002
355003
355004
355005
355014
355015
355016
355017
355020
355021
355022
355023
355752
355753
355754
355755
355758
355759
355760
355761
355770
355771
355772
355773
355776
355777
355778
355779
355806
355807
355808
355809
355812
355813
355814
355815
355824
355825
355826
355827
355830
355831
355832
355833
355914
355915
355916
355917
355920
355921
355922
355923
355932
355933
355934
355935
355938
355939
355940
355941
355968
355969
355970
355971
355974
355975
355976
355977
355986
355987
355988
355989
355992
355993
355994
355995
356238
356239
356240
356241
356244
356245
356246
356247
356256
356257
356258
356259
356262
356263
356264
356265
356292
356293
356294
356295
356298
356299
356300
356301
356310
356311
356312
356313
356316
356317
356318
356319
356400
356401
356402
356403
356406
356407
356408
356409
356418
356419
356420
356421
356424
356425
356426
356427
356454
356455
356456
356457
356460
356461
356462
356463
356472
356473
356474
356475
356478
356479
356480
356481
358668
358669
358670
358671
358674
358675
358676
358677
358686
358687
358688
358689
358692
358693
358694
358695
358722
358723
358724
358725
358728
358729
358730
358731
358740
358741
358742
358743
358746
358747
358748
358749
358830
358831
358832
358833
358836
358837
358838
358839
358848
358849
358850
358851
358854
358855
358856
358857
358884
358885
358886
358887
358890
358891
358892
358893
358902
358903
358904
358905
358908
358909
358910
358911
359154
359155
359156
359157
359160
359161
359162
359163
359172
359173
359174
359175
359178
359179
359180
359181
359208
359209
359210
359211
359214
359215
359216
359217
359226
359227
359228
359229
359232
359233
359234
359235
359316
359317
359318
359319
359322
359323
359324
359325
359334
359335
359336
359337
359340
359341
359342
359343
359370
359371
359372
359373
359376
359377
359378
359379
359388
359389
359390
359391
359394
359395
359396
359397
360126
360127
360128
360129
360132
360133
360134
360135
360144
360145
360146
360147
360150
360151
360152
360153
360180
360181
360182
360183
360186
360187
360188
360189
360198
360199
360200
360201
360204
360205
360206
360207
360288
360289
360290
360291
360294
360295
360296
360297
360306
360307
360308
360309
360312
360313
360314
360315
360342
360343
360344
360345
360348
360349
360350
360351
360360
360361
360362
360363
360366
360367
360368
360369
360612
360613
360614
360615
360618
360619
360620
360621
360630
360631
360632
360633
360636
360637
360638
360639
360666
360667
360668
360669
360672
360673
360674
360675
360684
360685
360686
360687
360690
360691
360692
360693
360774
360775
360776
360777
360780
360781
360782
360783
360792
360793
360794
360795
360798
360799
360800
360801
360828
360829
360830
360831
360834
360835
360836
360837
360846
360847
360848
360849
360852
360853
360854
360855
367416
367417
367418
367419
367422
367423
367424
367425
367434
367435
367436
367437
367440
367441
367442
367443
367470
367471
367472
367473
367476
367477
367478
367479
367488
367489
367490
367491
367494
367495
367496
367497
367578
367579
367580
367581
367584
367585
367586
367587
367596
367597
367598
367599
367602
367603
367604
367605
367632
367633
367634
367635
367638
367639
367640
367641
367650
367651
367652
367653
367656
367657
367658
367659
367902
367903
367904
367905
367908
367909
367910
367911
367920
367921
367922
367923
367926
367927
367928
367929
367956
367957
367958
367959
367962
367963
367964
367965
367974
367975
367976
367977
367980
367981
367982
367983
368064
368065
368066
368067
368070
368071
368072
368073
368082
368083
368084
368085
368088
368089
368090
368091
368118
368119
368120
368121
368124
368125
368126
368127
368136
368137
368138
368139
368142
368143
368144
368145
368874
368875
368876
368877
368880
368881
368882
368883
368892
368893
368894
368895
368898
368899
368900
368901
368928
368929
368930
368931
368934
368935
368936
368937
368946
368947
368948
368949
368952
368953
368954
368955
369036
369037
369038
369039
369042
369043
369044
369045
369054
369055
369056
369057
369060
369061
369062
369063
369090
369091
369092
369093
369096
369097
369098
369099
369108
369109
369110
369111
369114
369115
369116
369117
369360
369361
369362
369363
369366
369367
369368
369369
369378
369379
369380
369381
369384
369385
369386
369387
369414
369415
369416
369417
369420
369421
369422
369423
369432
369433
369434
369435
369438
369439
369440
369441
369522
369523
369524
369525
369528
369529
369530
369531
369540
369541
369542
369543
369546
369547
369548
369549
369576
369577
369578
369579
369582
369583
369584
369585
369594
369595
369596
369597
369600
369601
369602
369603
371790
371791
371792
371793
371796
371797
371798
371799
371808
371809
371810
371811
371814
371815
371816
371817
371844
371845
371846
371847
371850
371851
371852
371853
371862
371863
371864
371865
371868
371869
371870
371871
371952
371953
371954
371955
371958
371959
371960
371961
371970
371971
371972
371973
371976
371977
371978
371979
372006
372007
372008
372009
372012
372013
372014
372015
372024
372025
372026
372027
372030
372031
372032
372033
372276
372277
372278
372279
372282
372283
372284
372285
372294
372295
372296
372297
372300
372301
372302
372303
372330
372331
372332
372333
372336
372337
372338
372339
372348
372349
372350
372351
372354
372355
372356
372357
372438
372439
372440
372441
372444
372445
372446
372447
372456
372457
372458
372459
372462
372463
372464
372465
372492
372493
372494
372495
372498
372499
372500
372501
372510
372511
372512
372513
372516
372517
372518
372519
373248
373249
373250
373251
373254
373255
373256
373257
373266
373267
373268
373269
373272
373273
373274
373275
373302
373303
373304
373305
373308
373309
373310
373311
373320
373321
373322
373323
373326
373327
373328
373329
373410
373411
373412
373413
373416
373417
373418
373419
373428
373429
373430
373431
373434
373435
373436
373437
373464
373465
373466
373467
373470
373471
373472
373473
373482
373483
373484
373485
373488
373489
373490
373491
373734
373735
373736
373737
373740
373741
373742
373743
373752
373753
373754
373755
373758
373759
373760
373761
373788
373789
373790
373791
373794
373795
373796
373797
373806
373807
373808
373809
373812
373813
373814
373815
373896
373897
373898
373899
373902
373903
373904
373905
373914
373915
373916
373917
373920
373921
373922
373923
373950
373951
373952
373953
373956
373957
373958
373959
373968
373969
373970
373971
373974
373975
373976
373977
393660
393661
393662
393663
393666
393667
393668
393669
393678
393679
393680
393681
393684
393685
393686
393687
393714
393715
393716
393717
393720
393721
393722
393723
393732
393733
393734
393735
393738
393739
393740
393741
393822
393823
393824
393825
393828
393829
393830
393831
393840
393841
393842
393843
393846
393847
393848
393849
393876
393877
393878
393879
393882
393883
393884
393885
393894
393895
393896
393897
393900
393901
393902
393903
394146
394147
394148
394149
394152
394153
394154
394155
394164
394165
394166
394167
394170
394171
394172
394173
394200
394201
394202
394203
394206
394207
394208
394209
394218
394219
394220
394221
394224
394225
394226
394227
394308
394309
394310
394311
394314
394315
394316
394317
394326
394327
394328
394329
394332
394333
394334
394335
394362
394363
394364
394365
394368
394369
394370
394371
394380
394381
394382
394383
394386
394387
394388
394389
395118
395119
395120
395121
395124
395125
395126
395127
395136
395137
395138
395139
395142
395143
395144
395145
395172
395173
395174
395175
395178
395179
395180
395181
395190
395191
395192
395193
395196
395197
395198
395199
395280
395281
395282
395283
395286
395287
395288
395289
395298
395299
395300
395301
395304
395305
395306
395307
395334
395335
395336
395337
395340
395341
395342
395343
395352
395353
395354
395355
395358
395359
395360
395361
395604
395605
395606
395607
395610
395611
395612
395613
395622
395623
395624
395625
395628
395629
395630
395631
395658
395659
395660
395661
395664
395665
395666
395667
395676
395677
395678
395679
395682
395683
395684
395685
395766
395767
395768
395769
395772
395773
395774
395775
395784
395785
395786
395787
395790
395791
395792
395793
395820
395821
395822
395823
395826
395827
395828
395829
395838
395839
395840
395841
395844
395845
395846
395847
398034
398035
398036
398037
398040
398041
398042
398043
398052
398053
398054
398055
398058
398059
398060
398061
398088
398089
398090
398091
398094
398095
398096
398097
398106
398107
398108
398109
398112
398113
398114
398115
398196
398197
398198
398199
398202
398203
398204
398205
398214
398215
398216
398217
398220
398221
398222
398223
398250
398251
398252
398253
398256
398257
398258
398259
398268
398269
398270
398271
398274
398275
398276
398277
398520
398521
398522
398523
398526
398527
398528
398529
398538
398539
398540
398541
398544
398545
398546
398547
398574
398575
398576
398577
398580
398581
398582
398583
398592
398593
398594
398595
398598
398599
398600
398601
398682
398683
398684
398685
398688
398689
398690
398691
398700
398701
398702
398703
398706
398707
398708
398709
398736
398737
398738
398739
398742
398743
398744
398745
398754
398755
398756
398757
398760
398761
398762
398763
399492
399493
399494
399495
399498
399499
399500
399501
399510
399511
399512
399513
399516
399517
399518
399519
399546
399547
399548
399549
399552
399553
399554
399555
399564
399565
399566
399567
399570
399571
399572
399573
399654
399655
399656
399657
399660
399661
399662
399663
399672
399673
399674
399675
399678
399679
399680
399681
399708
399709
399710
399711
399714
399715
399716
399717
399726
399727
399728
399729
399732
399733
399734
399735
399978
399979
399980
399981
399984
399985
399986
399987
399996
399997
399998
399999
400002
400003
400004
400005
400032
400033
400034
400035
400038
400039
400040
400041
400050
400051
400052
400053
400056
400057
400058
400059
400140
400141
400142
400143
400146
400147
400148
400149
400158
400159
400160
400161
400164
400165
400166
400167
400194
400195
400196
400197
400200
400201
400202
400203
400212
400213
400214
400215
400218
400219
400220
400221
406782
406783
406784
406785
406788
406789
406790
406791
406800
406801
406802
406803
406806
406807
406808
406809
406836
406837
406838
406839
406842
406843
406844
406845
406854
406855
406856
406857
406860
406861
406862
406863
406944
406945
406946
406947
406950
406951
406952
406953
406962
406963
406964
406965
406968
406969
406970
406971
406998
406999
407000
407001
407004
407005
407006
407007
407016
407017
407018
407019
407022
407023
407024
407025
407268
407269
407270
407271
407274
407275
407276
407277
407286
407287
407288
407289
407292
407293
407294
407295
407322
407323
407324
407325
407328
407329
407330
407331
407340
407341
407342
407343
407346
407347
407348
407349
407430
407431
407432
407433
407436
407437
407438
407439
407448
407449
407450
407451
407454
407455
407456
407457
407484
407485
407486
407487
407490
407491
407492
407493
407502
407503
407504
407505
407508
407509
407510
407511
408240
408241
408242
408243
408246
408247
408248
408249
408258
408259
408260
408261
408264
408265
408266
408267
408294
408295
408296
408297
408300
408301
408302
408303
408312
408313
408314
408315
408318
408319
408320
408321
408402
408403
408404
408405
408408
408409
408410
408411
408420
408421
408422
408423
408426
408427
408428
408429
408456
408457
408458
408459
408462
408463
408464
408465
408474
408475
408476
408477
408480
408481
408482
408483
408726
408727
408728
408729
408732
408733
408734
408735
408744
408745
408746
408747
408750
408751
408752
408753
408780
408781
408782
408783
408786
408787
408788
408789
408798
408799
408800
408801
408804
408805
408806
408807
408888
408889
408890
408891
408894
408895
408896
408897
408906
408907
408908
408909
408912
408913
408914
408915
408942
408943
408944
408945
408948
408949
408950
408951
408960
408961
408962
408963
408966
408967
408968
408969
411156
411157
411158
411159
411162
411163
411164
411165
411174
411175
411176
411177
411180
411181
411182
411183
411210
411211
411212
411213
411216
411217
411218
411219
411228
411229
411230
411231
411234
411235
411236
411237
411318
411319
411320
411321
411324
411325
411326
411327
411336
411337
411338
411339
411342
411343
411344
411345
411372
411373
411374
411375
411378
411379
411380
411381
411390
411391
411392
411393
411396
411397
411398
411399
411642
411643
411644
411645
411648
411649
411650
411651
411660
411661
411662
411663
411666
411667
411668
411669
411696
411697
411698
411699
411702
411703
411704
411705
411714
411715
411716
411717
411720
411721
411722
411723
411804
411805
411806
411807
411810
411811
411812
411813
411822
411823
411824
411825
411828
411829
411830
411831
411858
411859
411860
411861
411864
411865
411866
411867
411876
411877
411878
411879
411882
411883
411884
411885
412614
412615
412616
412617
412620
412621
412622
412623
412632
412633
412634
412635
412638
412639
412640
412641
412668
412669
412670
412671
412674
412675
412676
412677
412686
412687
412688
412689
412692
412693
412694
412695
412776
412777
412778
412779
412782
412783
412784
412785
412794
412795
412796
412797
412800
412801
412802
412803
412830
412831
412832
412833
412836
412837
412838
412839
412848
412849
412850
412851
412854
412855
412856
412857
413100
413101
413102
413103
413106
413107
413108
413109
413118
413119
413120
413121
413124
413125
413126
413127
413154
413155
413156
413157
413160
413161
413162
413163
413172
413173
413174
413175
413178
413179
413180
413181
413262
413263
413264
413265
413268
413269
413270
413271
413280
413281
413282
413283
413286
413287
413288
413289
413316
413317
413318
413319
413322
413323
413324
413325
413334
413335
413336
413337
413340
413341
413342
413343
472392
472393
472394
472395
472398
472399
472400
472401
472410
472411
472412
472413
472416
472417
472418
472419
472446
472447
472448
472449
472452
472453
472454
472455
472464
472465
472466
472467
472470
472471
472472
472473
472554
472555
472556
472557
472560
472561
472562
472563
472572
472573
472574
472575
472578
472579
472580
472581
472608
472609
472610
472611
472614
472615
472616
472617
472626
472627
472628
472629
472632
472633
472634
472635
472878
472879
472880
472881
472884
472885
472886
472887
472896
472897
472898
472899
472902
472903
472904
472905
472932
472933
472934
472935
472938
472939
472940
472941
472950
472951
472952
472953
472956
472957
472958
472959
473040
473041
473042
473043
473046
473047
473048
473049
473058
473059
473060
473061
473064
473065
473066
473067
473094
473095
473096
473097
473100
473101
473102
473103
473112
473113
473114
473115
473118
473119
473120
473121
473850
473851
473852
473853
473856
473857
473858
473859
473868
473869
473870
473871
473874
473875
473876
473877
473904
473905
473906
473907
473910
473911
473912
473913
473922
473923
473924
473925
473928
473929
473930
473931
474012
474013
474014
474015
474018
474019
474020
474021
474030
474031
474032
474033
474036
474037
474038
474039
474066
474067
474068
474069
474072
474073
474074
474075
474084
474085
474086
474087
474090
474091
474092
474093
474336
474337
474338
474339
474342
474343
474344
474345
474354
474355
474356
474357
474360
474361
474362
474363
474390
474391
474392
474393
474396
474397
474398
474399
474408
474409
474410
474411
474414
474415
474416
474417
474498
474499
474500
474501
474504
474505
474506
474507
474516
474517
474518
474519
474522
474523
474524
474525
474552
474553
474554
474555
474558
474559
474560
474561
474570
474571
474572
474573
474576
474577
474578
474579
476766
476767
476768
476769
476772
476773
476774
476775
476784
476785
476786
476787
476790
476791
476792
476793
476820
476821
476822
476823
476826
476827
476828
476829
476838
476839
476840
476841
476844
476845
476846
476847
476928
476929
476930
476931
476934
476935
476936
476937
476946
476947
476948
476949
476952
476953
476954
476955
476982
476983
476984
476985
476988
476989
476990
476991
477000
477001
477002
477003
477006
477007
477008
477009
477252
477253
477254
477255
477258
477259
477260
477261
477270
477271
477272
477273
477276
477277
477278
477279
477306
477307
477308
477309
477312
477313
477314
477315
477324
477325
477326
477327
477330
477331
477332
477333
477414
477415
477416
477417
477420
477421
477422
477423
477432
477433
477434
477435
477438
477439
477440
477441
477468
477469
477470
477471
477474
477475
477476
477477
477486
477487
477488
477489
477492
477493
477494
477495
478224
478225
478226
478227
478230
478231
478232
478233
478242
478243
478244
478245
478248
478249
478250
478251
478278
478279
478280
478281
478284
478285
478286
478287
478296
478297
478298
478299
478302
478303
478304
478305
478386
478387
478388
478389
478392
478393
478394
478395
478404
478405
478406
478407
478410
478411
478412
478413
478440
478441
478442
478443
478446
478447
478448
478449
478458
478459
478460
478461
478464
478465
478466
478467
478710
478711
478712
478713
478716
478717
478718
478719
478728
478729
478730
478731
478734
478735
478736
478737
478764
478765
478766
478767
478770
478771
478772
478773
478782
478783
478784
478785
478788
478789
478790
478791
478872
478873
478874
478875
478878
478879
478880
478881
478890
478891
478892
478893
478896
478897
478898
478899
478926
478927
478928
478929
478932
478933
478934
478935
478944
478945
478946
478947
478950
478951
478952
478953
485514
485515
485516
485517
485520
485521
485522
485523
485532
485533
485534
485535
485538
485539
485540
485541
485568
485569
485570
485571
485574
485575
485576
485577
485586
485587
485588
485589
485592
485593
485594
485595
485676
485677
485678
485679
485682
485683
485684
485685
485694
485695
485696
485697
485700
485701
485702
485703
485730
485731
485732
485733
485736
485737
485738
485739
485748
485749
485750
485751
485754
485755
485756
485757
486000
486001
486002
486003
486006
486007
486008
486009
486018
486019
486020
486021
486024
486025
486026
486027
486054
486055
486056
486057
486060
486061
486062
486063
486072
486073
486074
486075
486078
486079
486080
486081
486162
486163
486164
486165
486168
486169
486170
486171
486180
486181
486182
486183
486186
486187
486188
486189
486216
486217
486218
486219
486222
486223
486224
486225
486234
486235
486236
486237
486240
486241
486242
486243
486972
486973
486974
486975
486978
486979
486980
486981
486990
486991
486992
486993
486996
486997
486998
486999
487026
487027
487028
487029
487032
487033
487034
487035
487044
487045
487046
487047
487050
487051
487052
487053
487134
487135
487136
487137
487140
487141
487142
487143
487152
487153
487154
487155
487158
487159
487160
487161
487188
487189
487190
487191
487194
487195
487196
487197
487206
487207
487208
487209
487212
487213
487214
487215
487458
487459
487460
487461
487464
487465
487466
487467
487476
487477
487478
487479
487482
487483
487484
487485
487512
487513
487514
487515
487518
487519
487520
487521
487530
487531
487532
487533
487536
487537
487538
487539
487620
487621
487622
487623
487626
487627
487628
487629
487638
487639
487640
487641
487644
487645
487646
487647
487674
487675
487676
487677
487680
487681
487682
487683
487692
487693
487694
487695
487698
487699
487700
487701
489888
489889
489890
489891
489894
489895
489896
489897
489906
489907
489908
489909
489912
489913
489914
489915
489942
489943
489944
489945
489948
489949
489950
489951
489960
489961
489962
489963
489966
489967
489968
489969
490050
490051
490052
490053
490056
490057
490058
490059
490068
490069
490070
490071
490074
490075
490076
490077
490104
490105
490106
490107
490110
490111
490112
490113
490122
490123
490124
490125
490128
490129
490130
490131
490374
490375
490376
490377
490380
490381
490382
490383
490392
490393
490394
490395
490398
490399
490400
490401
490428
490429
490430
490431
490434
490435
490436
490437
490446
490447
490448
490449
490452
490453
490454
490455
490536
490537
490538
490539
490542
490543
490544
490545
490554
490555
490556
490557
490560
490561
490562
490563
490590
490591
490592
490593
490596
490597
490598
490599
490608
490609
490610
490611
490614
490615
490616
490617
491346
491347
491348
491349
491352
491353
491354
491355
491364
491365
491366
491367
491370
491371
491372
491373
491400
491401
491402
491403
491406
491407
491408
491409
491418
491419
491420
491421
491424
491425
491426
491427
491508
491509
491510
491511
491514
491515
491516
491517
491526
491527
491528
491529
491532
491533
491534
491535
491562
491563
491564
491565
491568
491569
491570
491571
491580
491581
491582
491583
491586
491587
491588
491589
491832
491833
491834
491835
491838
491839
491840
491841
491850
491851
491852
491853
491856
491857
491858
491859
491886
491887
491888
491889
491892
491893
491894
491895
491904
491905
491906
491907
491910
491911
491912
491913
491994
491995
491996
491997
492000
492001
492002
492003
492012
492013
492014
492015
492018
492019
492020
492021
492048
492049
492050
492051
492054
492055
492056
492057
492066
492067
492068
492069
492072
492073
492074
492075
511758
511759
511760
511761
511764
511765
511766
511767
511776
511777
511778
511779
511782
511783
511784
511785
511812
511813
511814
511815
511818
511819
511820
511821
511830
511831
511832
511833
511836
511837
511838
511839
511920
511921
511922
511923
511926
511927
511928
511929
511938
511939
511940
511941
511944
511945
511946
511947
511974
511975
511976
511977
511980
511981
511982
511983
511992
511993
511994
511995
511998
511999
512000
512001
512244
512245
512246
512247
512250
512251
512252
512253
512262
512263
512264
512265
512268
512269
512270
512271
512298
512299
512300
512301
512304
512305
512306
512307
512316
512317
512318
512319
512322
512323
512324
512325
512406
512407
512408
512409
512412
512413
512414
512415
512424
512425
512426
512427
512430
512431
512432
512433
512460
512461
512462
512463
512466
512467
512468
512469
512478
512479
512480
512481
512484
512485
512486
512487
513216
513217
513218
513219
513222
513223
513224
513225
513234
513235
513236
513237
513240
513241
513242
513243
513270
513271
513272
513273
513276
513277
513278
513279
513288
513289
513290
513291
513294
513295
513296
513297
513378
513379
513380
513381
513384
513385
513386
513387
513396
513397
513398
513399
513402
513403
513404
513405
513432
513433
513434
513435
513438
513439
513440
513441
513450
513451
513452
513453
513456
513457
513458
513459
513702
513703
513704
513705
513708
513709
513710
513711
513720
513721
513722
513723
513726
513727
513728
513729
513756
513757
513758
513759
513762
513763
513764
513765
513774
513775
513776
513777
513780
513781
513782
513783
513864
513865
513866
513867
513870
513871
513872
513873
513882
513883
513884
513885
513888
513889
513890
513891
513918
513919
513920
513921
513924
513925
513926
513927
513936
513937
513938
513939
513942
513943
513944
513945
516132
516133
516134
516135
516138
516139
516140
516141
516150
516151
516152
516153
516156
516157
516158
516159
516186
516187
516188
516189
516192
516193
516194
516195
516204
516205
516206
516207
516210
516211
516212
516213
516294
516295
516296
516297
516300
516301
516302
516303
516312
516313
516314
516315
516318
516319
516320
516321
516348
516349
516350
516351
516354
516355
516356
516357
516366
516367
516368
516369
516372
516373
516374
516375
516618
516619
516620
516621
516624
516625
516626
516627
516636
516637
516638
516639
516642
516643
516644
516645
516672
516673
516674
516675
516678
516679
516680
516681
516690
516691
516692
516693
516696
516697
516698
516699
516780
516781
516782
516783
516786
516787
516788
516789
516798
516799
516800
516801
516804
516805
516806
516807
516834
516835
516836
516837
516840
516841
516842
516843
516852
516853
516854
516855
516858
516859
516860
516861
517590
517591
517592
517593
517596
517597
517598
517599
517608
517609
517610
517611
517614
517615
517616
517617
517644
517645
517646
517647
517650
517651
517652
517653
517662
517663
517664
517665
517668
517669
517670
517671
517752
517753
517754
517755
517758
517759
517760
517761
517770
517771
517772
517773
517776
517777
517778
517779
517806
517807
517808
517809
517812
517813
517814
517815
517824
517825
517826
517827
517830
517831
517832
517833
518076
518077
518078
518079
518082
518083
518084
518085
518094
518095
518096
518097
518100
518101
518102
518103
518130
518131
518132
518133
518136
518137
518138
518139
518148
518149
518150
518151
518154
518155
518156
518157
518238
518239
518240
518241
518244
518245
518246
518247
518256
518257
518258
518259
518262
518263
518264
518265
518292
518293
518294
518295
518298
518299
518300
518301
518310
518311
518312
518313
518316
518317
518318
518319
524880
524881
524882
524883
524886
524887
524888
524889
524898
524899
524900
524901
524904
524905
524906
524907
524934
524935
524936
524937
524940
524941
524942
524943
524952
524953
524954
524955
524958
524959
524960
524961
525042
525043
525044
525045
525048
525049
525050
525051
525060
525061
525062
525063
525066
525067
525068
525069
525096
525097
525098
525099
525102
525103
525104
525105
525114
525115
525116
525117
525120
525121
525122
525123
525366
525367
525368
525369
525372
525373
525374
525375
525384
525385
525386
525387
525390
525391
525392
525393
525420
525421
525422
525423
525426
525427
525428
525429
525438
525439
525440
525441
525444
525445
525446
525447
525528
525529
525530
525531
525534
525535
525536
525537
525546
525547
525548
525549
525552
525553
525554
525555
525582
525583
525584
525585
525588
525589
525590
525591
525600
525601
525602
525603
525606
525607
525608
525609
526338
526339
526340
526341
526344
526345
526346
526347
526356
526357
526358
526359
526362
526363
526364
526365
526392
526393
526394
526395
526398
526399
526400
526401
526410
526411
526412
526413
526416
526417
526418
526419
526500
526501
526502
526503
526506
526507
526508
526509
526518
526519
526520
526521
526524
526525
526526
526527
526554
526555
526556
526557
526560
526561
526562
526563
526572
526573
526574
526575
526578
526579
526580
526581
526824
526825
526826
526827
526830
526831
526832
526833
526842
526843
526844
526845
526848
526849
526850
526851
526878
526879
526880
526881
526884
526885
526886
526887
526896
526897
526898
526899
526902
526903
526904
526905
526986
526987
526988
526989
526992
526993
526994
526995
527004
527005
527006
527007
527010
527011
527012
527013
527040
527041
527042
527043
527046
527047
527048
527049
527058
527059
527060
527061
527064
527065
527066
527067
529254
529255
529256
529257
529260
529261
529262
529263
529272
529273
529274
529275
529278
529279
529280
529281
529308
529309
529310
529311
529314
529315
529316
529317
529326
529327
529328
529329
529332
529333
529334
529335
529416
529417
529418
529419
529422
529423
529424
529425
529434
529435
529436
529437
529440
529441
529442
529443
529470
529471
529472
529473
529476
529477
529478
529479
529488
529489
529490
529491
529494
529495
529496
529497
529740
529741
529742
529743
529746
529747
529748
529749
529758
529759
529760
529761
529764
529765
529766
529767
529794
529795
529796
529797
529800
529801
529802
529803
529812
529813
529814
529815
529818
529819
529820
529821
529902
529903
529904
529905
529908
529909
529910
529911
529920
529921
529922
529923
529926
529927
529928
529929
529956
529957
529958
529959
529962
529963
529964
529965
529974
529975
529976
529977
529980
529981
529982
529983
530712
530713
530714
530715
530718
530719
530720
530721
530730
530731
530732
530733
530736
530737
530738
530739
530766
530767
530768
530769
530772
530773
530774
530775
530784
530785
530786
530787
530790
530791
530792
530793
530874
530875
530876
530877
530880
530881
530882
530883
530892
530893
530894
530895
530898
530899
530900
530901
530928
530929
530930
530931
530934
530935
530936
530937
530946
530947
530948
530949
530952
530953
530954
530955
531198
531199
531200
531201
531204
531205
531206
531207
531216
531217
531218
531219
531222
531223
531224
531225
531252
531253
531254
531255
531258
531259
531260
531261
531270
531271
531272
531273
531276
531277
531278
531279
531360
531361
531362
531363
531366
531367
531368
531369
531378
531379
531380
531381
531384
531385
531386
531387
531414
531415
531416
531417
531420
531421
531422
531423
531432
531433
531434
531435
531438
531439
531440
531441
