0
43760
131280
306320
393680
393840
831440
918960
1094000
1181040
1181520
2406800
2494320
2669360
2755760
2756880
3194480
3282000
3457040
3543120
3544560
7132880
7220400
7395440
7479920
7482960
7920560
8008080
8183120
8267280
8270640
9495920
9583440
9758480
9842000
9846000
10283600
10371120
10546160
10629360
10633680
21311120
21398640
21534296
21573680
21652400
21661200
22098800
22186320
22361360
22439760
22448880
23674160
23761680
23936720
24014480
24024240
24461840
24549360
24724400
24801840
24811920
28400240
28487760
28662800
28738640
28750320
29187920
29275440
29450480
29526000
29538000
30763280
30850800
31025840
31100720
31113360
31550960
31638480
31813520
31888080
31901040
63845840
63933360
64108400
64169840
64195920
64602888
64633520
64721040
64896080
64957200
64983600
66208880
66296400
66471440
66531920
66558960
66996560
67084080
67259120
67319280
67346640
70934960
71022480
71197520
71256080
71285040
71722640
71810160
71985200
72043440
72072720
73298000
73385520
73560560
73618160
73648080
74085680
74173200
74348240
74405520
74435760
85113200
85200720
85375760
85428560
85463280
85900880
85988400
86137184
86163440
86215920
86250960
87476240
87563760
87738800
87790640
87826320
88263920
88351440
88526480
88578000
88614000
92202320
92289840
92464880
92514800
92552400
92990000
93077520
93252560
93302160
93340080
94565360
94652880
94827920
94876880
94915440
95353040
95440560
95615600
95664240
95703120
191450000
191537520
191712560
191722160
191800080
192237680
192325200
192500240
192509520
192587760
193808664
193813040
193900560
194075600
194084240
194163120
194600720
194688240
194863280
194871600
194950800
198539120
198626640
198801680
198808400
198889200
199326800
199414320
199589360
199595760
199676880
200902160
200989680
201164720
201170480
201252240
201689840
201777360
201952400
201957840
202039920
212717360
212804880
212979920
212980880
213067440
213505040
213592560
213767600
213768240
213855120
215080400
215167920
215342960
215430480
215868080
215955600
216130320
216130640
216218160
219806480
219894000
220067120
220069040
220156560
220594160
220681680
220854480
220856720
220944240
222169520
222257040
222429200
222432080
222519600
222957200
223044720
223216560
223219760
223307280
255252080
255339600
255498320
255514640
255602160
256039760
256127280
256285680
256302320
256389840
257615120
257702640
257860400
257877680
257965200
258402800
258411552
258490320
258647760
258665360
258752880
262341200
262428720
262584560
262603760
262691280
263128880
263216400
263371920
263391440
263478960
264704240
264791760
264946640
264966800
265054320
265491920
265579440
265734000
265754480
265842000
276519440
276606960
276757040
276782000
276869520
277307120
277394640
277544400
277569680
277657200
278882480
278970000
279119120
279145040
279232560
279670160
279757680
279906480
279932720
279945848
280020240
283608560
283696080
283843280
283871120
283958640
284396240
284483760
284630640
284658800
284746320
285971600
286059120
286205360
286234160
286321680
286759280
286846800
286992720
287021840
287109360
574262480
574350000
574379120
574525040
574612560
575050160
575137680
575166480
575312720
575400240
576625520
576713040
576741200
576888080
576975600
577413200
577500720
577528560
577675760
577763280
581351600
581425992
581439120
581465360
581614160
581701680
582139280
582226800
582252720
582401840
582489360
583714640
583802160
583827440
583977200
584064720
584502320
584589840
584614800
584764880
584852400
595529840
595617360
595637840
595792400
595879920
596317520
596405040
596425200
596580080
596667600
597892880
597980400
597999920
598155440
598242960
598680560
598768080
598787280
598943120
599030640
602618960
602706480
602724080
602881520
602960288
602969040
603406640
603494160
603511440
603669200
603756720
604982000
605069520
605086160
605244560
605332080
605769680
605857200
605873520
606032240
606119760
638064560
638152080
638155280
638327120
638414640
638852240
638939760
638942640
639114800
639202320
640427600
640515120
640517360
640690160
640777680
641215280
641302800
641304720
641477840
641565360
645153680
645241200
645241520
645416240
645503760
645941360
646028880
646203920
646291440
647516720
647603600
647604240
647779280
647866800
648304400
648390960
648391920
648566960
648654480
659331920
659414000
659419440
659594480
659682000
660119600
660201360
660207120
660382160
660469680
661694960
661776080
661782480
661957520
662045040
662482640
662563440
662570160
662745200
662832720
666421040
666500240
666508560
666683600
666771120
667208720
667287600
667296240
667471280
667558800
667563176
668784080
668862320
668871600
669046640
669134160
669571760
669649680
669659280
669834320
669921840
765668720
765707600
765756240
765931280
766018800
766456400
766494960
766543920
766718960
766806480
768031760
768069680
768119280
768294320
768381840
768819440
768857040
768906960
769082000
769169520
772757840
772793840
772845360
773020400
773107920
773545520
773581200
773633040
773808080
773895600
775120880
775155920
775208400
775234656
775383440
775470960
775908560
775943280
775996080
776171120
776258640
786936080
786966320
787023600
787198640
787286160
787723760
787753680
787811280
787986320
788073840
789299120
789328400
789386640
789561680
789649200
790086800
790115760
790174320
790349360
790436880
794025200
794052560
794112720
794287760
794375280
794812880
794839920
794900400
795075440
795162960
796388240
796414640
796475760
796650800
796738320
796768952
797175920
797202000
797263440
797438480
797526000
829470800
829483760
829558320
829733360
829820880
830258480
830271120
830346000
830521040
830608560
831833840
831845840
831921360
832096400
832183920
832621520
832633200
832709040
832884080
832971600
836559920
836570000
836647440
836822480
836910000
837347600
837357360
837435120
837610160
837697680
838922960
838932080
839010480
839185520
839273040
839710640
839719440
839798160
839837544
839973200
840060720
850738160
850742480
850825680
851000720
851088240
851525840
851529840
851613360
851788400
851875920
853101200
853104560
853188720
853363760
853451280
853888880
853891920
853976400
854151440
854238960
857827280
857828720
857914800
858089840
858177360
858614960
858616080
858702480
858877520
858965040
860190320
860190800
860277840
860452880
860540400
860978000
860978160
861065520
861240560
861328080
861371840
