0
44408
133224
266936
310856
398216
399672
800808
843752
932568
1067744
1110200
1194648
1199016
2402424
2442440
2531256
2669360
2708888
2787512
2797704
3203232
3241784
3330600
3470168
3508232
3583944
3597048
7207272
7238504
7327320
7474208
7504952
7566104
7593768
8008080
8037848
8126664
8275016
8304296
8362536
8393112
9609696
9636536
9725352
9876632
9902984
9955400
9991800
10410504
10435880
10524696
10677440
10702328
10751832
10791144
21621816
21626696
21715512
21888752
21893144
21901880
21981960
22422624
22426040
22514856
22689560
22692488
22698312
22781304
24024240
24024728
24113544
24291176
24379992
24824072
24825048
24912888
25087608
25090520
25091984
25179336
28820792
28829088
28909608
29069768
29087240
29096024
29176056
29620136
29629896
29708952
29866200
29886584
29896832
29975400
31218824
31231512
31307640
31459064
31485272
31498448
31574088
32018168
32032320
32106984
32255496
32284616
32299256
32373432
64791272
64865448
64880088
64909208
65057720
65132384
65146536
65590616
65666256
65679432
65705640
65857064
65933192
65945880
67189304
67267872
67278120
67298504
67455752
67534808
67544568
67988648
68068680
68077464
68094936
68255096
68335616
68343912
71985368
72072720
72074184
72077096
72251816
72339656
72340632
72784712
72873528
73051160
73139976
73140464
74383400
74466392
74472216
74475144
74649848
74738664
74742080
75182744
75262824
75271560
75275952
75449192
75538008
75542888
86373560
86412872
86462376
86487264
86640008
86728824
86754200
87172904
87209304
87261720
87288072
87439352
87528168
87555008
88771592
88802168
88860408
88889688
89038040
89126856
89156624
89570936
89598600
89659752
89690496
89837384
89926200
89957432
93567656
93580760
93656472
93694536
93834104
93922920
93961472
94367000
94377192
94455816
94495344
94633448
94722264
94762280
95965688
95970056
96054504
96096960
96232136
96320952
96363896
96765032
96766488
96853848
96897768
97031480
97120296
97164704
