0
1
3
4
8
9
11
12
24
25
27
28
32
33
35
36
72
73
75
76
80
81
83
84
96
97
99
100
104
105
107
108
216
217
219
220
224
225
227
228
240
241
243
244
248
249
251
252
288
289
291
292
296
297
299
300
312
313
315
316
320
321
323
324
648
649
651
652
656
657
659
660
672
673
675
676
680
681
683
684
720
721
723
724
728
729
731
732
744
745
747
748
752
753
755
756
864
865
867
868
872
873
875
876
888
889
891
892
896
897
899
900
936
937
939
940
944
945
947
948
960
961
963
964
968
969
971
972
1944
1945
1947
1948
1952
1953
1955
1956
1968
1969
1971
1972
1976
1977
1979
1980
2016
2017
2019
2020
2024
2025
2027
2028
2040
2041
2043
2044
2048
2049
2051
2052
2160
2161
2163
2164
2168
2169
2171
2172
2184
2185
2187
2188
2192
2193
2195
2196
2232
2233
2235
2236
2240
2241
2243
2244
2256
2257
2259
2260
2264
2265
2267
2268
2592
2593
2595
2596
2600
2601
2603
2604
2616
2617
2619
2620
2624
2625
2627
2628
2664
2665
2667
2668
2672
2673
2675
2676
2688
2689
2691
2692
2696
2697
2699
2700
2808
2809
2811
2812
2816
2817
2819
2820
2832
2833
2835
2836
2840
2841
2843
2844
2880
2881
2883
2884
2888
2889
2891
2892
2904
2905
2907
2908
2912
2913
2915
2916
5832
5833
5835
5836
5840
5841
5843
5844
5856
5857
5859
5860
5864
5865
5867
5868
5904
5905
5907
5908
5912
5913
5915
5916
5928
5929
5931
5932
5936
5937
5939
5940
6048
6049
6051
6052
6056
6057
6059
6060
6072
6073
6075
6076
6080
6081
6083
6084
6120
6121
6123
6124
6128
6129
6131
6132
6144
6145
6147
6148
6152
6153
6155
6156
6480
6481
6483
6484
6488
6489
6491
6492
6504
6505
6507
6508
6512
6513
6515
6516
6552
6553
6555
6556
6560
6561
6563
6564
6576
6577
6579
6580
6584
6585
6587
6588
6696
6697
6699
6700
6704
6705
6707
6708
6720
6721
6723
6724
6728
6729
6731
6732
6768
6769
6771
6772
6776
6777
6779
6780
6792
6793
6795
6796
6800
6801
6803
6804
7776
7777
7779
7780
7784
7785
7787
7788
7800
7801
7803
7804
7808
7809
7811
7812
7848
7849
7851
7852
7856
7857
7859
7860
7872
7873
7875
7876
7880
7881
7883
7884
7992
7993
7995
7996
8000
8001
8003
8004
8016
8017
8019
8020
8024
8025
8027
8028
8064
8065
8067
8068
8072
8073
8075
8076
8088
8089
8091
8092
8096
8097
8099
8100
8424
8425
8427
8428
8432
8433
8435
8436
8448
8449
8451
8452
8456
8457
8459
8460
8496
8497
8499
8500
8504
8505
8507
8508
8520
8521
8523
8524
8528
8529
8531
8532
8640
8641
8643
8644
8648
8649
8651
8652
8664
8665
8667
8668
8672
8673
8675
8676
8712
8713
8715
8716
8720
8721
8723
8724
8736
8737
8739
8740
8744
8745
8747
8748
17496
17497
17499
17500
17504
17505
17507
17508
17520
17521
17523
17524
17528
17529
17531
17532
17568
17569
17571
17572
17576
17577
17579
17580
17592
17593
17595
17596
17600
17601
17603
17604
17712
17713
17715
17716
17720
17721
17723
17724
17736
17737
17739
17740
17744
17745
17747
17748
17784
17785
17787
17788
17792
17793
17795
17796
17808
17809
17811
17812
17816
17817
17819
17820
18144
18145
18147
18148
18152
18153
18155
18156
18168
18169
18171
18172
18176
18177
18179
18180
18216
18217
18219
18220
18224
18225
18227
18228
18240
18241
18243
18244
18248
18249
18251
18252
18360
18361
18363
18364
18368
18369
18371
18372
18384
18385
18387
18388
18392
18393
18395
18396
18432
18433
18435
18436
18440
18441
18443
18444
18456
18457
18459
18460
18464
18465
18467
18468
19440
19441
19443
19444
19448
19449
19451
19452
19464
19465
19467
19468
19472
19473
19475
19476
19512
19513
19515
19516
19520
19521
19523
19524
19536
19537
19539
19540
19544
19545
19547
19548
19656
19657
19659
19660
19664
19665
19667
19668
19680
19681
19683
19684
19688
19689
19691
19692
19728
19729
19731
19732
19736
19737
19739
19740
19752
19753
19755
19756
19760
19761
19763
19764
20088
20089
20091
20092
20096
20097
20099
20100
20112
20113
20115
20116
20120
20121
20123
20124
20160
20161
20163
20164
20168
20169
20171
20172
20184
20185
20187
20188
20192
20193
20195
20196
20304
20305
20307
20308
20312
20313
20315
20316
20328
20329
20331
20332
20336
20337
20339
20340
20376
20377
20379
20380
20384
20385
20387
20388
20400
20401
20403
20404
20408
20409
20411
20412
23328
23329
23331
23332
23336
23337
23339
23340
23352
23353
23355
23356
23360
23361
23363
23364
23400
23401
23403
23404
23408
23409
23411
23412
23424
23425
23427
23428
23432
23433
23435
23436
23544
23545
23547
23548
23552
23553
23555
23556
23568
23569
23571
23572
23576
23577
23579
23580
23616
23617
23619
23620
23624
23625
23627
23628
23640
23641
23643
23644
23648
23649
23651
23652
23976
23977
23979
23980
23984
23985
23987
23988
24000
24001
24003
24004
24008
24009
24011
24012
24048
24049
24051
24052
24056
24057
24059
24060
24072
24073
24075
24076
24080
24081
24083
24084
24192
24193
24195
24196
24200
24201
24203
24204
24216
24217
24219
24220
24224
24225
24227
24228
24264
24265
24267
24268
24272
24273
24275
24276
24288
24289
24291
24292
24296
24297
24299
24300
25272
25273
25275
25276
25280
25281
25283
25284
25296
25297
25299
25300
25304
25305
25307
25308
25344
25345
25347
25348
25352
25353
25355
25356
25368
25369
25371
25372
25376
25377
25379
25380
25488
25489
25491
25492
25496
25497
25499
25500
25512
25513
25515
25516
25520
25521
25523
25524
25560
25561
25563
25564
25568
25569
25571
25572
25584
25585
25587
25588
25592
25593
25595
25596
25920
25921
25923
25924
25928
25929
25931
25932
25944
25945
25947
25948
25952
25953
25955
25956
25992
25993
25995
25996
26000
26001
26003
26004
26016
26017
26019
26020
26024
26025
26027
26028
26136
26137
26139
26140
26144
26145
26147
26148
26160
26161
26163
26164
26168
26169
26171
26172
26208
26209
26211
26212
26216
26217
26219
26220
26232
26233
26235
26236
26240
26241
26243
26244
52488
52489
52491
52492
52496
52497
52499
52500
52512
52513
52515
52516
52520
52521
52523
52524
52560
52561
52563
52564
52568
52569
52571
52572
52584
52585
52587
52588
52592
52593
52595
52596
52704
52705
52707
52708
52712
52713
52715
52716
52728
52729
52731
52732
52736
52737
52739
52740
52776
52777
52779
52780
52784
52785
52787
52788
52800
52801
52803
52804
52808
52809
52811
52812
53136
53137
53139
53140
53144
53145
53147
53148
53160
53161
53163
53164
53168
53169
53171
53172
53208
53209
53211
53212
53216
53217
53219
53220
53232
53233
53235
53236
53240
53241
53243
53244
53352
53353
53355
53356
53360
53361
53363
53364
53376
53377
53379
53380
53384
53385
53387
53388
53424
53425
53427
53428
53432
53433
53435
53436
53448
53449
53451
53452
53456
53457
53459
53460
54432
54433
54435
54436
54440
54441
54443
54444
54456
54457
54459
54460
54464
54465
54467
54468
54504
54505
54507
54508
54512
54513
54515
54516
54528
54529
54531
54532
54536
54537
54539
54540
54648
54649
54651
54652
54656
54657
54659
54660
54672
54673
54675
54676
54680
54681
54683
54684
54720
54721
54723
54724
54728
54729
54731
54732
54744
54745
54747
54748
54752
54753
54755
54756
55080
55081
55083
55084
55088
55089
55091
55092
55104
55105
55107
55108
55112
55113
55115
55116
55152
55153
55155
55156
55160
55161
55163
55164
55176
55177
55179
55180
55184
55185
55187
55188
55296
55297
55299
55300
55304
55305
55307
55308
55320
55321
55323
55324
55328
55329
55331
55332
55368
55369
55371
55372
55376
55377
55379
55380
55392
55393
55395
55396
55400
55401
55403
55404
58320
58321
58323
58324
58328
58329
58331
58332
58344
58345
58347
58348
58352
58353
58355
58356
58392
58393
58395
58396
58400
58401
58403
58404
58416
58417
58419
58420
58424
58425
58427
58428
58536
58537
58539
58540
58544
58545
58547
58548
58560
58561
58563
58564
58568
58569
58571
58572
58608
58609
58611
58612
58616
58617
58619
58620
58632
58633
58635
58636
58640
58641
58643
58644
58968
58969
58971
58972
58976
58977
58979
58980
58992
58993
58995
58996
59000
59001
59003
59004
59040
59041
59043
59044
59048
59049
59051
59052
59064
59065
59067
59068
59072
59073
59075
59076
59184
59185
59187
59188
59192
59193
59195
59196
59208
59209
59211
59212
59216
59217
59219
59220
59256
59257
59259
59260
59264
59265
59267
59268
59280
59281
59283
59284
59288
59289
59291
59292
60264
60265
60267
60268
60272
60273
60275
60276
60288
60289
60291
60292
60296
60297
60299
60300
60336
60337
60339
60340
60344
60345
60347
60348
60360
60361
60363
60364
60368
60369
60371
60372
60480
60481
60483
60484
60488
60489
60491
60492
60504
60505
60507
60508
60512
60513
60515
60516
60552
60553
60555
60556
60560
60561
60563
60564
60576
60577
60579
60580
60584
60585
60587
60588
60912
60913
60915
60916
60920
60921
60923
60924
60936
60937
60939
60940
60944
60945
60947
60948
60984
60985
60987
60988
60992
60993
60995
60996
61008
61009
61011
61012
61016
61017
61019
61020
61128
61129
61131
61132
61136
61137
61139
61140
61152
61153
61155
61156
61160
61161
61163
61164
61200
61201
61203
61204
61208
61209
61211
61212
61224
61225
61227
61228
61232
61233
61235
61236
69984
69985
69987
69988
69992
69993
69995
69996
70008
70009
70011
70012
70016
70017
70019
70020
70056
70057
70059
70060
70064
70065
70067
70068
70080
70081
70083
70084
70088
70089
70091
70092
70200
70201
70203
70204
70208
70209
70211
70212
70224
70225
70227
70228
70232
70233
70235
70236
70272
70273
70275
70276
70280
70281
70283
70284
70296
70297
70299
70300
70304
70305
70307
70308
70632
70633
70635
70636
70640
70641
70643
70644
70656
70657
70659
70660
70664
70665
70667
70668
70704
70705
70707
70708
70712
70713
70715
70716
70728
70729
70731
70732
70736
70737
70739
70740
70848
70849
70851
70852
70856
70857
70859
70860
70872
70873
70875
70876
70880
70881
70883
70884
70920
70921
70923
70924
70928
70929
70931
70932
70944
70945
70947
70948
70952
70953
70955
70956
71928
71929
71931
71932
71936
71937
71939
71940
71952
71953
71955
71956
71960
71961
71963
71964
72000
72001
72003
72004
72008
72009
72011
72012
72024
72025
72027
72028
72032
72033
72035
72036
72144
72145
72147
72148
72152
72153
72155
72156
72168
72169
72171
72172
72176
72177
72179
72180
72216
72217
72219
72220
72224
72225
72227
72228
72240
72241
72243
72244
72248
72249
72251
72252
72576
72577
72579
72580
72584
72585
72587
72588
72600
72601
72603
72604
72608
72609
72611
72612
72648
72649
72651
72652
72656
72657
72659
72660
72672
72673
72675
72676
72680
72681
72683
72684
72792
72793
72795
72796
72800
72801
72803
72804
72816
72817
72819
72820
72824
72825
72827
72828
72864
72865
72867
72868
72872
72873
72875
72876
72888
72889
72891
72892
72896
72897
72899
72900
75816
75817
75819
75820
75824
75825
75827
75828
75840
75841
75843
75844
75848
75849
75851
75852
75888
75889
75891
75892
75896
75897
75899
75900
75912
75913
75915
75916
75920
75921
75923
75924
76032
76033
76035
76036
76040
76041
76043
76044
76056
76057
76059
76060
76064
76065
76067
76068
76104
76105
76107
76108
76112
76113
76115
76116
76128
76129
76131
76132
76136
76137
76139
76140
76464
76465
76467
76468
76472
76473
76475
76476
76488
76489
76491
76492
76496
76497
76499
76500
76536
76537
76539
76540
76544
76545
76547
76548
76560
76561
76563
76564
76568
76569
76571
76572
76680
76681
76683
76684
76688
76689
76691
76692
76704
76705
76707
76708
76712
76713
76715
76716
76752
76753
76755
76756
76760
76761
76763
76764
76776
76777
76779
76780
76784
76785
76787
76788
77760
77761
77763
77764
77768
77769
77771
77772
77784
77785
77787
77788
77792
77793
77795
77796
77832
77833
77835
77836
77840
77841
77843
77844
77856
77857
77859
77860
77864
77865
77867
77868
77976
77977
77979
77980
77984
77985
77987
77988
78000
78001
78003
78004
78008
78009
78011
78012
78048
78049
78051
78052
78056
78057
78059
78060
78072
78073
78075
78076
78080
78081
78083
78084
78408
78409
78411
78412
78416
78417
78419
78420
78432
78433
78435
78436
78440
78441
78443
78444
78480
78481
78483
78484
78488
78489
78491
78492
78504
78505
78507
78508
78512
78513
78515
78516
78624
78625
78627
78628
78632
78633
78635
78636
78648
78649
78651
78652
78656
78657
78659
78660
78696
78697
78699
78700
78704
78705
78707
78708
78720
78721
78723
78724
78728
78729
78731
78732
