0
1
3
7
9
10
20
21
23
27
29
30
60
61
63
67
69
70
80
81
83
87
89
90
180
181
183
187
189
190
200
201
203
207
209
210
240
241
243
247
249
250
260
261
263
267
269
270
540
541
543
547
549
550
560
561
563
567
569
570
600
601
603
607
609
610
620
621
623
627
629
630
720
721
723
727
729
730
740
741
743
747
749
750
780
781
783
787
789
790
800
801
803
807
809
810
1620
1621
1623
1627
1629
1630
1640
1641
1643
1647
1649
1650
1680
1681
1683
1687
1689
1690
1700
1701
1703
1707
1709
1710
1800
1801
1803
1807
1809
1810
1820
1821
1823
1827
1829
1830
1860
1861
1863
1867
1869
1870
1880
1881
1883
1887
1889
1890
2160
2161
2163
2167
2169
2170
2180
2181
2183
2187
2189
2190
2220
2221
2223
2227
2229
2230
2240
2241
2243
2247
2249
2250
2340
2341
2343
2347
2349
2350
2360
2361
2363
2367
2369
2370
2400
2401
2403
2407
2409
2410
2420
2421
2423
2427
2429
2430
4860
4861
4863
4867
4869
4870
4880
4881
4883
4887
4889
4890
4920
4921
4923
4927
4929
4930
4940
4941
4943
4947
4949
4950
5040
5041
5043
5047
5049
5050
5060
5061
5063
5067
5069
5070
5100
5101
5103
5107
5109
5110
5120
5121
5123
5127
5129
5130
5400
5401
5403
5407
5409
5410
5420
5421
5423
5427
5429
5430
5460
5461
5463
5467
5469
5470
5480
5481
5483
5487
5489
5490
5580
5581
5583
5587
5589
5590
5600
5601
5603
5607
5609
5610
5640
5641
5643
5647
5649
5650
5660
5661
5663
5667
5669
5670
6480
6481
6483
6487
6489
6490
6500
6501
6503
6507
6509
6510
6540
6541
6543
6547
6549
6550
6560
6561
6563
6567
6569
6570
6660
6661
6663
6667
6669
6670
6680
6681
6683
6687
6689
6690
6720
6721
6723
6727
6729
6730
6740
6741
6743
6747
6749
6750
7020
7021
7023
7027
7029
7030
7040
7041
7043
7047
7049
7050
7080
7081
7083
7087
7089
7090
7100
7101
7103
7107
7109
7110
7200
7201
7203
7207
7209
7210
7220
7221
7223
7227
7229
7230
7260
7261
7263
7267
7269
7270
7280
7281
7283
7287
7289
7290
14580
14581
14583
14587
14589
14590
14600
14601
14603
14607
14609
14610
14640
14641
14643
14647
14649
14650
14660
14661
14663
14667
14669
14670
14760
14761
14763
14767
14769
14770
14780
14781
14783
14787
14789
14790
14820
14821
14823
14827
14829
14830
14840
14841
14843
14847
14849
14850
15120
15121
15123
15127
15129
15130
15140
15141
15143
15147
15149
15150
15180
15181
15183
15187
15189
15190
15200
15201
15203
15207
15209
15210
15300
15301
15303
15307
15309
15310
15320
15321
15323
15327
15329
15330
15360
15361
15363
15367
15369
15370
15380
15381
15383
15387
15389
15390
16200
16201
16203
16207
16209
16210
16220
16221
16223
16227
16229
16230
16260
16261
16263
16267
16269
16270
16280
16281
16283
16287
16289
16290
16380
16381
16383
16387
16389
16390
16400
16401
16403
16407
16409
16410
16440
16441
16443
16447
16449
16450
16460
16461
16463
16467
16469
16470
16740
16741
16743
16747
16749
16750
16760
16761
16763
16767
16769
16770
16800
16801
16803
16807
16809
16810
16820
16821
16823
16827
16829
16830
16920
16921
16923
16927
16929
16930
16940
16941
16943
16947
16949
16950
16980
16981
16983
16987
16989
16990
17000
17001
17003
17007
17009
17010
19440
19441
19443
19447
19449
19450
19460
19461
19463
19467
19469
19470
19500
19501
19503
19507
19509
19510
19520
19521
19523
19527
19529
19530
19620
19621
19623
19627
19629
19630
19640
19641
19643
19647
19649
19650
19680
19681
19683
19687
19689
19690
19700
19701
19703
19707
19709
19710
19980
19981
19983
19987
19989
19990
20000
20001
20003
20007
20009
20010
20040
20041
20043
20047
20049
20050
20060
20061
20063
20067
20069
20070
20160
20161
20163
20167
20169
20170
20180
20181
20183
20187
20189
20190
20220
20221
20223
20227
20229
20230
20240
20241
20243
20247
20249
20250
21060
21061
21063
21067
21069
21070
21080
21081
21083
21087
21089
21090
21120
21121
21123
21127
21129
21130
21140
21141
21143
21147
21149
21150
21240
21241
21243
21247
21249
21250
21260
21261
21263
21267
21269
21270
21300
21301
21303
21307
21309
21310
21320
21321
21323
21327
21329
21330
21600
21601
21603
21607
21609
21610
21620
21621
21623
21627
21629
21630
21660
21661
21663
21667
21669
21670
21680
21681
21683
21687
21689
21690
21780
21781
21783
21787
21789
21790
21800
21801
21803
21807
21809
21810
21840
21841
21843
21847
21849
21850
21860
21861
21863
21867
21869
21870
43740
43741
43743
43747
43749
43750
43760
43761
43763
43767
43769
43770
43800
43801
43803
43807
43809
43810
43820
43821
43823
43827
43829
43830
43920
43921
43923
43927
43929
43930
43940
43941
43943
43947
43949
43950
43980
43981
43983
43987
43989
43990
44000
44001
44003
44007
44009
44010
44280
44281
44283
44287
44289
44290
44300
44301
44303
44307
44309
44310
44340
44341
44343
44347
44349
44350
44360
44361
44363
44367
44369
44370
44460
44461
44463
44467
44469
44470
44480
44481
44483
44487
44489
44490
44520
44521
44523
44527
44529
44530
44540
44541
44543
44547
44549
44550
45360
45361
45363
45367
45369
45370
45380
45381
45383
45387
45389
45390
45420
45421
45423
45427
45429
45430
45440
45441
45443
45447
45449
45450
45540
45541
45543
45547
45549
45550
45560
45561
45563
45567
45569
45570
45600
45601
45603
45607
45609
45610
45620
45621
45623
45627
45629
45630
45900
45901
45903
45907
45909
45910
45920
45921
45923
45927
45929
45930
45960
45961
45963
45967
45969
45970
45980
45981
45983
45987
45989
45990
46080
46081
46083
46087
46089
46090
46100
46101
46103
46107
46109
46110
46140
46141
46143
46147
46149
46150
46160
46161
46163
46167
46169
46170
48600
48601
48603
48607
48609
48610
48620
48621
48623
48627
48629
48630
48660
48661
48663
48667
48669
48670
48680
48681
48683
48687
48689
48690
48780
48781
48783
48787
48789
48790
48800
48801
48803
48807
48809
48810
48840
48841
48843
48847
48849
48850
48860
48861
48863
48867
48869
48870
49140
49141
49143
49147
49149
49150
49160
49161
49163
49167
49169
49170
49200
49201
49203
49207
49209
49210
49220
49221
49223
49227
49229
49230
49320
49321
49323
49327
49329
49330
49340
49341
49343
49347
49349
49350
49380
49381
49383
49387
49389
49390
49400
49401
49403
49407
49409
49410
50220
50221
50223
50227
50229
50230
50240
50241
50243
50247
50249
50250
50280
50281
50283
50287
50289
50290
50300
50301
50303
50307
50309
50310
50400
50401
50403
50407
50409
50410
50420
50421
50423
50427
50429
50430
50460
50461
50463
50467
50469
50470
50480
50481
50483
50487
50489
50490
50760
50761
50763
50767
50769
50770
50780
50781
50783
50787
50789
50790
50820
50821
50823
50827
50829
50830
50840
50841
50843
50847
50849
50850
50940
50941
50943
50947
50949
50950
50960
50961
50963
50967
50969
50970
51000
51001
51003
51007
51009
51010
51020
51021
51023
51027
51029
51030
58320
58321
58323
58327
58329
58330
58340
58341
58343
58347
58349
58350
58380
58381
58383
58387
58389
58390
58400
58401
58403
58407
58409
58410
58500
58501
58503
58507
58509
58510
58520
58521
58523
58527
58529
58530
58560
58561
58563
58567
58569
58570
58580
58581
58583
58587
58589
58590
58860
58861
58863
58867
58869
58870
58880
58881
58883
58887
58889
58890
58920
58921
58923
58927
58929
58930
58940
58941
58943
58947
58949
58950
59040
59041
59043
59047
59049
59050
59060
59061
59063
59067
59069
59070
59100
59101
59103
59107
59109
59110
59120
59121
59123
59127
59129
59130
59940
59941
59943
59947
59949
59950
59960
59961
59963
59967
59969
59970
60000
60001
60003
60007
60009
60010
60020
60021
60023
60027
60029
60030
60120
60121
60123
60127
60129
60130
60140
60141
60143
60147
60149
60150
60180
60181
60183
60187
60189
60190
60200
60201
60203
60207
60209
60210
60480
60481
60483
60487
60489
60490
60500
60501
60503
60507
60509
60510
60540
60541
60543
60547
60549
60550
60560
60561
60563
60567
60569
60570
60660
60661
60663
60667
60669
60670
60680
60681
60683
60687
60689
60690
60720
60721
60723
60727
60729
60730
60740
60741
60743
60747
60749
60750
63180
63181
63183
63187
63189
63190
63200
63201
63203
63207
63209
63210
63240
63241
63243
63247
63249
63250
63260
63261
63263
63267
63269
63270
63360
63361
63363
63367
63369
63370
63380
63381
63383
63387
63389
63390
63420
63421
63423
63427
63429
63430
63440
63441
63443
63447
63449
63450
63720
63721
63723
63727
63729
63730
63740
63741
63743
63747
63749
63750
63780
63781
63783
63787
63789
63790
63800
63801
63803
63807
63809
63810
63900
63901
63903
63907
63909
63910
63920
63921
63923
63927
63929
63930
63960
63961
63963
63967
63969
63970
63980
63981
63983
63987
63989
63990
64800
64801
64803
64807
64809
64810
64820
64821
64823
64827
64829
64830
64860
64861
64863
64867
64869
64870
64880
64881
64883
64887
64889
64890
64980
64981
64983
64987
64989
64990
65000
65001
65003
65007
65009
65010
65040
65041
65043
65047
65049
65050
65060
65061
65063
65067
65069
65070
65340
65341
65343
65347
65349
65350
65360
65361
65363
65367
65369
65370
65400
65401
65403
65407
65409
65410
65420
65421
65423
65427
65429
65430
65520
65521
65523
65527
65529
65530
65540
65541
65543
65547
65549
65550
65580
65581
65583
65587
65589
65590
65600
65601
65603
65607
65609
65610
