0
9076
27228
36304
81684
90760
108912
117988
245052
254128
272280
281356
326736
335812
353964
363040
735156
744232
762384
771460
816840
825916
844068
853144
980208
989284
1007436
1016512
1061892
1070968
1089120
1098196
2205468
2214544
2232696
2241772
2287152
2296228
2314380
2323456
2450520
2459596
2477748
2486824
2532204
2541280
2559432
2568508
2940624
2949700
2967852
2976928
3022308
3031384
3049536
3058612
3185676
3194752
3212904
3221980
3267360
3276436
3294588
3303664
6616404
6625480
6643632
6652708
6698088
6707164
6725316
6734392
6861456
6870532
6888684
6897760
6943140
6952216
6970368
6979444
7351560
7360636
7378788
7387864
7433244
7442320
7460472
7469548
7596612
7605688
7623840
7632916
7678296
7687372
7705524
7714600
8821872
8830948
8849100
8858176
8903556
8912632
8930784
8939860
9066924
9076000
9094152
9103228
9148608
9157684
9175836
9184912
9557028
9566104
9584256
9593332
9638712
9647788
9665940
9675016
9802080
9811156
9829308
9838384
9883764
9892840
9910992
9920068
19849212
19858288
19876440
19885516
19930896
19939972
19958124
19967200
20094264
20103340
20121492
20130568
20175948
20185024
20203176
20212252
20584368
20593444
20611596
20620672
20666052
20675128
20693280
20702356
20829420
20838496
20856648
20865724
20911104
20920180
20938332
20947408
22054680
22063756
22081908
22090984
22136364
22145440
22163592
22172668
22299732
22308808
22326960
22336036
22381416
22390492
22408644
22417720
22789836
22798912
22817064
22826140
22871520
22880596
22898748
22907824
23034888
23043964
23062116
23071192
23116572
23125648
23143800
23152876
26465616
26474692
26492844
26501920
26547300
26556376
26574528
26583604
26710668
26719744
26737896
26746972
26792352
26801428
26819580
26828656
27200772
27209848
27228000
27237076
27282456
27291532
27309684
27318760
27445824
27454900
27473052
27482128
27527508
27536584
27554736
27563812
28671084
28680160
28698312
28707388
28752768
28761844
28779996
28789072
28916136
28925212
28943364
28952440
28997820
29006896
29025048
29034124
29406240
29415316
29433468
29442544
29487924
29497000
29515152
29524228
29651292
29660368
29678520
29687596
29732976
29742052
29760204
29769280
59547636
59556712
59574864
59583940
59629320
59638396
59656548
59665624
59792688
59801764
59819916
59828992
59874372
59883448
59901600
59910676
60282792
60291868
60310020
60319096
60364476
60373552
60391704
60400780
60527844
60536920
60555072
60564148
60609528
60618604
60636756
60645832
61753104
61762180
61780332
61789408
61834788
61843864
61862016
61871092
61998156
62007232
62025384
62034460
62079840
62088916
62107068
62116144
62488260
62497336
62515488
62524564
62569944
62579020
62597172
62606248
62733312
62742388
62760540
62769616
62814996
62824072
62842224
62851300
66164040
66173116
66191268
66200344
66245724
66254800
66272952
66282028
66409092
66418168
66436320
66445396
66490776
66499852
66518004
66527080
66899196
66908272
66926424
66935500
66980880
66989956
67008108
67017184
67144248
67153324
67171476
67180552
67225932
67235008
67253160
67262236
68369508
68378584
68396736
68405812
68451192
68460268
68478420
68487496
68614560
68623636
68641788
68650864
68696244
68705320
68723472
68732548
69104664
69113740
69131892
69140968
69186348
69195424
69213576
69222652
69349716
69358792
69376944
69386020
69431400
69440476
69458628
69467704
79396848
79405924
79424076
79433152
79478532
79487608
79505760
79514836
79641900
79650976
79669128
79678204
79723584
79732660
79750812
79759888
80132004
80141080
80159232
80168308
80213688
80222764
80240916
80249992
80377056
80386132
80404284
80413360
80458740
80467816
80485968
80495044
81602316
81611392
81629544
81638620
81684000
81693076
81711228
81720304
81847368
81856444
81874596
81883672
81929052
81938128
81956280
81965356
82337472
82346548
82364700
82373776
82419156
82428232
82446384
82455460
82582524
82591600
82609752
82618828
82664208
82673284
82691436
82700512
86013252
86022328
86040480
86049556
86094936
86104012
86122164
86131240
86258304
86267380
86285532
86294608
86339988
86349064
86367216
86376292
86748408
86757484
86775636
86784712
86830092
86839168
86857320
86866396
86993460
87002536
87020688
87029764
87075144
87084220
87102372
87111448
88218720
88227796
88245948
88255024
88300404
88309480
88327632
88336708
88463772
88472848
88491000
88500076
88545456
88554532
88572684
88581760
88953876
88962952
88981104
88990180
89035560
89044636
89062788
89071864
89198928
89208004
89226156
89235232
89280612
89289688
89307840
89316916
178642908
178651984
178670136
178679212
178724592
178733668
178751820
178760896
178887960
178897036
178915188
178924264
178969644
178978720
178996872
179005948
179378064
179387140
179405292
179414368
179459748
179468824
179486976
179496052
179623116
179632192
179650344
179659420
179704800
179713876
179732028
179741104
180848376
180857452
180875604
180884680
180930060
180939136
180957288
180966364
181093428
181102504
181120656
181129732
181175112
181184188
181202340
181211416
181583532
181592608
181610760
181619836
181665216
181674292
181692444
181701520
181828584
181837660
181855812
181864888
181910268
181919344
181937496
181946572
185259312
185268388
185286540
185295616
185340996
185350072
185368224
185377300
185504364
185513440
185531592
185540668
185586048
185595124
185613276
185622352
185994468
186003544
186021696
186030772
186076152
186085228
186103380
186112456
186239520
186248596
186266748
186275824
186321204
186330280
186348432
186357508
187464780
187473856
187492008
187501084
187546464
187555540
187573692
187582768
187709832
187718908
187737060
187746136
187791516
187800592
187818744
187827820
188199936
188209012
188227164
188236240
188281620
188290696
188308848
188317924
188444988
188454064
188472216
188481292
188526672
188535748
188553900
188562976
198492120
198501196
198519348
198528424
198573804
198582880
198601032
198610108
198737172
198746248
198764400
198773476
198818856
198827932
198846084
198855160
199227276
199236352
199254504
199263580
199308960
199318036
199336188
199345264
199472328
199481404
199499556
199508632
199554012
199563088
199581240
199590316
200697588
200706664
200724816
200733892
200779272
200788348
200806500
200815576
200942640
200951716
200969868
200978944
201024324
201033400
201051552
201060628
201432744
201441820
201459972
201469048
201514428
201523504
201541656
201550732
201677796
201686872
201705024
201714100
201759480
201768556
201786708
201795784
205108524
205117600
205135752
205144828
205190208
205199284
205217436
205226512
205353576
205362652
205380804
205389880
205435260
205444336
205462488
205471564
205843680
205852756
205870908
205879984
205925364
205934440
205952592
205961668
206088732
206097808
206115960
206125036
206170416
206179492
206197644
206206720
207313992
207323068
207341220
207350296
207395676
207404752
207422904
207431980
207559044
207568120
207586272
207595348
207640728
207649804
207667956
207677032
208049148
208058224
208076376
208085452
208130832
208139908
208158060
208167136
208294200
208303276
208321428
208330504
208375884
208384960
208403112
208412188
238190544
238199620
238217772
238226848
238272228
238281304
238299456
238308532
238435596
238444672
238462824
238471900
238517280
238526356
238544508
238553584
238925700
238934776
238952928
238962004
239007384
239016460
239034612
239043688
239170752
239179828
239197980
239207056
239252436
239261512
239279664
239288740
240396012
240405088
240423240
240432316
240477696
240486772
240504924
240514000
240641064
240650140
240668292
240677368
240722748
240731824
240749976
240759052
241131168
241140244
241158396
241167472
241212852
241221928
241240080
241249156
241376220
241385296
241403448
241412524
241457904
241466980
241485132
241494208
244806948
244816024
244834176
244843252
244888632
244897708
244915860
244924936
245052000
245061076
245079228
245088304
245133684
245142760
245160912
245169988
245542104
245551180
245569332
245578408
245623788
245632864
245651016
245660092
245787156
245796232
245814384
245823460
245868840
245877916
245896068
245905144
247012416
247021492
247039644
247048720
247094100
247103176
247121328
247130404
247257468
247266544
247284696
247293772
247339152
247348228
247366380
247375456
247747572
247756648
247774800
247783876
247829256
247838332
247856484
247865560
247992624
248001700
248019852
248028928
248074308
248083384
248101536
248110612
258039756
258048832
258066984
258076060
258121440
258130516
258148668
258157744
258284808
258293884
258312036
258321112
258366492
258375568
258393720
258402796
258774912
258783988
258802140
258811216
258856596
258865672
258883824
258892900
259019964
259029040
259047192
259056268
259101648
259110724
259128876
259137952
260245224
260254300
260272452
260281528
260326908
260335984
260354136
260363212
260490276
260499352
260517504
260526580
260571960
260581036
260599188
260608264
260980380
260989456
261007608
261016684
261062064
261071140
261089292
261098368
261225432
261234508
261252660
261261736
261307116
261316192
261334344
261343420
264656160
264665236
264683388
264692464
264737844
264746920
264765072
264774148
264901212
264910288
264928440
264937516
264982896
264991972
265010124
265019200
265391316
265400392
265418544
265427620
265473000
265482076
265500228
265509304
265636368
265645444
265663596
265672672
265718052
265727128
265745280
265754356
266861628
266870704
266888856
266897932
266943312
266952388
266970540
266979616
267106680
267115756
267133908
267142984
267188364
267197440
267215592
267224668
267596784
267605860
267624012
267633088
267678468
267687544
267705696
267714772
267841836
267850912
267869064
267878140
267923520
267932596
267950748
267959824
