0
1
2
3
6
7
8
9
18
19
20
21
24
25
26
27
54
55
56
57
60
61
62
63
72
73
74
75
78
79
80
81
162
163
164
165
168
169
170
171
180
181
182
183
186
187
188
189
216
217
218
219
222
223
224
225
234
235
236
237
240
241
242
243
486
487
488
489
492
493
494
495
504
505
506
507
510
511
512
513
540
541
542
543
546
547
548
549
558
559
560
561
564
565
566
567
648
649
650
651
654
655
656
657
666
667
668
669
672
673
674
675
702
703
704
705
708
709
710
711
720
721
722
723
726
727
728
729
1458
1459
1460
1461
1464
1465
1466
1467
1476
1477
1478
1479
1482
1483
1484
1485
1512
1513
1514
1515
1518
1519
1520
1521
1530
1531
1532
1533
1536
1537
1538
1539
1620
1621
1622
1623
1626
1627
1628
1629
1638
1639
1640
1641
1644
1645
1646
1647
1674
1675
1676
1677
1680
1681
1682
1683
1692
1693
1694
1695
1698
1699
1700
1701
1944
1945
1946
1947
1950
1951
1952
1953
1962
1963
1964
1965
1968
1969
1970
1971
1998
1999
2000
2001
2004
2005
2006
2007
2016
2017
2018
2019
2022
2023
2024
2025
2106
2107
2108
2109
2112
2113
2114
2115
2124
2125
2126
2127
2130
2131
2132
2133
2160
2161
2162
2163
2166
2167
2168
2169
2178
2179
2180
2181
2184
2185
2186
2187
4374
4375
4376
4377
4380
4381
4382
4383
4392
4393
4394
4395
4398
4399
4400
4401
4428
4429
4430
4431
4434
4435
4436
4437
4446
4447
4448
4449
4452
4453
4454
4455
4536
4537
4538
4539
4542
4543
4544
4545
4554
4555
4556
4557
4560
4561
4562
4563
4590
4591
4592
4593
4596
4597
4598
4599
4608
4609
4610
4611
4614
4615
4616
4617
4860
4861
4862
4863
4866
4867
4868
4869
4878
4879
4880
4881
4884
4885
4886
4887
4914
4915
4916
4917
4920
4921
4922
4923
4932
4933
4934
4935
4938
4939
4940
4941
5022
5023
5024
5025
5028
5029
5030
5031
5040
5041
5042
5043
5046
5047
5048
5049
5076
5077
5078
5079
5082
5083
5084
5085
5094
5095
5096
5097
5100
5101
5102
5103
5832
5833
5834
5835
5838
5839
5840
5841
5850
5851
5852
5853
5856
5857
5858
5859
5886
5887
5888
5889
5892
5893
5894
5895
5904
5905
5906
5907
5910
5911
5912
5913
5994
5995
5996
5997
6000
6001
6002
6003
6012
6013
6014
6015
6018
6019
6020
6021
6048
6049
6050
6051
6054
6055
6056
6057
6066
6067
6068
6069
6072
6073
6074
6075
6318
6319
6320
6321
6324
6325
6326
6327
6336
6337
6338
6339
6342
6343
6344
6345
6372
6373
6374
6375
6378
6379
6380
6381
6390
6391
6392
6393
6396
6397
6398
6399
6480
6481
6482
6483
6486
6487
6488
6489
6498
6499
6500
6501
6504
6505
6506
6507
6534
6535
6536
6537
6540
6541
6542
6543
6552
6553
6554
6555
6558
6559
6560
6561
13122
13123
13124
13125
13128
13129
13130
13131
13140
13141
13142
13143
13146
13147
13148
13149
13176
13177
13178
13179
13182
13183
13184
13185
13194
13195
13196
13197
13200
13201
13202
13203
13284
13285
13286
13287
13290
13291
13292
13293
13302
13303
13304
13305
13308
13309
13310
13311
13338
13339
13340
13341
13344
13345
13346
13347
13356
13357
13358
13359
13362
13363
13364
13365
13608
13609
13610
13611
13614
13615
13616
13617
13626
13627
13628
13629
13632
13633
13634
13635
13662
13663
13664
13665
13668
13669
13670
13671
13680
13681
13682
13683
13686
13687
13688
13689
13770
13771
13772
13773
13776
13777
13778
13779
13788
13789
13790
13791
13794
13795
13796
13797
13824
13825
13826
13827
13830
13831
13832
13833
13842
13843
13844
13845
13848
13849
13850
13851
14580
14581
14582
14583
14586
14587
14588
14589
14598
14599
14600
14601
14604
14605
14606
14607
14634
14635
14636
14637
14640
14641
14642
14643
14652
14653
14654
14655
14658
14659
14660
14661
14742
14743
14744
14745
14748
14749
14750
14751
14760
14761
14762
14763
14766
14767
14768
14769
14796
14797
14798
14799
14802
14803
14804
14805
14814
14815
14816
14817
14820
14821
14822
14823
15066
15067
15068
15069
15072
15073
15074
15075
15084
15085
15086
15087
15090
15091
15092
15093
15120
15121
15122
15123
15126
15127
15128
15129
15138
15139
15140
15141
15144
15145
15146
15147
15228
15229
15230
15231
15234
15235
15236
15237
15246
15247
15248
15249
15252
15253
15254
15255
15282
15283
15284
15285
15288
15289
15290
15291
15300
15301
15302
15303
15306
15307
15308
15309
17496
17497
17498
17499
17502
17503
17504
17505
17514
17515
17516
17517
17520
17521
17522
17523
17550
17551
17552
17553
17556
17557
17558
17559
17568
17569
17570
17571
17574
17575
17576
17577
17658
17659
17660
17661
17664
17665
17666
17667
17676
17677
17678
17679
17682
17683
17684
17685
17712
17713
17714
17715
17718
17719
17720
17721
17730
17731
17732
17733
17736
17737
17738
17739
17982
17983
17984
17985
17988
17989
17990
17991
18000
18001
18002
18003
18006
18007
18008
18009
18036
18037
18038
18039
18042
18043
18044
18045
18054
18055
18056
18057
18060
18061
18062
18063
18144
18145
18146
18147
18150
18151
18152
18153
18162
18163
18164
18165
18168
18169
18170
18171
18198
18199
18200
18201
18204
18205
18206
18207
18216
18217
18218
18219
18222
18223
18224
18225
18954
18955
18956
18957
18960
18961
18962
18963
18972
18973
18974
18975
18978
18979
18980
18981
19008
19009
19010
19011
19014
19015
19016
19017
19026
19027
19028
19029
19032
19033
19034
19035
19116
19117
19118
19119
19122
19123
19124
19125
19134
19135
19136
19137
19140
19141
19142
19143
19170
19171
19172
19173
19176
19177
19178
19179
19188
19189
19190
19191
19194
19195
19196
19197
19440
19441
19442
19443
19446
19447
19448
19449
19458
19459
19460
19461
19464
19465
19466
19467
19494
19495
19496
19497
19500
19501
19502
19503
19512
19513
19514
19515
19518
19519
19520
19521
19602
19603
19604
19605
19608
19609
19610
19611
19620
19621
19622
19623
19626
19627
19628
19629
19656
19657
19658
19659
19662
19663
19664
19665
19674
19675
19676
19677
19680
19681
19682
19683
39366
39367
39368
39369
39372
39373
39374
39375
39384
39385
39386
39387
39390
39391
39392
39393
39420
39421
39422
39423
39426
39427
39428
39429
39438
39439
39440
39441
39444
39445
39446
39447
39528
39529
39530
39531
39534
39535
39536
39537
39546
39547
39548
39549
39552
39553
39554
39555
39582
39583
39584
39585
39588
39589
39590
39591
39600
39601
39602
39603
39606
39607
39608
39609
39852
39853
39854
39855
39858
39859
39860
39861
39870
39871
39872
39873
39876
39877
39878
39879
39906
39907
39908
39909
39912
39913
39914
39915
39924
39925
39926
39927
39930
39931
39932
39933
40014
40015
40016
40017
40020
40021
40022
40023
40032
40033
40034
40035
40038
40039
40040
40041
40068
40069
40070
40071
40074
40075
40076
40077
40086
40087
40088
40089
40092
40093
40094
40095
40824
40825
40826
40827
40830
40831
40832
40833
40842
40843
40844
40845
40848
40849
40850
40851
40878
40879
40880
40881
40884
40885
40886
40887
40896
40897
40898
40899
40902
40903
40904
40905
40986
40987
40988
40989
40992
40993
40994
40995
41004
41005
41006
41007
41010
41011
41012
41013
41040
41041
41042
41043
41046
41047
41048
41049
41058
41059
41060
41061
41064
41065
41066
41067
41310
41311
41312
41313
41316
41317
41318
41319
41328
41329
41330
41331
41334
41335
41336
41337
41364
41365
41366
41367
41370
41371
41372
41373
41382
41383
41384
41385
41388
41389
41390
41391
41472
41473
41474
41475
41478
41479
41480
41481
41490
41491
41492
41493
41496
41497
41498
41499
41526
41527
41528
41529
41532
41533
41534
41535
41544
41545
41546
41547
41550
41551
41552
41553
43740
43741
43742
43743
43746
43747
43748
43749
43758
43759
43760
43761
43764
43765
43766
43767
43794
43795
43796
43797
43800
43801
43802
43803
43812
43813
43814
43815
43818
43819
43820
43821
43902
43903
43904
43905
43908
43909
43910
43911
43920
43921
43922
43923
43926
43927
43928
43929
43956
43957
43958
43959
43962
43963
43964
43965
43974
43975
43976
43977
43980
43981
43982
43983
44226
44227
44228
44229
44232
44233
44234
44235
44244
44245
44246
44247
44250
44251
44252
44253
44280
44281
44282
44283
44286
44287
44288
44289
44298
44299
44300
44301
44304
44305
44306
44307
44388
44389
44390
44391
44394
44395
44396
44397
44406
44407
44408
44409
44412
44413
44414
44415
44442
44443
44444
44445
44448
44449
44450
44451
44460
44461
44462
44463
44466
44467
44468
44469
45198
45199
45200
45201
45204
45205
45206
45207
45216
45217
45218
45219
45222
45223
45224
45225
45252
45253
45254
45255
45258
45259
45260
45261
45270
45271
45272
45273
45276
45277
45278
45279
45360
45361
45362
45363
45366
45367
45368
45369
45378
45379
45380
45381
45384
45385
45386
45387
45414
45415
45416
45417
45420
45421
45422
45423
45432
45433
45434
45435
45438
45439
45440
45441
45684
45685
45686
45687
45690
45691
45692
45693
45702
45703
45704
45705
45708
45709
45710
45711
45738
45739
45740
45741
45744
45745
45746
45747
45756
45757
45758
45759
45762
45763
45764
45765
45846
45847
45848
45849
45852
45853
45854
45855
45864
45865
45866
45867
45870
45871
45872
45873
45900
45901
45902
45903
45906
45907
45908
45909
45918
45919
45920
45921
45924
45925
45926
45927
52488
52489
52490
52491
52494
52495
52496
52497
52506
52507
52508
52509
52512
52513
52514
52515
52542
52543
52544
52545
52548
52549
52550
52551
52560
52561
52562
52563
52566
52567
52568
52569
52650
52651
52652
52653
52656
52657
52658
52659
52668
52669
52670
52671
52674
52675
52676
52677
52704
52705
52706
52707
52710
52711
52712
52713
52722
52723
52724
52725
52728
52729
52730
52731
52974
52975
52976
52977
52980
52981
52982
52983
52992
52993
52994
52995
52998
52999
53000
53001
53028
53029
53030
53031
53034
53035
53036
53037
53046
53047
53048
53049
53052
53053
53054
53055
53136
53137
53138
53139
53142
53143
53144
53145
53154
53155
53156
53157
53160
53161
53162
53163
53190
53191
53192
53193
53196
53197
53198
53199
53208
53209
53210
53211
53214
53215
53216
53217
53946
53947
53948
53949
53952
53953
53954
53955
53964
53965
53966
53967
53970
53971
53972
53973
54000
54001
54002
54003
54006
54007
54008
54009
54018
54019
54020
54021
54024
54025
54026
54027
54108
54109
54110
54111
54114
54115
54116
54117
54126
54127
54128
54129
54132
54133
54134
54135
54162
54163
54164
54165
54168
54169
54170
54171
54180
54181
54182
54183
54186
54187
54188
54189
54432
54433
54434
54435
54438
54439
54440
54441
54450
54451
54452
54453
54456
54457
54458
54459
54486
54487
54488
54489
54492
54493
54494
54495
54504
54505
54506
54507
54510
54511
54512
54513
54594
54595
54596
54597
54600
54601
54602
54603
54612
54613
54614
54615
54618
54619
54620
54621
54648
54649
54650
54651
54654
54655
54656
54657
54666
54667
54668
54669
54672
54673
54674
54675
56862
56863
56864
56865
56868
56869
56870
56871
56880
56881
56882
56883
56886
56887
56888
56889
56916
56917
56918
56919
56922
56923
56924
56925
56934
56935
56936
56937
56940
56941
56942
56943
57024
57025
57026
57027
57030
57031
57032
57033
57042
57043
57044
57045
57048
57049
57050
57051
57078
57079
57080
57081
57084
57085
57086
57087
57096
57097
57098
57099
57102
57103
57104
57105
57348
57349
57350
57351
57354
57355
57356
57357
57366
57367
57368
57369
57372
57373
57374
57375
57402
57403
57404
57405
57408
57409
57410
57411
57420
57421
57422
57423
57426
57427
57428
57429
57510
57511
57512
57513
57516
57517
57518
57519
57528
57529
57530
57531
57534
57535
57536
57537
57564
57565
57566
57567
57570
57571
57572
57573
57582
57583
57584
57585
57588
57589
57590
57591
58320
58321
58322
58323
58326
58327
58328
58329
58338
58339
58340
58341
58344
58345
58346
58347
58374
58375
58376
58377
58380
58381
58382
58383
58392
58393
58394
58395
58398
58399
58400
58401
58482
58483
58484
58485
58488
58489
58490
58491
58500
58501
58502
58503
58506
58507
58508
58509
58536
58537
58538
58539
58542
58543
58544
58545
58554
58555
58556
58557
58560
58561
58562
58563
58806
58807
58808
58809
58812
58813
58814
58815
58824
58825
58826
58827
58830
58831
58832
58833
58860
58861
58862
58863
58866
58867
58868
58869
58878
58879
58880
58881
58884
58885
58886
58887
58968
58969
58970
58971
58974
58975
58976
58977
58986
58987
58988
58989
58992
58993
58994
58995
59022
59023
59024
59025
59028
59029
59030
59031
59040
59041
59042
59043
59046
59047
59048
59049
