0
542
1626
3794
4878
10298
11382
13550
14634
29810
30894
33062
34146
39566
40650
42818
43902
88346
89430
91598
92682
98102
99186
101354
102438
117614
118698
120866
121950
127370
128454
130622
131706
263954
265038
267206
268290
273710
274794
276962
278046
293222
294306
296474
297558
302978
304062
306230
307314
351758
352842
355010
356094
361514
362598
364766
365850
381026
382110
384278
385362
390782
391866
394034
395118
790778
791862
794030
795114
800534
801618
803786
804870
820046
821130
823298
824382
829802
830886
833054
834138
878582
879666
881834
882918
888338
889422
891590
892674
907850
908934
911102
912186
917606
918690
920858
921942
1054190
1055274
1057442
1058526
1063946
1065030
1067198
1068282
1083458
1084542
1086710
1087794
1093214
1094298
1096466
1097550
1141994
1143078
1145246
1146330
1151750
1152834
1155002
1156086
1171262
1172346
1174514
1175598
1181018
1182102
1184270
1185354
1185896
