0
1
2
3
6
7
8
9
18
19
20
21
24
25
26
27
54
55
56
57
60
61
62
63
72
73
74
75
78
79
80
81
162
163
164
165
168
169
170
171
180
181
182
183
186
187
188
189
216
217
218
219
222
223
224
225
234
235
236
237
240
241
242
243
486
487
488
489
492
493
494
495
504
505
506
507
510
511
512
513
540
541
542
543
546
547
548
549
558
559
560
561
564
565
566
567
648
649
650
651
654
655
656
657
666
667
668
669
672
673
674
675
702
703
704
705
708
709
710
711
720
721
722
723
726
727
728
729
1458
1459
1460
1461
1464
1465
1466
1467
1476
1477
1478
1479
1482
1483
1484
1485
1512
1513
1514
1515
1518
1519
1520
1521
1530
1531
1532
1533
1536
1537
1538
1539
1620
1621
1622
1623
1626
1627
1628
1629
1638
1639
1640
1641
1644
1645
1646
1647
1674
1675
1676
1677
1680
1681
1682
1683
1692
1693
1694
1695
1698
1699
1700
1701
1944
1945
1946
1947
1950
1951
1952
1953
1962
1963
1964
1965
1968
1969
1970
1971
1998
1999
2000
2001
2004
2005
2006
2007
2016
2017
2018
2019
2022
2023
2024
2025
2106
2107
2108
2109
2112
2113
2114
2115
2124
2125
2126
2127
2130
2131
2132
2133
2160
2161
2162
2163
2166
2167
2168
2169
2178
2179
2180
2181
2184
2185
2186
2187
4374
4375
4376
4377
4380
4381
4382
4383
4392
4393
4394
4395
4398
4399
4400
4401
4428
4429
4430
4431
4434
4435
4436
4437
4446
4447
4448
4449
4452
4453
4454
4455
4536
4537
4538
4539
4542
4543
4544
4545
4554
4555
4556
4557
4560
4561
4562
4563
4590
4591
4592
4593
4596
4597
4598
4599
4608
4609
4610
4611
4614
4615
4616
4617
4860
4861
4862
4863
4866
4867
4868
4869
4878
4879
4880
4881
4884
4885
4886
4887
4914
4915
4916
4917
4920
4921
4922
4923
4932
4933
4934
4935
4938
4939
4940
4941
5022
5023
5024
5025
5028
5029
5030
5031
5040
5041
5042
5043
5046
5047
5048
5049
5076
5077
5078
5079
5082
5083
5084
5085
5094
5095
5096
5097
5100
5101
5102
5103
5832
5833
5834
5835
5838
5839
5840
5841
5850
5851
5852
5853
5856
5857
5858
5859
5886
5887
5888
5889
5892
5893
5894
5895
5904
5905
5906
5907
5910
5911
5912
5913
5994
5995
5996
5997
6000
6001
6002
6003
6012
6013
6014
6015
6018
6019
6020
6021
6048
6049
6050
6051
6054
6055
6056
6057
6066
6067
6068
6069
6072
6073
6074
6075
6318
6319
6320
6321
6324
6325
6326
6327
6336
6337
6338
6339
6342
6343
6344
6345
6372
6373
6374
6375
6378
6379
6380
6381
6390
6391
6392
6393
6396
6397
6398
6399
6480
6481
6482
6483
6486
6487
6488
6489
6498
6499
6500
6501
6504
6505
6506
6507
6534
6535
6536
6537
6540
6541
6542
6543
6552
6553
6554
6555
6558
6559
6560
6561
13122
13123
13124
13125
13128
13129
13130
13131
13140
13141
13142
13143
13146
13147
13148
13149
13176
13177
13178
13179
13182
13183
13184
13185
13194
13195
13196
13197
13200
13201
13202
13203
13284
13285
13286
13287
13290
13291
13292
13293
13302
13303
13304
13305
13308
13309
13310
13311
13338
13339
13340
13341
13344
13345
13346
13347
13356
13357
13358
13359
13362
13363
13364
13365
13608
13609
13610
13611
13614
13615
13616
13617
13626
13627
13628
13629
13632
13633
13634
13635
13662
13663
13664
13665
13668
13669
13670
13671
13680
13681
13682
13683
13686
13687
13688
13689
13770
13771
13772
13773
13776
13777
13778
13779
13788
13789
13790
13791
13794
13795
13796
13797
13824
13825
13826
13827
13830
13831
13832
13833
13842
13843
13844
13845
13848
13849
13850
13851
14580
14581
14582
14583
14586
14587
14588
14589
14598
14599
14600
14601
14604
14605
14606
14607
14634
14635
14636
14637
14640
14641
14642
14643
14652
14653
14654
14655
14658
14659
14660
14661
14742
14743
14744
14745
14748
14749
14750
14751
14760
14761
14762
14763
14766
14767
14768
14769
14796
14797
14798
14799
14802
14803
14804
14805
14814
14815
14816
14817
14820
14821
14822
14823
15066
15067
15068
15069
15072
15073
15074
15075
15084
15085
15086
15087
15090
15091
15092
15093
15120
15121
15122
15123
15126
15127
15128
15129
15138
15139
15140
15141
15144
15145
15146
15147
15228
15229
15230
15231
15234
15235
15236
15237
15246
15247
15248
15249
15252
15253
15254
15255
15282
15283
15284
15285
15288
15289
15290
15291
15300
15301
15302
15303
15306
15307
15308
15309
17496
17497
17498
17499
17502
17503
17504
17505
17514
17515
17516
17517
17520
17521
17522
17523
17550
17551
17552
17553
17556
17557
17558
17559
17568
17569
17570
17571
17574
17575
17576
17577
17658
17659
17660
17661
17664
17665
17666
17667
17676
17677
17678
17679
17682
17683
17684
17685
17712
17713
17714
17715
17718
17719
17720
17721
17730
17731
17732
17733
17736
17737
17738
17739
17982
17983
17984
17985
17988
17989
17990
17991
18000
18001
18002
18003
18006
18007
18008
18009
18036
18037
18038
18039
18042
18043
18044
18045
18054
18055
18056
18057
18060
18061
18062
18063
18144
18145
18146
18147
18150
18151
18152
18153
18162
18163
18164
18165
18168
18169
18170
18171
18198
18199
18200
18201
18204
18205
18206
18207
18216
18217
18218
18219
18222
18223
18224
18225
18954
18955
18956
18957
18960
18961
18962
18963
18972
18973
18974
18975
18978
18979
18980
18981
19008
19009
19010
19011
19014
19015
19016
19017
19026
19027
19028
19029
19032
19033
19034
19035
19116
19117
19118
19119
19122
19123
19124
19125
19134
19135
19136
19137
19140
19141
19142
19143
19170
19171
19172
19173
19176
19177
19178
19179
19188
19189
19190
19191
19194
19195
19196
19197
19440
19441
19442
19443
19446
19447
19448
19449
19458
19459
19460
19461
19464
19465
19466
19467
19494
19495
19496
19497
19500
19501
19502
19503
19512
19513
19514
19515
19518
19519
19520
19521
19602
19603
19604
19605
19608
19609
19610
19611
19620
19621
19622
19623
19626
19627
19628
19629
19656
19657
19658
19659
19662
19663
19664
19665
19674
19675
19676
19677
19680
19681
19682
19683
39366
39367
39368
39369
39372
39373
39374
39375
39384
39385
39386
39387
39390
39391
39392
39393
39420
39421
39422
39423
39426
39427
39428
39429
39438
39439
39440
39441
39444
39445
39446
39447
39528
39529
39530
39531
39534
39535
39536
39537
39546
39547
39548
39549
39552
39553
39554
39555
39582
39583
39584
39585
39588
39589
39590
39591
39600
39601
39602
39603
39606
39607
39608
39609
39852
39853
39854
39855
39858
39859
39860
39861
39870
39871
39872
39873
39876
39877
39878
39879
39906
39907
39908
39909
39912
39913
39914
39915
39924
39925
39926
39927
39930
39931
39932
39933
40014
40015
40016
40017
40020
40021
40022
40023
40032
40033
40034
40035
40038
40039
40040
40041
40068
40069
40070
40071
40074
40075
40076
40077
40086
40087
40088
40089
40092
40093
40094
40095
40824
40825
40826
40827
40830
40831
40832
40833
40842
40843
40844
40845
40848
40849
40850
40851
40878
40879
40880
40881
40884
40885
40886
40887
40896
40897
40898
40899
40902
40903
40904
40905
40986
40987
40988
40989
40992
40993
40994
40995
41004
41005
41006
41007
41010
41011
41012
41013
41040
41041
41042
41043
41046
41047
41048
41049
41058
41059
41060
41061
41064
41065
41066
41067
41310
41311
41312
41313
41316
41317
41318
41319
41328
41329
41330
41331
41334
41335
41336
41337
41364
41365
41366
41367
41370
41371
41372
41373
41382
41383
41384
41385
41388
41389
41390
41391
41472
41473
41474
41475
41478
41479
41480
41481
41490
41491
41492
41493
41496
41497
41498
41499
41526
41527
41528
41529
41532
41533
41534
41535
41544
41545
41546
41547
41550
41551
41552
41553
43740
43741
43742
43743
43746
43747
43748
43749
43758
43759
43760
43761
43764
43765
43766
43767
43794
43795
43796
43797
43800
43801
43802
43803
43812
43813
43814
43815
43818
43819
43820
43821
43902
43903
43904
43905
43908
43909
43910
43911
43920
43921
43922
43923
43926
43927
43928
43929
43956
43957
43958
43959
43962
43963
43964
43965
43974
43975
43976
43977
43980
43981
43982
43983
44226
44227
44228
44229
44232
44233
44234
44235
44244
44245
44246
44247
44250
44251
44252
44253
44280
44281
44282
44283
44286
44287
44288
44289
44298
44299
44300
44301
44304
44305
44306
44307
44388
44389
44390
44391
44394
44395
44396
44397
44406
44407
44408
44409
44412
44413
44414
44415
44442
44443
44444
44445
44448
44449
44450
44451
44460
44461
44462
44463
44466
44467
44468
44469
45198
45199
45200
45201
45204
45205
45206
45207
45216
45217
45218
45219
45222
45223
45224
45225
45252
45253
45254
45255
45258
45259
45260
45261
45270
45271
45272
45273
45276
45277
45278
45279
45360
45361
45362
45363
45366
45367
45368
45369
45378
45379
45380
45381
45384
45385
45386
45387
45414
45415
45416
45417
45420
45421
45422
45423
45432
45433
45434
45435
45438
45439
45440
45441
45684
45685
45686
45687
45690
45691
45692
45693
45702
45703
45704
45705
45708
45709
45710
45711
45738
45739
45740
45741
45744
45745
45746
45747
45756
45757
45758
45759
45762
45763
45764
45765
45846
45847
45848
45849
45852
45853
45854
45855
45864
45865
45866
45867
45870
45871
45872
45873
45900
45901
45902
45903
45906
45907
45908
45909
45918
45919
45920
45921
45924
45925
45926
45927
52488
52489
52490
52491
52494
52495
52496
52497
52506
52507
52508
52509
52512
52513
52514
52515
52542
52543
52544
52545
52548
52549
52550
52551
52560
52561
52562
52563
52566
52567
52568
52569
52650
52651
52652
52653
52656
52657
52658
52659
52668
52669
52670
52671
52674
52675
52676
52677
52704
52705
52706
52707
52710
52711
52712
52713
52722
52723
52724
52725
52728
52729
52730
52731
52974
52975
52976
52977
52980
52981
52982
52983
52992
52993
52994
52995
52998
52999
53000
53001
53028
53029
53030
53031
53034
53035
53036
53037
53046
53047
53048
53049
53052
53053
53054
53055
53136
53137
53138
53139
53142
53143
53144
53145
53154
53155
53156
53157
53160
53161
53162
53163
53190
53191
53192
53193
53196
53197
53198
53199
53208
53209
53210
53211
53214
53215
53216
53217
53946
53947
53948
53949
53952
53953
53954
53955
53964
53965
53966
53967
53970
53971
53972
53973
54000
54001
54002
54003
54006
54007
54008
54009
54018
54019
54020
54021
54024
54025
54026
54027
54108
54109
54110
54111
54114
54115
54116
54117
54126
54127
54128
54129
54132
54133
54134
54135
54162
54163
54164
54165
54168
54169
54170
54171
54180
54181
54182
54183
54186
54187
54188
54189
54432
54433
54434
54435
54438
54439
54440
54441
54450
54451
54452
54453
54456
54457
54458
54459
54486
54487
54488
54489
54492
54493
54494
54495
54504
54505
54506
54507
54510
54511
54512
54513
54594
54595
54596
54597
54600
54601
54602
54603
54612
54613
54614
54615
54618
54619
54620
54621
54648
54649
54650
54651
54654
54655
54656
54657
54666
54667
54668
54669
54672
54673
54674
54675
56862
56863
56864
56865
56868
56869
56870
56871
56880
56881
56882
56883
56886
56887
56888
56889
56916
56917
56918
56919
56922
56923
56924
56925
56934
56935
56936
56937
56940
56941
56942
56943
57024
57025
57026
57027
57030
57031
57032
57033
57042
57043
57044
57045
57048
57049
57050
57051
57078
57079
57080
57081
57084
57085
57086
57087
57096
57097
57098
57099
57102
57103
57104
57105
57348
57349
57350
57351
57354
57355
57356
57357
57366
57367
57368
57369
57372
57373
57374
57375
57402
57403
57404
57405
57408
57409
57410
57411
57420
57421
57422
57423
57426
57427
57428
57429
57510
57511
57512
57513
57516
57517
57518
57519
57528
57529
57530
57531
57534
57535
57536
57537
57564
57565
57566
57567
57570
57571
57572
57573
57582
57583
57584
57585
57588
57589
57590
57591
58320
58321
58322
58323
58326
58327
58328
58329
58338
58339
58340
58341
58344
58345
58346
58347
58374
58375
58376
58377
58380
58381
58382
58383
58392
58393
58394
58395
58398
58399
58400
58401
58482
58483
58484
58485
58488
58489
58490
58491
58500
58501
58502
58503
58506
58507
58508
58509
58536
58537
58538
58539
58542
58543
58544
58545
58554
58555
58556
58557
58560
58561
58562
58563
58806
58807
58808
58809
58812
58813
58814
58815
58824
58825
58826
58827
58830
58831
58832
58833
58860
58861
58862
58863
58866
58867
58868
58869
58878
58879
58880
58881
58884
58885
58886
58887
58968
58969
58970
58971
58974
58975
58976
58977
58986
58987
58988
58989
58992
58993
58994
58995
59022
59023
59024
59025
59028
59029
59030
59031
59040
59041
59042
59043
59046
59047
59048
59049
118098
118099
118100
118101
118104
118105
118106
118107
118116
118117
118118
118119
118122
118123
118124
118125
118152
118153
118154
118155
118158
118159
118160
118161
118170
118171
118172
118173
118176
118177
118178
118179
118260
118261
118262
118263
118266
118267
118268
118269
118278
118279
118280
118281
118284
118285
118286
118287
118314
118315
118316
118317
118320
118321
118322
118323
118332
118333
118334
118335
118338
118339
118340
118341
118584
118585
118586
118587
118590
118591
118592
118593
118602
118603
118604
118605
118608
118609
118610
118611
118638
118639
118640
118641
118644
118645
118646
118647
118656
118657
118658
118659
118662
118663
118664
118665
118746
118747
118748
118749
118752
118753
118754
118755
118764
118765
118766
118767
118770
118771
118772
118773
118800
118801
118802
118803
118806
118807
118808
118809
118818
118819
118820
118821
118824
118825
118826
118827
119556
119557
119558
119559
119562
119563
119564
119565
119574
119575
119576
119577
119580
119581
119582
119583
119610
119611
119612
119613
119616
119617
119618
119619
119628
119629
119630
119631
119634
119635
119636
119637
119718
119719
119720
119721
119724
119725
119726
119727
119736
119737
119738
119739
119742
119743
119744
119745
119772
119773
119774
119775
119778
119779
119780
119781
119790
119791
119792
119793
119796
119797
119798
119799
120042
120043
120044
120045
120048
120049
120050
120051
120060
120061
120062
120063
120066
120067
120068
120069
120096
120097
120098
120099
120102
120103
120104
120105
120114
120115
120116
120117
120120
120121
120122
120123
120204
120205
120206
120207
120210
120211
120212
120213
120222
120223
120224
120225
120228
120229
120230
120231
120258
120259
120260
120261
120264
120265
120266
120267
120276
120277
120278
120279
120282
120283
120284
120285
122472
122473
122474
122475
122478
122479
122480
122481
122490
122491
122492
122493
122496
122497
122498
122499
122526
122527
122528
122529
122532
122533
122534
122535
122544
122545
122546
122547
122550
122551
122552
122553
122634
122635
122636
122637
122640
122641
122642
122643
122652
122653
122654
122655
122658
122659
122660
122661
122688
122689
122690
122691
122694
122695
122696
122697
122706
122707
122708
122709
122712
122713
122714
122715
122958
122959
122960
122961
122964
122965
122966
122967
122976
122977
122978
122979
122982
122983
122984
122985
123012
123013
123014
123015
123018
123019
123020
123021
123030
123031
123032
123033
123036
123037
123038
123039
123120
123121
123122
123123
123126
123127
123128
123129
123138
123139
123140
123141
123144
123145
123146
123147
123174
123175
123176
123177
123180
123181
123182
123183
123192
123193
123194
123195
123198
123199
123200
123201
123930
123931
123932
123933
123936
123937
123938
123939
123948
123949
123950
123951
123954
123955
123956
123957
123984
123985
123986
123987
123990
123991
123992
123993
124002
124003
124004
124005
124008
124009
124010
124011
124092
124093
124094
124095
124098
124099
124100
124101
124110
124111
124112
124113
124116
124117
124118
124119
124146
124147
124148
124149
124152
124153
124154
124155
124164
124165
124166
124167
124170
124171
124172
124173
124416
124417
124418
124419
124422
124423
124424
124425
124434
124435
124436
124437
124440
124441
124442
124443
124470
124471
124472
124473
124476
124477
124478
124479
124488
124489
124490
124491
124494
124495
124496
124497
124578
124579
124580
124581
124584
124585
124586
124587
124596
124597
124598
124599
124602
124603
124604
124605
124632
124633
124634
124635
124638
124639
124640
124641
124650
124651
124652
124653
124656
124657
124658
124659
131220
131221
131222
131223
131226
131227
131228
131229
131238
131239
131240
131241
131244
131245
131246
131247
131274
131275
131276
131277
131280
131281
131282
131283
131292
131293
131294
131295
131298
131299
131300
131301
131382
131383
131384
131385
131388
131389
131390
131391
131400
131401
131402
131403
131406
131407
131408
131409
131436
131437
131438
131439
131442
131443
131444
131445
131454
131455
131456
131457
131460
131461
131462
131463
131706
131707
131708
131709
131712
131713
131714
131715
131724
131725
131726
131727
131730
131731
131732
131733
131760
131761
131762
131763
131766
131767
131768
131769
131778
131779
131780
131781
131784
131785
131786
131787
131868
131869
131870
131871
131874
131875
131876
131877
131886
131887
131888
131889
131892
131893
131894
131895
131922
131923
131924
131925
131928
131929
131930
131931
131940
131941
131942
131943
131946
131947
131948
131949
132678
132679
132680
132681
132684
132685
132686
132687
132696
132697
132698
132699
132702
132703
132704
132705
132732
132733
132734
132735
132738
132739
132740
132741
132750
132751
132752
132753
132756
132757
132758
132759
132840
132841
132842
132843
132846
132847
132848
132849
132858
132859
132860
132861
132864
132865
132866
132867
132894
132895
132896
132897
132900
132901
132902
132903
132912
132913
132914
132915
132918
132919
132920
132921
133164
133165
133166
133167
133170
133171
133172
133173
133182
133183
133184
133185
133188
133189
133190
133191
133218
133219
133220
133221
133224
133225
133226
133227
133236
133237
133238
133239
133242
133243
133244
133245
133326
133327
133328
133329
133332
133333
133334
133335
133344
133345
133346
133347
133350
133351
133352
133353
133380
133381
133382
133383
133386
133387
133388
133389
133398
133399
133400
133401
133404
133405
133406
133407
135594
135595
135596
135597
135600
135601
135602
135603
135612
135613
135614
135615
135618
135619
135620
135621
135648
135649
135650
135651
135654
135655
135656
135657
135666
135667
135668
135669
135672
135673
135674
135675
135756
135757
135758
135759
135762
135763
135764
135765
135774
135775
135776
135777
135780
135781
135782
135783
135810
135811
135812
135813
135816
135817
135818
135819
135828
135829
135830
135831
135834
135835
135836
135837
136080
136081
136082
136083
136086
136087
136088
136089
136098
136099
136100
136101
136104
136105
136106
136107
136134
136135
136136
136137
136140
136141
136142
136143
136152
136153
136154
136155
136158
136159
136160
136161
136242
136243
136244
136245
136248
136249
136250
136251
136260
136261
136262
136263
136266
136267
136268
136269
136296
136297
136298
136299
136302
136303
136304
136305
136314
136315
136316
136317
136320
136321
136322
136323
137052
137053
137054
137055
137058
137059
137060
137061
137070
137071
137072
137073
137076
137077
137078
137079
137106
137107
137108
137109
137112
137113
137114
137115
137124
137125
137126
137127
137130
137131
137132
137133
137214
137215
137216
137217
137220
137221
137222
137223
137232
137233
137234
137235
137238
137239
137240
137241
137268
137269
137270
137271
137274
137275
137276
137277
137286
137287
137288
137289
137292
137293
137294
137295
137538
137539
137540
137541
137544
137545
137546
137547
137556
137557
137558
137559
137562
137563
137564
137565
137592
137593
137594
137595
137598
137599
137600
137601
137610
137611
137612
137613
137616
137617
137618
137619
137700
137701
137702
137703
137706
137707
137708
137709
137718
137719
137720
137721
137724
137725
137726
137727
137754
137755
137756
137757
137760
137761
137762
137763
137772
137773
137774
137775
137778
137779
137780
137781
157464
157465
157466
157467
157470
157471
157472
157473
157482
157483
157484
157485
157488
157489
157490
157491
157518
157519
157520
157521
157524
157525
157526
157527
157536
157537
157538
157539
157542
157543
157544
157545
157626
157627
157628
157629
157632
157633
157634
157635
157644
157645
157646
157647
157650
157651
157652
157653
157680
157681
157682
157683
157686
157687
157688
157689
157698
157699
157700
157701
157704
157705
157706
157707
157950
157951
157952
157953
157956
157957
157958
157959
157968
157969
157970
157971
157974
157975
157976
157977
158004
158005
158006
158007
158010
158011
158012
158013
158022
158023
158024
158025
158028
158029
158030
158031
158112
158113
158114
158115
158118
158119
158120
158121
158130
158131
158132
158133
158136
158137
158138
158139
158166
158167
158168
158169
158172
158173
158174
158175
158184
158185
158186
158187
158190
158191
158192
158193
158922
158923
158924
158925
158928
158929
158930
158931
158940
158941
158942
158943
158946
158947
158948
158949
158976
158977
158978
158979
158982
158983
158984
158985
158994
158995
158996
158997
159000
159001
159002
159003
159084
159085
159086
159087
159090
159091
159092
159093
159102
159103
159104
159105
159108
159109
159110
159111
159138
159139
159140
159141
159144
159145
159146
159147
159156
159157
159158
159159
159162
159163
159164
159165
159408
159409
159410
159411
159414
159415
159416
159417
159426
159427
159428
159429
159432
159433
159434
159435
159462
159463
159464
159465
159468
159469
159470
159471
159480
159481
159482
159483
159486
159487
159488
159489
159570
159571
159572
159573
159576
159577
159578
159579
159588
159589
159590
159591
159594
159595
159596
159597
159624
159625
159626
159627
159630
159631
159632
159633
159642
159643
159644
159645
159648
159649
159650
159651
161838
161839
161840
161841
161844
161845
161846
161847
161856
161857
161858
161859
161862
161863
161864
161865
161892
161893
161894
161895
161898
161899
161900
161901
161910
161911
161912
161913
161916
161917
161918
161919
162000
162001
162002
162003
162006
162007
162008
162009
162018
162019
162020
162021
162024
162025
162026
162027
162054
162055
162056
162057
162060
162061
162062
162063
162072
162073
162074
162075
162078
162079
162080
162081
162324
162325
162326
162327
162330
162331
162332
162333
162342
162343
162344
162345
162348
162349
162350
162351
162378
162379
162380
162381
162384
162385
162386
162387
162396
162397
162398
162399
162402
162403
162404
162405
162486
162487
162488
162489
162492
162493
162494
162495
162504
162505
162506
162507
162510
162511
162512
162513
162540
162541
162542
162543
162546
162547
162548
162549
162558
162559
162560
162561
162564
162565
162566
162567
163296
163297
163298
163299
163302
163303
163304
163305
163314
163315
163316
163317
163320
163321
163322
163323
163350
163351
163352
163353
163356
163357
163358
163359
163368
163369
163370
163371
163374
163375
163376
163377
163458
163459
163460
163461
163464
163465
163466
163467
163476
163477
163478
163479
163482
163483
163484
163485
163512
163513
163514
163515
163518
163519
163520
163521
163530
163531
163532
163533
163536
163537
163538
163539
163782
163783
163784
163785
163788
163789
163790
163791
163800
163801
163802
163803
163806
163807
163808
163809
163836
163837
163838
163839
163842
163843
163844
163845
163854
163855
163856
163857
163860
163861
163862
163863
163944
163945
163946
163947
163950
163951
163952
163953
163962
163963
163964
163965
163968
163969
163970
163971
163998
163999
164000
164001
164004
164005
164006
164007
164016
164017
164018
164019
164022
164023
164024
164025
170586
170587
170588
170589
170592
170593
170594
170595
170604
170605
170606
170607
170610
170611
170612
170613
170640
170641
170642
170643
170646
170647
170648
170649
170658
170659
170660
170661
170664
170665
170666
170667
170748
170749
170750
170751
170754
170755
170756
170757
170766
170767
170768
170769
170772
170773
170774
170775
170802
170803
170804
170805
170808
170809
170810
170811
170820
170821
170822
170823
170826
170827
170828
170829
171072
171073
171074
171075
171078
171079
171080
171081
171090
171091
171092
171093
171096
171097
171098
171099
171126
171127
171128
171129
171132
171133
171134
171135
171144
171145
171146
171147
171150
171151
171152
171153
171234
171235
171236
171237
171240
171241
171242
171243
171252
171253
171254
171255
171258
171259
171260
171261
171288
171289
171290
171291
171294
171295
171296
171297
171306
171307
171308
171309
171312
171313
171314
171315
172044
172045
172046
172047
172050
172051
172052
172053
172062
172063
172064
172065
172068
172069
172070
172071
172098
172099
172100
172101
172104
172105
172106
172107
172116
172117
172118
172119
172122
172123
172124
172125
172206
172207
172208
172209
172212
172213
172214
172215
172224
172225
172226
172227
172230
172231
172232
172233
172260
172261
172262
172263
172266
172267
172268
172269
172278
172279
172280
172281
172284
172285
172286
172287
172530
172531
172532
172533
172536
172537
172538
172539
172548
172549
172550
172551
172554
172555
172556
172557
172584
172585
172586
172587
172590
172591
172592
172593
172602
172603
172604
172605
172608
172609
172610
172611
172692
172693
172694
172695
172698
172699
172700
172701
172710
172711
172712
172713
172716
172717
172718
172719
172746
172747
172748
172749
172752
172753
172754
172755
172764
172765
172766
172767
172770
172771
172772
172773
174960
174961
174962
174963
174966
174967
174968
174969
174978
174979
174980
174981
174984
174985
174986
174987
175014
175015
175016
175017
175020
175021
175022
175023
175032
175033
175034
175035
175038
175039
175040
175041
175122
175123
175124
175125
175128
175129
175130
175131
175140
175141
175142
175143
175146
175147
175148
175149
175176
175177
175178
175179
175182
175183
175184
175185
175194
175195
175196
175197
175200
175201
175202
175203
175446
175447
175448
175449
175452
175453
175454
175455
175464
175465
175466
175467
175470
175471
175472
175473
175500
175501
175502
175503
175506
175507
175508
175509
175518
175519
175520
175521
175524
175525
175526
175527
175608
175609
175610
175611
175614
175615
175616
175617
175626
175627
175628
175629
175632
175633
175634
175635
175662
175663
175664
175665
175668
175669
175670
175671
175680
175681
175682
175683
175686
175687
175688
175689
176418
176419
176420
176421
176424
176425
176426
176427
176436
176437
176438
176439
176442
176443
176444
176445
176472
176473
176474
176475
176478
176479
176480
176481
176490
176491
176492
176493
176496
176497
176498
176499
176580
176581
176582
176583
176586
176587
176588
176589
176598
176599
176600
176601
176604
176605
176606
176607
176634
176635
176636
176637
176640
176641
176642
176643
176652
176653
176654
176655
176658
176659
176660
176661
176904
176905
176906
176907
176910
176911
176912
176913
176922
176923
176924
176925
176928
176929
176930
176931
176958
176959
176960
176961
176964
176965
176966
176967
176976
176977
176978
176979
176982
176983
176984
176985
177066
177067
177068
177069
177072
177073
177074
177075
177084
177085
177086
177087
177090
177091
177092
177093
177120
177121
177122
177123
177126
177127
177128
177129
177138
177139
177140
177141
177144
177145
177146
177147
