0
2188
6564
15316
19684
19692
41572
45948
54700
59052
59076
120340
124716
133468
137788
137844
159724
164100
172852
177156
177228
356644
361020
369772
373996
374148
396028
400404
409156
413364
413532
474796
479172
487924
492100
492300
514180
518556
527308
531468
531684
1065556
1069932
1078684
1082620
1083060
1104940
1109316
1118068
1121988
1122444
1183708
1188084
1196836
1200724
1201212
1223092
1227468
1236220
1240092
1240596
1420012
1424388
1433140
1436932
1437516
1459396
1463772
1472524
1476300
1476900
1538164
1542540
1551292
1555036
1555668
1577548
1581924
1590676
1594404
1595052
3192292
3196668
3205420
3208492
3209796
3231676
3236052
3244804
3247860
3249180
3310444
3314820
3323572
3326596
3327948
3349828
3354204
3362956
3365964
3367332
3546748
3551124
3559876
3562804
3564252
3586132
3590508
3599260
3602172
3603636
3664900
3669276
3678028
3680908
3682404
3704284
3708660
3717412
3720276
3721788
4255660
4260036
4268788
4271428
4273164
4295044
4299420
4308172
4310796
4312548
4373812
4378188
4386940
4389532
4391316
4413196
4417572
4426324
4428900
4430700
4610116
4614492
4623244
4625740
4627620
4649500
4653876
4662628
4665108
4667004
4728268
4732644
4741396
4743844
4745772
4767652
4772028
4780780
4783212
4785156
9572500
9576876
9585628
9586108
9590004
9611884
9616260
9625012
9625476
9629388
9690652
9695028
9703780
9704212
9708156
9730036
9734412
9743164
9743580
9747540
9926956
9931332
9940084
9940420
9944460
9966340
9970716
9979468
9979788
9983844
10045108
10049484
10058236
10058524
10062612
10084492
10088868
10097620
10097892
10101996
10635868
10640244
10648996
10649044
10653372
10675252
10679628
10688380
10688412
10692756
10754020
10758396
10767148
10771524
10793404
10797780
10806516
10806532
10810908
10990324
10994700
11003356
11003452
11007828
11029708
11034084
11042724
11042836
11047212
11108476
11112852
11121460
11121604
11125980
11147860
11152236
11160828
11160988
11165364
12762604
12766980
12774916
12775732
12780108
12801988
12806364
12814284
12815116
12819492
12880756
12885132
12893020
12893884
12898260
12920140
12924516
12932388
12933268
12937644
13117060
13121436
13129228
13130188
13134564
13156444
13160820
13168596
13169572
13173948
13235212
13239588
13247332
13248340
13252716
13274596
13278972
13286700
13287724
13292100
13825972
13830348
13837852
13839100
13843476
13865356
13869732
13877220
13878484
13882860
13944124
13948500
13955956
13957252
13961628
13983508
13987884
13995324
13996636
14001012
14180428
14184804
14192164
14193556
14197932
14219812
14224188
14231532
14232940
14237316
14298580
14302956
14310268
14311708
14316084
14337964
14342340
14349636
14351092
14355468
28713124
28717500
28718956
28726252
28730628
28752508
28756884
28758324
28765636
28770012
28831276
28835652
28837060
28844404
28848780
28870660
28875036
28876428
28883788
28888164
29067580
29071956
29073268
29080708
29085084
29106964
29111340
29112636
29120092
29124468
29185732
29190108
29191372
29198860
29203236
29225116
29229492
29230740
29238244
29242620
29776492
29780868
29781892
29789620
29793996
29815876
29820252
29821260
29829004
29833380
29894644
29899020
29899996
29907772
29912148
29934028
29938404
29939364
29947156
29951532
30130948
30135324
30136204
30144076
30148452
30170332
30174708
30175572
30183460
30187836
30249100
30253476
30254308
30262228
30266604
30288484
30292860
30293676
30301612
30305988
31903228
31907604
31907764
31916356
31920732
31942612
31946988
31947132
31955740
31960116
32021380
32025756
32025868
32034508
32038884
32060764
32065140
32065236
32073892
32078268
32257684
32262060
32262076
32270812
32275188
32297068
32301444
32310196
32314572
32375836
32380180
32380212
32388964
32393340
32415220
32419548
32419596
32428348
32432724
32966596
32970700
32970972
32979724
32984100
33005980
33010068
33010356
33019108
33023484
33084748
33088804
33089124
33097876
33102252
33124132
33128172
33128508
33137260
33141636
33321052
33325012
33325428
33334180
33338556
33360436
33364380
33364812
33373564
33377940
33439204
33443116
33443580
33452332
33456708
33478588
33482484
33482964
33491716
33496092
38283436
38285380
38287812
38296564
38300940
38322820
38324748
38327196
38335948
38340324
38401588
38403484
38405964
38414716
38419092
38440972
38442852
38445348
38454100
38458476
38637892
38639692
38642268
38651020
38655396
38677276
38679060
38681652
38690404
38694780
38756044
38757796
38760420
38769172
38773548
38795428
38797164
38799804
38808556
38812932
39346804
39348316
39351180
39359932
39364308
39386188
39387684
39390564
39399316
39403692
39464956
39466420
39469332
39478084
39482460
39504340
39505788
39508716
39517468
39521844
39701260
39702628
39705636
39714388
39718764
39740644
39741996
39745020
39753772
39758148
39819412
39820732
39823788
39832540
39836916
39858796
39860100
39863172
39871924
39876300
41473540
41474188
41477916
41486668
41491044
41512924
41513556
41517300
41526052
41530428
41591692
41592292
41596068
41604820
41609196
41631076
41631660
41635452
41644204
41648580
41827996
41828500
41832372
41841124
41845500
41867380
41867868
41871756
41880508
41884884
41946148
41946604
41950524
41959276
41963652
41985532
41985972
41989908
41998660
42003036
42536908
42537124
42541284
42550036
42554412
42576292
42576492
42580668
42589420
42593796
42655060
42655228
42659436
42668188
42672564
42694444
42694596
42698820
42707572
42711948
42891364
42891436
42895740
42904492
42908868
42930748
42930804
42935124
42943876
42948252
43009516
43009540
43013892
43022644
43027020
43048900
43048908
43053276
43062028
43066404
43068592
