0
264506
793518
793760
1058024
2380554
2381280
2645060
3174072
3175040
3438578
7141662
7143840
7170080
7406168
7935180
7937600
8199686
9522216
9525120
9786722
10315734
10318880
10580240
21424986
21431520
21510240
21689492
22218504
22225280
22483010
23805540
23812800
24070046
24599058
24606560
24863564
28566648
28575360
28680320
28831154
29360166
29369120
29624672
30947202
30956640
31211708
31740720
31750400
32005226
64274958
64294560
64530720
64539464
65068476
65088320
65332982
66655512
66675840
66920018
67449030
67469600
67713536
71416620
71438400
71681126
71700800
72210138
72232160
72474644
73797174
73819680
74061680
74590692
74613440
74855198
85699944
85726080
85964450
86040960
86493462
86519840
86757968
88080498
88107360
88345004
88874016
88901120
89138522
92841606
92869920
93106112
93211040
93635124
93663680
93899630
95222160
95251200
95486666
96015678
96044960
96280184
192824874
192883680
193089380
193592160
193618392
193677440
193882898
195205428
195264960
195469934
195998946
196058720
196263452
199966536
200027520
200231042
200760054
200762240
200821280
201024560
202347090
202408800
202611596
203140608
203202560
203405114
214249860
214315200
214514366
215043378
215102400
215108960
215307884
216630414
216696480
216894920
217423932
217490240
217688438
221391522
221459040
221656028
222185040
222252800
222272480
222449546
223772076
223840320
224036582
224565594
224634080
224830100
257099832
257178240
257364338
257893350
257972000
258122880
258157856
259480386
259559520
259744892
260273904
260353280
260538410
264241494
264322080
264506000
265035012
265115840
265292960
265299518
266622048
266703360
266886554
267415566
267497120
267680072
278524818
278609760
278789324
279318336
279403520
279582842
279633120
280905372
280991040
281169878
281698890
281784800
281963396
285666480
285753600
285930986
286459998
286547360
286724504
286803200
288047034
288134880
288311540
288840552
288928640
289105058
578474622
578651040
578739128
579268140
579444800
579532646
580776480
580855176
581032320
581119682
581648694
581826080
581913200
585616284
585794880
585880790
586409802
586588640
586674308
587946560
587996838
588176160
588261344
588790356
588969920
589054862
599899608
600082560
600164114
600693126
600876320
600957632
602280162
602286720
602463840
602544668
603073680
603257600
603338186
607041270
607226400
607305776
607834788
608020160
608099294
609421824
609456800
609607680
609686330
610215342
610401440
610479848
642749580
642945600
643014086
643543098
643739360
643807604
645130134
645307200
645326880
645394640
645923652
646120640
646188158
649891242
650089440
650155748
650684760
650883200
650949266
652271796
652470720
652477280
652536302
653065314
653264480
653329820
664174566
664377120
664439072
664968084
665170880
665232590
666555120
666758400
666817440
666819626
667348638
667552160
667613144
671316228
671520960
671580734
672109746
672314720
672374252
673696782
673902240
673961288
673987520
674490300
674696000
674754806
771299496
771534720
771564002
772093014
772328480
772357520
773680050
773916000
773944556
774368640
774473568
774709760
774738074
778441158
778678560
778705664
779234676
779472320
779499182
780821712
781059840
781086218
781538720
781615230
781853600
781879736
792724482
792966240
792988988
793518000
793760000
793782506
795105036
795347520
795369542
795878880
795898554
796141280
796163060
799866144
800110080
800130650
800659662
800903840
800924168
802246698
802491360
802511204
803040216
803048960
803285120
803304722
835574454
835829280
835838960
836367972
836623040
836632478
837955008
838210560
838219514
838748526
838899360
839004320
839013032
842716116
842973120
842980622
843509634
843766880
843774140
845096670
845354400
845361176
845890188
846069440
846148160
846154694
856999440
857260800
857263946
857792958
858054560
858057464
859379994
859642080
859644500
860173512
860409600
860435840
860438018
864141102
864404640
864405608
864934620
865198400
865199126
866521656
866785920
866786162
867315174
867579680
