0
21880
65640
153160
196840
196920
415720
459480
547000
590520
590760
1203400
1247160
1334680
1377880
1378440
1597240
1641000
1728520
1771560
1772280
3566440
3610200
3697720
3739960
3741480
3960280
4004040
4091560
4133640
4135320
4747960
4791720
4879240
4921000
4923000
5141800
5185560
5273080
5314680
5316840
10655560
10699320
10767148
10786840
10826200
10830600
11049400
11093160
11180680
11219880
11224440
11837080
11880840
11968360
12007240
12012120
12230920
12274680
12362200
12400920
12405960
14200120
14243880
14331400
14369320
14375160
14593960
14637720
14725240
14763000
14769000
15381640
15425400
15512920
15550360
15556680
15775480
15819240
15906760
15944040
15950520
31922920
31966680
32054200
32084920
32097960
32301444
32316760
32360520
32448040
32478600
32491800
33104440
33148200
33235720
33265960
33279480
33498280
33542040
33629560
33659640
33673320
35467480
35511240
35598760
35628040
35642520
35861320
35905080
35992600
36021720
36036360
36649000
36692760
36780280
36809080
36824040
37042840
37086600
37174120
37202760
37217880
42556600
42600360
42687880
42714280
42731640
42950440
42994200
43068592
43081720
43107960
43125480
43738120
43781880
43869400
43895320
43913160
44131960
44175720
44263240
44289000
44307000
46101160
46144920
46232440
46257400
46276200
46495000
46538760
46626280
46651080
46670040
47282680
47326440
47413960
47438440
47457720
47676520
47720280
47807800
47832120
47851560
95725000
95768760
95856280
95861080
95900040
96118840
96162600
96250120
96254760
96293880
96904332
96906520
96950280
97037800
97042120
97081560
97300360
97344120
97431640
97435800
97475400
99269560
99313320
99400840
99404200
99444600
99663400
99707160
99794680
99797880
99838440
100451080
100494840
100582360
100585240
100626120
100844920
100888680
100976200
100978920
101019960
106358680
106402440
106489960
106490440
106533720
106752520
106796280
106883800
106884120
106927560
107540200
107583960
107671480
107715240
107934040
107977800
108065160
108065320
108109080
109903240
109947000
110033560
110034520
110078280
110297080
110340840
110427240
110428360
110472120
111084760
111128520
111214600
111216040
111259800
111478600
111522360
111608280
111609880
111653640
127626040
127669800
127749160
127757320
127801080
128019880
128063640
128142840
128151160
128194920
128807560
128851320
128930200
128938840
128982600
129201400
129205776
129245160
129323880
129332680
129376440
131170600
131214360
131292280
131301880
131345640
131564440
131608200
131685960
131695720
131739480
132352120
132395880
132473320
132483400
132527160
132745960
132789720
132867000
132877240
132921000
138259720
138303480
138378520
138391000
138434760
138653560
138697320
138772200
138784840
138828600
139441240
139485000
139559560
139572520
139616280
139835080
139878840
139953240
139966360
139972924
140010120
141804280
141848040
141921640
141935560
141979320
142198120
142241880
142315320
142329400
142373160
142985800
143029560
143102680
143117080
143160840
143379640
143423400
143496360
143510920
143554680
287131240
287175000
287189560
287262520
287306280
287525080
287568840
287583240
287656360
287700120
288312760
288356520
288370600
288444040
288487800
288706600
288750360
288764280
288837880
288881640
290675800
290712996
290719560
290732680
290807080
290850840
291069640
291113400
291126360
291200920
291244680
291857320
291901080
291913720
291988600
292032360
292251160
292294920
292307400
292382440
292426200
297764920
297808680
297818920
297896200
297939960
298158760
298202520
298212600
298290040
298333800
298946440
298990200
298999960
299077720
299121480
299340280
299384040
299393640
299471560
299515320
301309480
301353240
301362040
301440760
301480144
301484520
301703320
301747080
301755720
301834600
301878360
302491000
302534760
302543080
302622280
302666040
302884840
302928600
302936760
303016120
303059880
319032280
319076040
319077640
319163560
319207320
319426120
319469880
319471320
319557400
319601160
320213800
320257560
320258680
320345080
320388840
320607640
320651400
320652360
320738920
320782680
322576840
322620600
322620760
322708120
322751880
322970680
323014440
323101960
323145720
323758360
323801800
323802120
323889640
323933400
324152200
324195480
324195960
324283480
324327240
329665960
329707000
329709720
329797240
329841000
330059800
330100680
330103560
330191080
330234840
330847480
330888040
330891240
330978760
331022520
331241320
331281720
331285080
331372600
331416360
333210520
333250120
333254280
333341800
333385560
333604360
333643800
333648120
333735640
333779400
333781588
334392040
334431160
334435800
334523320
334567080
334785880
334824840
334829640
334917160
334960920
382834360
382853800
382878120
382965640
383009400
383228200
383247480
383271960
383359480
383403240
384015880
384034840
384059640
384147160
384190920
384409720
384428520
384453480
384541000
384584760
386378920
386396920
386422680
386510200
386553960
386772760
386790600
386816520
386904040
386947800
387560440
387577960
387604200
387617328
387691720
387735480
387954280
387971640
387998040
388085560
388129320
393468040
393483160
393511800
393599320
393643080
393861880
393876840
393905640
393993160
394036920
394649560
394664200
394693320
394780840
394824600
395043400
395057880
395087160
395174680
395218440
397012600
397026280
397056360
397143880
397187640
397406440
397419960
397450200
397537720
397581480
398194120
398207320
398237880
398325400
398369160
398384476
398587960
398601000
398631720
398719240
398763000
414735400
414741880
414779160
414866680
414910440
415129240
415135560
415173000
415260520
415304280
415916920
415922920
415960680
416048200
416091960
416310760
416316600
416354520
416442040
416485800
418279960
418285000
418323720
418411240
418455000
418673800
418678680
418717560
418805080
418848840
419461480
419466040
419505240
419592760
419636520
419855320
419859720
419899080
419918772
419986600
420030360
425369080
425371240
425412840
425500360
425544120
425762920
425764920
425806680
425894200
425937960
426550600
426552280
426594360
426681880
426725640
426944440
426945960
426988200
427075720
427119480
428913640
428914360
428957400
429044920
429088680
429307480
429308040
429351240
429438760
429482520
430095160
430095400
430138920
430226440
430270200
430489000
430489080
430532760
430620280
430664040
430685920
