0
3194
9582
12776
28746
31940
38328
41522
86238
89432
95820
99014
114984
118178
124566
127760
258714
261908
268296
271490
287460
290654
297042
300236
344952
348146
354534
357728
373698
376892
383280
386474
776142
779336
785724
788918
804888
808082
814470
817664
862380
865574
871962
875156
891126
894320
900708
903902
1034856
1038050
1044438
1047632
1063602
1066796
1073184
1076378
1121094
1124288
1130676
1133870
1149840
1153034
1159422
1162616
2328426
2331620
2338008
2341202
2357172
2360366
2366754
2369948
2414664
2417858
2424246
2427440
2443410
2446604
2452992
2456186
2587140
2590334
2596722
2599916
2615886
2619080
2625468
2628662
2673378
2676572
2682960
2686154
2702124
2705318
2711706
2714900
3104568
3107762
3114150
3117344
3133314
3136508
3142896
3146090
3190806
3194000
3200388
3203582
3219552
3222746
3229134
3232328
3363282
3366476
3372864
3376058
3392028
3395222
3401610
3404804
3449520
3452714
3459102
3462296
3478266
3481460
3487848
3491042
