0
2440
7320
17080
21880
21960
46360
51240
61000
65640
65880
133468
134200
139080
148840
153160
153720
178120
183000
192760
196920
197640
397720
400404
402600
412360
415720
417240
441640
446520
456280
459480
461160
529480
533872
534360
544120
547000
549000
573400
578280
588040
590760
592920
1188280
1193160
1201212
1202920
1203400
1207800
1232200
1237080
1246840
1247160
1251720
1320040
1324920
1334680
1339560
1363960
1368840
1378440
1378600
1383480
1583560
1588440
1597240
1598200
1601616
1603080
1627480
1632360
1641000
1642120
1647000
1715320
1720200
1728520
1729960
1734840
1735084
1759240
1764120
1772280
1773880
1778760
3559960
3564840
3566440
3574600
3579480
3603636
3603880
3608760
3610200
3618520
3623400
3691720
3696600
3697720
3706360
3711240
3735640
3737104
3740520
3741480
3750280
3755160
3955240
3960120
3960280
3969880
3974760
3999160
4004040
4013800
4018680
4087000
4091560
4091880
4101640
4106520
4130920
4135320
4135800
4137508
4145560
4150440
4745800
4747960
4750680
4760440
4765320
4789720
4791720
4794600
4804360
4804848
4809240
4877560
4879240
4882440
4892200
4897080
4921480
4923000
4926360
4936120
4938316
4941000
5141080
5141800
5145960
5155720
5160600
5185000
5185560
5189880
5199640
5204520
5205252
5272840
5273080
5277720
5287480
5292360
5316760
5316840
5321640
5331400
5336280
5338720
