0
2440
7320
17080
21880
21960
46360
51240
61000
65640
65880
133468
134200
139080
148840
153160
153720
178120
183000
192760
196920
197640
397720
400404
402600
412360
415720
417240
441640
446520
456280
459480
461160
529480
533872
534360
544120
547000
549000
573400
578280
588040
590760
592920
1188280
1193160
1201212
1202920
1203400
1207800
1232200
1237080
1246840
1247160
1251720
1320040
1324920
1334680
1339560
1363960
1368840
1378440
1378600
1383480
1583560
1588440
1597240
1598200
1601616
1603080
1627480
1632360
1641000
1642120
1647000
1715320
1720200
1728520
1729960
1734840
1735084
1759240
1764120
1772280
1773880
1778760
3559960
3564840
3566440
3574600
3579480
3603636
3603880
3608760
3610200
3618520
3623400
3691720
3696600
3697720
3706360
3711240
3735640
3737104
3740520
3741480
3750280
3755160
3955240
3960120
3960280
3969880
3974760
3999160
4004040
4013800
4018680
4087000
4091560
4091880
4101640
4106520
4130920
4135320
4135800
4137508
4145560
4150440
4745800
4747960
4750680
4760440
4765320
4789720
4791720
4794600
4804360
4804848
4809240
4877560
4879240
4882440
4892200
4897080
4921480
4923000
4926360
4936120
4938316
4941000
5141080
5141800
5145960
5155720
5160600
5185000
5185560
5189880
5199640
5204520
5205252
5272840
5273080
5277720
5287480
5292360
5316760
5316840
5321640
5331400
5336280
5338720
10677440
10679880
10684760
10694520
10699320
10699400
10723800
10728680
10738440
10743080
10743320
10810908
10811640
10816520
10826280
10830600
10831160
10855560
10860440
10870200
10874360
10875080
11075160
11077844
11080040
11089800
11093160
11094680
11119080
11123960
11133720
11136920
11138600
11206920
11211312
11211800
11221560
11224440
11226440
11250840
11255720
11265480
11268200
11270360
11865720
11870600
11878652
11880360
11880840
11885240
11909640
11914520
11924280
11924600
11929160
11997480
12002360
12012120
12017000
12041400
12046280
12055880
12056040
12060920
12261000
12265880
12274680
12275640
12279056
12280520
12304920
12309800
12318440
12319560
12324440
12392760
12397640
12405960
12407400
12412280
12412524
12436680
12441560
12449720
12451320
12456200
14237400
14242280
14243880
14252040
14256920
14281076
14281320
14286200
14287640
14295960
14300840
14369160
14374040
14375160
14383800
14388680
14413080
14414544
14417960
14418920
14427720
14432600
14632680
14637560
14637720
14647320
14652200
14676600
14681480
14691240
14696120
14764440
14769000
14769320
14779080
14783960
14808360
14812760
14813240
14814948
14823000
14827880
15423240
15425400
15428120
15437880
15442760
15467160
15469160
15472040
15481800
15482288
15486680
15555000
15556680
15559880
15569640
15574520
15598920
15600440
15603800
15613560
15615756
15618440
15818520
15819240
15823400
15833160
15838040
15862440
15863000
15867320
15877080
15881960
15882692
15950280
15950520
15955160
15964920
15969800
15994200
15994280
15999080
16008840
16013720
16016160
