0
1
2
3
6
7
8
9
18
19
20
21
24
25
26
27
54
55
56
57
60
61
62
63
72
73
74
75
78
79
80
81
162
163
164
165
168
169
170
171
180
181
182
183
186
187
188
189
216
217
218
219
222
223
224
225
234
235
236
237
240
241
242
243
486
487
488
489
492
493
494
495
504
505
506
507
510
511
512
513
540
541
542
543
546
547
548
549
558
559
560
561
564
565
566
567
648
649
650
651
654
655
656
657
666
667
668
669
672
673
674
675
702
703
704
705
708
709
710
711
720
721
722
723
726
727
728
729
1458
1459
1460
1461
1464
1465
1466
1467
1476
1477
1478
1479
1482
1483
1484
1485
1512
1513
1514
1515
1518
1519
1520
1521
1530
1531
1532
1533
1536
1537
1538
1539
1620
1621
1622
1623
1626
1627
1628
1629
1638
1639
1640
1641
1644
1645
1646
1647
1674
1675
1676
1677
1680
1681
1682
1683
1692
1693
1694
1695
1698
1699
1700
1701
1944
1945
1946
1947
1950
1951
1952
1953
1962
1963
1964
1965
1968
1969
1970
1971
1998
1999
2000
2001
2004
2005
2006
2007
2016
2017
2018
2019
2022
2023
2024
2025
2106
2107
2108
2109
2112
2113
2114
2115
2124
2125
2126
2127
2130
2131
2132
2133
2160
2161
2162
2163
2166
2167
2168
2169
2178
2179
2180
2181
2184
2185
2186
2187
4374
4375
4376
4377
4380
4381
4382
4383
4392
4393
4394
4395
4398
4399
4400
4401
4428
4429
4430
4431
4434
4435
4436
4437
4446
4447
4448
4449
4452
4453
4454
4455
4536
4537
4538
4539
4542
4543
4544
4545
4554
4555
4556
4557
4560
4561
4562
4563
4590
4591
4592
4593
4596
4597
4598
4599
4608
4609
4610
4611
4614
4615
4616
4617
4860
4861
4862
4863
4866
4867
4868
4869
4878
4879
4880
4881
4884
4885
4886
4887
4914
4915
4916
4917
4920
4921
4922
4923
4932
4933
4934
4935
4938
4939
4940
4941
5022
5023
5024
5025
5028
5029
5030
5031
5040
5041
5042
5043
5046
5047
5048
5049
5076
5077
5078
5079
5082
5083
5084
5085
5094
5095
5096
5097
5100
5101
5102
5103
5832
5833
5834
5835
5838
5839
5840
5841
5850
5851
5852
5853
5856
5857
5858
5859
5886
5887
5888
5889
5892
5893
5894
5895
5904
5905
5906
5907
5910
5911
5912
5913
5994
5995
5996
5997
6000
6001
6002
6003
6012
6013
6014
6015
6018
6019
6020
6021
6048
6049
6050
6051
6054
6055
6056
6057
6066
6067
6068
6069
6072
6073
6074
6075
6318
6319
6320
6321
6324
6325
6326
6327
6336
6337
6338
6339
6342
6343
6344
6345
6372
6373
6374
6375
6378
6379
6380
6381
6390
6391
6392
6393
6396
6397
6398
6399
6480
6481
6482
6483
6486
6487
6488
6489
6498
6499
6500
6501
6504
6505
6506
6507
6534
6535
6536
6537
6540
6541
6542
6543
6552
6553
6554
6555
6558
6559
6560
6561
