0
87440
262320
349760
786960
787280
874400
1049280
1136720
2360880
2361840
2448320
2623200
2710640
3147840
3149120
3235280
3410160
3497600
7082640
7085520
7170080
7344960
7432400
7869600
7872800
7957040
8131920
8219360
9443520
9447360
9530960
9705840
9793280
10230480
10234640
10317920
10492800
10580240
21247920
21256560
21335360
21510240
21512426
21597680
22034880
22043840
22122320
22297200
22384640
23608800
23618400
23696240
23871120
23958560
24395760
24405680
24483200
24658080
24745520
28330560
28342080
28418000
28592880
28680320
29117520
29129360
29204960
29379840
29467280
30691440
30703920
30778880
30953760
31041200
31478400
31491200
31565840
31740720
31828160
63743760
63769680
63831200
64006080
64093520
64530720
64537278
64556960
64618160
64793040
64880480
66104640
66131520
66192080
66366960
66454400
66891600
66918800
66979040
67153920
67241360
70826400
70855200
70913840
71088720
71176160
71613360
71642480
71700800
71875680
71963120
73187280
73217040
73274720
73449600
73537040
73974240
74004320
74061680
74236560
74324000
84991680
85026240
85079120
85254000
85341440
85778640
85813520
85866080
86040960
86049704
86128400
87352560
87388080
87440000
87614880
87702320
88139520
88175360
88226960
88401840
88489280
92074320
92111760
92161760
92336640
92424080
92861280
92899040
92948720
93123600
93211040
94435200
94473600
94522640
94697520
94784960
95222160
95260880
95309600
95484480
95571920
191231280
191309040
191318720
191493600
191581040
192018240
192096320
192105680
192280560
192368000
193592160
193611834
193670880
193679600
193854480
193941920
194379120
194458160
194466560
194641440
194728880
198313920
198394560
198401360
198576240
198663680
199100880
199181840
199188320
199363200
199450640
200674800
200756400
200762240
200937120
201024560
201461760
201543680
201549200
201724080
201811520
212479200
212565600
212566640
212741520
212828960
213266160
213352880
213353600
213528480
213615920
214840080
214927440
214927520
215102400
215124260
215189840
215627040
215714480
215714720
215889360
215976800
219561840
219649280
219651120
219824160
219911600
220348800
220436240
220438400
220611120
220698560
221922720
222010160
222012960
222185040
222272480
222709680
222797120
222800240
222972000
223059440
254975040
255062480
255078720
255237360
255324800
255762000
255849440
255866000
256024320
256111760
257335920
257423360
257440560
257598240
257685680
258122880
258149112
258210320
258227840
258385200
258472640
262057680
262145120
262164240
262320000
262407440
262844640
262932080
262951520
263106960
263194400
264418560
264506000
264526080
264680880
264768320
265205520
265292960
265313360
265467840
265555280
276222960
276310400
276335280
276485280
276572720
277009920
277097360
277122560
277272240
277359680
278583840
278671280
278697120
278846160
278933600
279370800
279458240
279484400
279633120
279661538
279720560
283305600
283393040
283420800
283567920
283655360
284092560
284180000
284208080
284354880
284442320
285666480
285753920
285782640
285928800
286016240
286453440
286540880
286569920
286715760
286803200
573693840
573781280
573927120
573956160
574043600
574480800
574568240
574714400
574743120
574830560
576054720
576142160
576288960
576317040
576404480
576841680
576929120
577076240
577104000
577191440
580776480
580835502
580863920
581012640
581038800
581126240
581563440
581650880
581799920
581825760
581913200
583137360
583224800
583374480
583399680
583487120
583924320
584011760
584161760
584186640
584274080
594941760
595029200
595183680
595204080
595291520
595728720
595816160
595970960
595991040
596078480
597302640
597390080
597545520
597564960
597652400
598089600
598177040
598332800
598351920
598439360
602024400
602111840
602269200
602286720
602347928
602374160
602811360
602898800
603056480
603073680
603161120
604385280
604472720
604631040
604647600
604735040
605172240
605259680
605418320
605434560
605522000
637437600
637525040
637696800
637699920
637787360
638224560
638312000
638484080
638486880
638574320
639798480
639885920
640058640
640060800
640148240
640585440
640672880
640845920
640847760
640935200
644520240
644607680
644782320
644782560
644870000
645307200
645372780
645394640
645569520
645569600
645656960
646881120
646968560
647143440
647144160
647230880
647668080
647755520
647930400
647931440
648017840
658685520
658772960
658947840
658953360
659035280
659472480
659559920
659734800
659740640
659822240
661046400
661133840
661308720
661315200
661396160
661833360
661920800
662095680
662102480
662183120
665768160
665855600
666030480
666038880
666117920
666555120
666642560
666817440
666826160
666885206
666904880
668129040
668216480
668391360
668400720
668478800
668916000
669003440
669178320
669188000
669265760
764925120
765012560
765187440
765236160
765274880
765712080
765799520
765974400
766023440
766061840
767286000
767373440
767548320
767598000
767635760
768072960
768160400
768335280
768385280
768422720
772007760
772095200
772270080
772321680
772357520
772794720
772882160
773057040
773108960
773144480
774368640
774447336
774456080
774630960
774683520
774718400
775155600
775243040
775417920
775470800
775505360
786173040
786260480
786435360
786492720
786522800
786960000
787047440
787222320
787280000
787309760
788533920
788621360
788796240
788854560
788883680
789320880
789408320
789583200
789641840
789670640
793255680
793343120
793518000
793578240
793605440
794042640
794130080
794304960
794365520
794392400
795616560
795704000
795878880
795940080
795959762
795966320
796403520
796490960
796665840
796727360
796753280
828668880
828756320
828931200
829005840
829018640
829455840
829543280
829718160
829793120
829805600
831029760
831117200
831292080
831367680
831379520
831816720
831904160
832079040
832154960
832166480
835751520
835838960
836013840
836091360
836101280
836538480
836625920
836800800
836878640
836888240
838112400
838199840
838374720
838453200
838462160
838899360
838984614
838986800
839161680
839240480
839249120
849916800
850004240
850179120
850262400
850266560
850703760
850791200
850966080
851049680
851053520
852277680
852365120
852540000
852624240
852627440
853064640
853152080
853326960
853411520
853414400
856999440
857086880
857261760
857347920
857349200
857786400
857873840
858048720
858135200
858136160
859360320
859447760
859622640
859709760
859710080
860147280
860234720
860409600
860497040
