0
1
2
3
6
7
8
9
18
19
20
21
24
25
26
27
54
55
56
57
60
61
62
63
72
73
74
75
78
79
80
81
162
163
164
165
168
169
170
171
180
181
182
183
186
187
188
189
216
217
218
219
222
223
224
225
234
235
236
237
240
241
242
243
486
487
488
489
492
493
494
495
504
505
506
507
510
511
512
513
540
541
542
543
546
547
548
549
558
559
560
561
564
565
566
567
648
649
650
651
654
655
656
657
666
667
668
669
672
673
674
675
702
703
704
705
708
709
710
711
720
721
722
723
726
727
728
729
1458
1459
1460
1461
1464
1465
1466
1467
1476
1477
1478
1479
1482
1483
1484
1485
1512
1513
1514
1515
1518
1519
1520
1521
1530
1531
1532
1533
1536
1537
1538
1539
1620
1621
1622
1623
1626
1627
1628
1629
1638
1639
1640
1641
1644
1645
1646
1647
1674
1675
1676
1677
1680
1681
1682
1683
1692
1693
1694
1695
1698
1699
1700
1701
1944
1945
1946
1947
1950
1951
1952
1953
1962
1963
1964
1965
1968
1969
1970
1971
1998
1999
2000
2001
2004
2005
2006
2007
2016
2017
2018
2019
2022
2023
2024
2025
2106
2107
2108
2109
2112
2113
2114
2115
2124
2125
2126
2127
2130
2131
2132
2133
2160
2161
2162
2163
2166
2167
2168
2169
2178
2179
2180
2181
2184
2185
2186
2187
